[35m[1mScanning dependencies of target add_two_ints_server_cpp[0m
[35m[1mScanning dependencies of target add_two_ints_client_no_oop[0m
[ 14%] Built target number_publisher_cpp
[ 28%] Built target cpp_node
[ 42%] Built target number_counter_cpp
[ 50%] [32mBuilding CXX object CMakeFiles/add_two_ints_server_cpp.dir/src/add_two_ints_server.cpp.o[0m
[ 71%] [32mBuilding CXX object CMakeFiles/add_two_ints_client_no_oop.dir/src/add_two_ints_client_no_oop.cpp.o[0m
[ 71%] Built target smartphone_cpp
[ 85%] Built target robot_news_station_cpp
[01m[K/home/vincent-pc/ros2_foxy/src/my_cpp_pkg/src/add_two_ints_client_no_oop.cpp:[m[K In function ‘[01m[Kint main(int, char**)[m[K’:
[01m[K/home/vincent-pc/ros2_foxy/src/my_cpp_pkg/src/add_two_ints_client_no_oop.cpp:20:19:[m[K [01;31m[Kerror: [m[K‘[01m[Kclient[m[K’ was not declared in this scope; did you mean ‘[01m[Kclient_[m[K’?
   20 |     auto future = [01;31m[Kclient[m[K->async_send_request(request);
      |                   [01;31m[K^~~~~~[m[K
      |                   [32m[Kclient_[m[K
[01m[K/home/vincent-pc/ros2_foxy/src/my_cpp_pkg/src/add_two_ints_client_no_oop.cpp:21:48:[m[K [01;31m[Kerror: [m[Kexpected ‘[01m[K)[m[K’ before ‘[01m[Kfuture[m[K’
   21 |     if (rclcpp::spin_until_future_complete[34m[K([m[Knode[01;31m[K [m[K[32m[Kfuture[m[K) == rclcpp::executor::FutureReturnCode::SUCCESS)
      |                                           [34m[K~[m[K    [01;31m[K^[m[K[32m[K~~~~~~[m[K
      |                                                [32m[K)[m[K
[01m[K/home/vincent-pc/ros2_foxy/src/my_cpp_pkg/src/add_two_ints_client_no_oop.cpp:21:55:[m[K [01;31m[Kerror: [m[Kno matching function for call to ‘[01m[Kspin_until_future_complete(std::shared_ptr<rclcpp::Node>&)[m[K’
   21 |     if (rclcpp::spin_until_future_complete(node future[01;31m[K)[m[K == rclcpp::executor::FutureReturnCode::SUCCESS)
      |                                                       [01;31m[K^[m[K
In file included from [01m[K/opt/ros/foxy/include/rclcpp/rclcpp.hpp:146[m[K,
                 from [01m[K/home/vincent-pc/ros2_foxy/src/my_cpp_pkg/src/add_two_ints_client_no_oop.cpp:1[m[K:
[01m[K/opt/ros/foxy/include/rclcpp/executors.hpp:105:1:[m[K [01;36m[Knote: [m[Kcandidate: ‘[01m[Ktemplate<class FutureT, class TimeRepT, class TimeT> rclcpp::FutureReturnCode rclcpp::spin_until_future_complete(rclcpp::node_interfaces::NodeBaseInterface::SharedPtr, const std::shared_future<_Res>&, std::chrono::duration<_Rep, _Period>)[m[K’
  105 | [01;36m[Kspin_until_future_complete[m[K(
      | [01;36m[K^~~~~~~~~~~~~~~~~~~~~~~~~~[m[K
[01m[K/opt/ros/foxy/include/rclcpp/executors.hpp:105:1:[m[K [01;36m[Knote: [m[K  template argument deduction/substitution failed:
[01m[K/home/vincent-pc/ros2_foxy/src/my_cpp_pkg/src/add_two_ints_client_no_oop.cpp:21:55:[m[K [01;36m[Knote: [m[K  candidate expects 3 arguments, 1 provided
   21 |     if (rclcpp::spin_until_future_complete(node future[01;36m[K)[m[K == rclcpp::executor::FutureReturnCode::SUCCESS)
      |                                                       [01;36m[K^[m[K
In file included from [01m[K/opt/ros/foxy/include/rclcpp/rclcpp.hpp:146[m[K,
                 from [01m[K/home/vincent-pc/ros2_foxy/src/my_cpp_pkg/src/add_two_ints_client_no_oop.cpp:1[m[K:
[01m[K/opt/ros/foxy/include/rclcpp/executors.hpp:117:1:[m[K [01;36m[Knote: [m[Kcandidate: ‘[01m[Ktemplate<class NodeT, class FutureT, class TimeRepT, class TimeT> rclcpp::FutureReturnCode rclcpp::spin_until_future_complete(std::shared_ptr<_Tp>, const std::shared_future<ResponseT>&, std::chrono::duration<_Rep2, _Period2>)[m[K’
  117 | [01;36m[Kspin_until_future_complete[m[K(
      | [01;36m[K^~~~~~~~~~~~~~~~~~~~~~~~~~[m[K
[01m[K/opt/ros/foxy/include/rclcpp/executors.hpp:117:1:[m[K [01;36m[Knote: [m[K  template argument deduction/substitution failed:
[01m[K/home/vincent-pc/ros2_foxy/src/my_cpp_pkg/src/add_two_ints_client_no_oop.cpp:21:55:[m[K [01;36m[Knote: [m[K  candidate expects 3 arguments, 1 provided
   21 |     if (rclcpp::spin_until_future_complete(node future[01;36m[K)[m[K == rclcpp::executor::FutureReturnCode::SUCCESS)
      |                                                       [01;36m[K^[m[K
make[2]: *** [CMakeFiles/add_two_ints_client_no_oop.dir/build.make:63: CMakeFiles/add_two_ints_client_no_oop.dir/src/add_two_ints_client_no_oop.cpp.o] Error 1
make[1]: *** [CMakeFiles/Makefile2:306: CMakeFiles/add_two_ints_client_no_oop.dir/all] Error 2
make[1]: *** Waiting for unfinished jobs....
[ 92%] [32m[1mLinking CXX executable add_two_ints_server_cpp[0m
[ 92%] Built target add_two_ints_server_cpp
make: *** [Makefile:141: all] Error 2
