-- Found ament_cmake: 0.9.12 (/opt/ros/foxy/share/ament_cmake/cmake)
-- Using PYTHON_EXECUTABLE: /usr/bin/python3
-- Found rclcpp: 2.4.3 (/opt/ros/foxy/share/rclcpp/cmake)
-- Using all available rosidl_typesupport_c: rosidl_typesupport_fastrtps_c;rosidl_typesupport_introspection_c
-- Found rosidl_adapter: 1.3.1 (/opt/ros/foxy/share/rosidl_adapter/cmake)
-- Using all available rosidl_typesupport_cpp: rosidl_typesupport_fastrtps_cpp;rosidl_typesupport_introspection_cpp
-- Found rmw_implementation_cmake: 1.0.4 (/opt/ros/foxy/share/rmw_implementation_cmake/cmake)
-- Using RMW implementation 'rmw_fastrtps_cpp' as default
-- Found example_interfaces: 0.9.1 (/opt/ros/foxy/share/example_interfaces/cmake)
-- Configuring done
-- Generating done
-- Build files have been written to: /home/vincent-pc/ros2_foxy/build/my_cpp_pkg
[35m[1mScanning dependencies of target number_counter_cpp[0m
[ 20%] Built target cpp_node
[ 40%] Built target number_publisher_cpp
[ 60%] Built target robot_news_station_cpp
[ 80%] Built target smartphone_cpp
[ 90%] [32mBuilding CXX object CMakeFiles/number_counter_cpp.dir/src/number_counter.cpp.o[0m
In file included from [01m[K/opt/ros/foxy/include/rclcpp/context.hpp:19[m[K,
                 from [01m[K/opt/ros/foxy/include/rclcpp/contexts/default_context.hpp:18[m[K,
                 from [01m[K/opt/ros/foxy/include/rclcpp/executor.hpp:32[m[K,
                 from [01m[K/opt/ros/foxy/include/rclcpp/executors/multi_threaded_executor.hpp:26[m[K,
                 from [01m[K/opt/ros/foxy/include/rclcpp/executors.hpp:21[m[K,
                 from [01m[K/opt/ros/foxy/include/rclcpp/rclcpp.hpp:146[m[K,
                 from [01m[K/home/vincent-pc/ros2_foxy/src/my_cpp_pkg/src/number_counter.cpp:1[m[K:
/usr/include/c++/9/functional: In instantiation of ‘[01m[Kstruct std::_Bind_check_arity<void (NumberCounterNode::*)(), NumberCounterNode*, const std::_Placeholder<1>&>[m[K’:
[01m[K/usr/include/c++/9/functional:787:12:[m[K   required from ‘[01m[Kstruct std::_Bind_helper<false, void (NumberCounterNode::*)(), NumberCounterNode*, const std::_Placeholder<1>&>[m[K’
[01m[K/usr/include/c++/9/functional:808:5:[m[K   required by substitution of ‘[01m[Ktemplate<class _Func, class ... _BoundArgs> typename std::_Bind_helper<std::__is_socketlike<_Func>::value, _Func, _BoundArgs ...>::type std::bind(_Func&&, _BoundArgs&& ...) [with _Func = void (NumberCounterNode::*)(); _BoundArgs = {NumberCounterNode*, const std::_Placeholder<1>&}][m[K’
[01m[K/home/vincent-pc/ros2_foxy/src/my_cpp_pkg/src/number_counter.cpp:12:111:[m[K   required from here
[01m[K/usr/include/c++/9/functional:775:7:[m[K [01;31m[Kerror: [m[Kstatic assertion failed: Wrong number of arguments for pointer-to-member
  774 |       static_assert(_Varargs::[01;31m[Kvalue[m[K
      |                               [01;31m[K~~~~~[m[K
  775 | [01;31m[K      ? sizeof...(_BoundArgs) >= _Arity::value + 1[m[K
      |       [01;31m[K^~~~~~~~~~~~~~~~~~~~~~~~~~~~~~~~~~~~~~~~~~~~[m[K
  776 | [01;31m[K      : sizeof...(_BoundArgs) == _Arity::value + 1[m[K,
      |       [01;31m[K~~~~~~~~~~~~~~~~~~~~~~~~~~~~~~~~~~~~~~~~~~~~[m[K
In file included from [01m[K/usr/include/c++/9/bits/unique_ptr.h:37[m[K,
                 from [01m[K/usr/include/c++/9/memory:80[m[K,
                 from [01m[K/opt/ros/foxy/include/rclcpp/rclcpp.hpp:144[m[K,
                 from [01m[K/home/vincent-pc/ros2_foxy/src/my_cpp_pkg/src/number_counter.cpp:1[m[K:
/usr/include/c++/9/tuple: In instantiation of ‘[01m[Kstruct std::tuple_element<0, std::tuple<> >[m[K’:
[01m[K/opt/ros/foxy/include/rclcpp/function_traits.hpp:71:9:[m[K   required by substitution of ‘[01m[Ktemplate<class ReturnTypeT, class ... Args> template<long unsigned int N> using argument_type = typename std::tuple_element<N, std::tuple<_Elements ...> >::type [with long unsigned int N = 0; ReturnTypeT = void; Args = {}][m[K’
[01m[K/opt/ros/foxy/include/rclcpp/subscription_traits.hpp:97:8:[m[K   required from ‘[01m[Kstruct rclcpp::subscription_traits::has_message_type<std::_Bind<void (NumberCounterNode::*(NumberCounterNode*, std::_Placeholder<1>))()>, std::allocator<void>, void, void, void, void>[m[K’
[01m[K/opt/ros/foxy/include/rclcpp/node.hpp:204:5:[m[K   required by substitution of ‘[01m[Ktemplate<class MessageT, class CallbackT, class AllocatorT, class CallbackMessageT, class SubscriptionT, class MessageMemoryStrategyT> std::shared_ptr<SubscriptionT> rclcpp::Node::create_subscription(const string&, const rclcpp::QoS&, CallbackT&&, const rclcpp::SubscriptionOptionsWithAllocator<AllocatorT>&, typename MessageMemoryStrategyT::SharedPtr) [with MessageT = example_interfaces::msg::Int64_<std::allocator<void> >; CallbackT = std::_Bind<void (NumberCounterNode::*(NumberCounterNode*, std::_Placeholder<1>))()>; AllocatorT = std::allocator<void>; CallbackMessageT = <missing>; SubscriptionT = <missing>; MessageMemoryStrategyT = <missing>][m[K’
[01m[K/home/vincent-pc/ros2_foxy/src/my_cpp_pkg/src/number_counter.cpp:12:112:[m[K   required from here
[01m[K/usr/include/c++/9/tuple:1303:25:[m[K [01;31m[Kerror: [m[Kstatic assertion failed: tuple index is in range
 1303 |       static_assert([01;31m[K__i < tuple_size<tuple<>>::value[m[K,
      |                     [01;31m[K~~~~^~~~~~~~~~~~~~~~~~~~~~~~~~~~[m[K
In file included from [01m[K/opt/ros/foxy/include/rclcpp/client.hpp:32[m[K,
                 from [01m[K/opt/ros/foxy/include/rclcpp/callback_group.hpp:23[m[K,
                 from [01m[K/opt/ros/foxy/include/rclcpp/any_executable.hpp:20[m[K,
                 from [01m[K/opt/ros/foxy/include/rclcpp/memory_strategy.hpp:24[m[K,
                 from [01m[K/opt/ros/foxy/include/rclcpp/memory_strategies.hpp:18[m[K,
                 from [01m[K/opt/ros/foxy/include/rclcpp/executor_options.hpp:20[m[K,
                 from [01m[K/opt/ros/foxy/include/rclcpp/executor.hpp:33[m[K,
                 from [01m[K/opt/ros/foxy/include/rclcpp/executors/multi_threaded_executor.hpp:26[m[K,
                 from [01m[K/opt/ros/foxy/include/rclcpp/executors.hpp:21[m[K,
                 from [01m[K/opt/ros/foxy/include/rclcpp/rclcpp.hpp:146[m[K,
                 from [01m[K/home/vincent-pc/ros2_foxy/src/my_cpp_pkg/src/number_counter.cpp:1[m[K:
/opt/ros/foxy/include/rclcpp/function_traits.hpp: In substitution of ‘[01m[Ktemplate<class ReturnTypeT, class ... Args> template<long unsigned int N> using argument_type = typename std::tuple_element<N, std::tuple<_Elements ...> >::type [with long unsigned int N = 0; ReturnTypeT = void; Args = {}][m[K’:
[01m[K/opt/ros/foxy/include/rclcpp/subscription_traits.hpp:97:8:[m[K   required from ‘[01m[Kstruct rclcpp::subscription_traits::has_message_type<std::_Bind<void (NumberCounterNode::*(NumberCounterNode*, std::_Placeholder<1>))()>, std::allocator<void>, void, void, void, void>[m[K’
[01m[K/opt/ros/foxy/include/rclcpp/node.hpp:204:5:[m[K   required by substitution of ‘[01m[Ktemplate<class MessageT, class CallbackT, class AllocatorT, class CallbackMessageT, class SubscriptionT, class MessageMemoryStrategyT> std::shared_ptr<SubscriptionT> rclcpp::Node::create_subscription(const string&, const rclcpp::QoS&, CallbackT&&, const rclcpp::SubscriptionOptionsWithAllocator<AllocatorT>&, typename MessageMemoryStrategyT::SharedPtr) [with MessageT = example_interfaces::msg::Int64_<std::allocator<void> >; CallbackT = std::_Bind<void (NumberCounterNode::*(NumberCounterNode*, std::_Placeholder<1>))()>; AllocatorT = std::allocator<void>; CallbackMessageT = <missing>; SubscriptionT = <missing>; MessageMemoryStrategyT = <missing>][m[K’
[01m[K/home/vincent-pc/ros2_foxy/src/my_cpp_pkg/src/number_counter.cpp:12:112:[m[K   required from here
[01m[K/opt/ros/foxy/include/rclcpp/function_traits.hpp:71:9:[m[K [01;31m[Kerror: [m[Kno type named ‘[01m[Ktype[m[K’ in ‘[01m[Kstruct std::tuple_element<0, std::tuple<> >[m[K’
   71 |   using [01;31m[Kargument_type[m[K = typename std::tuple_element<N, arguments>::type;
      |         [01;31m[K^~~~~~~~~~~~~[m[K
[01m[K/home/vincent-pc/ros2_foxy/src/my_cpp_pkg/src/number_counter.cpp:[m[K In constructor ‘[01m[KNumberCounterNode::NumberCounterNode()[m[K’:
[01m[K/home/vincent-pc/ros2_foxy/src/my_cpp_pkg/src/number_counter.cpp:12:112:[m[K [01;31m[Kerror: [m[Kno matching function for call to ‘[01m[KNumberCounterNode::create_subscription<example_interfaces::msg::Int64>(const char [11], int, std::_Bind_helper<false, void (NumberCounterNode::*)(), NumberCounterNode*, const std::_Placeholder<1>&>::type)[m[K’
   12 |                                             (&NumberCounterNode::SubscriberNumber, this, std::placeholders::_1)[01;31m[K)[m[K;
      |                                                                                                                [01;31m[K^[m[K
In file included from [01m[K/opt/ros/foxy/include/rclcpp/executors/single_threaded_executor.hpp:28[m[K,
                 from [01m[K/opt/ros/foxy/include/rclcpp/executors.hpp:22[m[K,
                 from [01m[K/opt/ros/foxy/include/rclcpp/rclcpp.hpp:146[m[K,
                 from [01m[K/home/vincent-pc/ros2_foxy/src/my_cpp_pkg/src/number_counter.cpp:1[m[K:
[01m[K/opt/ros/foxy/include/rclcpp/node.hpp:213:3:[m[K [01;36m[Knote: [m[Kcandidate: ‘[01m[Ktemplate<class MessageT, class CallbackT, class AllocatorT, class CallbackMessageT, class SubscriptionT, class MessageMemoryStrategyT> std::shared_ptr<SubscriptionT> rclcpp::Node::create_subscription(const string&, const rclcpp::QoS&, CallbackT&&, const rclcpp::SubscriptionOptionsWithAllocator<AllocatorT>&, typename MessageMemoryStrategyT::SharedPtr)[m[K’
  213 |   [01;36m[Kcreate_subscription[m[K(
      |   [01;36m[K^~~~~~~~~~~~~~~~~~~[m[K
[01m[K/opt/ros/foxy/include/rclcpp/node.hpp:213:3:[m[K [01;36m[Knote: [m[K  substitution of deduced template arguments resulted in errors seen above
[01m[K/home/vincent-pc/ros2_foxy/src/my_cpp_pkg/src/number_counter.cpp:[m[K In member function ‘[01m[Kvoid NumberCounterNode::SubscriberNumber()[m[K’:
[01m[K/home/vincent-pc/ros2_foxy/src/my_cpp_pkg/src/number_counter.cpp:19:25:[m[K [01;31m[Kerror: [m[K‘[01m[Kmsg[m[K’ was not declared in this scope
   19 |         numberCounter_+=[01;31m[Kmsg[m[K.data;
      |                         [01;31m[K^~~[m[K
[01m[K/home/vincent-pc/ros2_foxy/src/my_cpp_pkg/src/number_counter.cpp:19:25:[m[K [01;36m[Knote: [m[Ksuggested alternatives:
In file included from [01m[K/opt/ros/foxy/include/builtin_interfaces/msg/duration.hpp:7[m[K,
                 from [01m[K/opt/ros/foxy/include/rclcpp/duration.hpp:20[m[K,
                 from [01m[K/opt/ros/foxy/include/rclcpp/qos.hpp:20[m[K,
                 from [01m[K/opt/ros/foxy/include/rclcpp/node_interfaces/node_graph_interface.hpp:31[m[K,
                 from [01m[K/opt/ros/foxy/include/rclcpp/client.hpp:34[m[K,
                 from [01m[K/opt/ros/foxy/include/rclcpp/callback_group.hpp:23[m[K,
                 from [01m[K/opt/ros/foxy/include/rclcpp/any_executable.hpp:20[m[K,
                 from [01m[K/opt/ros/foxy/include/rclcpp/memory_strategy.hpp:24[m[K,
                 from [01m[K/opt/ros/foxy/include/rclcpp/memory_strategies.hpp:18[m[K,
                 from [01m[K/opt/ros/foxy/include/rclcpp/executor_options.hpp:20[m[K,
                 from [01m[K/opt/ros/foxy/include/rclcpp/executor.hpp:33[m[K,
                 from [01m[K/opt/ros/foxy/include/rclcpp/executors/multi_threaded_executor.hpp:26[m[K,
                 from [01m[K/opt/ros/foxy/include/rclcpp/executors.hpp:21[m[K,
                 from [01m[K/opt/ros/foxy/include/rclcpp/rclcpp.hpp:146[m[K,
                 from [01m[K/home/vincent-pc/ros2_foxy/src/my_cpp_pkg/src/number_counter.cpp:1[m[K:
[01m[K/opt/ros/foxy/include/builtin_interfaces/msg/detail/duration__struct.hpp:26:11:[m[K [01;36m[Knote: [m[K  ‘[01m[Kbuiltin_interfaces::msg[m[K’
   26 | namespace [01;36m[Kmsg[m[K
      |           [01;36m[K^~~[m[K
In file included from [01m[K/opt/ros/foxy/include/statistics_msgs/msg/detail/metrics_message__struct.hpp:22[m[K,
                 from [01m[K/opt/ros/foxy/include/statistics_msgs/msg/metrics_message.hpp:7[m[K,
                 from [01m[K/opt/ros/foxy/include/libstatistics_collector/collector/generate_statistics_message.hpp:21[m[K,
                 from [01m[K/opt/ros/foxy/include/rclcpp/topic_statistics/subscription_topic_statistics.hpp:23[m[K,
                 from [01m[K/opt/ros/foxy/include/rclcpp/subscription.hpp:50[m[K,
                 from [01m[K/opt/ros/foxy/include/rclcpp/any_executable.hpp:25[m[K,
                 from [01m[K/opt/ros/foxy/include/rclcpp/memory_strategy.hpp:24[m[K,
                 from [01m[K/opt/ros/foxy/include/rclcpp/memory_strategies.hpp:18[m[K,
                 from [01m[K/opt/ros/foxy/include/rclcpp/executor_options.hpp:20[m[K,
                 from [01m[K/opt/ros/foxy/include/rclcpp/executor.hpp:33[m[K,
                 from [01m[K/opt/ros/foxy/include/rclcpp/executors/multi_threaded_executor.hpp:26[m[K,
                 from [01m[K/opt/ros/foxy/include/rclcpp/executors.hpp:21[m[K,
                 from [01m[K/opt/ros/foxy/include/rclcpp/rclcpp.hpp:146[m[K,
                 from [01m[K/home/vincent-pc/ros2_foxy/src/my_cpp_pkg/src/number_counter.cpp:1[m[K:
[01m[K/opt/ros/foxy/include/statistics_msgs/msg/detail/statistic_data_point__struct.hpp:26:11:[m[K [01;36m[Knote: [m[K  ‘[01m[Kstatistics_msgs::msg[m[K’
   26 | namespace [01;36m[Kmsg[m[K
      |           [01;36m[K^~~[m[K
In file included from [01m[K/opt/ros/foxy/include/rcl_interfaces/msg/list_parameters_result.hpp:7[m[K,
                 from [01m[K/opt/ros/foxy/include/rclcpp/node.hpp:34[m[K,
                 from [01m[K/opt/ros/foxy/include/rclcpp/executors/single_threaded_executor.hpp:28[m[K,
                 from [01m[K/opt/ros/foxy/include/rclcpp/executors.hpp:22[m[K,
                 from [01m[K/opt/ros/foxy/include/rclcpp/rclcpp.hpp:146[m[K,
                 from [01m[K/home/vincent-pc/ros2_foxy/src/my_cpp_pkg/src/number_counter.cpp:1[m[K:
[01m[K/opt/ros/foxy/include/rcl_interfaces/msg/detail/list_parameters_result__struct.hpp:26:11:[m[K [01;36m[Knote: [m[K  ‘[01m[Krcl_interfaces::msg[m[K’
   26 | namespace [01;36m[Kmsg[m[K
      |           [01;36m[K^~~[m[K
In file included from [01m[K/opt/ros/foxy/include/example_interfaces/msg/int64.hpp:7[m[K,
                 from [01m[K/home/vincent-pc/ros2_foxy/src/my_cpp_pkg/src/number_counter.cpp:2[m[K:
[01m[K/opt/ros/foxy/include/example_interfaces/msg/detail/int64__struct.hpp:26:11:[m[K [01;36m[Knote: [m[K  ‘[01m[Kexample_interfaces::msg[m[K’
   26 | namespace [01;36m[Kmsg[m[K
      |           [01;36m[K^~~[m[K
make[2]: *** [CMakeFiles/number_counter_cpp.dir/build.make:63: CMakeFiles/number_counter_cpp.dir/src/number_counter.cpp.o] Error 1
make[1]: *** [CMakeFiles/Makefile2:248: CMakeFiles/number_counter_cpp.dir/all] Error 2
make: *** [Makefile:141: all] Error 2
