[0.589s] Invoking command in '/home/vincent-pc/ros2_foxy/build/my_py_pkg': PYTHONPATH=/home/vincent-pc/ros2_foxy/build/my_py_pkg/prefix_override:/usr/lib/python3/dist-packages/colcon_core/task/python/colcon_distutils_commands:/home/vincent-pc/ros2_foxy/install/my_py_pkg/lib/python3.8/site-packages:${PYTHONPATH} /usr/bin/python3 -W ignore:setup.py install is deprecated -W ignore:easy_install command is deprecated setup.py develop --editable --build-directory /home/vincent-pc/ros2_foxy/build/my_py_pkg/build --no-deps symlink_data --force
[0.805s] running develop
[0.922s] running egg_info
[0.922s] writing my_py_pkg.egg-info/PKG-INFO
[0.922s] writing dependency_links to my_py_pkg.egg-info/dependency_links.txt
[0.922s] writing entry points to my_py_pkg.egg-info/entry_points.txt
[0.922s] writing requirements to my_py_pkg.egg-info/requires.txt
[0.923s] writing top-level names to my_py_pkg.egg-info/top_level.txt
[0.952s] reading manifest file 'my_py_pkg.egg-info/SOURCES.txt'
[0.953s] writing manifest file 'my_py_pkg.egg-info/SOURCES.txt'
[0.982s] running build_ext
[0.983s] Creating /home/vincent-pc/ros2_foxy/install/my_py_pkg/lib/python3.8/site-packages/site.py
[0.985s] Creating /home/vincent-pc/ros2_foxy/install/my_py_pkg/lib/python3.8/site-packages/my-py-pkg.egg-link (link to .)
[0.985s] Installing py_node script to /home/vincent-pc/ros2_foxy/install/my_py_pkg/lib/my_py_pkg
[0.986s] Installing robot_news_station script to /home/vincent-pc/ros2_foxy/install/my_py_pkg/lib/my_py_pkg
[0.986s] 
[0.986s] Installed /home/vincent-pc/ros2_foxy/build/my_py_pkg
[0.986s] running symlink_data
[0.986s] symbolically linking /home/vincent-pc/ros2_foxy/build/my_py_pkg/resource/my_py_pkg -> /home/vincent-pc/ros2_foxy/install/my_py_pkg/share/ament_index/resource_index/packages
[0.986s] symbolically linking /home/vincent-pc/ros2_foxy/build/my_py_pkg/package.xml -> /home/vincent-pc/ros2_foxy/install/my_py_pkg/share/my_py_pkg
[1.011s] Invoked command in '/home/vincent-pc/ros2_foxy/build/my_py_pkg' returned '0': PYTHONPATH=/home/vincent-pc/ros2_foxy/build/my_py_pkg/prefix_override:/usr/lib/python3/dist-packages/colcon_core/task/python/colcon_distutils_commands:/home/vincent-pc/ros2_foxy/install/my_py_pkg/lib/python3.8/site-packages:${PYTHONPATH} /usr/bin/python3 -W ignore:setup.py install is deprecated -W ignore:easy_install command is deprecated setup.py develop --editable --build-directory /home/vincent-pc/ros2_foxy/build/my_py_pkg/build --no-deps symlink_data --force
