-- Found ament_cmake: 0.9.12 (/opt/ros/foxy/share/ament_cmake/cmake)
-- Using PYTHON_EXECUTABLE: /usr/bin/python3
-- Found rclcpp: 2.4.3 (/opt/ros/foxy/share/rclcpp/cmake)
-- Using all available rosidl_typesupport_c: rosidl_typesupport_fastrtps_c;rosidl_typesupport_introspection_c
-- Found rosidl_adapter: 1.3.1 (/opt/ros/foxy/share/rosidl_adapter/cmake)
-- Using all available rosidl_typesupport_cpp: rosidl_typesupport_fastrtps_cpp;rosidl_typesupport_introspection_cpp
-- Found rmw_implementation_cmake: 1.0.4 (/opt/ros/foxy/share/rmw_implementation_cmake/cmake)
-- Using RMW implementation 'rmw_fastrtps_cpp' as default
-- Found example_interfaces: 0.9.1 (/opt/ros/foxy/share/example_interfaces/cmake)
-- Configuring done
-- Generating done
-- Build files have been written to: /home/vincent-pc/ros2_foxy/build/my_cpp_pkg
[35m[1mScanning dependencies of target smartphone_cpp[0m
[35m[1mScanning dependencies of target robot_news_station_cpp[0m
[ 33%] Built target cpp_node
[ 50%] [32mBuilding CXX object CMakeFiles/smartphone_cpp.dir/src/smartphone.cpp.o[0m
[ 66%] [32mBuilding CXX object CMakeFiles/robot_news_station_cpp.dir/src/robot_news_station.cpp.o[0m
[01m[K/home/vincent-pc/ros2_foxy/src/my_cpp_pkg/src/smartphone.cpp:[m[K In constructor ‘[01m[KSmartPhoneNode::SmartPhoneNode()[m[K’:
[01m[K/home/vincent-pc/ros2_foxy/src/my_cpp_pkg/src/smartphone.cpp:13:5:[m[K [01;31m[Kerror: [m[Kexpected ‘[01m[K;[m[K’ before ‘[01m[K}[m[K’ token
   13 |     [01;31m[K}[m[K
      |     [01;31m[K^[m[K
make[2]: *** [CMakeFiles/smartphone_cpp.dir/build.make:63: CMakeFiles/smartphone_cpp.dir/src/smartphone.cpp.o] Error 1
make[1]: *** [CMakeFiles/Makefile2:82: CMakeFiles/smartphone_cpp.dir/all] Error 2
make[1]: *** Waiting for unfinished jobs....
[ 83%] [32m[1mLinking CXX executable robot_news_station_cpp[0m
[ 83%] Built target robot_news_station_cpp
make: *** [Makefile:141: all] Error 2
