[0.015s] Invoking command in '/home/vincent-pc/ros2_foxy/build/my_cpp_pkg': CMAKE_PREFIX_PATH=${CMAKE_PREFIX_PATH}:/home/vincent-pc/ros2_foxy/install/my_py_pkg:/home/vincent-pc/ros2_ws/install/py_srvcli:/home/vincent-pc/ros2_ws/install/py_pubsub:/home/vincent-pc/ros2_ws/install/my_package_Py:/home/vincent-pc/ros2_ws/install/examples_rclpy_minimal_subscriber:/home/vincent-pc/ros2_ws/install/examples_rclpy_minimal_service:/home/vincent-pc/ros2_ws/install/examples_rclpy_minimal_publisher:/home/vincent-pc/ros2_ws/install/examples_rclpy_minimal_client:/home/vincent-pc/ros2_ws/install/examples_rclpy_minimal_action_server:/home/vincent-pc/ros2_ws/install/examples_rclpy_minimal_action_client:/home/vincent-pc/ros2_ws/install/examples_rclpy_executors:/opt/ros/foxy /usr/bin/cmake --build /home/vincent-pc/ros2_foxy/build/my_cpp_pkg -- -j8 -l8
[0.048s] -- Found ament_cmake: 0.9.12 (/opt/ros/foxy/share/ament_cmake/cmake)
[0.077s] -- Using PYTHON_EXECUTABLE: /usr/bin/python3
[0.275s] -- Found rclcpp: 2.4.3 (/opt/ros/foxy/share/rclcpp/cmake)
[0.306s] -- Using all available rosidl_typesupport_c: rosidl_typesupport_fastrtps_c;rosidl_typesupport_introspection_c
[0.309s] -- Found rosidl_adapter: 1.3.1 (/opt/ros/foxy/share/rosidl_adapter/cmake)
[0.411s] -- Using all available rosidl_typesupport_cpp: rosidl_typesupport_fastrtps_cpp;rosidl_typesupport_introspection_cpp
[0.458s] -- Found rmw_implementation_cmake: 1.0.4 (/opt/ros/foxy/share/rmw_implementation_cmake/cmake)
[0.461s] -- Using RMW implementation 'rmw_fastrtps_cpp' as default
[0.602s] -- Found example_interfaces: 0.9.1 (/opt/ros/foxy/share/example_interfaces/cmake)
[0.788s] -- Configuring done
[0.821s] -- Generating done
[0.836s] -- Build files have been written to: /home/vincent-pc/ros2_foxy/build/my_cpp_pkg
[0.868s] [35m[1mScanning dependencies of target add_two_ints_client_no_oop[0m
[0.891s] [ 14%] Built target add_two_ints_server_cpp
[0.891s] [ 28%] Built target cpp_node
[0.892s] [ 42%] Built target robot_news_station_cpp
[0.893s] [ 57%] Built target number_counter_cpp
[0.901s] [ 71%] Built target number_publisher_cpp
[0.902s] [ 85%] Built target smartphone_cpp
[0.911s] [ 92%] [32mBuilding CXX object CMakeFiles/add_two_ints_client_no_oop.dir/src/add_two_ints_client_no_oop.cpp.o[0m
[2.235s] [01m[K/home/vincent-pc/ros2_foxy/src/my_cpp_pkg/src/add_two_ints_client_no_oop.cpp:[m[K In function ‘[01m[Kint main(int, char**)[m[K’:
[2.236s] [01m[K/home/vincent-pc/ros2_foxy/src/my_cpp_pkg/src/add_two_ints_client_no_oop.cpp:20:19:[m[K [01;31m[Kerror: [m[K‘[01m[Kclient[m[K’ was not declared in this scope; did you mean ‘[01m[Kclient_[m[K’?
[2.236s]    20 |     auto future = [01;31m[Kclient[m[K->async_send_request(request);
[2.236s]       |                   [01;31m[K^~~~~~[m[K
[2.236s]       |                   [32m[Kclient_[m[K
[2.236s] [01m[K/home/vincent-pc/ros2_foxy/src/my_cpp_pkg/src/add_two_ints_client_no_oop.cpp:21:48:[m[K [01;31m[Kerror: [m[Kexpected ‘[01m[K)[m[K’ before ‘[01m[Kfuture[m[K’
[2.236s]    21 |  (rclcpp::spin_until_future_complete[34m[K([m[Knode[01;31m[K [m[K[32m[Kfuture[m[K) == rclcpp::executor::FutureReturnCode::SUCCESS)
[2.236s]       |                                     [34m[K~[m[K    [01;31m[K^[m[K[32m[K~~~~~~[m[K
[2.236s]       |                                          [32m[K)[m[K
[2.236s] [01m[K/home/vincent-pc/ros2_foxy/src/my_cpp_pkg/src/add_two_ints_client_no_oop.cpp:21:55:[m[K [01;31m[Kerror: [m[Kno matching function for call to ‘[01m[Kspin_until_future_complete(std::shared_ptr<rclcpp::Node>&)[m[K’
[2.237s]    21 | p::spin_until_future_complete(node future[01;31m[K)[m[K == rclcpp::executor::FutureReturnCode::SUCCESS)
[2.237s]       |                                          [01;31m[K^[m[K
[2.237s] 
[2.237s] In file included from [01m[K/opt/ros/foxy/include/rclcpp/rclcpp.hpp:146[m[K,
[2.237s]                  from [01m[K/home/vincent-pc/ros2_foxy/src/my_cpp_pkg/src/add_two_ints_client_no_oop.cpp:1[m[K:
[2.237s] [01m[K/opt/ros/foxy/include/rclcpp/executors.hpp:105:1:[m[K [01;36m[Knote: [m[Kcandidate: ‘[01m[Ktemplate<class FutureT, class TimeRepT, class TimeT> rclcpp::FutureReturnCode rclcpp::spin_until_future_complete(rclcpp::node_interfaces::NodeBaseInterface::SharedPtr, const std::shared_future<_Res>&, std::chrono::duration<_Rep, _Period>)[m[K’
[2.237s]   105 | [01;36m[Kspin_until_future_complete[m[K(
[2.237s]       | [01;36m[K^~~~~~~~~~~~~~~~~~~~~~~~~~[m[K
[2.237s] [01m[K/opt/ros/foxy/include/rclcpp/executors.hpp:105:1:[m[K [01;36m[Knote: [m[K  template argument deduction/substitution failed:
[2.237s] [01m[K/home/vincent-pc/ros2_foxy/src/my_cpp_pkg/src/add_two_ints_client_no_oop.cpp:21:55:[m[K [01;36m[Knote: [m[K  candidate expects 3 arguments, 1 provided
[2.237s]    21 | p::spin_until_future_complete(node future[01;36m[K)[m[K == rclcpp::executor::FutureReturnCode::SUCCESS)
[2.237s]       |                                          [01;36m[K^[m[K
[2.237s] 
[2.237s] In file included from [01m[K/opt/ros/foxy/include/rclcpp/rclcpp.hpp:146[m[K,
[2.237s]                  from [01m[K/home/vincent-pc/ros2_foxy/src/my_cpp_pkg/src/add_two_ints_client_no_oop.cpp:1[m[K:
[2.237s] [01m[K/opt/ros/foxy/include/rclcpp/executors.hpp:117:1:[m[K [01;36m[Knote: [m[Kcandidate: ‘[01m[Ktemplate<class NodeT, class FutureT, class TimeRepT, class TimeT> rclcpp::FutureReturnCode rclcpp::spin_until_future_complete(std::shared_ptr<_Tp>, const std::shared_future<ResponseT>&, std::chrono::duration<_Rep2, _Period2>)[m[K’
[2.237s]   117 | [01;36m[Kspin_until_future_complete[m[K(
[2.237s]       | [01;36m[K^~~~~~~~~~~~~~~~~~~~~~~~~~[m[K
[2.238s] [01m[K/opt/ros/foxy/include/rclcpp/executors.hpp:117:1:[m[K [01;36m[Knote: [m[K  template argument deduction/substitution failed:
[2.238s] [01m[K/home/vincent-pc/ros2_foxy/src/my_cpp_pkg/src/add_two_ints_client_no_oop.cpp:21:55:[m[K [01;36m[Knote: [m[K  candidate expects 3 arguments, 1 provided
[2.238s]    21 | p::spin_until_future_complete(node future[01;36m[K)[m[K == rclcpp::executor::FutureReturnCode::SUCCESS)
[2.238s]       |                                          [01;36m[K^[m[K
[2.238s] 
[2.238s] In file included from [01m[K/opt/ros/foxy/include/rclcpp/service.hpp:34[m[K,
[2.238s]                  from [01m[K/opt/ros/foxy/include/rclcpp/callback_group.hpp:25[m[K,
[2.238s]                  from [01m[K/opt/ros/foxy/include/rclcpp/any_executable.hpp:20[m[K,
[2.238s]                  from [01m[K/opt/ros/foxy/include/rclcpp/memory_strategy.hpp:24[m[K,
[2.238s]                  from [01m[K/opt/ros/foxy/include/rclcpp/memory_strategies.hpp:18[m[K,
[2.238s]                  from [01m[K/opt/ros/foxy/include/rclcpp/executor_options.hpp:20[m[K,
[2.238s]                  from [01m[K/opt/ros/foxy/include/rclcpp/executor.hpp:33[m[K,
[2.238s]                  from [01m[K/opt/ros/foxy/include/rclcpp/executors/multi_threaded_executor.hpp:26[m[K,
[2.238s]                  from [01m[K/opt/ros/foxy/include/rclcpp/executors.hpp:21[m[K,
[2.238s]                  from [01m[K/opt/ros/foxy/include/rclcpp/rclcpp.hpp:146[m[K,
[2.238s]                  from [01m[K/home/vincent-pc/ros2_foxy/src/my_cpp_pkg/src/add_two_ints_client_no_oop.cpp:1[m[K:
[2.238s] [01m[K/home/vincent-pc/ros2_foxy/src/my_cpp_pkg/src/add_two_ints_client_no_oop.cpp:23:21:[m[K [01;31m[Kerror: [m[Kinvalid use of ‘[01m[Kthis[m[K’ in non-member function
[2.238s]    23 |         RCLCPP_INFO([01;31m[Kthis[m[K->get_logger(), "%d + %d = %d", request->a, request->b, future.get()->sum);
[2.238s]       |                     [01;31m[K^~~~[m[K
[2.238s] [01m[K/home/vincent-pc/ros2_foxy/src/my_cpp_pkg/src/add_two_ints_client_no_oop.cpp:23:21:[m[K [01;31m[Kerror: [m[Kinvalid use of ‘[01m[Kthis[m[K’ in non-member function
[2.239s] [01m[K/home/vincent-pc/ros2_foxy/src/my_cpp_pkg/src/add_two_ints_client_no_oop.cpp:23:9:[m[K [01;31m[Kerror: [m[Ktemplate argument 1 is invalid
[2.239s]    23 |         [01;31m[KRCLCPP_INFO[m[K(this->get_logger(), "%d + %d = %d", request->a, request->b, future.get()->sum);
[2.239s]       |         [01;31m[K^~~~~~~~~~~[m[K
[2.239s] [01m[K/home/vincent-pc/ros2_foxy/src/my_cpp_pkg/src/add_two_ints_client_no_oop.cpp:23:9:[m[K [01;31m[Kerror: [m[Ktemplate argument 1 is invalid
[2.239s]    23 |         [01;31m[KRCLCPP_INFO[m[K(this->get_logger(), "%d + %d = %d", request->a, request->b, future.get()->sum);
[2.239s]       |         [01;31m[K^~~~~~~~~~~[m[K
[2.239s] [01m[K/home/vincent-pc/ros2_foxy/src/my_cpp_pkg/src/add_two_ints_client_no_oop.cpp:23:9:[m[K [01;31m[Kerror: [m[Ktemplate argument 1 is invalid
[2.239s]    23 |         [01;31m[KRCLCPP_INFO[m[K(this->get_logger(), "%d + %d = %d", request->a, request->b, future.get()->sum);
[2.239s]       |         [01;31m[K^~~~~~~~~~~[m[K
[2.239s] In file included from [01m[K/opt/ros/foxy/include/rclcpp/client.hpp:40[m[K,
[2.239s]                  from [01m[K/opt/ros/foxy/include/rclcpp/callback_group.hpp:23[m[K,
[2.239s]                  from [01m[K/opt/ros/foxy/include/rclcpp/any_executable.hpp:20[m[K,
[2.239s]                  from [01m[K/opt/ros/foxy/include/rclcpp/memory_strategy.hpp:24[m[K,
[2.239s]                  from [01m[K/opt/ros/foxy/include/rclcpp/memory_strategies.hpp:18[m[K,
[2.239s]                  from [01m[K/opt/ros/foxy/include/rclcpp/executor_options.hpp:20[m[K,
[2.239s]                  from [01m[K/opt/ros/foxy/include/rclcpp/executor.hpp:33[m[K,
[2.239s]                  from [01m[K/opt/ros/foxy/include/rclcpp/executors/multi_threaded_executor.hpp:26[m[K,
[2.239s]                  from [01m[K/opt/ros/foxy/include/rclcpp/executors.hpp:21[m[K,
[2.239s]                  from [01m[K/opt/ros/foxy/include/rclcpp/rclcpp.hpp:146[m[K,
[2.239s]                  from [01m[K/home/vincent-pc/ros2_foxy/src/my_cpp_pkg/src/add_two_ints_client_no_oop.cpp:1[m[K:
[2.239s] [01m[K/home/vincent-pc/ros2_foxy/src/my_cpp_pkg/src/add_two_ints_client_no_oop.cpp:23:21:[m[K [01;31m[Kerror: [m[Kinvalid use of ‘[01m[Kthis[m[K’ in non-member function
[2.240s]    23 |         RCLCPP_INFO([01;31m[Kthis[m[K->get_logger(), "%d + %d = %d", request->a, request->b, future.get()->sum);
[2.240s]       |                     [01;31m[K^~~~[m[K
[2.240s] [01m[K/home/vincent-pc/ros2_foxy/src/my_cpp_pkg/src/add_two_ints_client_no_oop.cpp:23:21:[m[K [01;31m[Kerror: [m[Kinvalid use of ‘[01m[Kthis[m[K’ in non-member function
[2.240s]    23 |         RCLCPP_INFO([01;31m[Kthis[m[K->get_logger(), "%d + %d = %d", request->a, request->b, future.get()->sum);
[2.240s]       |                     [01;31m[K^~~~[m[K
[2.240s] In file included from [01m[K/opt/ros/foxy/include/rclcpp/service.hpp:34[m[K,
[2.240s]                  from [01m[K/opt/ros/foxy/include/rclcpp/callback_group.hpp:25[m[K,
[2.240s]                  from [01m[K/opt/ros/foxy/include/rclcpp/any_executable.hpp:20[m[K,
[2.240s]                  from [01m[K/opt/ros/foxy/include/rclcpp/memory_strategy.hpp:24[m[K,
[2.240s]                  from [01m[K/opt/ros/foxy/include/rclcpp/memory_strategies.hpp:18[m[K,
[2.240s]                  from [01m[K/opt/ros/foxy/include/rclcpp/executor_options.hpp:20[m[K,
[2.240s]                  from [01m[K/opt/ros/foxy/include/rclcpp/executor.hpp:33[m[K,
[2.240s]                  from [01m[K/opt/ros/foxy/include/rclcpp/executors/multi_threaded_executor.hpp:26[m[K,
[2.240s]                  from [01m[K/opt/ros/foxy/include/rclcpp/executors.hpp:21[m[K,
[2.240s]                  from [01m[K/opt/ros/foxy/include/rclcpp/rclcpp.hpp:146[m[K,
[2.240s]                  from [01m[K/home/vincent-pc/ros2_foxy/src/my_cpp_pkg/src/add_two_ints_client_no_oop.cpp:1[m[K:
[2.240s] [01m[K/home/vincent-pc/ros2_foxy/src/my_cpp_pkg/src/add_two_ints_client_no_oop.cpp:27:22:[m[K [01;31m[Kerror: [m[Kinvalid use of ‘[01m[Kthis[m[K’ in non-member function
[2.240s]    27 |         RCLCPP_ERROR([01;31m[Kthis[m[K->get_logger(), "Error while calling service");
[2.240s]       |                      [01;31m[K^~~~[m[K
[2.241s] [01m[K/home/vincent-pc/ros2_foxy/src/my_cpp_pkg/src/add_two_ints_client_no_oop.cpp:27:22:[m[K [01;31m[Kerror: [m[Kinvalid use of ‘[01m[Kthis[m[K’ in non-member function
[2.241s] [01m[K/home/vincent-pc/ros2_foxy/src/my_cpp_pkg/src/add_two_ints_client_no_oop.cpp:27:9:[m[K [01;31m[Kerror: [m[Ktemplate argument 1 is invalid
[2.241s]    27 |         [01;31m[KRCLCPP_ERROR[m[K(this->get_logger(), "Error while calling service");
[2.241s]       |         [01;31m[K^~~~~~~~~~~~[m[K
[2.241s] [01m[K/home/vincent-pc/ros2_foxy/src/my_cpp_pkg/src/add_two_ints_client_no_oop.cpp:27:9:[m[K [01;31m[Kerror: [m[Ktemplate argument 1 is invalid
[2.241s]    27 |         [01;31m[KRCLCPP_ERROR[m[K(this->get_logger(), "Error while calling service");
[2.241s]       |         [01;31m[K^~~~~~~~~~~~[m[K
[2.241s] [01m[K/home/vincent-pc/ros2_foxy/src/my_cpp_pkg/src/add_two_ints_client_no_oop.cpp:27:9:[m[K [01;31m[Kerror: [m[Ktemplate argument 1 is invalid
[2.241s]    27 |         [01;31m[KRCLCPP_ERROR[m[K(this->get_logger(), "Error while calling service");
[2.241s]       |         [01;31m[K^~~~~~~~~~~~[m[K
[2.241s] In file included from [01m[K/opt/ros/foxy/include/rclcpp/client.hpp:40[m[K,
[2.241s]                  from [01m[K/opt/ros/foxy/include/rclcpp/callback_group.hpp:23[m[K,
[2.241s]                  from [01m[K/opt/ros/foxy/include/rclcpp/any_executable.hpp:20[m[K,
[2.241s]                  from [01m[K/opt/ros/foxy/include/rclcpp/memory_strategy.hpp:24[m[K,
[2.241s]                  from [01m[K/opt/ros/foxy/include/rclcpp/memory_strategies.hpp:18[m[K,
[2.241s]                  from [01m[K/opt/ros/foxy/include/rclcpp/executor_options.hpp:20[m[K,
[2.241s]                  from [01m[K/opt/ros/foxy/include/rclcpp/executor.hpp:33[m[K,
[2.241s]                  from [01m[K/opt/ros/foxy/include/rclcpp/executors/multi_threaded_executor.hpp:26[m[K,
[2.241s]                  from [01m[K/opt/ros/foxy/include/rclcpp/executors.hpp:21[m[K,
[2.242s]                  from [01m[K/opt/ros/foxy/include/rclcpp/rclcpp.hpp:146[m[K,
[2.242s]                  from [01m[K/home/vincent-pc/ros2_foxy/src/my_cpp_pkg/src/add_two_ints_client_no_oop.cpp:1[m[K:
[2.242s] [01m[K/home/vincent-pc/ros2_foxy/src/my_cpp_pkg/src/add_two_ints_client_no_oop.cpp:27:22:[m[K [01;31m[Kerror: [m[Kinvalid use of ‘[01m[Kthis[m[K’ in non-member function
[2.242s]    27 |         RCLCPP_ERROR([01;31m[Kthis[m[K->get_logger(), "Error while calling service");
[2.242s]       |                      [01;31m[K^~~~[m[K
[2.242s] [01m[K/home/vincent-pc/ros2_foxy/src/my_cpp_pkg/src/add_two_ints_client_no_oop.cpp:27:22:[m[K [01;31m[Kerror: [m[Kinvalid use of ‘[01m[Kthis[m[K’ in non-member function
[2.242s]    27 |         RCLCPP_ERROR([01;31m[Kthis[m[K->get_logger(), "Error while calling service");
[2.242s]       |                      [01;31m[K^~~~[m[K
[2.727s] make[2]: *** [CMakeFiles/add_two_ints_client_no_oop.dir/build.make:63: CMakeFiles/add_two_ints_client_no_oop.dir/src/add_two_ints_client_no_oop.cpp.o] Error 1
[2.728s] make[1]: *** [CMakeFiles/Makefile2:306: CMakeFiles/add_two_ints_client_no_oop.dir/all] Error 2
[2.728s] make: *** [Makefile:141: all] Error 2
[2.731s] Invoked command in '/home/vincent-pc/ros2_foxy/build/my_cpp_pkg' returned '2': CMAKE_PREFIX_PATH=${CMAKE_PREFIX_PATH}:/home/vincent-pc/ros2_foxy/install/my_py_pkg:/home/vincent-pc/ros2_ws/install/py_srvcli:/home/vincent-pc/ros2_ws/install/py_pubsub:/home/vincent-pc/ros2_ws/install/my_package_Py:/home/vincent-pc/ros2_ws/install/examples_rclpy_minimal_subscriber:/home/vincent-pc/ros2_ws/install/examples_rclpy_minimal_service:/home/vincent-pc/ros2_ws/install/examples_rclpy_minimal_publisher:/home/vincent-pc/ros2_ws/install/examples_rclpy_minimal_client:/home/vincent-pc/ros2_ws/install/examples_rclpy_minimal_action_server:/home/vincent-pc/ros2_ws/install/examples_rclpy_minimal_action_client:/home/vincent-pc/ros2_ws/install/examples_rclpy_executors:/opt/ros/foxy /usr/bin/cmake --build /home/vincent-pc/ros2_foxy/build/my_cpp_pkg -- -j8 -l8
