[0.012s] Invoking command in '/home/vincent-pc/ros2_foxy/build/my_robot_bringup': AMENT_PREFIX_PATH=/home/vincent-pc/ros2_foxy/install/my_py_pkg:/home/vincent-pc/ros2_foxy/install/turtlesim_catch_them_all_py:/home/vincent-pc/ros2_foxy/install/my_cpp_pkg:/home/vincent-pc/ros2_foxy/install/my_robot_interfaces:/home/vincent-pc/ros2_foxy/install/turtlesim_catch_them_all:/opt/ros/foxy CMAKE_PREFIX_PATH=/home/vincent-pc/ros2_foxy/install/my_robot_interfaces:/home/vincent-pc/ros2_foxy/install/my_cpp_pkg:/home/vincent-pc/ros2_foxy/install/turtlesim_catch_them_all:/home/vincent-pc/ros2_foxy/install/turtlesim_catch_them_all_py:/opt/ros/foxy PYTHONPATH=/home/vincent-pc/ros2_foxy/install/my_py_pkg/lib/python3.8/site-packages:/home/vincent-pc/ros2_foxy/install/turtlesim_catch_them_all_py/lib/python3.8/site-packages:/home/vincent-pc/ros2_foxy/install/my_robot_interfaces/lib/python3.8/site-packages:/opt/ros/foxy/lib/python3.8/site-packages /usr/bin/cmake /home/vincent-pc/ros2_foxy/src/my_robot_bringup -DCMAKE_INSTALL_PREFIX=/home/vincent-pc/ros2_foxy/install/my_robot_bringup
[0.125s] -- The C compiler identification is GNU 9.4.0
[0.181s] -- The CXX compiler identification is GNU 9.4.0
[0.187s] -- Check for working C compiler: /usr/bin/cc
[0.257s] -- Check for working C compiler: /usr/bin/cc -- works
[0.259s] -- Detecting C compiler ABI info
[0.321s] -- Detecting C compiler ABI info - done
[0.331s] -- Detecting C compile features
[0.331s] -- Detecting C compile features - done
[0.334s] -- Check for working CXX compiler: /usr/bin/c++
[0.397s] -- Check for working CXX compiler: /usr/bin/c++ -- works
[0.398s] -- Detecting CXX compiler ABI info
[0.467s] -- Detecting CXX compiler ABI info - done
[0.477s] -- Detecting CXX compile features
[0.477s] -- Detecting CXX compile features - done
[0.480s] -- Found ament_cmake: 0.9.12 (/opt/ros/foxy/share/ament_cmake/cmake)
[0.504s] -- Found PythonInterp: /usr/bin/python3 (found suitable version "3.8.10", minimum required is "3") 
[0.504s] -- Using PYTHON_EXECUTABLE: /usr/bin/python3
[0.727s] -- Configuring done
[0.728s] -- Generating done
[0.729s] -- Build files have been written to: /home/vincent-pc/ros2_foxy/build/my_robot_bringup
[0.734s] Invoked command in '/home/vincent-pc/ros2_foxy/build/my_robot_bringup' returned '0': AMENT_PREFIX_PATH=/home/vincent-pc/ros2_foxy/install/my_py_pkg:/home/vincent-pc/ros2_foxy/install/turtlesim_catch_them_all_py:/home/vincent-pc/ros2_foxy/install/my_cpp_pkg:/home/vincent-pc/ros2_foxy/install/my_robot_interfaces:/home/vincent-pc/ros2_foxy/install/turtlesim_catch_them_all:/opt/ros/foxy CMAKE_PREFIX_PATH=/home/vincent-pc/ros2_foxy/install/my_robot_interfaces:/home/vincent-pc/ros2_foxy/install/my_cpp_pkg:/home/vincent-pc/ros2_foxy/install/turtlesim_catch_them_all:/home/vincent-pc/ros2_foxy/install/turtlesim_catch_them_all_py:/opt/ros/foxy PYTHONPATH=/home/vincent-pc/ros2_foxy/install/my_py_pkg/lib/python3.8/site-packages:/home/vincent-pc/ros2_foxy/install/turtlesim_catch_them_all_py/lib/python3.8/site-packages:/home/vincent-pc/ros2_foxy/install/my_robot_interfaces/lib/python3.8/site-packages:/opt/ros/foxy/lib/python3.8/site-packages /usr/bin/cmake /home/vincent-pc/ros2_foxy/src/my_robot_bringup -DCMAKE_INSTALL_PREFIX=/home/vincent-pc/ros2_foxy/install/my_robot_bringup
[0.735s] Invoking command in '/home/vincent-pc/ros2_foxy/build/my_robot_bringup': AMENT_PREFIX_PATH=/home/vincent-pc/ros2_foxy/install/my_py_pkg:/home/vincent-pc/ros2_foxy/install/turtlesim_catch_them_all_py:/home/vincent-pc/ros2_foxy/install/my_cpp_pkg:/home/vincent-pc/ros2_foxy/install/my_robot_interfaces:/home/vincent-pc/ros2_foxy/install/turtlesim_catch_them_all:/opt/ros/foxy CMAKE_PREFIX_PATH=/home/vincent-pc/ros2_foxy/install/my_robot_interfaces:/home/vincent-pc/ros2_foxy/install/my_cpp_pkg:/home/vincent-pc/ros2_foxy/install/turtlesim_catch_them_all:/home/vincent-pc/ros2_foxy/install/turtlesim_catch_them_all_py:/opt/ros/foxy PYTHONPATH=/home/vincent-pc/ros2_foxy/install/my_py_pkg/lib/python3.8/site-packages:/home/vincent-pc/ros2_foxy/install/turtlesim_catch_them_all_py/lib/python3.8/site-packages:/home/vincent-pc/ros2_foxy/install/my_robot_interfaces/lib/python3.8/site-packages:/opt/ros/foxy/lib/python3.8/site-packages /usr/bin/cmake --build /home/vincent-pc/ros2_foxy/build/my_robot_bringup -- -j8 -l8
[0.769s] Invoked command in '/home/vincent-pc/ros2_foxy/build/my_robot_bringup' returned '0': AMENT_PREFIX_PATH=/home/vincent-pc/ros2_foxy/install/my_py_pkg:/home/vincent-pc/ros2_foxy/install/turtlesim_catch_them_all_py:/home/vincent-pc/ros2_foxy/install/my_cpp_pkg:/home/vincent-pc/ros2_foxy/install/my_robot_interfaces:/home/vincent-pc/ros2_foxy/install/turtlesim_catch_them_all:/opt/ros/foxy CMAKE_PREFIX_PATH=/home/vincent-pc/ros2_foxy/install/my_robot_interfaces:/home/vincent-pc/ros2_foxy/install/my_cpp_pkg:/home/vincent-pc/ros2_foxy/install/turtlesim_catch_them_all:/home/vincent-pc/ros2_foxy/install/turtlesim_catch_them_all_py:/opt/ros/foxy PYTHONPATH=/home/vincent-pc/ros2_foxy/install/my_py_pkg/lib/python3.8/site-packages:/home/vincent-pc/ros2_foxy/install/turtlesim_catch_them_all_py/lib/python3.8/site-packages:/home/vincent-pc/ros2_foxy/install/my_robot_interfaces/lib/python3.8/site-packages:/opt/ros/foxy/lib/python3.8/site-packages /usr/bin/cmake --build /home/vincent-pc/ros2_foxy/build/my_robot_bringup -- -j8 -l8
[0.772s] Invoking command in '/home/vincent-pc/ros2_foxy/build/my_robot_bringup': AMENT_PREFIX_PATH=/home/vincent-pc/ros2_foxy/install/my_py_pkg:/home/vincent-pc/ros2_foxy/install/turtlesim_catch_them_all_py:/home/vincent-pc/ros2_foxy/install/my_cpp_pkg:/home/vincent-pc/ros2_foxy/install/my_robot_interfaces:/home/vincent-pc/ros2_foxy/install/turtlesim_catch_them_all:/opt/ros/foxy CMAKE_PREFIX_PATH=/home/vincent-pc/ros2_foxy/install/my_robot_interfaces:/home/vincent-pc/ros2_foxy/install/my_cpp_pkg:/home/vincent-pc/ros2_foxy/install/turtlesim_catch_them_all:/home/vincent-pc/ros2_foxy/install/turtlesim_catch_them_all_py:/opt/ros/foxy PYTHONPATH=/home/vincent-pc/ros2_foxy/install/my_py_pkg/lib/python3.8/site-packages:/home/vincent-pc/ros2_foxy/install/turtlesim_catch_them_all_py/lib/python3.8/site-packages:/home/vincent-pc/ros2_foxy/install/my_robot_interfaces/lib/python3.8/site-packages:/opt/ros/foxy/lib/python3.8/site-packages /usr/bin/cmake --install /home/vincent-pc/ros2_foxy/build/my_robot_bringup
[0.779s] -- Install configuration: ""
[0.779s] -- Installing: /home/vincent-pc/ros2_foxy/install/my_robot_bringup/share/my_robot_bringup//launch
[0.779s] -- Installing: /home/vincent-pc/ros2_foxy/install/my_robot_bringup/share/my_robot_bringup//launch/number_app_from_python.launch.xml
[0.779s] -- Installing: /home/vincent-pc/ros2_foxy/install/my_robot_bringup/share/my_robot_bringup//launch/robot_new_station_app.launch.xml
[0.780s] -- Installing: /home/vincent-pc/ros2_foxy/install/my_robot_bringup/share/my_robot_bringup//launch/turtlesim_app.launch.xml
[0.780s] -- Installing: /home/vincent-pc/ros2_foxy/install/my_robot_bringup/share/my_robot_bringup//launch/number_app.launch.xml
[0.780s] -- Installing: /home/vincent-pc/ros2_foxy/install/my_robot_bringup/share/my_robot_bringup//launch/number_app.launch.py
[0.780s] -- Installing: /home/vincent-pc/ros2_foxy/install/my_robot_bringup/share/my_robot_bringup//config
[0.781s] -- Installing: /home/vincent-pc/ros2_foxy/install/my_robot_bringup/share/my_robot_bringup//config/robot_news_station_app.yaml
[0.781s] -- Installing: /home/vincent-pc/ros2_foxy/install/my_robot_bringup/share/my_robot_bringup//config/number_app.yaml
[0.781s] -- Installing: /home/vincent-pc/ros2_foxy/install/my_robot_bringup/share/ament_index/resource_index/package_run_dependencies/my_robot_bringup
[0.781s] -- Installing: /home/vincent-pc/ros2_foxy/install/my_robot_bringup/share/ament_index/resource_index/parent_prefix_path/my_robot_bringup
[0.781s] -- Installing: /home/vincent-pc/ros2_foxy/install/my_robot_bringup/share/my_robot_bringup/environment/ament_prefix_path.sh
[0.781s] -- Installing: /home/vincent-pc/ros2_foxy/install/my_robot_bringup/share/my_robot_bringup/environment/ament_prefix_path.dsv
[0.782s] -- Installing: /home/vincent-pc/ros2_foxy/install/my_robot_bringup/share/my_robot_bringup/environment/path.sh
[0.782s] -- Installing: /home/vincent-pc/ros2_foxy/install/my_robot_bringup/share/my_robot_bringup/environment/path.dsv
[0.782s] -- Installing: /home/vincent-pc/ros2_foxy/install/my_robot_bringup/share/my_robot_bringup/local_setup.bash
[0.782s] -- Installing: /home/vincent-pc/ros2_foxy/install/my_robot_bringup/share/my_robot_bringup/local_setup.sh
[0.782s] -- Installing: /home/vincent-pc/ros2_foxy/install/my_robot_bringup/share/my_robot_bringup/local_setup.zsh
[0.782s] -- Installing: /home/vincent-pc/ros2_foxy/install/my_robot_bringup/share/my_robot_bringup/local_setup.dsv
[0.782s] -- Installing: /home/vincent-pc/ros2_foxy/install/my_robot_bringup/share/my_robot_bringup/package.dsv
[0.783s] -- Installing: /home/vincent-pc/ros2_foxy/install/my_robot_bringup/share/ament_index/resource_index/packages/my_robot_bringup
[0.783s] -- Installing: /home/vincent-pc/ros2_foxy/install/my_robot_bringup/share/my_robot_bringup/cmake/my_robot_bringupConfig.cmake
[0.783s] -- Installing: /home/vincent-pc/ros2_foxy/install/my_robot_bringup/share/my_robot_bringup/cmake/my_robot_bringupConfig-version.cmake
[0.783s] -- Installing: /home/vincent-pc/ros2_foxy/install/my_robot_bringup/share/my_robot_bringup/package.xml
[0.786s] Invoked command in '/home/vincent-pc/ros2_foxy/build/my_robot_bringup' returned '0': AMENT_PREFIX_PATH=/home/vincent-pc/ros2_foxy/install/my_py_pkg:/home/vincent-pc/ros2_foxy/install/turtlesim_catch_them_all_py:/home/vincent-pc/ros2_foxy/install/my_cpp_pkg:/home/vincent-pc/ros2_foxy/install/my_robot_interfaces:/home/vincent-pc/ros2_foxy/install/turtlesim_catch_them_all:/opt/ros/foxy CMAKE_PREFIX_PATH=/home/vincent-pc/ros2_foxy/install/my_robot_interfaces:/home/vincent-pc/ros2_foxy/install/my_cpp_pkg:/home/vincent-pc/ros2_foxy/install/turtlesim_catch_them_all:/home/vincent-pc/ros2_foxy/install/turtlesim_catch_them_all_py:/opt/ros/foxy PYTHONPATH=/home/vincent-pc/ros2_foxy/install/my_py_pkg/lib/python3.8/site-packages:/home/vincent-pc/ros2_foxy/install/turtlesim_catch_them_all_py/lib/python3.8/site-packages:/home/vincent-pc/ros2_foxy/install/my_robot_interfaces/lib/python3.8/site-packages:/opt/ros/foxy/lib/python3.8/site-packages /usr/bin/cmake --install /home/vincent-pc/ros2_foxy/build/my_robot_bringup
