[2.259s] Invoking command in '/home/vincent-pc/ros2_foxy/src/my_py_pkg': CMAKE_PREFIX_PATH=/home/vincent-pc/ros2_foxy/install/my_robot_interfaces:/home/vincent-pc/ros2_foxy/install/my_robot_bringup:/home/vincent-pc/ros2_foxy/install/turtlesim_catch_them_all_cpp:/home/vincent-pc/ros2_foxy/install/turtlesim_catch_them_all:/home/vincent-pc/ros2_foxy/install/my_cpp_pkg PYTHONPATH=/home/vincent-pc/ros2_foxy/build/my_py_pkg/prefix_override:/usr/lib/python3/dist-packages/colcon_core/task/python/colcon_distutils_commands:/home/vincent-pc/ros2_foxy/install/my_py_pkg/lib/python3.8/site-packages:/home/vincent-pc/ros2_foxy/install/my_robot_interfaces/lib/python3.8/site-packages:/home/vincent-pc/ros2_foxy/install/turtlesim_catch_them_all_py/lib/python3.8/site-packages:/home/vincent-pc/ros2_foxy/install/my_py_pkg/lib/python3.8/site-packages:/opt/ros/foxy/lib/python3.8/site-packages /usr/bin/python3 -W ignore:setup.py install is deprecated -W ignore:easy_install command is deprecated setup.py egg_info --egg-base ../../build/my_py_pkg build --build-base /home/vincent-pc/ros2_foxy/build/my_py_pkg/build install --record /home/vincent-pc/ros2_foxy/build/my_py_pkg/install.log --install-scripts $base/lib/my_py_pkg --single-version-externally-managed install_data
[2.817s] running egg_info
[2.818s] writing ../../build/my_py_pkg/my_py_pkg.egg-info/PKG-INFO
[2.822s] writing dependency_links to ../../build/my_py_pkg/my_py_pkg.egg-info/dependency_links.txt
[2.822s] writing entry points to ../../build/my_py_pkg/my_py_pkg.egg-info/entry_points.txt
[2.822s] writing requirements to ../../build/my_py_pkg/my_py_pkg.egg-info/requires.txt
[2.822s] writing top-level names to ../../build/my_py_pkg/my_py_pkg.egg-info/top_level.txt
[2.903s] reading manifest file '../../build/my_py_pkg/my_py_pkg.egg-info/SOURCES.txt'
[2.910s] writing manifest file '../../build/my_py_pkg/my_py_pkg.egg-info/SOURCES.txt'
[2.910s] running build
[2.911s] running build_py
[2.912s] running install
[2.914s] running install_lib
[2.918s] running install_data
[2.918s] running install_egg_info
[2.924s] removing '/home/vincent-pc/ros2_foxy/install/my_py_pkg/lib/python3.8/site-packages/my_py_pkg-0.0.0-py3.8.egg-info' (and everything under it)
[2.925s] Copying ../../build/my_py_pkg/my_py_pkg.egg-info to /home/vincent-pc/ros2_foxy/install/my_py_pkg/lib/python3.8/site-packages/my_py_pkg-0.0.0-py3.8.egg-info
[2.929s] running install_scripts
[2.977s] Installing add_two_ints_client script to /home/vincent-pc/ros2_foxy/install/my_py_pkg/lib/my_py_pkg
[2.978s] Installing add_two_ints_client_no_oop_py script to /home/vincent-pc/ros2_foxy/install/my_py_pkg/lib/my_py_pkg
[2.978s] Installing add_two_ints_server_py script to /home/vincent-pc/ros2_foxy/install/my_py_pkg/lib/my_py_pkg
[2.978s] Installing battery_py script to /home/vincent-pc/ros2_foxy/install/my_py_pkg/lib/my_py_pkg
[2.978s] Installing hardware_status_publisher_py script to /home/vincent-pc/ros2_foxy/install/my_py_pkg/lib/my_py_pkg
[2.979s] Installing led_panel_py script to /home/vincent-pc/ros2_foxy/install/my_py_pkg/lib/my_py_pkg
[2.979s] Installing number_counter_py script to /home/vincent-pc/ros2_foxy/install/my_py_pkg/lib/my_py_pkg
[2.979s] Installing number_counter_server_py script to /home/vincent-pc/ros2_foxy/install/my_py_pkg/lib/my_py_pkg
[2.980s] Installing number_publisher_py script to /home/vincent-pc/ros2_foxy/install/my_py_pkg/lib/my_py_pkg
[2.981s] Installing py_node script to /home/vincent-pc/ros2_foxy/install/my_py_pkg/lib/my_py_pkg
[2.981s] Installing reset_number_count_service script to /home/vincent-pc/ros2_foxy/install/my_py_pkg/lib/my_py_pkg
[2.981s] Installing robot_news_station script to /home/vincent-pc/ros2_foxy/install/my_py_pkg/lib/my_py_pkg
[2.981s] Installing smartphone script to /home/vincent-pc/ros2_foxy/install/my_py_pkg/lib/my_py_pkg
[2.981s] writing list of installed files to '/home/vincent-pc/ros2_foxy/build/my_py_pkg/install.log'
[3.061s] Invoked command in '/home/vincent-pc/ros2_foxy/src/my_py_pkg' returned '0': CMAKE_PREFIX_PATH=/home/vincent-pc/ros2_foxy/install/my_robot_interfaces:/home/vincent-pc/ros2_foxy/install/my_robot_bringup:/home/vincent-pc/ros2_foxy/install/turtlesim_catch_them_all_cpp:/home/vincent-pc/ros2_foxy/install/turtlesim_catch_them_all:/home/vincent-pc/ros2_foxy/install/my_cpp_pkg PYTHONPATH=/home/vincent-pc/ros2_foxy/build/my_py_pkg/prefix_override:/usr/lib/python3/dist-packages/colcon_core/task/python/colcon_distutils_commands:/home/vincent-pc/ros2_foxy/install/my_py_pkg/lib/python3.8/site-packages:/home/vincent-pc/ros2_foxy/install/my_robot_interfaces/lib/python3.8/site-packages:/home/vincent-pc/ros2_foxy/install/turtlesim_catch_them_all_py/lib/python3.8/site-packages:/home/vincent-pc/ros2_foxy/install/my_py_pkg/lib/python3.8/site-packages:/opt/ros/foxy/lib/python3.8/site-packages /usr/bin/python3 -W ignore:setup.py install is deprecated -W ignore:easy_install command is deprecated setup.py egg_info --egg-base ../../build/my_py_pkg build --build-base /home/vincent-pc/ros2_foxy/build/my_py_pkg/build install --record /home/vincent-pc/ros2_foxy/build/my_py_pkg/install.log --install-scripts $base/lib/my_py_pkg --single-version-externally-managed install_data
