[0.012s] Invoking command in '/home/vincent-pc/ros2_foxy/build/my_robot_description': CMAKE_PREFIX_PATH=${CMAKE_PREFIX_PATH}:/home/vincent-pc/ros2_foxy/install/turtlesim_catch_them_all_py:/home/vincent-pc/ros2_foxy/install/my_py_pkg:/opt/ros/foxy /usr/bin/cmake --build /home/vincent-pc/ros2_foxy/build/my_robot_description -- -j8 -l8
[0.093s] Invoked command in '/home/vincent-pc/ros2_foxy/build/my_robot_description' returned '0': CMAKE_PREFIX_PATH=${CMAKE_PREFIX_PATH}:/home/vincent-pc/ros2_foxy/install/turtlesim_catch_them_all_py:/home/vincent-pc/ros2_foxy/install/my_py_pkg:/opt/ros/foxy /usr/bin/cmake --build /home/vincent-pc/ros2_foxy/build/my_robot_description -- -j8 -l8
[0.113s] Invoking command in '/home/vincent-pc/ros2_foxy/build/my_robot_description': CMAKE_PREFIX_PATH=${CMAKE_PREFIX_PATH}:/home/vincent-pc/ros2_foxy/install/turtlesim_catch_them_all_py:/home/vincent-pc/ros2_foxy/install/my_py_pkg:/opt/ros/foxy /usr/bin/cmake --install /home/vincent-pc/ros2_foxy/build/my_robot_description
[0.123s] -- Install configuration: ""
[0.124s] -- Execute custom install script
[0.125s] -- Up-to-date symlink: /home/vincent-pc/ros2_foxy/install/my_robot_description/share/my_robot_description//urdf/common_properties.xacro
[0.126s] -- Up-to-date symlink: /home/vincent-pc/ros2_foxy/install/my_robot_description/share/my_robot_description//urdf/mobile_base.xacro
[0.126s] -- Up-to-date symlink: /home/vincent-pc/ros2_foxy/install/my_robot_description/share/my_robot_description//urdf/my_robot.urdf
[0.126s] -- Up-to-date symlink: /home/vincent-pc/ros2_foxy/install/my_robot_description/share/my_robot_description//urdf/my_robot.urdf.xacro
[0.126s] -- Up-to-date symlink: /home/vincent-pc/ros2_foxy/install/my_robot_description/share/my_robot_description//launch/display.launch.py
[0.126s] -- Up-to-date symlink: /home/vincent-pc/ros2_foxy/install/my_robot_description/share/my_robot_description//launch/display.launch.xml
[0.127s] -- Up-to-date symlink: /home/vincent-pc/ros2_foxy/install/my_robot_description/share/my_robot_description//launch/display2.launch.py
[0.127s] -- Up-to-date symlink: /home/vincent-pc/ros2_foxy/install/my_robot_description/share/my_robot_description//launch/display2.launch.xml
[0.127s] -- Up-to-date symlink: /home/vincent-pc/ros2_foxy/install/my_robot_description/share/my_robot_description//rviz/urdf_config.rviz
[0.127s] -- Up-to-date symlink: /home/vincent-pc/ros2_foxy/install/my_robot_description/share/ament_index/resource_index/package_run_dependencies/my_robot_description
[0.127s] -- Up-to-date symlink: /home/vincent-pc/ros2_foxy/install/my_robot_description/share/ament_index/resource_index/parent_prefix_path/my_robot_description
[0.128s] -- Up-to-date symlink: /home/vincent-pc/ros2_foxy/install/my_robot_description/share/my_robot_description/environment/ament_prefix_path.sh
[0.128s] -- Up-to-date symlink: /home/vincent-pc/ros2_foxy/install/my_robot_description/share/my_robot_description/environment/ament_prefix_path.dsv
[0.128s] -- Up-to-date symlink: /home/vincent-pc/ros2_foxy/install/my_robot_description/share/my_robot_description/environment/path.sh
[0.128s] -- Up-to-date symlink: /home/vincent-pc/ros2_foxy/install/my_robot_description/share/my_robot_description/environment/path.dsv
[0.128s] -- Up-to-date symlink: /home/vincent-pc/ros2_foxy/install/my_robot_description/share/my_robot_description/local_setup.bash
[0.129s] -- Up-to-date symlink: /home/vincent-pc/ros2_foxy/install/my_robot_description/share/my_robot_description/local_setup.sh
[0.129s] -- Up-to-date symlink: /home/vincent-pc/ros2_foxy/install/my_robot_description/share/my_robot_description/local_setup.zsh
[0.129s] -- Up-to-date symlink: /home/vincent-pc/ros2_foxy/install/my_robot_description/share/my_robot_description/local_setup.dsv
[0.129s] -- Symlinking: /home/vincent-pc/ros2_foxy/install/my_robot_description/share/my_robot_description/package.dsv
[0.138s] -- Up-to-date symlink: /home/vincent-pc/ros2_foxy/install/my_robot_description/share/ament_index/resource_index/packages/my_robot_description
[0.139s] -- Up-to-date symlink: /home/vincent-pc/ros2_foxy/install/my_robot_description/share/my_robot_description/cmake/my_robot_descriptionConfig.cmake
[0.139s] -- Up-to-date symlink: /home/vincent-pc/ros2_foxy/install/my_robot_description/share/my_robot_description/cmake/my_robot_descriptionConfig-version.cmake
[0.139s] -- Up-to-date symlink: /home/vincent-pc/ros2_foxy/install/my_robot_description/share/my_robot_description/package.xml
[0.142s] Invoked command in '/home/vincent-pc/ros2_foxy/build/my_robot_description' returned '0': CMAKE_PREFIX_PATH=${CMAKE_PREFIX_PATH}:/home/vincent-pc/ros2_foxy/install/turtlesim_catch_them_all_py:/home/vincent-pc/ros2_foxy/install/my_py_pkg:/opt/ros/foxy /usr/bin/cmake --install /home/vincent-pc/ros2_foxy/build/my_robot_description
