[0.042s] Invoking command in '/home/vincent-pc/ros2_foxy/build/my_robot_description': CMAKE_PREFIX_PATH=${CMAKE_PREFIX_PATH}:/home/vincent-pc/ros2_foxy/install/turtlesim_catch_them_all_py:/home/vincent-pc/ros2_foxy/install/my_py_pkg:/opt/ros/foxy /usr/bin/cmake /home/vincent-pc/ros2_foxy/src/my_robot_description -DCMAKE_INSTALL_PREFIX=/home/vincent-pc/ros2_foxy/install/my_robot_description
[0.219s] -- The C compiler identification is GNU 9.4.0
[0.363s] -- The CXX compiler identification is GNU 9.4.0
[0.372s] -- Check for working C compiler: /usr/bin/cc
[0.501s] -- Check for working C compiler: /usr/bin/cc -- works
[0.504s] -- Detecting C compiler ABI info
[0.648s] -- Detecting C compiler ABI info - done
[0.683s] -- Detecting C compile features
[0.684s] -- Detecting C compile features - done
[0.689s] -- Check for working CXX compiler: /usr/bin/c++
[0.816s] -- Check for working CXX compiler: /usr/bin/c++ -- works
[0.818s] -- Detecting CXX compiler ABI info
[0.939s] -- Detecting CXX compiler ABI info - done
[0.957s] -- Detecting CXX compile features
[0.958s] -- Detecting CXX compile features - done
[0.961s] -- Found ament_cmake: 0.9.12 (/opt/ros/foxy/share/ament_cmake/cmake)
[0.996s] -- Found PythonInterp: /usr/bin/python3 (found suitable version "3.8.10", minimum required is "3") 
[0.997s] -- Using PYTHON_EXECUTABLE: /usr/bin/python3
[1.450s] -- Configuring done
[1.457s] -- Generating done
[1.461s] -- Build files have been written to: /home/vincent-pc/ros2_foxy/build/my_robot_description
[1.635s] Invoked command in '/home/vincent-pc/ros2_foxy/build/my_robot_description' returned '0': CMAKE_PREFIX_PATH=${CMAKE_PREFIX_PATH}:/home/vincent-pc/ros2_foxy/install/turtlesim_catch_them_all_py:/home/vincent-pc/ros2_foxy/install/my_py_pkg:/opt/ros/foxy /usr/bin/cmake /home/vincent-pc/ros2_foxy/src/my_robot_description -DCMAKE_INSTALL_PREFIX=/home/vincent-pc/ros2_foxy/install/my_robot_description
[1.642s] Invoking command in '/home/vincent-pc/ros2_foxy/build/my_robot_description': CMAKE_PREFIX_PATH=${CMAKE_PREFIX_PATH}:/home/vincent-pc/ros2_foxy/install/turtlesim_catch_them_all_py:/home/vincent-pc/ros2_foxy/install/my_py_pkg:/opt/ros/foxy /usr/bin/cmake --build /home/vincent-pc/ros2_foxy/build/my_robot_description -- -j8 -l8
[1.727s] Invoked command in '/home/vincent-pc/ros2_foxy/build/my_robot_description' returned '0': CMAKE_PREFIX_PATH=${CMAKE_PREFIX_PATH}:/home/vincent-pc/ros2_foxy/install/turtlesim_catch_them_all_py:/home/vincent-pc/ros2_foxy/install/my_py_pkg:/opt/ros/foxy /usr/bin/cmake --build /home/vincent-pc/ros2_foxy/build/my_robot_description -- -j8 -l8
[1.730s] Invoking command in '/home/vincent-pc/ros2_foxy/build/my_robot_description': CMAKE_PREFIX_PATH=${CMAKE_PREFIX_PATH}:/home/vincent-pc/ros2_foxy/install/turtlesim_catch_them_all_py:/home/vincent-pc/ros2_foxy/install/my_py_pkg:/opt/ros/foxy /usr/bin/cmake --install /home/vincent-pc/ros2_foxy/build/my_robot_description
[1.758s] -- Install configuration: ""
[1.758s] -- Installing: /home/vincent-pc/ros2_foxy/install/my_robot_description/share/my_robot_description//urdf
[1.759s] -- Installing: /home/vincent-pc/ros2_foxy/install/my_robot_description/share/my_robot_description//urdf/my_robot.urdf
[1.759s] -- Installing: /home/vincent-pc/ros2_foxy/install/my_robot_description/share/ament_index/resource_index/package_run_dependencies/my_robot_description
[1.759s] -- Installing: /home/vincent-pc/ros2_foxy/install/my_robot_description/share/ament_index/resource_index/parent_prefix_path/my_robot_description
[1.759s] -- Installing: /home/vincent-pc/ros2_foxy/install/my_robot_description/share/my_robot_description/environment/ament_prefix_path.sh
[1.760s] -- Installing: /home/vincent-pc/ros2_foxy/install/my_robot_description/share/my_robot_description/environment/ament_prefix_path.dsv
[1.760s] -- Installing: /home/vincent-pc/ros2_foxy/install/my_robot_description/share/my_robot_description/environment/path.sh
[1.761s] -- Installing: /home/vincent-pc/ros2_foxy/install/my_robot_description/share/my_robot_description/environment/path.dsv
[1.762s] -- Installing: /home/vincent-pc/ros2_foxy/install/my_robot_description/share/my_robot_description/local_setup.bash
[1.762s] -- Installing: /home/vincent-pc/ros2_foxy/install/my_robot_description/share/my_robot_description/local_setup.sh
[1.763s] -- Installing: /home/vincent-pc/ros2_foxy/install/my_robot_description/share/my_robot_description/local_setup.zsh
[1.763s] -- Installing: /home/vincent-pc/ros2_foxy/install/my_robot_description/share/my_robot_description/local_setup.dsv
[1.763s] -- Installing: /home/vincent-pc/ros2_foxy/install/my_robot_description/share/my_robot_description/package.dsv
[1.764s] -- Installing: /home/vincent-pc/ros2_foxy/install/my_robot_description/share/ament_index/resource_index/packages/my_robot_description
[1.764s] -- Installing: /home/vincent-pc/ros2_foxy/install/my_robot_description/share/my_robot_description/cmake/my_robot_descriptionConfig.cmake
[1.764s] -- Installing: /home/vincent-pc/ros2_foxy/install/my_robot_description/share/my_robot_description/cmake/my_robot_descriptionConfig-version.cmake
[1.764s] -- Installing: /home/vincent-pc/ros2_foxy/install/my_robot_description/share/my_robot_description/package.xml
[1.775s] Invoked command in '/home/vincent-pc/ros2_foxy/build/my_robot_description' returned '0': CMAKE_PREFIX_PATH=${CMAKE_PREFIX_PATH}:/home/vincent-pc/ros2_foxy/install/turtlesim_catch_them_all_py:/home/vincent-pc/ros2_foxy/install/my_py_pkg:/opt/ros/foxy /usr/bin/cmake --install /home/vincent-pc/ros2_foxy/build/my_robot_description
