[0.014s] Invoking command in '/home/vincent-pc/ros2_foxy/build/my_cpp_pkg': CMAKE_PREFIX_PATH=${CMAKE_PREFIX_PATH}:/home/vincent-pc/ros2_foxy/install/my_py_pkg:/home/vincent-pc/ros2_ws/install/py_srvcli:/home/vincent-pc/ros2_ws/install/py_pubsub:/home/vincent-pc/ros2_ws/install/my_package_Py:/home/vincent-pc/ros2_ws/install/examples_rclpy_minimal_subscriber:/home/vincent-pc/ros2_ws/install/examples_rclpy_minimal_service:/home/vincent-pc/ros2_ws/install/examples_rclpy_minimal_publisher:/home/vincent-pc/ros2_ws/install/examples_rclpy_minimal_client:/home/vincent-pc/ros2_ws/install/examples_rclpy_minimal_action_server:/home/vincent-pc/ros2_ws/install/examples_rclpy_minimal_action_client:/home/vincent-pc/ros2_ws/install/examples_rclpy_executors:/opt/ros/foxy /usr/bin/cmake --build /home/vincent-pc/ros2_foxy/build/my_cpp_pkg -- -j8 -l8
[0.059s] [35m[1mScanning dependencies of target add_two_ints_server_cpp[0m
[0.087s] [ 16%] Built target number_counter_cpp
[0.087s] [ 33%] Built target cpp_node
[0.088s] [ 50%] Built target smartphone_cpp
[0.098s] [ 58%] [32mBuilding CXX object CMakeFiles/add_two_ints_server_cpp.dir/src/add_two_ints_server.cpp.o[0m
[0.098s] [ 91%] Built target number_publisher_cpp
[0.098s] [ 91%] Built target robot_news_station_cpp
[1.285s] [01m[K/home/vincent-pc/ros2_foxy/src/my_cpp_pkg/src/add_two_ints_server.cpp:11:26:[m[K [01;31m[Kerror: [m[KISO C++ forbids declaration of ‘[01m[KAddTwoIntsServerNode[m[K’ with no type [[01;31m[K-fpermissive[m[K]
[1.285s]    11 |     AddTwoIntsServerNode([01;31m[K)[m[K : Node("add_two_ints_server_cpp")
[1.285s]       |                          [01;31m[K^[m[K
[1.290s] [01m[K/home/vincent-pc/ros2_foxy/src/my_cpp_pkg/src/add_two_ints_server.cpp:[m[K In member function ‘[01m[Kint MyCustomNode::AddTwoIntsServerNode()[m[K’:
[1.291s] [01m[K/home/vincent-pc/ros2_foxy/src/my_cpp_pkg/src/add_two_ints_server.cpp:11:30:[m[K [01;31m[Kerror: [m[Konly constructors take member initializers
[1.291s]    11 |     AddTwoIntsServerNode() : [01;31m[KNode[m[K("add_two_ints_server_cpp")
[1.291s]       |                              [01;31m[K^~~~[m[K
[1.291s] [01m[K/home/vincent-pc/ros2_foxy/src/my_cpp_pkg/src/add_two_ints_server.cpp:15:24:[m[K [01;31m[Kerror: [m[K‘[01m[KAddTwoIntsServerNode[m[K’ is not a class, namespace, or enumeration
[1.291s]    15 |             std::bind(&[01;31m[KAddTwoIntsServerNode[m[K::callbackAddTwoInts, this, _1, _2));
[1.291s]       |                        [01;31m[K^~~~~~~~~~~~~~~~~~~~[m[K
[1.291s] [01m[K/home/vincent-pc/ros2_foxy/src/my_cpp_pkg/src/add_two_ints_server.cpp:17:5:[m[K [01;35m[Kwarning: [m[Kno return statement in function returning non-void [[01;35m[K-Wreturn-type[m[K]
[1.291s]    17 |     [01;35m[K}[m[K
[1.291s]       |     [01;35m[K^[m[K
[1.299s] [01m[K/home/vincent-pc/ros2_foxy/src/my_cpp_pkg/src/add_two_ints_server.cpp:[m[K In function ‘[01m[Kint main(int, char**)[m[K’:
[1.300s] [01m[K/home/vincent-pc/ros2_foxy/src/my_cpp_pkg/src/add_two_ints_server.cpp:35:34:[m[K [01;31m[Kerror: [m[K‘[01m[KAddTwoIntsServerNode[m[K’ was not declared in this scope
[1.300s]    35 |     auto node = std::make_shared<[01;31m[KAddTwoIntsServerNode[m[K>();
[1.300s]       |                                  [01;31m[K^~~~~~~~~~~~~~~~~~~~[m[K
[1.300s] [01m[K/home/vincent-pc/ros2_foxy/src/my_cpp_pkg/src/add_two_ints_server.cpp:35:56:[m[K [01;31m[Kerror: [m[Kno matching function for call to ‘[01m[Kmake_shared<<expression error> >()[m[K’
[1.300s]    35 |     auto node = std::make_shared<AddTwoIntsServerNode>([01;31m[K)[m[K;
[1.300s]       |                                                        [01;31m[K^[m[K
[1.300s] In file included from [01m[K/usr/include/c++/9/memory:81[m[K,
[1.300s]                  from [01m[K/opt/ros/foxy/include/rclcpp/rclcpp.hpp:144[m[K,
[1.300s]                  from [01m[K/home/vincent-pc/ros2_foxy/src/my_cpp_pkg/src/add_two_ints_server.cpp:1[m[K:
[1.300s] [01m[K/usr/include/c++/9/bits/shared_ptr.h:714:5:[m[K [01;36m[Knote: [m[Kcandidate: ‘[01m[Ktemplate<class _Tp, class ... _Args> std::shared_ptr<_Tp> std::make_shared(_Args&& ...)[m[K’
[1.300s]   714 |     [01;36m[Kmake_shared[m[K(_Args&&... __args)
[1.300s]       |     [01;36m[K^~~~~~~~~~~[m[K
[1.301s] [01m[K/usr/include/c++/9/bits/shared_ptr.h:714:5:[m[K [01;36m[Knote: [m[K  template argument deduction/substitution failed:
[1.301s] [01m[K/home/vincent-pc/ros2_foxy/src/my_cpp_pkg/src/add_two_ints_server.cpp:35:56:[m[K [01;31m[Kerror: [m[Ktemplate argument 1 is invalid
[1.301s]    35 |     auto node = std::make_shared<AddTwoIntsServerNode>([01;31m[K)[m[K;
[1.301s]       |                                                        [01;31m[K^[m[K
[1.629s] make[2]: *** [CMakeFiles/add_two_ints_server_cpp.dir/build.make:63: CMakeFiles/add_two_ints_server_cpp.dir/src/add_two_ints_server.cpp.o] Error 1
[1.629s] make[1]: *** [CMakeFiles/Makefile2:115: CMakeFiles/add_two_ints_server_cpp.dir/all] Error 2
[1.629s] make: *** [Makefile:141: all] Error 2
[1.632s] Invoked command in '/home/vincent-pc/ros2_foxy/build/my_cpp_pkg' returned '2': CMAKE_PREFIX_PATH=${CMAKE_PREFIX_PATH}:/home/vincent-pc/ros2_foxy/install/my_py_pkg:/home/vincent-pc/ros2_ws/install/py_srvcli:/home/vincent-pc/ros2_ws/install/py_pubsub:/home/vincent-pc/ros2_ws/install/my_package_Py:/home/vincent-pc/ros2_ws/install/examples_rclpy_minimal_subscriber:/home/vincent-pc/ros2_ws/install/examples_rclpy_minimal_service:/home/vincent-pc/ros2_ws/install/examples_rclpy_minimal_publisher:/home/vincent-pc/ros2_ws/install/examples_rclpy_minimal_client:/home/vincent-pc/ros2_ws/install/examples_rclpy_minimal_action_server:/home/vincent-pc/ros2_ws/install/examples_rclpy_minimal_action_client:/home/vincent-pc/ros2_ws/install/examples_rclpy_executors:/opt/ros/foxy /usr/bin/cmake --build /home/vincent-pc/ros2_foxy/build/my_cpp_pkg -- -j8 -l8
