[0.017s] Invoking command in '/home/vincent-pc/ros2_foxy/build/my_cpp_pkg': CMAKE_PREFIX_PATH=${CMAKE_PREFIX_PATH}:/home/vincent-pc/ros2_foxy/install/my_py_pkg:/home/vincent-pc/ros2_ws/install/py_srvcli:/home/vincent-pc/ros2_ws/install/py_pubsub:/home/vincent-pc/ros2_ws/install/my_package_Py:/home/vincent-pc/ros2_ws/install/examples_rclpy_minimal_subscriber:/home/vincent-pc/ros2_ws/install/examples_rclpy_minimal_service:/home/vincent-pc/ros2_ws/install/examples_rclpy_minimal_publisher:/home/vincent-pc/ros2_ws/install/examples_rclpy_minimal_client:/home/vincent-pc/ros2_ws/install/examples_rclpy_minimal_action_server:/home/vincent-pc/ros2_ws/install/examples_rclpy_minimal_action_client:/home/vincent-pc/ros2_ws/install/examples_rclpy_executors:/opt/ros/foxy /usr/bin/cmake --build /home/vincent-pc/ros2_foxy/build/my_cpp_pkg -- -j8 -l8
[0.077s] [35m[1mScanning dependencies of target led_panel_cpp[0m
[0.119s] [  8%] Built target robot_news_station_cpp
[0.119s] [ 16%] Built target add_two_ints_server_cpp
[0.127s] [ 25%] Built target cpp_node
[0.128s] [ 33%] Built target hardware_status_publisher_cpp
[0.139s] [ 41%] Built target add_two_ints_client_no_oop
[0.141s] [ 50%] Built target number_counter_cpp
[0.147s] [ 58%] Built target smartphone_cpp
[0.153s] [ 62%] [32mBuilding CXX object CMakeFiles/led_panel_cpp.dir/src/led_panel.cpp.o[0m
[0.175s] [ 70%] Built target number_publisher_cpp
[0.181s] [ 79%] Built target add_two_ints_client
[0.186s] [ 87%] Built target reset_number_client
[0.195s] [ 95%] Built target number_counter_server_cpp
[1.556s] [01m[K/home/vincent-pc/ros2_foxy/src/my_cpp_pkg/src/led_panel.cpp:[m[K In member function ‘[01m[Kvoid LedPanelNode::publish_led_states()[m[K’:
[1.556s] [01m[K/home/vincent-pc/ros2_foxy/src/my_cpp_pkg/src/led_panel.cpp:22:26:[m[K [01;31m[Kerror: [m[Kno match for ‘[01m[Koperator=[m[K’ (operand types are ‘[01m[Kmy_robot_interfaces::msg::LedStateArray_<std::allocator<void> >::_led_states_type[m[K’ {aka ‘[01m[Kstd::vector<long int, std::allocator<long int> >[m[K’} and ‘[01m[Kstd::vector<int>[m[K’)
[1.556s]    22 |         msg.led_states = [01;31m[Kled_states_[m[K;
[1.556s]       |                          [01;31m[K^~~~~~~~~~~[m[K
[1.556s] In file included from [01m[K/usr/include/c++/9/vector:72[m[K,
[1.557s]                  from [01m[K/opt/ros/foxy/include/rclcpp/executor.hpp:27[m[K,
[1.557s]                  from [01m[K/opt/ros/foxy/include/rclcpp/executors/multi_threaded_executor.hpp:26[m[K,
[1.557s]                  from [01m[K/opt/ros/foxy/include/rclcpp/executors.hpp:21[m[K,
[1.557s]                  from [01m[K/opt/ros/foxy/include/rclcpp/rclcpp.hpp:146[m[K,
[1.557s]                  from [01m[K/home/vincent-pc/ros2_foxy/src/my_cpp_pkg/src/led_panel.cpp:1[m[K:
[1.557s] [01m[K/usr/include/c++/9/bits/vector.tcc:198:5:[m[K [01;36m[Knote: [m[Kcandidate: ‘[01m[Kstd::vector<_Tp, _Alloc>& std::vector<_Tp, _Alloc>::operator=(const std::vector<_Tp, _Alloc>&) [with _Tp = long int; _Alloc = std::allocator<long int>][m[K’
[1.557s]   198 |     [01;36m[Kvector<_Tp, _Alloc>[m[K::
[1.558s]       |     [01;36m[K^~~~~~~~~~~~~~~~~~~[m[K
[1.558s] [01m[K/usr/include/c++/9/bits/vector.tcc:199:42:[m[K [01;36m[Knote: [m[K  no known conversion for argument 1 from ‘[01m[Kstd::vector<int>[m[K’ to ‘[01m[Kconst std::vector<long int, std::allocator<long int> >&[m[K’
[1.558s]   199 |     operator=([01;36m[Kconst vector<_Tp, _Alloc>& __x[m[K)
[1.558s]       |               [01;36m[K~~~~~~~~~~~~~~~~~~~~~~~~~~~^~~[m[K
[1.558s] In file included from [01m[K/usr/include/c++/9/vector:67[m[K,
[1.558s]                  from [01m[K/opt/ros/foxy/include/rclcpp/executor.hpp:27[m[K,
[1.558s]                  from [01m[K/opt/ros/foxy/include/rclcpp/executors/multi_threaded_executor.hpp:26[m[K,
[1.558s]                  from [01m[K/opt/ros/foxy/include/rclcpp/executors.hpp:21[m[K,
[1.559s]                  from [01m[K/opt/ros/foxy/include/rclcpp/rclcpp.hpp:146[m[K,
[1.559s]                  from [01m[K/home/vincent-pc/ros2_foxy/src/my_cpp_pkg/src/led_panel.cpp:1[m[K:
[1.559s] [01m[K/usr/include/c++/9/bits/stl_vector.h:706:7:[m[K [01;36m[Knote: [m[Kcandidate: ‘[01m[Kstd::vector<_Tp, _Alloc>& std::vector<_Tp, _Alloc>::operator=(std::vector<_Tp, _Alloc>&&) [with _Tp = long int; _Alloc = std::allocator<long int>][m[K’
[1.559s]   706 |       [01;36m[Koperator[m[K=(vector&& __x) noexcept(_Alloc_traits::_S_nothrow_move())
[1.559s]       |       [01;36m[K^~~~~~~~[m[K
[1.559s] [01m[K/usr/include/c++/9/bits/stl_vector.h:706:26:[m[K [01;36m[Knote: [m[K  no known conversion for argument 1 from ‘[01m[Kstd::vector<int>[m[K’ to ‘[01m[Kstd::vector<long int, std::allocator<long int> >&&[m[K’
[1.559s]   706 |       operator=([01;36m[Kvector&& __x[m[K) noexcept(_Alloc_traits::_S_nothrow_move())
[1.559s]       |                 [01;36m[K~~~~~~~~~^~~[m[K
[1.560s] [01m[K/usr/include/c++/9/bits/stl_vector.h:727:7:[m[K [01;36m[Knote: [m[Kcandidate: ‘[01m[Kstd::vector<_Tp, _Alloc>& std::vector<_Tp, _Alloc>::operator=(std::initializer_list<_Tp>) [with _Tp = long int; _Alloc = std::allocator<long int>][m[K’
[1.560s]   727 |       [01;36m[Koperator[m[K=(initializer_list<value_type> __l)
[1.560s]       |       [01;36m[K^~~~~~~~[m[K
[1.560s] [01m[K/usr/include/c++/9/bits/stl_vector.h:727:46:[m[K [01;36m[Knote: [m[K  no known conversion for argument 1 from ‘[01m[Kstd::vector<int>[m[K’ to ‘[01m[Kstd::initializer_list<long int>[m[K’
[1.560s]   727 |       operator=([01;36m[Kinitializer_list<value_type> __l[m[K)
[1.560s]       |                 [01;36m[K~~~~~~~~~~~~~~~~~~~~~~~~~~~~~^~~[m[K
[2.537s] make[2]: *** [CMakeFiles/led_panel_cpp.dir/build.make:63: CMakeFiles/led_panel_cpp.dir/src/led_panel.cpp.o] Error 1
[2.537s] make[1]: *** [CMakeFiles/Makefile2:100: CMakeFiles/led_panel_cpp.dir/all] Error 2
[2.538s] make: *** [Makefile:141: all] Error 2
[2.541s] Invoked command in '/home/vincent-pc/ros2_foxy/build/my_cpp_pkg' returned '2': CMAKE_PREFIX_PATH=${CMAKE_PREFIX_PATH}:/home/vincent-pc/ros2_foxy/install/my_py_pkg:/home/vincent-pc/ros2_ws/install/py_srvcli:/home/vincent-pc/ros2_ws/install/py_pubsub:/home/vincent-pc/ros2_ws/install/my_package_Py:/home/vincent-pc/ros2_ws/install/examples_rclpy_minimal_subscriber:/home/vincent-pc/ros2_ws/install/examples_rclpy_minimal_service:/home/vincent-pc/ros2_ws/install/examples_rclpy_minimal_publisher:/home/vincent-pc/ros2_ws/install/examples_rclpy_minimal_client:/home/vincent-pc/ros2_ws/install/examples_rclpy_minimal_action_server:/home/vincent-pc/ros2_ws/install/examples_rclpy_minimal_action_client:/home/vincent-pc/ros2_ws/install/examples_rclpy_executors:/opt/ros/foxy /usr/bin/cmake --build /home/vincent-pc/ros2_foxy/build/my_cpp_pkg -- -j8 -l8
