-- Found ament_cmake: 0.9.12 (/opt/ros/foxy/share/ament_cmake/cmake)
-- Using PYTHON_EXECUTABLE: /usr/bin/python3
-- Override CMake install command with custom implementation using symlinks instead of copying resources
-- Found rclcpp: 2.4.3 (/opt/ros/foxy/share/rclcpp/cmake)
-- Using all available rosidl_typesupport_c: rosidl_typesupport_fastrtps_c;rosidl_typesupport_introspection_c
-- Found rosidl_adapter: 1.3.1 (/opt/ros/foxy/share/rosidl_adapter/cmake)
-- Using all available rosidl_typesupport_cpp: rosidl_typesupport_fastrtps_cpp;rosidl_typesupport_introspection_cpp
-- Found rmw_implementation_cmake: 1.0.4 (/opt/ros/foxy/share/rmw_implementation_cmake/cmake)
-- Using RMW implementation 'rmw_fastrtps_cpp' as default
-- Found turtlesim: 1.2.6 (/opt/ros/foxy/share/turtlesim/cmake)
-- Found geometry_msgs: 2.0.5 (/opt/ros/foxy/share/geometry_msgs/cmake)
-- Configuring done
-- Generating done
-- Build files have been written to: /home/vincent-pc/ros2_foxy/build/turtlesim_catch_them_all_cpp
[ 25%] [32m[1mLinking CXX executable spawner_cpp[0m
[ 50%] [32m[1mLinking CXX executable controller_cpp[0m
[ 75%] Built target spawner_cpp
[100%] Built target controller_cpp
-- Install configuration: ""
-- Execute custom install script
-- Symlinking: /home/vincent-pc/ros2_foxy/install/turtlesim_catch_them_all_cpp/lib/turtlesim_catch_them_all_cpp/controller_cpp
-- Symlinking: /home/vincent-pc/ros2_foxy/install/turtlesim_catch_them_all_cpp/lib/turtlesim_catch_them_all_cpp/spawner_cpp
-- Symlinking: /home/vincent-pc/ros2_foxy/install/turtlesim_catch_them_all_cpp/share/ament_index/resource_index/package_run_dependencies/turtlesim_catch_them_all_cpp
-- Symlinking: /home/vincent-pc/ros2_foxy/install/turtlesim_catch_them_all_cpp/share/ament_index/resource_index/parent_prefix_path/turtlesim_catch_them_all_cpp
-- Symlinking: /home/vincent-pc/ros2_foxy/install/turtlesim_catch_them_all_cpp/share/turtlesim_catch_them_all_cpp/environment/ament_prefix_path.sh
-- Symlinking: /home/vincent-pc/ros2_foxy/install/turtlesim_catch_them_all_cpp/share/turtlesim_catch_them_all_cpp/environment/ament_prefix_path.dsv
-- Symlinking: /home/vincent-pc/ros2_foxy/install/turtlesim_catch_them_all_cpp/share/turtlesim_catch_them_all_cpp/environment/path.sh
-- Symlinking: /home/vincent-pc/ros2_foxy/install/turtlesim_catch_them_all_cpp/share/turtlesim_catch_them_all_cpp/environment/path.dsv
-- Symlinking: /home/vincent-pc/ros2_foxy/install/turtlesim_catch_them_all_cpp/share/turtlesim_catch_them_all_cpp/local_setup.bash
-- Symlinking: /home/vincent-pc/ros2_foxy/install/turtlesim_catch_them_all_cpp/share/turtlesim_catch_them_all_cpp/local_setup.sh
-- Symlinking: /home/vincent-pc/ros2_foxy/install/turtlesim_catch_them_all_cpp/share/turtlesim_catch_them_all_cpp/local_setup.zsh
-- Symlinking: /home/vincent-pc/ros2_foxy/install/turtlesim_catch_them_all_cpp/share/turtlesim_catch_them_all_cpp/local_setup.dsv
-- Symlinking: /home/vincent-pc/ros2_foxy/install/turtlesim_catch_them_all_cpp/share/turtlesim_catch_them_all_cpp/package.dsv
-- Symlinking: /home/vincent-pc/ros2_foxy/install/turtlesim_catch_them_all_cpp/share/ament_index/resource_index/packages/turtlesim_catch_them_all_cpp
-- Symlinking: /home/vincent-pc/ros2_foxy/install/turtlesim_catch_them_all_cpp/share/turtlesim_catch_them_all_cpp/cmake/turtlesim_catch_them_all_cppConfig.cmake
-- Symlinking: /home/vincent-pc/ros2_foxy/install/turtlesim_catch_them_all_cpp/share/turtlesim_catch_them_all_cpp/cmake/turtlesim_catch_them_all_cppConfig-version.cmake
-- Symlinking: /home/vincent-pc/ros2_foxy/install/turtlesim_catch_them_all_cpp/share/turtlesim_catch_them_all_cpp/package.xml
