[0.017s] Invoking command in '/home/vincent-pc/ros2_foxy/build/my_cpp_pkg': CMAKE_PREFIX_PATH=${CMAKE_PREFIX_PATH}:/home/vincent-pc/ros2_foxy/install/my_py_pkg:/home/vincent-pc/ros2_ws/install/py_srvcli:/home/vincent-pc/ros2_ws/install/py_pubsub:/home/vincent-pc/ros2_ws/install/my_package_Py:/home/vincent-pc/ros2_ws/install/examples_rclpy_minimal_subscriber:/home/vincent-pc/ros2_ws/install/examples_rclpy_minimal_service:/home/vincent-pc/ros2_ws/install/examples_rclpy_minimal_publisher:/home/vincent-pc/ros2_ws/install/examples_rclpy_minimal_client:/home/vincent-pc/ros2_ws/install/examples_rclpy_minimal_action_server:/home/vincent-pc/ros2_ws/install/examples_rclpy_minimal_action_client:/home/vincent-pc/ros2_ws/install/examples_rclpy_executors:/opt/ros/foxy /usr/bin/cmake --build /home/vincent-pc/ros2_foxy/build/my_cpp_pkg -- -j8 -l8
[0.077s] [35m[1mScanning dependencies of target robot_news_station_cpp[0m
[0.108s] [  8%] Built target led_panel_cpp
[0.115s] [ 16%] Built target add_two_ints_server_cpp
[0.117s] [ 25%] Built target hardware_status_publisher_cpp
[0.128s] [ 33%] Built target cpp_node
[0.128s] [ 37%] [32mBuilding CXX object CMakeFiles/robot_news_station_cpp.dir/src/robot_news_station.cpp.o[0m
[0.130s] [ 54%] Built target number_counter_cpp
[0.130s] [ 54%] Built target smartphone_cpp
[0.145s] [ 62%] Built target add_two_ints_client_no_oop
[0.173s] [ 70%] Built target number_publisher_cpp
[0.177s] [ 79%] Built target reset_number_client
[0.181s] [ 87%] Built target add_two_ints_client
[0.183s] [ 95%] Built target number_counter_server_cpp
[1.459s] [01m[K/home/vincent-pc/ros2_foxy/src/my_cpp_pkg/src/robot_news_station.cpp:[m[K In constructor ‘[01m[KRobotNewsStationNode::RobotNewsStationNode()[m[K’:
[1.459s] [01m[K/home/vincent-pc/ros2_foxy/src/my_cpp_pkg/src/robot_news_station.cpp:9:68:[m[K [01;31m[Kerror: [m[Kno matching function for call to ‘[01m[KRobotNewsStationNode::declare_parameters<std::string>(const char [12], const char [5])[m[K’
[1.459s]     9 |         this->declare_parameters<std::string>("robot_name1", "R2D2"[01;31m[K)[m[K
[1.459s]       |                                                                    [01;31m[K^[m[K
[1.459s] In file included from [01m[K/opt/ros/foxy/include/rclcpp/node.hpp:1224[m[K,
[1.459s]                  from [01m[K/opt/ros/foxy/include/rclcpp/executors/single_threaded_executor.hpp:28[m[K,
[1.459s]                  from [01m[K/opt/ros/foxy/include/rclcpp/executors.hpp:22[m[K,
[1.459s]                  from [01m[K/opt/ros/foxy/include/rclcpp/rclcpp.hpp:146[m[K,
[1.459s]                  from [01m[K/home/vincent-pc/ros2_foxy/src/my_cpp_pkg/src/robot_news_station.cpp:1[m[K:
[1.460s] [01m[K/opt/ros/foxy/include/rclcpp/node_impl.hpp:177:1:[m[K [01;36m[Knote: [m[Kcandidate: ‘[01m[Kstd::vector<BufferT> rclcpp::Node::declare_parameters(const string&, const std::map<std::__cxx11::basic_string<char>, ParameterT>&, bool) [with ParameterT = std::__cxx11::basic_string<char>; std::string = std::__cxx11::basic_string<char>][m[K’
[1.460s]   177 | [01;36m[KNode[m[K::declare_parameters(
[1.460s]       | [01;36m[K^~~~[m[K
[1.460s] [01m[K/opt/ros/foxy/include/rclcpp/node_impl.hpp:179:45:[m[K [01;36m[Knote: [m[K  no known conversion for argument 2 from ‘[01m[Kconst char [5][m[K’ to ‘[01m[Kconst std::map<std::__cxx11::basic_string<char>, std::__cxx11::basic_string<char>, std::less<std::__cxx11::basic_string<char> >, std::allocator<std::pair<const std::__cxx11::basic_string<char>, std::__cxx11::basic_string<char> > > >&[m[K’
[1.460s]   179 |   [01;36m[Kconst std::map<std::string, ParameterT> & parameters[m[K,
[1.460s]       |   [01;36m[K~~~~~~~~~~~~~~~~~~~~~~~~~~~~~~~~~~~~~~~~~~^~~~~~~~~~[m[K
[1.460s] [01m[K/opt/ros/foxy/include/rclcpp/node_impl.hpp:199:1:[m[K [01;36m[Knote: [m[Kcandidate: ‘[01m[Kstd::vector<BufferT> rclcpp::Node::declare_parameters(const string&, const std::map<std::__cxx11::basic_string<char>, std::pair<ParameterT, rcl_interfaces::msg::ParameterDescriptor_<std::allocator<void> > > >&, bool) [with ParameterT = std::__cxx11::basic_string<char>; std::string = std::__cxx11::basic_string<char>][m[K’
[1.460s]   199 | [01;36m[KNode[m[K::declare_parameters(
[1.460s]       | [01;36m[K^~~~[m[K
[1.460s] [01m[K/opt/ros/foxy/include/rclcpp/node_impl.hpp:204:7:[m[K [01;36m[Knote: [m[K  no known conversion for argument 2 from ‘[01m[Kconst char [5][m[K’ to ‘[01m[Kconst std::map<std::__cxx11::basic_string<char>, std::pair<std::__cxx11::basic_string<char>, rcl_interfaces::msg::ParameterDescriptor_<std::allocator<void> > >, std::less<std::__cxx11::basic_string<char> >, std::allocator<std::pair<const std::__cxx11::basic_string<char>, std::pair<std::__cxx11::basic_string<char>, rcl_interfaces::msg::ParameterDescriptor_<std::allocator<void> > > > > >&[m[K’
[1.460s]   201 |   [01;36m[Kconst std::map<[m[K
[1.461s]       |   [01;36m[K~~~~~~~~~~~~~~~[m[K
[1.461s]   202 | [01;36m[K    std::string,[m[K
[1.461s]       |     [01;36m[K~~~~~~~~~~~~[m[K
[1.461s]   203 | [01;36m[K    std::pair<ParameterT, rcl_interfaces::msg::ParameterDescriptor>[m[K
[1.461s]       |     [01;36m[K~~~~~~~~~~~~~~~~~~~~~~~~~~~~~~~~~~~~~~~~~~~~~~~~~~~~~~~~~~~~~~~[m[K
[1.461s]   204 | [01;36m[K  > & parameters[m[K,
[1.461s]       |   [01;36m[K~~~~^~~~~~~~~~[m[K
[1.461s] [01m[K/home/vincent-pc/ros2_foxy/src/my_cpp_pkg/src/robot_news_station.cpp:15:9:[m[K [01;31m[Kerror: [m[K‘[01m[Ktext1_[m[K’ was not declared in this scope
[1.461s]    15 |         [01;31m[Ktext1_[m[K =this->get_parameter("text1").as_string();
[1.461s]       |         [01;31m[K^~~~~~[m[K
[2.358s] make[2]: *** [CMakeFiles/robot_news_station_cpp.dir/build.make:63: CMakeFiles/robot_news_station_cpp.dir/src/robot_news_station.cpp.o] Error 1
[2.358s] make[1]: *** [CMakeFiles/Makefile2:262: CMakeFiles/robot_news_station_cpp.dir/all] Error 2
[2.358s] make: *** [Makefile:141: all] Error 2
[2.360s] Invoked command in '/home/vincent-pc/ros2_foxy/build/my_cpp_pkg' returned '2': CMAKE_PREFIX_PATH=${CMAKE_PREFIX_PATH}:/home/vincent-pc/ros2_foxy/install/my_py_pkg:/home/vincent-pc/ros2_ws/install/py_srvcli:/home/vincent-pc/ros2_ws/install/py_pubsub:/home/vincent-pc/ros2_ws/install/my_package_Py:/home/vincent-pc/ros2_ws/install/examples_rclpy_minimal_subscriber:/home/vincent-pc/ros2_ws/install/examples_rclpy_minimal_service:/home/vincent-pc/ros2_ws/install/examples_rclpy_minimal_publisher:/home/vincent-pc/ros2_ws/install/examples_rclpy_minimal_client:/home/vincent-pc/ros2_ws/install/examples_rclpy_minimal_action_server:/home/vincent-pc/ros2_ws/install/examples_rclpy_minimal_action_client:/home/vincent-pc/ros2_ws/install/examples_rclpy_executors:/opt/ros/foxy /usr/bin/cmake --build /home/vincent-pc/ros2_foxy/build/my_cpp_pkg -- -j8 -l8
