[0.010s] Invoking command in '/home/vincent-pc/ros2_foxy/build/turtlesim_catch_them_all_cpp': CMAKE_PREFIX_PATH=${CMAKE_PREFIX_PATH}:/home/vincent-pc/ros2_foxy/install/turtlesim_catch_them_all_py:/home/vincent-pc/ros2_foxy/install/my_py_pkg:/opt/ros/foxy /usr/bin/cmake --build /home/vincent-pc/ros2_foxy/build/turtlesim_catch_them_all_cpp -- -j8 -l8
[0.056s] -- Found ament_cmake: 0.9.12 (/opt/ros/foxy/share/ament_cmake/cmake)
[0.077s] -- Using PYTHON_EXECUTABLE: /usr/bin/python3
[0.263s] -- Found rclcpp: 2.4.3 (/opt/ros/foxy/share/rclcpp/cmake)
[0.292s] -- Using all available rosidl_typesupport_c: rosidl_typesupport_fastrtps_c;rosidl_typesupport_introspection_c
[0.296s] -- Found rosidl_adapter: 1.3.1 (/opt/ros/foxy/share/rosidl_adapter/cmake)
[0.471s] -- Using all available rosidl_typesupport_cpp: rosidl_typesupport_fastrtps_cpp;rosidl_typesupport_introspection_cpp
[0.520s] -- Found rmw_implementation_cmake: 1.0.4 (/opt/ros/foxy/share/rmw_implementation_cmake/cmake)
[0.521s] -- Using RMW implementation 'rmw_fastrtps_cpp' as default
[0.656s] -- Found turtlesim: 1.2.6 (/opt/ros/foxy/share/turtlesim/cmake)
[0.753s] -- Found geometry_msgs: 2.0.5 (/opt/ros/foxy/share/geometry_msgs/cmake)
[0.847s] -- Configuring done
[0.854s] -- Generating done
[0.860s] -- Build files have been written to: /home/vincent-pc/ros2_foxy/build/turtlesim_catch_them_all_cpp
[0.881s] [35m[1mScanning dependencies of target controller_cpp[0m
[0.914s] [ 50%] [32mBuilding CXX object CMakeFiles/controller_cpp.dir/src/turtle_controller.cpp.o[0m
[5.807s] [100%] [32m[1mLinking CXX executable controller_cpp[0m
[6.070s] [100%] Built target controller_cpp
[6.080s] Invoked command in '/home/vincent-pc/ros2_foxy/build/turtlesim_catch_them_all_cpp' returned '0': CMAKE_PREFIX_PATH=${CMAKE_PREFIX_PATH}:/home/vincent-pc/ros2_foxy/install/turtlesim_catch_them_all_py:/home/vincent-pc/ros2_foxy/install/my_py_pkg:/opt/ros/foxy /usr/bin/cmake --build /home/vincent-pc/ros2_foxy/build/turtlesim_catch_them_all_cpp -- -j8 -l8
[6.092s] Invoking command in '/home/vincent-pc/ros2_foxy/build/turtlesim_catch_them_all_cpp': CMAKE_PREFIX_PATH=${CMAKE_PREFIX_PATH}:/home/vincent-pc/ros2_foxy/install/turtlesim_catch_them_all_py:/home/vincent-pc/ros2_foxy/install/my_py_pkg:/opt/ros/foxy /usr/bin/cmake --install /home/vincent-pc/ros2_foxy/build/turtlesim_catch_them_all_cpp
[6.101s] -- Install configuration: ""
[6.101s] -- Installing: /home/vincent-pc/ros2_foxy/install/turtlesim_catch_them_all_cpp/lib/turtlesim_catch_them_all_cpp/controller_cpp
[6.103s] -- Set runtime path of "/home/vincent-pc/ros2_foxy/install/turtlesim_catch_them_all_cpp/lib/turtlesim_catch_them_all_cpp/controller_cpp" to ""
[6.103s] -- Up-to-date: /home/vincent-pc/ros2_foxy/install/turtlesim_catch_them_all_cpp/share/ament_index/resource_index/package_run_dependencies/turtlesim_catch_them_all_cpp
[6.103s] -- Up-to-date: /home/vincent-pc/ros2_foxy/install/turtlesim_catch_them_all_cpp/share/ament_index/resource_index/parent_prefix_path/turtlesim_catch_them_all_cpp
[6.103s] -- Up-to-date: /home/vincent-pc/ros2_foxy/install/turtlesim_catch_them_all_cpp/share/turtlesim_catch_them_all_cpp/environment/ament_prefix_path.sh
[6.103s] -- Installing: /home/vincent-pc/ros2_foxy/install/turtlesim_catch_them_all_cpp/share/turtlesim_catch_them_all_cpp/environment/ament_prefix_path.dsv
[6.103s] -- Up-to-date: /home/vincent-pc/ros2_foxy/install/turtlesim_catch_them_all_cpp/share/turtlesim_catch_them_all_cpp/environment/path.sh
[6.103s] -- Installing: /home/vincent-pc/ros2_foxy/install/turtlesim_catch_them_all_cpp/share/turtlesim_catch_them_all_cpp/environment/path.dsv
[6.103s] -- Up-to-date: /home/vincent-pc/ros2_foxy/install/turtlesim_catch_them_all_cpp/share/turtlesim_catch_them_all_cpp/local_setup.bash
[6.103s] -- Up-to-date: /home/vincent-pc/ros2_foxy/install/turtlesim_catch_them_all_cpp/share/turtlesim_catch_them_all_cpp/local_setup.sh
[6.103s] -- Up-to-date: /home/vincent-pc/ros2_foxy/install/turtlesim_catch_them_all_cpp/share/turtlesim_catch_them_all_cpp/local_setup.zsh
[6.104s] -- Installing: /home/vincent-pc/ros2_foxy/install/turtlesim_catch_them_all_cpp/share/turtlesim_catch_them_all_cpp/local_setup.dsv
[6.104s] -- Installing: /home/vincent-pc/ros2_foxy/install/turtlesim_catch_them_all_cpp/share/turtlesim_catch_them_all_cpp/package.dsv
[6.104s] -- Up-to-date: /home/vincent-pc/ros2_foxy/install/turtlesim_catch_them_all_cpp/share/ament_index/resource_index/packages/turtlesim_catch_them_all_cpp
[6.104s] -- Up-to-date: /home/vincent-pc/ros2_foxy/install/turtlesim_catch_them_all_cpp/share/turtlesim_catch_them_all_cpp/cmake/turtlesim_catch_them_all_cppConfig.cmake
[6.104s] -- Up-to-date: /home/vincent-pc/ros2_foxy/install/turtlesim_catch_them_all_cpp/share/turtlesim_catch_them_all_cpp/cmake/turtlesim_catch_them_all_cppConfig-version.cmake
[6.104s] -- Up-to-date: /home/vincent-pc/ros2_foxy/install/turtlesim_catch_them_all_cpp/share/turtlesim_catch_them_all_cpp/package.xml
[6.106s] Invoked command in '/home/vincent-pc/ros2_foxy/build/turtlesim_catch_them_all_cpp' returned '0': CMAKE_PREFIX_PATH=${CMAKE_PREFIX_PATH}:/home/vincent-pc/ros2_foxy/install/turtlesim_catch_them_all_py:/home/vincent-pc/ros2_foxy/install/my_py_pkg:/opt/ros/foxy /usr/bin/cmake --install /home/vincent-pc/ros2_foxy/build/turtlesim_catch_them_all_cpp
