[0.042s] Invoking command in '/home/vincent-pc/ros2_foxy/build/my_robot_interfaces': CMAKE_PREFIX_PATH=${CMAKE_PREFIX_PATH}:/home/vincent-pc/ros2_foxy/install/turtlesim_catch_them_all_py:/home/vincent-pc/ros2_foxy/install/my_py_pkg:/opt/ros/foxy /usr/bin/cmake --build /home/vincent-pc/ros2_foxy/build/my_robot_interfaces -- -j8 -l8
[0.143s] [  1%] Built target my_robot_interfaces__cpp
[0.144s] [ 12%] Built target my_robot_interfaces__rosidl_generator_c
[0.196s] [ 24%] Built target my_robot_interfaces__rosidl_typesupport_cpp
[0.199s] [ 35%] Built target my_robot_interfaces__rosidl_typesupport_fastrtps_cpp
[0.200s] [ 46%] Built target my_robot_interfaces__rosidl_typesupport_introspection_cpp
[0.255s] [ 58%] Built target my_robot_interfaces__rosidl_typesupport_c
[0.264s] [ 69%] Built target my_robot_interfaces__rosidl_typesupport_introspection_c
[0.267s] [ 81%] Built target my_robot_interfaces__rosidl_typesupport_fastrtps_c
[0.304s] [ 81%] Built target my_robot_interfaces
[0.343s] [ 82%] Built target my_robot_interfaces__py
[0.395s] [ 92%] Built target my_robot_interfaces__python
[0.449s] [ 94%] Built target my_robot_interfaces__rosidl_typesupport_c__pyext
[0.455s] [ 97%] Built target my_robot_interfaces__rosidl_typesupport_introspection_c__pyext
[0.457s] [100%] Built target my_robot_interfaces__rosidl_typesupport_fastrtps_c__pyext
[0.477s] Invoked command in '/home/vincent-pc/ros2_foxy/build/my_robot_interfaces' returned '0': CMAKE_PREFIX_PATH=${CMAKE_PREFIX_PATH}:/home/vincent-pc/ros2_foxy/install/turtlesim_catch_them_all_py:/home/vincent-pc/ros2_foxy/install/my_py_pkg:/opt/ros/foxy /usr/bin/cmake --build /home/vincent-pc/ros2_foxy/build/my_robot_interfaces -- -j8 -l8
[0.500s] Invoking command in '/home/vincent-pc/ros2_foxy/build/my_robot_interfaces': CMAKE_PREFIX_PATH=${CMAKE_PREFIX_PATH}:/home/vincent-pc/ros2_foxy/install/turtlesim_catch_them_all_py:/home/vincent-pc/ros2_foxy/install/my_py_pkg:/opt/ros/foxy /usr/bin/cmake --install /home/vincent-pc/ros2_foxy/build/my_robot_interfaces
[0.528s] -- Install configuration: ""
[0.531s] -- Up-to-date: /home/vincent-pc/ros2_foxy/install/my_robot_interfaces/share/ament_index/resource_index/rosidl_interfaces/my_robot_interfaces
[0.532s] -- Up-to-date: /home/vincent-pc/ros2_foxy/install/my_robot_interfaces/include/my_robot_interfaces
[0.532s] -- Up-to-date: /home/vincent-pc/ros2_foxy/install/my_robot_interfaces/include/my_robot_interfaces/msg
[0.533s] -- Up-to-date: /home/vincent-pc/ros2_foxy/install/my_robot_interfaces/include/my_robot_interfaces/msg/detail
[0.533s] -- Up-to-date: /home/vincent-pc/ros2_foxy/install/my_robot_interfaces/include/my_robot_interfaces/msg/detail/led_state_array__functions.c
[0.533s] -- Up-to-date: /home/vincent-pc/ros2_foxy/install/my_robot_interfaces/include/my_robot_interfaces/msg/detail/led_state_array__functions.h
[0.533s] -- Up-to-date: /home/vincent-pc/ros2_foxy/install/my_robot_interfaces/include/my_robot_interfaces/msg/detail/hardware_status__struct.h
[0.533s] -- Up-to-date: /home/vincent-pc/ros2_foxy/install/my_robot_interfaces/include/my_robot_interfaces/msg/detail/turtle_array__functions.c
[0.534s] -- Up-to-date: /home/vincent-pc/ros2_foxy/install/my_robot_interfaces/include/my_robot_interfaces/msg/detail/turtle_array__struct.h
[0.534s] -- Up-to-date: /home/vincent-pc/ros2_foxy/install/my_robot_interfaces/include/my_robot_interfaces/msg/detail/turtle__type_support.h
[0.534s] -- Up-to-date: /home/vincent-pc/ros2_foxy/install/my_robot_interfaces/include/my_robot_interfaces/msg/detail/led_state_array__type_support.h
[0.534s] -- Up-to-date: /home/vincent-pc/ros2_foxy/install/my_robot_interfaces/include/my_robot_interfaces/msg/detail/turtle__struct.h
[0.534s] -- Up-to-date: /home/vincent-pc/ros2_foxy/install/my_robot_interfaces/include/my_robot_interfaces/msg/detail/turtle__functions.c
[0.534s] -- Up-to-date: /home/vincent-pc/ros2_foxy/install/my_robot_interfaces/include/my_robot_interfaces/msg/detail/led_state_array__struct.h
[0.534s] -- Up-to-date: /home/vincent-pc/ros2_foxy/install/my_robot_interfaces/include/my_robot_interfaces/msg/detail/turtle_array__type_support.h
[0.535s] -- Up-to-date: /home/vincent-pc/ros2_foxy/install/my_robot_interfaces/include/my_robot_interfaces/msg/detail/hardware_status__functions.h
[0.535s] -- Up-to-date: /home/vincent-pc/ros2_foxy/install/my_robot_interfaces/include/my_robot_interfaces/msg/detail/turtle_array__functions.h
[0.535s] -- Up-to-date: /home/vincent-pc/ros2_foxy/install/my_robot_interfaces/include/my_robot_interfaces/msg/detail/turtle__functions.h
[0.535s] -- Up-to-date: /home/vincent-pc/ros2_foxy/install/my_robot_interfaces/include/my_robot_interfaces/msg/detail/hardware_status__type_support.h
[0.535s] -- Up-to-date: /home/vincent-pc/ros2_foxy/install/my_robot_interfaces/include/my_robot_interfaces/msg/detail/hardware_status__functions.c
[0.535s] -- Up-to-date: /home/vincent-pc/ros2_foxy/install/my_robot_interfaces/include/my_robot_interfaces/msg/hardware_status.h
[0.535s] -- Up-to-date: /home/vincent-pc/ros2_foxy/install/my_robot_interfaces/include/my_robot_interfaces/msg/turtle_array.h
[0.536s] -- Up-to-date: /home/vincent-pc/ros2_foxy/install/my_robot_interfaces/include/my_robot_interfaces/msg/led_state_array.h
[0.536s] -- Up-to-date: /home/vincent-pc/ros2_foxy/install/my_robot_interfaces/include/my_robot_interfaces/msg/turtle.h
[0.536s] -- Up-to-date: /home/vincent-pc/ros2_foxy/install/my_robot_interfaces/include/my_robot_interfaces/msg/rosidl_generator_c__visibility_control.h
[0.536s] -- Up-to-date: /home/vincent-pc/ros2_foxy/install/my_robot_interfaces/include/my_robot_interfaces/srv
[0.537s] -- Up-to-date: /home/vincent-pc/ros2_foxy/install/my_robot_interfaces/include/my_robot_interfaces/srv/detail
[0.537s] -- Up-to-date: /home/vincent-pc/ros2_foxy/install/my_robot_interfaces/include/my_robot_interfaces/srv/detail/compute_rectangle_area__functions.h
[0.537s] -- Up-to-date: /home/vincent-pc/ros2_foxy/install/my_robot_interfaces/include/my_robot_interfaces/srv/detail/set_led__type_support.h
[0.537s] -- Up-to-date: /home/vincent-pc/ros2_foxy/install/my_robot_interfaces/include/my_robot_interfaces/srv/detail/compute_rectangle_area__struct.h
[0.537s] -- Up-to-date: /home/vincent-pc/ros2_foxy/install/my_robot_interfaces/include/my_robot_interfaces/srv/detail/set_led__struct.h
[0.537s] -- Up-to-date: /home/vincent-pc/ros2_foxy/install/my_robot_interfaces/include/my_robot_interfaces/srv/detail/set_led__functions.c
[0.538s] -- Up-to-date: /home/vincent-pc/ros2_foxy/install/my_robot_interfaces/include/my_robot_interfaces/srv/detail/catch_turtle__type_support.h
[0.538s] -- Up-to-date: /home/vincent-pc/ros2_foxy/install/my_robot_interfaces/include/my_robot_interfaces/srv/detail/catch_turtle__struct.h
[0.538s] -- Up-to-date: /home/vincent-pc/ros2_foxy/install/my_robot_interfaces/include/my_robot_interfaces/srv/detail/set_led__functions.h
[0.538s] -- Up-to-date: /home/vincent-pc/ros2_foxy/install/my_robot_interfaces/include/my_robot_interfaces/srv/detail/catch_turtle__functions.h
[0.538s] -- Up-to-date: /home/vincent-pc/ros2_foxy/install/my_robot_interfaces/include/my_robot_interfaces/srv/detail/catch_turtle__functions.c
[0.538s] -- Up-to-date: /home/vincent-pc/ros2_foxy/install/my_robot_interfaces/include/my_robot_interfaces/srv/detail/compute_rectangle_area__functions.c
[0.538s] -- Up-to-date: /home/vincent-pc/ros2_foxy/install/my_robot_interfaces/include/my_robot_interfaces/srv/detail/compute_rectangle_area__type_support.h
[0.539s] -- Up-to-date: /home/vincent-pc/ros2_foxy/install/my_robot_interfaces/include/my_robot_interfaces/srv/catch_turtle.h
[0.539s] -- Up-to-date: /home/vincent-pc/ros2_foxy/install/my_robot_interfaces/include/my_robot_interfaces/srv/compute_rectangle_area.h
[0.539s] -- Up-to-date: /home/vincent-pc/ros2_foxy/install/my_robot_interfaces/include/my_robot_interfaces/srv/set_led.h
[0.540s] -- Up-to-date: /home/vincent-pc/ros2_foxy/install/my_robot_interfaces/share/my_robot_interfaces/environment/library_path.sh
[0.540s] -- Up-to-date: /home/vincent-pc/ros2_foxy/install/my_robot_interfaces/share/my_robot_interfaces/environment/library_path.dsv
[0.540s] -- Up-to-date: /home/vincent-pc/ros2_foxy/install/my_robot_interfaces/lib/libmy_robot_interfaces__rosidl_generator_c.so
[0.540s] -- Up-to-date: /home/vincent-pc/ros2_foxy/install/my_robot_interfaces/include/my_robot_interfaces
[0.541s] -- Up-to-date: /home/vincent-pc/ros2_foxy/install/my_robot_interfaces/include/my_robot_interfaces/msg
[0.541s] -- Up-to-date: /home/vincent-pc/ros2_foxy/install/my_robot_interfaces/include/my_robot_interfaces/msg/detail
[0.541s] -- Up-to-date: /home/vincent-pc/ros2_foxy/install/my_robot_interfaces/include/my_robot_interfaces/msg/detail/turtle_array__rosidl_typesupport_fastrtps_c.h
[0.541s] -- Up-to-date: /home/vincent-pc/ros2_foxy/install/my_robot_interfaces/include/my_robot_interfaces/msg/detail/led_state_array__rosidl_typesupport_fastrtps_c.h
[0.541s] -- Up-to-date: /home/vincent-pc/ros2_foxy/install/my_robot_interfaces/include/my_robot_interfaces/msg/detail/turtle__rosidl_typesupport_fastrtps_c.h
[0.542s] -- Up-to-date: /home/vincent-pc/ros2_foxy/install/my_robot_interfaces/include/my_robot_interfaces/msg/detail/hardware_status__rosidl_typesupport_fastrtps_c.h
[0.542s] -- Up-to-date: /home/vincent-pc/ros2_foxy/install/my_robot_interfaces/include/my_robot_interfaces/msg/rosidl_typesupport_fastrtps_c__visibility_control.h
[0.542s] -- Up-to-date: /home/vincent-pc/ros2_foxy/install/my_robot_interfaces/include/my_robot_interfaces/srv
[0.542s] -- Up-to-date: /home/vincent-pc/ros2_foxy/install/my_robot_interfaces/include/my_robot_interfaces/srv/detail
[0.542s] -- Up-to-date: /home/vincent-pc/ros2_foxy/install/my_robot_interfaces/include/my_robot_interfaces/srv/detail/compute_rectangle_area__rosidl_typesupport_fastrtps_c.h
[0.542s] -- Up-to-date: /home/vincent-pc/ros2_foxy/install/my_robot_interfaces/include/my_robot_interfaces/srv/detail/set_led__rosidl_typesupport_fastrtps_c.h
[0.542s] -- Up-to-date: /home/vincent-pc/ros2_foxy/install/my_robot_interfaces/include/my_robot_interfaces/srv/detail/catch_turtle__rosidl_typesupport_fastrtps_c.h
[0.542s] -- Up-to-date: /home/vincent-pc/ros2_foxy/install/my_robot_interfaces/lib/libmy_robot_interfaces__rosidl_typesupport_fastrtps_c.so
[0.542s] -- Up-to-date: /home/vincent-pc/ros2_foxy/install/my_robot_interfaces/include/my_robot_interfaces
[0.543s] -- Up-to-date: /home/vincent-pc/ros2_foxy/install/my_robot_interfaces/include/my_robot_interfaces/msg
[0.543s] -- Up-to-date: /home/vincent-pc/ros2_foxy/install/my_robot_interfaces/include/my_robot_interfaces/msg/detail
[0.543s] -- Up-to-date: /home/vincent-pc/ros2_foxy/install/my_robot_interfaces/include/my_robot_interfaces/msg/detail/turtle__rosidl_typesupport_fastrtps_cpp.hpp
[0.543s] -- Up-to-date: /home/vincent-pc/ros2_foxy/install/my_robot_interfaces/include/my_robot_interfaces/msg/detail/hardware_status__rosidl_typesupport_fastrtps_cpp.hpp
[0.543s] -- Up-to-date: /home/vincent-pc/ros2_foxy/install/my_robot_interfaces/include/my_robot_interfaces/msg/detail/turtle_array__rosidl_typesupport_fastrtps_cpp.hpp
[0.543s] -- Up-to-date: /home/vincent-pc/ros2_foxy/install/my_robot_interfaces/include/my_robot_interfaces/msg/detail/led_state_array__rosidl_typesupport_fastrtps_cpp.hpp
[0.543s] -- Up-to-date: /home/vincent-pc/ros2_foxy/install/my_robot_interfaces/include/my_robot_interfaces/msg/detail/dds_fastrtps
[0.543s] -- Up-to-date: /home/vincent-pc/ros2_foxy/install/my_robot_interfaces/include/my_robot_interfaces/msg/rosidl_typesupport_fastrtps_cpp__visibility_control.h
[0.543s] -- Up-to-date: /home/vincent-pc/ros2_foxy/install/my_robot_interfaces/include/my_robot_interfaces/srv
[0.543s] -- Up-to-date: /home/vincent-pc/ros2_foxy/install/my_robot_interfaces/include/my_robot_interfaces/srv/detail
[0.543s] -- Up-to-date: /home/vincent-pc/ros2_foxy/install/my_robot_interfaces/include/my_robot_interfaces/srv/detail/catch_turtle__rosidl_typesupport_fastrtps_cpp.hpp
[0.543s] -- Up-to-date: /home/vincent-pc/ros2_foxy/install/my_robot_interfaces/include/my_robot_interfaces/srv/detail/set_led__rosidl_typesupport_fastrtps_cpp.hpp
[0.543s] -- Up-to-date: /home/vincent-pc/ros2_foxy/install/my_robot_interfaces/include/my_robot_interfaces/srv/detail/compute_rectangle_area__rosidl_typesupport_fastrtps_cpp.hpp
[0.544s] -- Up-to-date: /home/vincent-pc/ros2_foxy/install/my_robot_interfaces/include/my_robot_interfaces/srv/detail/dds_fastrtps
[0.544s] -- Up-to-date: /home/vincent-pc/ros2_foxy/install/my_robot_interfaces/lib/libmy_robot_interfaces__rosidl_typesupport_fastrtps_cpp.so
[0.544s] -- Up-to-date: /home/vincent-pc/ros2_foxy/install/my_robot_interfaces/include/my_robot_interfaces
[0.544s] -- Up-to-date: /home/vincent-pc/ros2_foxy/install/my_robot_interfaces/include/my_robot_interfaces/msg
[0.544s] -- Up-to-date: /home/vincent-pc/ros2_foxy/install/my_robot_interfaces/include/my_robot_interfaces/msg/detail
[0.544s] -- Up-to-date: /home/vincent-pc/ros2_foxy/install/my_robot_interfaces/include/my_robot_interfaces/msg/detail/turtle__rosidl_typesupport_introspection_c.h
[0.544s] -- Up-to-date: /home/vincent-pc/ros2_foxy/install/my_robot_interfaces/include/my_robot_interfaces/msg/detail/led_state_array__type_support.c
[0.544s] -- Up-to-date: /home/vincent-pc/ros2_foxy/install/my_robot_interfaces/include/my_robot_interfaces/msg/detail/hardware_status__type_support.c
[0.544s] -- Up-to-date: /home/vincent-pc/ros2_foxy/install/my_robot_interfaces/include/my_robot_interfaces/msg/detail/led_state_array__rosidl_typesupport_introspection_c.h
[0.544s] -- Up-to-date: /home/vincent-pc/ros2_foxy/install/my_robot_interfaces/include/my_robot_interfaces/msg/detail/turtle_array__type_support.c
[0.544s] -- Up-to-date: /home/vincent-pc/ros2_foxy/install/my_robot_interfaces/include/my_robot_interfaces/msg/detail/turtle__type_support.c
[0.544s] -- Up-to-date: /home/vincent-pc/ros2_foxy/install/my_robot_interfaces/include/my_robot_interfaces/msg/detail/turtle_array__rosidl_typesupport_introspection_c.h
[0.544s] -- Up-to-date: /home/vincent-pc/ros2_foxy/install/my_robot_interfaces/include/my_robot_interfaces/msg/detail/hardware_status__rosidl_typesupport_introspection_c.h
[0.544s] -- Up-to-date: /home/vincent-pc/ros2_foxy/install/my_robot_interfaces/include/my_robot_interfaces/msg/rosidl_typesupport_introspection_c__visibility_control.h
[0.545s] -- Up-to-date: /home/vincent-pc/ros2_foxy/install/my_robot_interfaces/include/my_robot_interfaces/srv
[0.545s] -- Up-to-date: /home/vincent-pc/ros2_foxy/install/my_robot_interfaces/include/my_robot_interfaces/srv/detail
[0.545s] -- Up-to-date: /home/vincent-pc/ros2_foxy/install/my_robot_interfaces/include/my_robot_interfaces/srv/detail/compute_rectangle_area__type_support.c
[0.545s] -- Up-to-date: /home/vincent-pc/ros2_foxy/install/my_robot_interfaces/include/my_robot_interfaces/srv/detail/set_led__rosidl_typesupport_introspection_c.h
[0.545s] -- Up-to-date: /home/vincent-pc/ros2_foxy/install/my_robot_interfaces/include/my_robot_interfaces/srv/detail/set_led__type_support.c
[0.545s] -- Up-to-date: /home/vincent-pc/ros2_foxy/install/my_robot_interfaces/include/my_robot_interfaces/srv/detail/compute_rectangle_area__rosidl_typesupport_introspection_c.h
[0.545s] -- Up-to-date: /home/vincent-pc/ros2_foxy/install/my_robot_interfaces/include/my_robot_interfaces/srv/detail/catch_turtle__type_support.c
[0.545s] -- Up-to-date: /home/vincent-pc/ros2_foxy/install/my_robot_interfaces/include/my_robot_interfaces/srv/detail/catch_turtle__rosidl_typesupport_introspection_c.h
[0.545s] -- Up-to-date: /home/vincent-pc/ros2_foxy/install/my_robot_interfaces/lib/libmy_robot_interfaces__rosidl_typesupport_introspection_c.so
[0.545s] -- Up-to-date: /home/vincent-pc/ros2_foxy/install/my_robot_interfaces/lib/libmy_robot_interfaces__rosidl_typesupport_c.so
[0.546s] -- Up-to-date: /home/vincent-pc/ros2_foxy/install/my_robot_interfaces/include/my_robot_interfaces
[0.546s] -- Up-to-date: /home/vincent-pc/ros2_foxy/install/my_robot_interfaces/include/my_robot_interfaces/msg
[0.546s] -- Up-to-date: /home/vincent-pc/ros2_foxy/install/my_robot_interfaces/include/my_robot_interfaces/msg/detail
[0.546s] -- Up-to-date: /home/vincent-pc/ros2_foxy/install/my_robot_interfaces/include/my_robot_interfaces/msg/detail/turtle__type_support.hpp
[0.546s] -- Up-to-date: /home/vincent-pc/ros2_foxy/install/my_robot_interfaces/include/my_robot_interfaces/msg/detail/hardware_status__traits.hpp
[0.547s] -- Up-to-date: /home/vincent-pc/ros2_foxy/install/my_robot_interfaces/include/my_robot_interfaces/msg/detail/led_state_array__builder.hpp
[0.547s] -- Up-to-date: /home/vincent-pc/ros2_foxy/install/my_robot_interfaces/include/my_robot_interfaces/msg/detail/turtle_array__builder.hpp
[0.547s] -- Up-to-date: /home/vincent-pc/ros2_foxy/install/my_robot_interfaces/include/my_robot_interfaces/msg/detail/led_state_array__traits.hpp
[0.547s] -- Up-to-date: /home/vincent-pc/ros2_foxy/install/my_robot_interfaces/include/my_robot_interfaces/msg/detail/turtle__traits.hpp
[0.547s] -- Up-to-date: /home/vincent-pc/ros2_foxy/install/my_robot_interfaces/include/my_robot_interfaces/msg/detail/hardware_status__type_support.hpp
[0.547s] -- Up-to-date: /home/vincent-pc/ros2_foxy/install/my_robot_interfaces/include/my_robot_interfaces/msg/detail/led_state_array__struct.hpp
[0.547s] -- Up-to-date: /home/vincent-pc/ros2_foxy/install/my_robot_interfaces/include/my_robot_interfaces/msg/detail/hardware_status__struct.hpp
[0.548s] -- Up-to-date: /home/vincent-pc/ros2_foxy/install/my_robot_interfaces/include/my_robot_interfaces/msg/detail/led_state_array__type_support.hpp
[0.548s] -- Up-to-date: /home/vincent-pc/ros2_foxy/install/my_robot_interfaces/include/my_robot_interfaces/msg/detail/hardware_status__builder.hpp
[0.548s] -- Up-to-date: /home/vincent-pc/ros2_foxy/install/my_robot_interfaces/include/my_robot_interfaces/msg/detail/turtle__builder.hpp
[0.548s] -- Up-to-date: /home/vincent-pc/ros2_foxy/install/my_robot_interfaces/include/my_robot_interfaces/msg/detail/turtle__struct.hpp
[0.548s] -- Up-to-date: /home/vincent-pc/ros2_foxy/install/my_robot_interfaces/include/my_robot_interfaces/msg/detail/turtle_array__type_support.hpp
[0.548s] -- Up-to-date: /home/vincent-pc/ros2_foxy/install/my_robot_interfaces/include/my_robot_interfaces/msg/detail/turtle_array__traits.hpp
[0.549s] -- Up-to-date: /home/vincent-pc/ros2_foxy/install/my_robot_interfaces/include/my_robot_interfaces/msg/detail/turtle_array__struct.hpp
[0.549s] -- Up-to-date: /home/vincent-pc/ros2_foxy/install/my_robot_interfaces/include/my_robot_interfaces/msg/hardware_status.hpp
[0.549s] -- Up-to-date: /home/vincent-pc/ros2_foxy/install/my_robot_interfaces/include/my_robot_interfaces/msg/rosidl_generator_cpp__visibility_control.hpp
[0.549s] -- Up-to-date: /home/vincent-pc/ros2_foxy/install/my_robot_interfaces/include/my_robot_interfaces/msg/turtle.hpp
[0.549s] -- Up-to-date: /home/vincent-pc/ros2_foxy/install/my_robot_interfaces/include/my_robot_interfaces/msg/led_state_array.hpp
[0.549s] -- Up-to-date: /home/vincent-pc/ros2_foxy/install/my_robot_interfaces/include/my_robot_interfaces/msg/turtle_array.hpp
[0.549s] -- Up-to-date: /home/vincent-pc/ros2_foxy/install/my_robot_interfaces/include/my_robot_interfaces/srv
[0.549s] -- Up-to-date: /home/vincent-pc/ros2_foxy/install/my_robot_interfaces/include/my_robot_interfaces/srv/detail
[0.549s] -- Up-to-date: /home/vincent-pc/ros2_foxy/install/my_robot_interfaces/include/my_robot_interfaces/srv/detail/compute_rectangle_area__struct.hpp
[0.550s] -- Up-to-date: /home/vincent-pc/ros2_foxy/install/my_robot_interfaces/include/my_robot_interfaces/srv/detail/set_led__struct.hpp
[0.550s] -- Up-to-date: /home/vincent-pc/ros2_foxy/install/my_robot_interfaces/include/my_robot_interfaces/srv/detail/compute_rectangle_area__type_support.hpp
[0.550s] -- Up-to-date: /home/vincent-pc/ros2_foxy/install/my_robot_interfaces/include/my_robot_interfaces/srv/detail/set_led__builder.hpp
[0.550s] -- Up-to-date: /home/vincent-pc/ros2_foxy/install/my_robot_interfaces/include/my_robot_interfaces/srv/detail/catch_turtle__builder.hpp
[0.550s] -- Up-to-date: /home/vincent-pc/ros2_foxy/install/my_robot_interfaces/include/my_robot_interfaces/srv/detail/catch_turtle__type_support.hpp
[0.550s] -- Up-to-date: /home/vincent-pc/ros2_foxy/install/my_robot_interfaces/include/my_robot_interfaces/srv/detail/set_led__traits.hpp
[0.550s] -- Up-to-date: /home/vincent-pc/ros2_foxy/install/my_robot_interfaces/include/my_robot_interfaces/srv/detail/catch_turtle__traits.hpp
[0.550s] -- Up-to-date: /home/vincent-pc/ros2_foxy/install/my_robot_interfaces/include/my_robot_interfaces/srv/detail/compute_rectangle_area__traits.hpp
[0.550s] -- Up-to-date: /home/vincent-pc/ros2_foxy/install/my_robot_interfaces/include/my_robot_interfaces/srv/detail/set_led__type_support.hpp
[0.551s] -- Up-to-date: /home/vincent-pc/ros2_foxy/install/my_robot_interfaces/include/my_robot_interfaces/srv/detail/compute_rectangle_area__builder.hpp
[0.551s] -- Up-to-date: /home/vincent-pc/ros2_foxy/install/my_robot_interfaces/include/my_robot_interfaces/srv/detail/catch_turtle__struct.hpp
[0.551s] -- Up-to-date: /home/vincent-pc/ros2_foxy/install/my_robot_interfaces/include/my_robot_interfaces/srv/set_led.hpp
[0.551s] -- Up-to-date: /home/vincent-pc/ros2_foxy/install/my_robot_interfaces/include/my_robot_interfaces/srv/compute_rectangle_area.hpp
[0.551s] -- Up-to-date: /home/vincent-pc/ros2_foxy/install/my_robot_interfaces/include/my_robot_interfaces/srv/catch_turtle.hpp
[0.551s] -- Up-to-date: /home/vincent-pc/ros2_foxy/install/my_robot_interfaces/include/my_robot_interfaces
[0.551s] -- Up-to-date: /home/vincent-pc/ros2_foxy/install/my_robot_interfaces/include/my_robot_interfaces/msg
[0.551s] -- Up-to-date: /home/vincent-pc/ros2_foxy/install/my_robot_interfaces/include/my_robot_interfaces/msg/detail
[0.551s] -- Up-to-date: /home/vincent-pc/ros2_foxy/install/my_robot_interfaces/include/my_robot_interfaces/msg/detail/hardware_status__type_support.cpp
[0.552s] -- Up-to-date: /home/vincent-pc/ros2_foxy/install/my_robot_interfaces/include/my_robot_interfaces/msg/detail/turtle__type_support.cpp
[0.552s] -- Up-to-date: /home/vincent-pc/ros2_foxy/install/my_robot_interfaces/include/my_robot_interfaces/msg/detail/turtle__rosidl_typesupport_introspection_cpp.hpp
[0.552s] -- Up-to-date: /home/vincent-pc/ros2_foxy/install/my_robot_interfaces/include/my_robot_interfaces/msg/detail/led_state_array__type_support.cpp
[0.552s] -- Up-to-date: /home/vincent-pc/ros2_foxy/install/my_robot_interfaces/include/my_robot_interfaces/msg/detail/turtle_array__type_support.cpp
[0.552s] -- Up-to-date: /home/vincent-pc/ros2_foxy/install/my_robot_interfaces/include/my_robot_interfaces/msg/detail/turtle_array__rosidl_typesupport_introspection_cpp.hpp
[0.552s] -- Up-to-date: /home/vincent-pc/ros2_foxy/install/my_robot_interfaces/include/my_robot_interfaces/msg/detail/led_state_array__rosidl_typesupport_introspection_cpp.hpp
[0.552s] -- Up-to-date: /home/vincent-pc/ros2_foxy/install/my_robot_interfaces/include/my_robot_interfaces/msg/detail/hardware_status__rosidl_typesupport_introspection_cpp.hpp
[0.552s] -- Up-to-date: /home/vincent-pc/ros2_foxy/install/my_robot_interfaces/include/my_robot_interfaces/srv
[0.553s] -- Up-to-date: /home/vincent-pc/ros2_foxy/install/my_robot_interfaces/include/my_robot_interfaces/srv/detail
[0.553s] -- Up-to-date: /home/vincent-pc/ros2_foxy/install/my_robot_interfaces/include/my_robot_interfaces/srv/detail/catch_turtle__type_support.cpp
[0.553s] -- Up-to-date: /home/vincent-pc/ros2_foxy/install/my_robot_interfaces/include/my_robot_interfaces/srv/detail/compute_rectangle_area__type_support.cpp
[0.553s] -- Up-to-date: /home/vincent-pc/ros2_foxy/install/my_robot_interfaces/include/my_robot_interfaces/srv/detail/compute_rectangle_area__rosidl_typesupport_introspection_cpp.hpp
[0.553s] -- Up-to-date: /home/vincent-pc/ros2_foxy/install/my_robot_interfaces/include/my_robot_interfaces/srv/detail/catch_turtle__rosidl_typesupport_introspection_cpp.hpp
[0.553s] -- Up-to-date: /home/vincent-pc/ros2_foxy/install/my_robot_interfaces/include/my_robot_interfaces/srv/detail/set_led__type_support.cpp
[0.553s] -- Up-to-date: /home/vincent-pc/ros2_foxy/install/my_robot_interfaces/include/my_robot_interfaces/srv/detail/set_led__rosidl_typesupport_introspection_cpp.hpp
[0.554s] -- Up-to-date: /home/vincent-pc/ros2_foxy/install/my_robot_interfaces/lib/libmy_robot_interfaces__rosidl_typesupport_introspection_cpp.so
[0.554s] -- Up-to-date: /home/vincent-pc/ros2_foxy/install/my_robot_interfaces/lib/libmy_robot_interfaces__rosidl_typesupport_cpp.so
[0.554s] -- Up-to-date: /home/vincent-pc/ros2_foxy/install/my_robot_interfaces/share/my_robot_interfaces/environment/pythonpath.sh
[0.554s] -- Up-to-date: /home/vincent-pc/ros2_foxy/install/my_robot_interfaces/share/my_robot_interfaces/environment/pythonpath.dsv
[0.554s] -- Up-to-date: /home/vincent-pc/ros2_foxy/install/my_robot_interfaces/lib/python3.8/site-packages/my_robot_interfaces/__init__.py
[0.618s] -- Up-to-date: /home/vincent-pc/ros2_foxy/install/my_robot_interfaces/lib/python3.8/site-packages/my_robot_interfaces/msg
[0.618s] -- Up-to-date: /home/vincent-pc/ros2_foxy/install/my_robot_interfaces/lib/python3.8/site-packages/my_robot_interfaces/msg/_hardware_status_s.c
[0.618s] -- Up-to-date: /home/vincent-pc/ros2_foxy/install/my_robot_interfaces/lib/python3.8/site-packages/my_robot_interfaces/msg/__init__.py
[0.618s] -- Up-to-date: /home/vincent-pc/ros2_foxy/install/my_robot_interfaces/lib/python3.8/site-packages/my_robot_interfaces/msg/_hardware_status.py
[0.619s] -- Up-to-date: /home/vincent-pc/ros2_foxy/install/my_robot_interfaces/lib/python3.8/site-packages/my_robot_interfaces/msg/_led_state_array.py
[0.619s] -- Up-to-date: /home/vincent-pc/ros2_foxy/install/my_robot_interfaces/lib/python3.8/site-packages/my_robot_interfaces/msg/_turtle_array.py
[0.619s] -- Up-to-date: /home/vincent-pc/ros2_foxy/install/my_robot_interfaces/lib/python3.8/site-packages/my_robot_interfaces/msg/_turtle.py
[0.619s] -- Up-to-date: /home/vincent-pc/ros2_foxy/install/my_robot_interfaces/lib/python3.8/site-packages/my_robot_interfaces/msg/_turtle_s.c
[0.619s] -- Up-to-date: /home/vincent-pc/ros2_foxy/install/my_robot_interfaces/lib/python3.8/site-packages/my_robot_interfaces/msg/_led_state_array_s.c
[0.619s] -- Up-to-date: /home/vincent-pc/ros2_foxy/install/my_robot_interfaces/lib/python3.8/site-packages/my_robot_interfaces/msg/_turtle_array_s.c
[0.619s] -- Up-to-date: /home/vincent-pc/ros2_foxy/install/my_robot_interfaces/lib/python3.8/site-packages/my_robot_interfaces/srv
[0.621s] -- Up-to-date: /home/vincent-pc/ros2_foxy/install/my_robot_interfaces/lib/python3.8/site-packages/my_robot_interfaces/srv/_catch_turtle.py
[0.622s] -- Up-to-date: /home/vincent-pc/ros2_foxy/install/my_robot_interfaces/lib/python3.8/site-packages/my_robot_interfaces/srv/_set_led.py
[0.622s] -- Up-to-date: /home/vincent-pc/ros2_foxy/install/my_robot_interfaces/lib/python3.8/site-packages/my_robot_interfaces/srv/__init__.py
[0.623s] -- Up-to-date: /home/vincent-pc/ros2_foxy/install/my_robot_interfaces/lib/python3.8/site-packages/my_robot_interfaces/srv/_compute_rectangle_area.py
[0.623s] -- Up-to-date: /home/vincent-pc/ros2_foxy/install/my_robot_interfaces/lib/python3.8/site-packages/my_robot_interfaces/srv/_set_led_s.c
[0.623s] -- Up-to-date: /home/vincent-pc/ros2_foxy/install/my_robot_interfaces/lib/python3.8/site-packages/my_robot_interfaces/srv/_catch_turtle_s.c
[0.624s] -- Up-to-date: /home/vincent-pc/ros2_foxy/install/my_robot_interfaces/lib/python3.8/site-packages/my_robot_interfaces/srv/_compute_rectangle_area_s.c
[0.626s] -- Up-to-date: /home/vincent-pc/ros2_foxy/install/my_robot_interfaces/lib/python3.8/site-packages/my_robot_interfaces/my_robot_interfaces_s__rosidl_typesupport_fastrtps_c.cpython-38-x86_64-linux-gnu.so
[0.628s] -- Up-to-date: /home/vincent-pc/ros2_foxy/install/my_robot_interfaces/lib/python3.8/site-packages/my_robot_interfaces/my_robot_interfaces_s__rosidl_typesupport_introspection_c.cpython-38-x86_64-linux-gnu.so
[0.629s] -- Up-to-date: /home/vincent-pc/ros2_foxy/install/my_robot_interfaces/lib/python3.8/site-packages/my_robot_interfaces/my_robot_interfaces_s__rosidl_typesupport_c.cpython-38-x86_64-linux-gnu.so
[0.630s] -- Up-to-date: /home/vincent-pc/ros2_foxy/install/my_robot_interfaces/lib/libmy_robot_interfaces__python.so
[0.630s] -- Up-to-date: /home/vincent-pc/ros2_foxy/install/my_robot_interfaces/share/my_robot_interfaces/msg/HardwareStatus.idl
[0.630s] -- Up-to-date: /home/vincent-pc/ros2_foxy/install/my_robot_interfaces/share/my_robot_interfaces/msg/LedStateArray.idl
[0.631s] -- Up-to-date: /home/vincent-pc/ros2_foxy/install/my_robot_interfaces/share/my_robot_interfaces/msg/Turtle.idl
[0.631s] -- Up-to-date: /home/vincent-pc/ros2_foxy/install/my_robot_interfaces/share/my_robot_interfaces/msg/TurtleArray.idl
[0.631s] -- Up-to-date: /home/vincent-pc/ros2_foxy/install/my_robot_interfaces/share/my_robot_interfaces/srv/ComputeRectangleArea.idl
[0.632s] -- Up-to-date: /home/vincent-pc/ros2_foxy/install/my_robot_interfaces/share/my_robot_interfaces/srv/SetLed.idl
[0.632s] -- Up-to-date: /home/vincent-pc/ros2_foxy/install/my_robot_interfaces/share/my_robot_interfaces/srv/CatchTurtle.idl
[0.632s] -- Up-to-date: /home/vincent-pc/ros2_foxy/install/my_robot_interfaces/share/my_robot_interfaces/msg/HardwareStatus.msg
[0.632s] -- Up-to-date: /home/vincent-pc/ros2_foxy/install/my_robot_interfaces/share/my_robot_interfaces/msg/LedStateArray.msg
[0.632s] -- Up-to-date: /home/vincent-pc/ros2_foxy/install/my_robot_interfaces/share/my_robot_interfaces/msg/Turtle.msg
[0.633s] -- Up-to-date: /home/vincent-pc/ros2_foxy/install/my_robot_interfaces/share/my_robot_interfaces/msg/TurtleArray.msg
[0.633s] -- Up-to-date: /home/vincent-pc/ros2_foxy/install/my_robot_interfaces/share/my_robot_interfaces/srv/ComputeRectangleArea.srv
[0.633s] -- Up-to-date: /home/vincent-pc/ros2_foxy/install/my_robot_interfaces/share/my_robot_interfaces/srv/ComputeRectangleArea_Request.msg
[0.633s] -- Up-to-date: /home/vincent-pc/ros2_foxy/install/my_robot_interfaces/share/my_robot_interfaces/srv/ComputeRectangleArea_Response.msg
[0.633s] -- Up-to-date: /home/vincent-pc/ros2_foxy/install/my_robot_interfaces/share/my_robot_interfaces/srv/SetLed.srv
[0.634s] -- Up-to-date: /home/vincent-pc/ros2_foxy/install/my_robot_interfaces/share/my_robot_interfaces/srv/SetLed_Request.msg
[0.634s] -- Up-to-date: /home/vincent-pc/ros2_foxy/install/my_robot_interfaces/share/my_robot_interfaces/srv/SetLed_Response.msg
[0.634s] -- Up-to-date: /home/vincent-pc/ros2_foxy/install/my_robot_interfaces/share/my_robot_interfaces/srv/CatchTurtle.srv
[0.634s] -- Up-to-date: /home/vincent-pc/ros2_foxy/install/my_robot_interfaces/share/my_robot_interfaces/srv/CatchTurtle_Request.msg
[0.634s] -- Up-to-date: /home/vincent-pc/ros2_foxy/install/my_robot_interfaces/share/my_robot_interfaces/srv/CatchTurtle_Response.msg
[0.634s] -- Up-to-date: /home/vincent-pc/ros2_foxy/install/my_robot_interfaces/share/ament_index/resource_index/package_run_dependencies/my_robot_interfaces
[0.634s] -- Up-to-date: /home/vincent-pc/ros2_foxy/install/my_robot_interfaces/share/ament_index/resource_index/parent_prefix_path/my_robot_interfaces
[0.634s] -- Up-to-date: /home/vincent-pc/ros2_foxy/install/my_robot_interfaces/share/my_robot_interfaces/environment/ament_prefix_path.sh
[0.635s] -- Up-to-date: /home/vincent-pc/ros2_foxy/install/my_robot_interfaces/share/my_robot_interfaces/environment/ament_prefix_path.dsv
[0.635s] -- Up-to-date: /home/vincent-pc/ros2_foxy/install/my_robot_interfaces/share/my_robot_interfaces/environment/path.sh
[0.635s] -- Up-to-date: /home/vincent-pc/ros2_foxy/install/my_robot_interfaces/share/my_robot_interfaces/environment/path.dsv
[0.635s] -- Up-to-date: /home/vincent-pc/ros2_foxy/install/my_robot_interfaces/share/my_robot_interfaces/local_setup.bash
[0.635s] -- Up-to-date: /home/vincent-pc/ros2_foxy/install/my_robot_interfaces/share/my_robot_interfaces/local_setup.sh
[0.636s] -- Up-to-date: /home/vincent-pc/ros2_foxy/install/my_robot_interfaces/share/my_robot_interfaces/local_setup.zsh
[0.636s] -- Up-to-date: /home/vincent-pc/ros2_foxy/install/my_robot_interfaces/share/my_robot_interfaces/local_setup.dsv
[0.636s] -- Installing: /home/vincent-pc/ros2_foxy/install/my_robot_interfaces/share/my_robot_interfaces/package.dsv
[0.636s] -- Up-to-date: /home/vincent-pc/ros2_foxy/install/my_robot_interfaces/share/ament_index/resource_index/packages/my_robot_interfaces
[0.636s] -- Up-to-date: /home/vincent-pc/ros2_foxy/install/my_robot_interfaces/share/my_robot_interfaces/cmake/my_robot_interfaces__rosidl_generator_cExport.cmake
[0.636s] -- Up-to-date: /home/vincent-pc/ros2_foxy/install/my_robot_interfaces/share/my_robot_interfaces/cmake/my_robot_interfaces__rosidl_generator_cExport-noconfig.cmake
[0.637s] -- Up-to-date: /home/vincent-pc/ros2_foxy/install/my_robot_interfaces/share/my_robot_interfaces/cmake/my_robot_interfaces__rosidl_typesupport_introspection_cExport.cmake
[0.637s] -- Up-to-date: /home/vincent-pc/ros2_foxy/install/my_robot_interfaces/share/my_robot_interfaces/cmake/my_robot_interfaces__rosidl_typesupport_introspection_cExport-noconfig.cmake
[0.637s] -- Up-to-date: /home/vincent-pc/ros2_foxy/install/my_robot_interfaces/share/my_robot_interfaces/cmake/my_robot_interfaces__rosidl_typesupport_cExport.cmake
[0.637s] -- Up-to-date: /home/vincent-pc/ros2_foxy/install/my_robot_interfaces/share/my_robot_interfaces/cmake/my_robot_interfaces__rosidl_typesupport_cExport-noconfig.cmake
[0.642s] -- Up-to-date: /home/vincent-pc/ros2_foxy/install/my_robot_interfaces/share/my_robot_interfaces/cmake/my_robot_interfaces__rosidl_generator_cppExport.cmake
[0.642s] -- Up-to-date: /home/vincent-pc/ros2_foxy/install/my_robot_interfaces/share/my_robot_interfaces/cmake/my_robot_interfaces__rosidl_typesupport_introspection_cppExport.cmake
[0.642s] -- Up-to-date: /home/vincent-pc/ros2_foxy/install/my_robot_interfaces/share/my_robot_interfaces/cmake/my_robot_interfaces__rosidl_typesupport_introspection_cppExport-noconfig.cmake
[0.642s] -- Up-to-date: /home/vincent-pc/ros2_foxy/install/my_robot_interfaces/share/my_robot_interfaces/cmake/my_robot_interfaces__rosidl_typesupport_cppExport.cmake
[0.642s] -- Up-to-date: /home/vincent-pc/ros2_foxy/install/my_robot_interfaces/share/my_robot_interfaces/cmake/my_robot_interfaces__rosidl_typesupport_cppExport-noconfig.cmake
[0.643s] -- Up-to-date: /home/vincent-pc/ros2_foxy/install/my_robot_interfaces/share/my_robot_interfaces/cmake/rosidl_cmake-extras.cmake
[0.643s] -- Up-to-date: /home/vincent-pc/ros2_foxy/install/my_robot_interfaces/share/my_robot_interfaces/cmake/ament_cmake_export_dependencies-extras.cmake
[0.643s] -- Up-to-date: /home/vincent-pc/ros2_foxy/install/my_robot_interfaces/share/my_robot_interfaces/cmake/ament_cmake_export_libraries-extras.cmake
[0.643s] -- Up-to-date: /home/vincent-pc/ros2_foxy/install/my_robot_interfaces/share/my_robot_interfaces/cmake/ament_cmake_export_targets-extras.cmake
[0.643s] -- Up-to-date: /home/vincent-pc/ros2_foxy/install/my_robot_interfaces/share/my_robot_interfaces/cmake/ament_cmake_export_include_directories-extras.cmake
[0.643s] -- Up-to-date: /home/vincent-pc/ros2_foxy/install/my_robot_interfaces/share/my_robot_interfaces/cmake/rosidl_cmake_export_typesupport_libraries-extras.cmake
[0.644s] -- Up-to-date: /home/vincent-pc/ros2_foxy/install/my_robot_interfaces/share/my_robot_interfaces/cmake/rosidl_cmake_export_typesupport_targets-extras.cmake
[0.644s] -- Up-to-date: /home/vincent-pc/ros2_foxy/install/my_robot_interfaces/share/my_robot_interfaces/cmake/my_robot_interfacesConfig.cmake
[0.646s] -- Up-to-date: /home/vincent-pc/ros2_foxy/install/my_robot_interfaces/share/my_robot_interfaces/cmake/my_robot_interfacesConfig-version.cmake
[0.648s] -- Up-to-date: /home/vincent-pc/ros2_foxy/install/my_robot_interfaces/share/my_robot_interfaces/package.xml
[0.649s] Invoked command in '/home/vincent-pc/ros2_foxy/build/my_robot_interfaces' returned '0': CMAKE_PREFIX_PATH=${CMAKE_PREFIX_PATH}:/home/vincent-pc/ros2_foxy/install/turtlesim_catch_them_all_py:/home/vincent-pc/ros2_foxy/install/my_py_pkg:/opt/ros/foxy /usr/bin/cmake --install /home/vincent-pc/ros2_foxy/build/my_robot_interfaces
