[35m[1mScanning dependencies of target smartphone_cpp[0m
[ 66%] Built target robot_news_station_cpp
[ 66%] Built target cpp_node
[ 83%] [32mBuilding CXX object CMakeFiles/smartphone_cpp.dir/src/smartphone.cpp.o[0m
[100%] [32m[1mLinking CXX executable smartphone_cpp[0m
[100%] Built target smartphone_cpp
-- Install configuration: ""
-- Up-to-date: /home/vincent-pc/ros2_foxy/install/my_cpp_pkg/lib/my_cpp_pkg/cpp_node
-- Installing: /home/vincent-pc/ros2_foxy/install/my_cpp_pkg/lib/my_cpp_pkg/robot_news_station_cpp
-- Set runtime path of "/home/vincent-pc/ros2_foxy/install/my_cpp_pkg/lib/my_cpp_pkg/robot_news_station_cpp" to ""
-- Up-to-date: /home/vincent-pc/ros2_foxy/install/my_cpp_pkg/lib/my_cpp_pkg/robot_news_station_cpp
-- Up-to-date: /home/vincent-pc/ros2_foxy/install/my_cpp_pkg/share/ament_index/resource_index/package_run_dependencies/my_cpp_pkg
-- Up-to-date: /home/vincent-pc/ros2_foxy/install/my_cpp_pkg/share/ament_index/resource_index/parent_prefix_path/my_cpp_pkg
-- Up-to-date: /home/vincent-pc/ros2_foxy/install/my_cpp_pkg/share/my_cpp_pkg/environment/ament_prefix_path.sh
-- Installing: /home/vincent-pc/ros2_foxy/install/my_cpp_pkg/share/my_cpp_pkg/environment/ament_prefix_path.dsv
-- Up-to-date: /home/vincent-pc/ros2_foxy/install/my_cpp_pkg/share/my_cpp_pkg/environment/path.sh
-- Installing: /home/vincent-pc/ros2_foxy/install/my_cpp_pkg/share/my_cpp_pkg/environment/path.dsv
-- Up-to-date: /home/vincent-pc/ros2_foxy/install/my_cpp_pkg/share/my_cpp_pkg/local_setup.bash
-- Up-to-date: /home/vincent-pc/ros2_foxy/install/my_cpp_pkg/share/my_cpp_pkg/local_setup.sh
-- Up-to-date: /home/vincent-pc/ros2_foxy/install/my_cpp_pkg/share/my_cpp_pkg/local_setup.zsh
-- Installing: /home/vincent-pc/ros2_foxy/install/my_cpp_pkg/share/my_cpp_pkg/local_setup.dsv
-- Installing: /home/vincent-pc/ros2_foxy/install/my_cpp_pkg/share/my_cpp_pkg/package.dsv
-- Up-to-date: /home/vincent-pc/ros2_foxy/install/my_cpp_pkg/share/ament_index/resource_index/packages/my_cpp_pkg
-- Up-to-date: /home/vincent-pc/ros2_foxy/install/my_cpp_pkg/share/my_cpp_pkg/cmake/my_cpp_pkgConfig.cmake
-- Up-to-date: /home/vincent-pc/ros2_foxy/install/my_cpp_pkg/share/my_cpp_pkg/cmake/my_cpp_pkgConfig-version.cmake
-- Up-to-date: /home/vincent-pc/ros2_foxy/install/my_cpp_pkg/share/my_cpp_pkg/package.xml
