[0.015s] Invoking command in '/home/vincent-pc/ros2_foxy/build/my_cpp_pkg': CMAKE_PREFIX_PATH=${CMAKE_PREFIX_PATH}:/home/vincent-pc/ros2_foxy/install/my_py_pkg:/home/vincent-pc/ros2_ws/install/py_srvcli:/home/vincent-pc/ros2_ws/install/py_pubsub:/home/vincent-pc/ros2_ws/install/my_package_Py:/home/vincent-pc/ros2_ws/install/examples_rclpy_minimal_subscriber:/home/vincent-pc/ros2_ws/install/examples_rclpy_minimal_service:/home/vincent-pc/ros2_ws/install/examples_rclpy_minimal_publisher:/home/vincent-pc/ros2_ws/install/examples_rclpy_minimal_client:/home/vincent-pc/ros2_ws/install/examples_rclpy_minimal_action_server:/home/vincent-pc/ros2_ws/install/examples_rclpy_minimal_action_client:/home/vincent-pc/ros2_ws/install/examples_rclpy_executors:/opt/ros/foxy /usr/bin/cmake --build /home/vincent-pc/ros2_foxy/build/my_cpp_pkg -- -j8 -l8
[0.061s] [35m[1mScanning dependencies of target smartphone_cpp[0m
[0.082s] [ 66%] Built target robot_news_station_cpp
[0.082s] [ 66%] Built target cpp_node
[0.086s] [ 83%] [32mBuilding CXX object CMakeFiles/smartphone_cpp.dir/src/smartphone.cpp.o[0m
[4.597s] [100%] [32m[1mLinking CXX executable smartphone_cpp[0m
[4.832s] [100%] Built target smartphone_cpp
[4.842s] Invoked command in '/home/vincent-pc/ros2_foxy/build/my_cpp_pkg' returned '0': CMAKE_PREFIX_PATH=${CMAKE_PREFIX_PATH}:/home/vincent-pc/ros2_foxy/install/my_py_pkg:/home/vincent-pc/ros2_ws/install/py_srvcli:/home/vincent-pc/ros2_ws/install/py_pubsub:/home/vincent-pc/ros2_ws/install/my_package_Py:/home/vincent-pc/ros2_ws/install/examples_rclpy_minimal_subscriber:/home/vincent-pc/ros2_ws/install/examples_rclpy_minimal_service:/home/vincent-pc/ros2_ws/install/examples_rclpy_minimal_publisher:/home/vincent-pc/ros2_ws/install/examples_rclpy_minimal_client:/home/vincent-pc/ros2_ws/install/examples_rclpy_minimal_action_server:/home/vincent-pc/ros2_ws/install/examples_rclpy_minimal_action_client:/home/vincent-pc/ros2_ws/install/examples_rclpy_executors:/opt/ros/foxy /usr/bin/cmake --build /home/vincent-pc/ros2_foxy/build/my_cpp_pkg -- -j8 -l8
[4.854s] Invoking command in '/home/vincent-pc/ros2_foxy/build/my_cpp_pkg': CMAKE_PREFIX_PATH=${CMAKE_PREFIX_PATH}:/home/vincent-pc/ros2_foxy/install/my_py_pkg:/home/vincent-pc/ros2_ws/install/py_srvcli:/home/vincent-pc/ros2_ws/install/py_pubsub:/home/vincent-pc/ros2_ws/install/my_package_Py:/home/vincent-pc/ros2_ws/install/examples_rclpy_minimal_subscriber:/home/vincent-pc/ros2_ws/install/examples_rclpy_minimal_service:/home/vincent-pc/ros2_ws/install/examples_rclpy_minimal_publisher:/home/vincent-pc/ros2_ws/install/examples_rclpy_minimal_client:/home/vincent-pc/ros2_ws/install/examples_rclpy_minimal_action_server:/home/vincent-pc/ros2_ws/install/examples_rclpy_minimal_action_client:/home/vincent-pc/ros2_ws/install/examples_rclpy_executors:/opt/ros/foxy /usr/bin/cmake --install /home/vincent-pc/ros2_foxy/build/my_cpp_pkg
[4.864s] -- Install configuration: ""
[4.865s] -- Up-to-date: /home/vincent-pc/ros2_foxy/install/my_cpp_pkg/lib/my_cpp_pkg/cpp_node
[4.865s] -- Installing: /home/vincent-pc/ros2_foxy/install/my_cpp_pkg/lib/my_cpp_pkg/robot_news_station_cpp
[4.866s] -- Set runtime path of "/home/vincent-pc/ros2_foxy/install/my_cpp_pkg/lib/my_cpp_pkg/robot_news_station_cpp" to ""
[4.866s] -- Up-to-date: /home/vincent-pc/ros2_foxy/install/my_cpp_pkg/lib/my_cpp_pkg/robot_news_station_cpp
[4.866s] -- Up-to-date: /home/vincent-pc/ros2_foxy/install/my_cpp_pkg/share/ament_index/resource_index/package_run_dependencies/my_cpp_pkg
[4.866s] -- Up-to-date: /home/vincent-pc/ros2_foxy/install/my_cpp_pkg/share/ament_index/resource_index/parent_prefix_path/my_cpp_pkg
[4.866s] -- Up-to-date: /home/vincent-pc/ros2_foxy/install/my_cpp_pkg/share/my_cpp_pkg/environment/ament_prefix_path.sh
[4.866s] -- Installing: /home/vincent-pc/ros2_foxy/install/my_cpp_pkg/share/my_cpp_pkg/environment/ament_prefix_path.dsv
[4.866s] -- Up-to-date: /home/vincent-pc/ros2_foxy/install/my_cpp_pkg/share/my_cpp_pkg/environment/path.sh
[4.866s] -- Installing: /home/vincent-pc/ros2_foxy/install/my_cpp_pkg/share/my_cpp_pkg/environment/path.dsv
[4.867s] -- Up-to-date: /home/vincent-pc/ros2_foxy/install/my_cpp_pkg/share/my_cpp_pkg/local_setup.bash
[4.867s] -- Up-to-date: /home/vincent-pc/ros2_foxy/install/my_cpp_pkg/share/my_cpp_pkg/local_setup.sh
[4.867s] -- Up-to-date: /home/vincent-pc/ros2_foxy/install/my_cpp_pkg/share/my_cpp_pkg/local_setup.zsh
[4.867s] -- Installing: /home/vincent-pc/ros2_foxy/install/my_cpp_pkg/share/my_cpp_pkg/local_setup.dsv
[4.867s] -- Installing: /home/vincent-pc/ros2_foxy/install/my_cpp_pkg/share/my_cpp_pkg/package.dsv
[4.867s] -- Up-to-date: /home/vincent-pc/ros2_foxy/install/my_cpp_pkg/share/ament_index/resource_index/packages/my_cpp_pkg
[4.867s] -- Up-to-date: /home/vincent-pc/ros2_foxy/install/my_cpp_pkg/share/my_cpp_pkg/cmake/my_cpp_pkgConfig.cmake
[4.867s] -- Up-to-date: /home/vincent-pc/ros2_foxy/install/my_cpp_pkg/share/my_cpp_pkg/cmake/my_cpp_pkgConfig-version.cmake
[4.867s] -- Up-to-date: /home/vincent-pc/ros2_foxy/install/my_cpp_pkg/share/my_cpp_pkg/package.xml
[4.869s] Invoked command in '/home/vincent-pc/ros2_foxy/build/my_cpp_pkg' returned '0': CMAKE_PREFIX_PATH=${CMAKE_PREFIX_PATH}:/home/vincent-pc/ros2_foxy/install/my_py_pkg:/home/vincent-pc/ros2_ws/install/py_srvcli:/home/vincent-pc/ros2_ws/install/py_pubsub:/home/vincent-pc/ros2_ws/install/my_package_Py:/home/vincent-pc/ros2_ws/install/examples_rclpy_minimal_subscriber:/home/vincent-pc/ros2_ws/install/examples_rclpy_minimal_service:/home/vincent-pc/ros2_ws/install/examples_rclpy_minimal_publisher:/home/vincent-pc/ros2_ws/install/examples_rclpy_minimal_client:/home/vincent-pc/ros2_ws/install/examples_rclpy_minimal_action_server:/home/vincent-pc/ros2_ws/install/examples_rclpy_minimal_action_client:/home/vincent-pc/ros2_ws/install/examples_rclpy_executors:/opt/ros/foxy /usr/bin/cmake --install /home/vincent-pc/ros2_foxy/build/my_cpp_pkg
