[0.017s] Invoking command in '/home/vincent-pc/ros2_foxy/build/my_cpp_pkg': CMAKE_PREFIX_PATH=${CMAKE_PREFIX_PATH}:/home/vincent-pc/ros2_foxy/install/my_py_pkg:/home/vincent-pc/ros2_ws/install/py_srvcli:/home/vincent-pc/ros2_ws/install/py_pubsub:/home/vincent-pc/ros2_ws/install/my_package_Py:/home/vincent-pc/ros2_ws/install/examples_rclpy_minimal_subscriber:/home/vincent-pc/ros2_ws/install/examples_rclpy_minimal_service:/home/vincent-pc/ros2_ws/install/examples_rclpy_minimal_publisher:/home/vincent-pc/ros2_ws/install/examples_rclpy_minimal_client:/home/vincent-pc/ros2_ws/install/examples_rclpy_minimal_action_server:/home/vincent-pc/ros2_ws/install/examples_rclpy_minimal_action_client:/home/vincent-pc/ros2_ws/install/examples_rclpy_executors:/opt/ros/foxy /usr/bin/cmake --build /home/vincent-pc/ros2_foxy/build/my_cpp_pkg -- -j8 -l8
[0.123s] [ 20%] Built target add_two_ints_server_cpp
[0.124s] [ 20%] Built target robot_news_station_cpp
[0.128s] [ 30%] Built target cpp_node
[0.132s] [ 40%] Built target smartphone_cpp
[0.135s] [ 50%] Built target add_two_ints_client_no_oop
[0.141s] [ 60%] Built target number_counter_cpp
[0.141s] [ 70%] Built target number_publisher_cpp
[0.144s] [ 80%] Built target add_two_ints_client
[0.150s] [35m[1mScanning dependencies of target reset_number_client[0m
[0.175s] [ 90%] Built target number_counter_server_cpp
[0.183s] [ 95%] [32mBuilding CXX object CMakeFiles/reset_number_client.dir/src/reset_number_client.cpp.o[0m
[1.778s] [01m[K/home/vincent-pc/ros2_foxy/src/my_cpp_pkg/src/reset_number_client.cpp:[m[K In constructor ‘[01m[KresetNumberClient::resetNumberClient()[m[K’:
[1.778s] [01m[K/home/vincent-pc/ros2_foxy/src/my_cpp_pkg/src/reset_number_client.cpp:10:27:[m[K [01;31m[Kerror: [m[K‘[01m[KAddTwoIntsClientNode[m[K’ was not declared in this scope
[1.778s]    10 |                     bind(&[01;31m[KAddTwoIntsClientNode[m[K::callAddTwoIntsService, this, true));
[1.779s]       |                           [01;31m[K^~~~~~~~~~~~~~~~~~~~[m[K
[2.340s] make[2]: *** [CMakeFiles/reset_number_client.dir/build.make:63: CMakeFiles/reset_number_client.dir/src/reset_number_client.cpp.o] Error 1
[2.340s] make[1]: *** [CMakeFiles/Makefile2:366: CMakeFiles/reset_number_client.dir/all] Error 2
[2.340s] make: *** [Makefile:141: all] Error 2
[2.343s] Invoked command in '/home/vincent-pc/ros2_foxy/build/my_cpp_pkg' returned '2': CMAKE_PREFIX_PATH=${CMAKE_PREFIX_PATH}:/home/vincent-pc/ros2_foxy/install/my_py_pkg:/home/vincent-pc/ros2_ws/install/py_srvcli:/home/vincent-pc/ros2_ws/install/py_pubsub:/home/vincent-pc/ros2_ws/install/my_package_Py:/home/vincent-pc/ros2_ws/install/examples_rclpy_minimal_subscriber:/home/vincent-pc/ros2_ws/install/examples_rclpy_minimal_service:/home/vincent-pc/ros2_ws/install/examples_rclpy_minimal_publisher:/home/vincent-pc/ros2_ws/install/examples_rclpy_minimal_client:/home/vincent-pc/ros2_ws/install/examples_rclpy_minimal_action_server:/home/vincent-pc/ros2_ws/install/examples_rclpy_minimal_action_client:/home/vincent-pc/ros2_ws/install/examples_rclpy_executors:/opt/ros/foxy /usr/bin/cmake --build /home/vincent-pc/ros2_foxy/build/my_cpp_pkg -- -j8 -l8
