[35m[1mScanning dependencies of target hardware_status_publisher_cpp[0m
[  9%] Built target add_two_ints_server_cpp
[ 18%] Built target smartphone_cpp
[ 27%] Built target add_two_ints_client_no_oop
[ 31%] [32mBuilding CXX object CMakeFiles/hardware_status_publisher_cpp.dir/src/hw_status_publisher.cpp.o[0m
[ 40%] Built target number_counter_cpp
[ 54%] Built target robot_news_station_cpp
[ 59%] Built target cpp_node
[ 68%] Built target number_publisher_cpp
[ 77%] Built target add_two_ints_client
[ 86%] Built target number_counter_server_cpp
[ 95%] Built target reset_number_client
[01m[K/home/vincent-pc/ros2_foxy/src/my_cpp_pkg/src/hw_status_publisher.cpp:17:27:[m[K [01;31m[Kerror: [m[KISO C++ forbids declaration of ‘[01m[KpublishHardwareStatus[m[K’ with no type [[01;31m[K-fpermissive[m[K]
   17 |     publishHardwareStatus([01;31m[K)[m[K
      |                           [01;31m[K^[m[K
[01m[K/home/vincent-pc/ros2_foxy/src/my_cpp_pkg/src/hw_status_publisher.cpp:[m[K In member function ‘[01m[Kint HardwareStatusPublisher::publishHardwareStatus()[m[K’:
[01m[K/home/vincent-pc/ros2_foxy/src/my_cpp_pkg/src/hw_status_publisher.cpp:24:5:[m[K [01;35m[Kwarning: [m[Kno return statement in function returning non-void [[01;35m[K-Wreturn-type[m[K]
   24 |     [01;35m[K}[m[K
      |     [01;35m[K^[m[K
make[2]: *** [CMakeFiles/hardware_status_publisher_cpp.dir/build.make:63: CMakeFiles/hardware_status_publisher_cpp.dir/src/hw_status_publisher.cpp.o] Error 1
make[1]: *** [CMakeFiles/Makefile2:125: CMakeFiles/hardware_status_publisher_cpp.dir/all] Error 2
make: *** [Makefile:141: all] Error 2
