[0.021s] Invoking command in '/home/vincent-pc/ros2_foxy/build/my_robot_description': CMAKE_PREFIX_PATH=${CMAKE_PREFIX_PATH}:/home/vincent-pc/ros2_foxy/install/turtlesim_catch_them_all_py:/home/vincent-pc/ros2_foxy/install/my_py_pkg:/opt/ros/foxy /usr/bin/cmake /home/vincent-pc/ros2_foxy/src/my_robot_description -DCMAKE_INSTALL_PREFIX=/home/vincent-pc/ros2_foxy/install/my_robot_description
[0.068s] -- Found ament_cmake: 0.9.12 (/opt/ros/foxy/share/ament_cmake/cmake)
[0.098s] -- Using PYTHON_EXECUTABLE: /usr/bin/python3
[0.320s] -- Override CMake install command with custom implementation using symlinks instead of copying resources
[0.420s] -- Configuring done
[0.424s] -- Generating done
[0.425s] -- Build files have been written to: /home/vincent-pc/ros2_foxy/build/my_robot_description
[0.428s] Invoked command in '/home/vincent-pc/ros2_foxy/build/my_robot_description' returned '0': CMAKE_PREFIX_PATH=${CMAKE_PREFIX_PATH}:/home/vincent-pc/ros2_foxy/install/turtlesim_catch_them_all_py:/home/vincent-pc/ros2_foxy/install/my_py_pkg:/opt/ros/foxy /usr/bin/cmake /home/vincent-pc/ros2_foxy/src/my_robot_description -DCMAKE_INSTALL_PREFIX=/home/vincent-pc/ros2_foxy/install/my_robot_description
[0.431s] Invoking command in '/home/vincent-pc/ros2_foxy/build/my_robot_description': CMAKE_PREFIX_PATH=${CMAKE_PREFIX_PATH}:/home/vincent-pc/ros2_foxy/install/turtlesim_catch_them_all_py:/home/vincent-pc/ros2_foxy/install/my_py_pkg:/opt/ros/foxy /usr/bin/cmake --build /home/vincent-pc/ros2_foxy/build/my_robot_description -- -j8 -l8
[0.477s] Invoked command in '/home/vincent-pc/ros2_foxy/build/my_robot_description' returned '0': CMAKE_PREFIX_PATH=${CMAKE_PREFIX_PATH}:/home/vincent-pc/ros2_foxy/install/turtlesim_catch_them_all_py:/home/vincent-pc/ros2_foxy/install/my_py_pkg:/opt/ros/foxy /usr/bin/cmake --build /home/vincent-pc/ros2_foxy/build/my_robot_description -- -j8 -l8
[0.491s] Invoking command in '/home/vincent-pc/ros2_foxy/build/my_robot_description': CMAKE_PREFIX_PATH=${CMAKE_PREFIX_PATH}:/home/vincent-pc/ros2_foxy/install/turtlesim_catch_them_all_py:/home/vincent-pc/ros2_foxy/install/my_py_pkg:/opt/ros/foxy /usr/bin/cmake --install /home/vincent-pc/ros2_foxy/build/my_robot_description
[0.499s] -- Install configuration: ""
[0.499s] -- Execute custom install script
[0.500s] -- Up-to-date symlink: /home/vincent-pc/ros2_foxy/install/my_robot_description/share/my_robot_description//urdf/my_robot.urdf
[0.500s] -- Up-to-date symlink: /home/vincent-pc/ros2_foxy/install/my_robot_description/share/my_robot_description//urdf/my_robot.urdf.xacro
[0.501s] -- Up-to-date symlink: /home/vincent-pc/ros2_foxy/install/my_robot_description/share/my_robot_description//launch/display.launch.py
[0.502s] -- Up-to-date symlink: /home/vincent-pc/ros2_foxy/install/my_robot_description/share/my_robot_description//launch/display.launch.xml
[0.503s] -- Up-to-date symlink: /home/vincent-pc/ros2_foxy/install/my_robot_description/share/my_robot_description//launch/display2.launch.py
[0.503s] -- Up-to-date symlink: /home/vincent-pc/ros2_foxy/install/my_robot_description/share/my_robot_description//launch/display2.launch.xml
[0.504s] -- Up-to-date symlink: /home/vincent-pc/ros2_foxy/install/my_robot_description/share/my_robot_description//rviz/urdf_config.rviz
[0.504s] -- Up-to-date symlink: /home/vincent-pc/ros2_foxy/install/my_robot_description/share/ament_index/resource_index/package_run_dependencies/my_robot_description
[0.504s] -- Up-to-date symlink: /home/vincent-pc/ros2_foxy/install/my_robot_description/share/ament_index/resource_index/parent_prefix_path/my_robot_description
[0.505s] -- Up-to-date symlink: /home/vincent-pc/ros2_foxy/install/my_robot_description/share/my_robot_description/environment/ament_prefix_path.sh
[0.505s] -- Up-to-date symlink: /home/vincent-pc/ros2_foxy/install/my_robot_description/share/my_robot_description/environment/ament_prefix_path.dsv
[0.505s] -- Up-to-date symlink: /home/vincent-pc/ros2_foxy/install/my_robot_description/share/my_robot_description/environment/path.sh
[0.506s] -- Up-to-date symlink: /home/vincent-pc/ros2_foxy/install/my_robot_description/share/my_robot_description/environment/path.dsv
[0.506s] -- Up-to-date symlink: /home/vincent-pc/ros2_foxy/install/my_robot_description/share/my_robot_description/local_setup.bash
[0.506s] -- Up-to-date symlink: /home/vincent-pc/ros2_foxy/install/my_robot_description/share/my_robot_description/local_setup.sh
[0.506s] -- Up-to-date symlink: /home/vincent-pc/ros2_foxy/install/my_robot_description/share/my_robot_description/local_setup.zsh
[0.507s] -- Up-to-date symlink: /home/vincent-pc/ros2_foxy/install/my_robot_description/share/my_robot_description/local_setup.dsv
[0.507s] -- Symlinking: /home/vincent-pc/ros2_foxy/install/my_robot_description/share/my_robot_description/package.dsv
[0.516s] -- Up-to-date symlink: /home/vincent-pc/ros2_foxy/install/my_robot_description/share/ament_index/resource_index/packages/my_robot_description
[0.516s] -- Up-to-date symlink: /home/vincent-pc/ros2_foxy/install/my_robot_description/share/my_robot_description/cmake/my_robot_descriptionConfig.cmake
[0.516s] -- Up-to-date symlink: /home/vincent-pc/ros2_foxy/install/my_robot_description/share/my_robot_description/cmake/my_robot_descriptionConfig-version.cmake
[0.516s] -- Up-to-date symlink: /home/vincent-pc/ros2_foxy/install/my_robot_description/share/my_robot_description/package.xml
[0.520s] Invoked command in '/home/vincent-pc/ros2_foxy/build/my_robot_description' returned '0': CMAKE_PREFIX_PATH=${CMAKE_PREFIX_PATH}:/home/vincent-pc/ros2_foxy/install/turtlesim_catch_them_all_py:/home/vincent-pc/ros2_foxy/install/my_py_pkg:/opt/ros/foxy /usr/bin/cmake --install /home/vincent-pc/ros2_foxy/build/my_robot_description
