[0.013s] Invoking command in '/home/vincent-pc/ros2_foxy/build/my_robot_interfaces': CMAKE_PREFIX_PATH=${CMAKE_PREFIX_PATH}:/home/vincent-pc/ros2_foxy/install/my_py_pkg:/home/vincent-pc/ros2_ws/install/py_srvcli:/home/vincent-pc/ros2_ws/install/py_pubsub:/home/vincent-pc/ros2_ws/install/my_package_Py:/home/vincent-pc/ros2_ws/install/examples_rclpy_minimal_subscriber:/home/vincent-pc/ros2_ws/install/examples_rclpy_minimal_service:/home/vincent-pc/ros2_ws/install/examples_rclpy_minimal_publisher:/home/vincent-pc/ros2_ws/install/examples_rclpy_minimal_client:/home/vincent-pc/ros2_ws/install/examples_rclpy_minimal_action_server:/home/vincent-pc/ros2_ws/install/examples_rclpy_minimal_action_client:/home/vincent-pc/ros2_ws/install/examples_rclpy_executors:/opt/ros/foxy /usr/bin/cmake --build /home/vincent-pc/ros2_foxy/build/my_robot_interfaces -- -j8 -l8
[0.071s] [  2%] Built target my_robot_interfaces__cpp
[0.073s] [ 12%] Built target my_robot_interfaces__rosidl_generator_c
[0.096s] [ 23%] Built target my_robot_interfaces__rosidl_typesupport_cpp
[0.097s] [ 34%] Built target my_robot_interfaces__rosidl_typesupport_introspection_c
[0.099s] [ 44%] Built target my_robot_interfaces__rosidl_typesupport_introspection_cpp
[0.103s] [ 55%] Built target my_robot_interfaces__rosidl_typesupport_fastrtps_cpp
[0.105s] [ 65%] Built target my_robot_interfaces__rosidl_typesupport_c
[0.131s] [ 76%] Built target my_robot_interfaces__rosidl_typesupport_fastrtps_c
[0.151s] [ 76%] Built target my_robot_interfaces
[0.172s] [ 78%] Built target my_robot_interfaces__py
[0.196s] [ 87%] Built target my_robot_interfaces__python
[0.220s] [100%] Built target my_robot_interfaces__rosidl_typesupport_c__pyext
[0.220s] [100%] Built target my_robot_interfaces__rosidl_typesupport_fastrtps_c__pyext
[0.220s] [100%] Built target my_robot_interfaces__rosidl_typesupport_introspection_c__pyext
[0.230s] Invoked command in '/home/vincent-pc/ros2_foxy/build/my_robot_interfaces' returned '0': CMAKE_PREFIX_PATH=${CMAKE_PREFIX_PATH}:/home/vincent-pc/ros2_foxy/install/my_py_pkg:/home/vincent-pc/ros2_ws/install/py_srvcli:/home/vincent-pc/ros2_ws/install/py_pubsub:/home/vincent-pc/ros2_ws/install/my_package_Py:/home/vincent-pc/ros2_ws/install/examples_rclpy_minimal_subscriber:/home/vincent-pc/ros2_ws/install/examples_rclpy_minimal_service:/home/vincent-pc/ros2_ws/install/examples_rclpy_minimal_publisher:/home/vincent-pc/ros2_ws/install/examples_rclpy_minimal_client:/home/vincent-pc/ros2_ws/install/examples_rclpy_minimal_action_server:/home/vincent-pc/ros2_ws/install/examples_rclpy_minimal_action_client:/home/vincent-pc/ros2_ws/install/examples_rclpy_executors:/opt/ros/foxy /usr/bin/cmake --build /home/vincent-pc/ros2_foxy/build/my_robot_interfaces -- -j8 -l8
[0.243s] Invoking command in '/home/vincent-pc/ros2_foxy/build/my_robot_interfaces': CMAKE_PREFIX_PATH=${CMAKE_PREFIX_PATH}:/home/vincent-pc/ros2_foxy/install/my_py_pkg:/home/vincent-pc/ros2_ws/install/py_srvcli:/home/vincent-pc/ros2_ws/install/py_pubsub:/home/vincent-pc/ros2_ws/install/my_package_Py:/home/vincent-pc/ros2_ws/install/examples_rclpy_minimal_subscriber:/home/vincent-pc/ros2_ws/install/examples_rclpy_minimal_service:/home/vincent-pc/ros2_ws/install/examples_rclpy_minimal_publisher:/home/vincent-pc/ros2_ws/install/examples_rclpy_minimal_client:/home/vincent-pc/ros2_ws/install/examples_rclpy_minimal_action_server:/home/vincent-pc/ros2_ws/install/examples_rclpy_minimal_action_client:/home/vincent-pc/ros2_ws/install/examples_rclpy_executors:/opt/ros/foxy /usr/bin/cmake --install /home/vincent-pc/ros2_foxy/build/my_robot_interfaces
[0.251s] -- Install configuration: ""
[0.252s] -- Up-to-date: /home/vincent-pc/ros2_foxy/install/my_robot_interfaces/share/ament_index/resource_index/rosidl_interfaces/my_robot_interfaces
[0.252s] -- Up-to-date: /home/vincent-pc/ros2_foxy/install/my_robot_interfaces/include/my_robot_interfaces
[0.252s] -- Up-to-date: /home/vincent-pc/ros2_foxy/install/my_robot_interfaces/include/my_robot_interfaces/msg
[0.252s] -- Up-to-date: /home/vincent-pc/ros2_foxy/install/my_robot_interfaces/include/my_robot_interfaces/msg/detail
[0.252s] -- Up-to-date: /home/vincent-pc/ros2_foxy/install/my_robot_interfaces/include/my_robot_interfaces/msg/detail/led_state_array__functions.c
[0.252s] -- Up-to-date: /home/vincent-pc/ros2_foxy/install/my_robot_interfaces/include/my_robot_interfaces/msg/detail/led_state_array__functions.h
[0.252s] -- Up-to-date: /home/vincent-pc/ros2_foxy/install/my_robot_interfaces/include/my_robot_interfaces/msg/detail/hardware_status__struct.h
[0.252s] -- Up-to-date: /home/vincent-pc/ros2_foxy/install/my_robot_interfaces/include/my_robot_interfaces/msg/detail/led_state_array__type_support.h
[0.253s] -- Up-to-date: /home/vincent-pc/ros2_foxy/install/my_robot_interfaces/include/my_robot_interfaces/msg/detail/led_state_array__struct.h
[0.253s] -- Up-to-date: /home/vincent-pc/ros2_foxy/install/my_robot_interfaces/include/my_robot_interfaces/msg/detail/hardware_status__functions.h
[0.253s] -- Up-to-date: /home/vincent-pc/ros2_foxy/install/my_robot_interfaces/include/my_robot_interfaces/msg/detail/hardware_status__type_support.h
[0.253s] -- Up-to-date: /home/vincent-pc/ros2_foxy/install/my_robot_interfaces/include/my_robot_interfaces/msg/detail/hardware_status__functions.c
[0.253s] -- Up-to-date: /home/vincent-pc/ros2_foxy/install/my_robot_interfaces/include/my_robot_interfaces/msg/hardware_status.h
[0.253s] -- Up-to-date: /home/vincent-pc/ros2_foxy/install/my_robot_interfaces/include/my_robot_interfaces/msg/led_state_array.h
[0.253s] -- Up-to-date: /home/vincent-pc/ros2_foxy/install/my_robot_interfaces/include/my_robot_interfaces/msg/rosidl_generator_c__visibility_control.h
[0.253s] -- Up-to-date: /home/vincent-pc/ros2_foxy/install/my_robot_interfaces/include/my_robot_interfaces/srv
[0.253s] -- Up-to-date: /home/vincent-pc/ros2_foxy/install/my_robot_interfaces/include/my_robot_interfaces/srv/detail
[0.253s] -- Up-to-date: /home/vincent-pc/ros2_foxy/install/my_robot_interfaces/include/my_robot_interfaces/srv/detail/compute_rectangle_area__functions.h
[0.253s] -- Up-to-date: /home/vincent-pc/ros2_foxy/install/my_robot_interfaces/include/my_robot_interfaces/srv/detail/compute_rectangle_area__struct.h
[0.253s] -- Up-to-date: /home/vincent-pc/ros2_foxy/install/my_robot_interfaces/include/my_robot_interfaces/srv/detail/compute_rectangle_area__functions.c
[0.253s] -- Up-to-date: /home/vincent-pc/ros2_foxy/install/my_robot_interfaces/include/my_robot_interfaces/srv/detail/compute_rectangle_area__type_support.h
[0.253s] -- Up-to-date: /home/vincent-pc/ros2_foxy/install/my_robot_interfaces/include/my_robot_interfaces/srv/compute_rectangle_area.h
[0.254s] -- Up-to-date: /home/vincent-pc/ros2_foxy/install/my_robot_interfaces/share/my_robot_interfaces/environment/library_path.sh
[0.254s] -- Up-to-date: /home/vincent-pc/ros2_foxy/install/my_robot_interfaces/share/my_robot_interfaces/environment/library_path.dsv
[0.254s] -- Up-to-date: /home/vincent-pc/ros2_foxy/install/my_robot_interfaces/lib/libmy_robot_interfaces__rosidl_generator_c.so
[0.254s] -- Up-to-date: /home/vincent-pc/ros2_foxy/install/my_robot_interfaces/include/my_robot_interfaces
[0.254s] -- Up-to-date: /home/vincent-pc/ros2_foxy/install/my_robot_interfaces/include/my_robot_interfaces/msg
[0.254s] -- Up-to-date: /home/vincent-pc/ros2_foxy/install/my_robot_interfaces/include/my_robot_interfaces/msg/detail
[0.254s] -- Up-to-date: /home/vincent-pc/ros2_foxy/install/my_robot_interfaces/include/my_robot_interfaces/msg/detail/led_state_array__rosidl_typesupport_fastrtps_c.h
[0.254s] -- Up-to-date: /home/vincent-pc/ros2_foxy/install/my_robot_interfaces/include/my_robot_interfaces/msg/detail/hardware_status__rosidl_typesupport_fastrtps_c.h
[0.254s] -- Up-to-date: /home/vincent-pc/ros2_foxy/install/my_robot_interfaces/include/my_robot_interfaces/msg/rosidl_typesupport_fastrtps_c__visibility_control.h
[0.254s] -- Up-to-date: /home/vincent-pc/ros2_foxy/install/my_robot_interfaces/include/my_robot_interfaces/srv
[0.254s] -- Up-to-date: /home/vincent-pc/ros2_foxy/install/my_robot_interfaces/include/my_robot_interfaces/srv/detail
[0.254s] -- Up-to-date: /home/vincent-pc/ros2_foxy/install/my_robot_interfaces/include/my_robot_interfaces/srv/detail/compute_rectangle_area__rosidl_typesupport_fastrtps_c.h
[0.255s] -- Up-to-date: /home/vincent-pc/ros2_foxy/install/my_robot_interfaces/lib/libmy_robot_interfaces__rosidl_typesupport_fastrtps_c.so
[0.255s] -- Up-to-date: /home/vincent-pc/ros2_foxy/install/my_robot_interfaces/include/my_robot_interfaces
[0.255s] -- Up-to-date: /home/vincent-pc/ros2_foxy/install/my_robot_interfaces/include/my_robot_interfaces/msg
[0.255s] -- Up-to-date: /home/vincent-pc/ros2_foxy/install/my_robot_interfaces/include/my_robot_interfaces/msg/detail
[0.255s] -- Up-to-date: /home/vincent-pc/ros2_foxy/install/my_robot_interfaces/include/my_robot_interfaces/msg/detail/hardware_status__rosidl_typesupport_fastrtps_cpp.hpp
[0.255s] -- Up-to-date: /home/vincent-pc/ros2_foxy/install/my_robot_interfaces/include/my_robot_interfaces/msg/detail/led_state_array__rosidl_typesupport_fastrtps_cpp.hpp
[0.255s] -- Up-to-date: /home/vincent-pc/ros2_foxy/install/my_robot_interfaces/include/my_robot_interfaces/msg/detail/dds_fastrtps
[0.255s] -- Up-to-date: /home/vincent-pc/ros2_foxy/install/my_robot_interfaces/include/my_robot_interfaces/msg/rosidl_typesupport_fastrtps_cpp__visibility_control.h
[0.255s] -- Up-to-date: /home/vincent-pc/ros2_foxy/install/my_robot_interfaces/include/my_robot_interfaces/srv
[0.255s] -- Up-to-date: /home/vincent-pc/ros2_foxy/install/my_robot_interfaces/include/my_robot_interfaces/srv/detail
[0.255s] -- Up-to-date: /home/vincent-pc/ros2_foxy/install/my_robot_interfaces/include/my_robot_interfaces/srv/detail/compute_rectangle_area__rosidl_typesupport_fastrtps_cpp.hpp
[0.255s] -- Up-to-date: /home/vincent-pc/ros2_foxy/install/my_robot_interfaces/include/my_robot_interfaces/srv/detail/dds_fastrtps
[0.255s] -- Up-to-date: /home/vincent-pc/ros2_foxy/install/my_robot_interfaces/lib/libmy_robot_interfaces__rosidl_typesupport_fastrtps_cpp.so
[0.255s] -- Up-to-date: /home/vincent-pc/ros2_foxy/install/my_robot_interfaces/include/my_robot_interfaces
[0.255s] -- Up-to-date: /home/vincent-pc/ros2_foxy/install/my_robot_interfaces/include/my_robot_interfaces/msg
[0.256s] -- Up-to-date: /home/vincent-pc/ros2_foxy/install/my_robot_interfaces/include/my_robot_interfaces/msg/detail
[0.256s] -- Up-to-date: /home/vincent-pc/ros2_foxy/install/my_robot_interfaces/include/my_robot_interfaces/msg/detail/led_state_array__type_support.c
[0.256s] -- Up-to-date: /home/vincent-pc/ros2_foxy/install/my_robot_interfaces/include/my_robot_interfaces/msg/detail/hardware_status__type_support.c
[0.256s] -- Up-to-date: /home/vincent-pc/ros2_foxy/install/my_robot_interfaces/include/my_robot_interfaces/msg/detail/led_state_array__rosidl_typesupport_introspection_c.h
[0.256s] -- Up-to-date: /home/vincent-pc/ros2_foxy/install/my_robot_interfaces/include/my_robot_interfaces/msg/detail/hardware_status__rosidl_typesupport_introspection_c.h
[0.256s] -- Up-to-date: /home/vincent-pc/ros2_foxy/install/my_robot_interfaces/include/my_robot_interfaces/msg/rosidl_typesupport_introspection_c__visibility_control.h
[0.256s] -- Up-to-date: /home/vincent-pc/ros2_foxy/install/my_robot_interfaces/include/my_robot_interfaces/srv
[0.256s] -- Up-to-date: /home/vincent-pc/ros2_foxy/install/my_robot_interfaces/include/my_robot_interfaces/srv/detail
[0.256s] -- Up-to-date: /home/vincent-pc/ros2_foxy/install/my_robot_interfaces/include/my_robot_interfaces/srv/detail/compute_rectangle_area__type_support.c
[0.256s] -- Up-to-date: /home/vincent-pc/ros2_foxy/install/my_robot_interfaces/include/my_robot_interfaces/srv/detail/compute_rectangle_area__rosidl_typesupport_introspection_c.h
[0.256s] -- Up-to-date: /home/vincent-pc/ros2_foxy/install/my_robot_interfaces/lib/libmy_robot_interfaces__rosidl_typesupport_introspection_c.so
[0.256s] -- Up-to-date: /home/vincent-pc/ros2_foxy/install/my_robot_interfaces/lib/libmy_robot_interfaces__rosidl_typesupport_c.so
[0.256s] -- Up-to-date: /home/vincent-pc/ros2_foxy/install/my_robot_interfaces/include/my_robot_interfaces
[0.256s] -- Up-to-date: /home/vincent-pc/ros2_foxy/install/my_robot_interfaces/include/my_robot_interfaces/msg
[0.256s] -- Up-to-date: /home/vincent-pc/ros2_foxy/install/my_robot_interfaces/include/my_robot_interfaces/msg/detail
[0.256s] -- Up-to-date: /home/vincent-pc/ros2_foxy/install/my_robot_interfaces/include/my_robot_interfaces/msg/detail/hardware_status__traits.hpp
[0.257s] -- Up-to-date: /home/vincent-pc/ros2_foxy/install/my_robot_interfaces/include/my_robot_interfaces/msg/detail/led_state_array__builder.hpp
[0.257s] -- Up-to-date: /home/vincent-pc/ros2_foxy/install/my_robot_interfaces/include/my_robot_interfaces/msg/detail/led_state_array__traits.hpp
[0.257s] -- Up-to-date: /home/vincent-pc/ros2_foxy/install/my_robot_interfaces/include/my_robot_interfaces/msg/detail/hardware_status__type_support.hpp
[0.257s] -- Up-to-date: /home/vincent-pc/ros2_foxy/install/my_robot_interfaces/include/my_robot_interfaces/msg/detail/led_state_array__struct.hpp
[0.257s] -- Up-to-date: /home/vincent-pc/ros2_foxy/install/my_robot_interfaces/include/my_robot_interfaces/msg/detail/hardware_status__struct.hpp
[0.257s] -- Up-to-date: /home/vincent-pc/ros2_foxy/install/my_robot_interfaces/include/my_robot_interfaces/msg/detail/led_state_array__type_support.hpp
[0.257s] -- Up-to-date: /home/vincent-pc/ros2_foxy/install/my_robot_interfaces/include/my_robot_interfaces/msg/detail/hardware_status__builder.hpp
[0.257s] -- Up-to-date: /home/vincent-pc/ros2_foxy/install/my_robot_interfaces/include/my_robot_interfaces/msg/hardware_status.hpp
[0.257s] -- Up-to-date: /home/vincent-pc/ros2_foxy/install/my_robot_interfaces/include/my_robot_interfaces/msg/rosidl_generator_cpp__visibility_control.hpp
[0.257s] -- Up-to-date: /home/vincent-pc/ros2_foxy/install/my_robot_interfaces/include/my_robot_interfaces/msg/led_state_array.hpp
[0.257s] -- Up-to-date: /home/vincent-pc/ros2_foxy/install/my_robot_interfaces/include/my_robot_interfaces/srv
[0.257s] -- Up-to-date: /home/vincent-pc/ros2_foxy/install/my_robot_interfaces/include/my_robot_interfaces/srv/detail
[0.257s] -- Up-to-date: /home/vincent-pc/ros2_foxy/install/my_robot_interfaces/include/my_robot_interfaces/srv/detail/compute_rectangle_area__struct.hpp
[0.257s] -- Up-to-date: /home/vincent-pc/ros2_foxy/install/my_robot_interfaces/include/my_robot_interfaces/srv/detail/compute_rectangle_area__type_support.hpp
[0.257s] -- Up-to-date: /home/vincent-pc/ros2_foxy/install/my_robot_interfaces/include/my_robot_interfaces/srv/detail/compute_rectangle_area__traits.hpp
[0.257s] -- Up-to-date: /home/vincent-pc/ros2_foxy/install/my_robot_interfaces/include/my_robot_interfaces/srv/detail/compute_rectangle_area__builder.hpp
[0.258s] -- Up-to-date: /home/vincent-pc/ros2_foxy/install/my_robot_interfaces/include/my_robot_interfaces/srv/compute_rectangle_area.hpp
[0.258s] -- Up-to-date: /home/vincent-pc/ros2_foxy/install/my_robot_interfaces/include/my_robot_interfaces
[0.258s] -- Up-to-date: /home/vincent-pc/ros2_foxy/install/my_robot_interfaces/include/my_robot_interfaces/msg
[0.258s] -- Up-to-date: /home/vincent-pc/ros2_foxy/install/my_robot_interfaces/include/my_robot_interfaces/msg/detail
[0.258s] -- Up-to-date: /home/vincent-pc/ros2_foxy/install/my_robot_interfaces/include/my_robot_interfaces/msg/detail/hardware_status__type_support.cpp
[0.258s] -- Up-to-date: /home/vincent-pc/ros2_foxy/install/my_robot_interfaces/include/my_robot_interfaces/msg/detail/led_state_array__type_support.cpp
[0.258s] -- Up-to-date: /home/vincent-pc/ros2_foxy/install/my_robot_interfaces/include/my_robot_interfaces/msg/detail/led_state_array__rosidl_typesupport_introspection_cpp.hpp
[0.258s] -- Up-to-date: /home/vincent-pc/ros2_foxy/install/my_robot_interfaces/include/my_robot_interfaces/msg/detail/hardware_status__rosidl_typesupport_introspection_cpp.hpp
[0.258s] -- Up-to-date: /home/vincent-pc/ros2_foxy/install/my_robot_interfaces/include/my_robot_interfaces/srv
[0.258s] -- Up-to-date: /home/vincent-pc/ros2_foxy/install/my_robot_interfaces/include/my_robot_interfaces/srv/detail
[0.258s] -- Up-to-date: /home/vincent-pc/ros2_foxy/install/my_robot_interfaces/include/my_robot_interfaces/srv/detail/compute_rectangle_area__type_support.cpp
[0.258s] -- Up-to-date: /home/vincent-pc/ros2_foxy/install/my_robot_interfaces/include/my_robot_interfaces/srv/detail/compute_rectangle_area__rosidl_typesupport_introspection_cpp.hpp
[0.258s] -- Up-to-date: /home/vincent-pc/ros2_foxy/install/my_robot_interfaces/lib/libmy_robot_interfaces__rosidl_typesupport_introspection_cpp.so
[0.258s] -- Up-to-date: /home/vincent-pc/ros2_foxy/install/my_robot_interfaces/lib/libmy_robot_interfaces__rosidl_typesupport_cpp.so
[0.258s] -- Up-to-date: /home/vincent-pc/ros2_foxy/install/my_robot_interfaces/share/my_robot_interfaces/environment/pythonpath.sh
[0.258s] -- Up-to-date: /home/vincent-pc/ros2_foxy/install/my_robot_interfaces/share/my_robot_interfaces/environment/pythonpath.dsv
[0.258s] -- Up-to-date: /home/vincent-pc/ros2_foxy/install/my_robot_interfaces/lib/python3.8/site-packages/my_robot_interfaces/__init__.py
[0.293s] -- Up-to-date: /home/vincent-pc/ros2_foxy/install/my_robot_interfaces/lib/python3.8/site-packages/my_robot_interfaces/msg
[0.293s] -- Up-to-date: /home/vincent-pc/ros2_foxy/install/my_robot_interfaces/lib/python3.8/site-packages/my_robot_interfaces/msg/_hardware_status_s.c
[0.293s] -- Up-to-date: /home/vincent-pc/ros2_foxy/install/my_robot_interfaces/lib/python3.8/site-packages/my_robot_interfaces/msg/__init__.py
[0.293s] -- Up-to-date: /home/vincent-pc/ros2_foxy/install/my_robot_interfaces/lib/python3.8/site-packages/my_robot_interfaces/msg/_hardware_status.py
[0.293s] -- Up-to-date: /home/vincent-pc/ros2_foxy/install/my_robot_interfaces/lib/python3.8/site-packages/my_robot_interfaces/msg/_led_state_array.py
[0.293s] -- Up-to-date: /home/vincent-pc/ros2_foxy/install/my_robot_interfaces/lib/python3.8/site-packages/my_robot_interfaces/msg/_led_state_array_s.c
[0.293s] -- Up-to-date: /home/vincent-pc/ros2_foxy/install/my_robot_interfaces/lib/python3.8/site-packages/my_robot_interfaces/srv
[0.293s] -- Up-to-date: /home/vincent-pc/ros2_foxy/install/my_robot_interfaces/lib/python3.8/site-packages/my_robot_interfaces/srv/__init__.py
[0.293s] -- Up-to-date: /home/vincent-pc/ros2_foxy/install/my_robot_interfaces/lib/python3.8/site-packages/my_robot_interfaces/srv/_compute_rectangle_area.py
[0.294s] -- Up-to-date: /home/vincent-pc/ros2_foxy/install/my_robot_interfaces/lib/python3.8/site-packages/my_robot_interfaces/srv/_compute_rectangle_area_s.c
[0.294s] -- Up-to-date: /home/vincent-pc/ros2_foxy/install/my_robot_interfaces/lib/python3.8/site-packages/my_robot_interfaces/my_robot_interfaces_s__rosidl_typesupport_fastrtps_c.cpython-38-x86_64-linux-gnu.so
[0.294s] -- Up-to-date: /home/vincent-pc/ros2_foxy/install/my_robot_interfaces/lib/python3.8/site-packages/my_robot_interfaces/my_robot_interfaces_s__rosidl_typesupport_introspection_c.cpython-38-x86_64-linux-gnu.so
[0.295s] -- Up-to-date: /home/vincent-pc/ros2_foxy/install/my_robot_interfaces/lib/python3.8/site-packages/my_robot_interfaces/my_robot_interfaces_s__rosidl_typesupport_c.cpython-38-x86_64-linux-gnu.so
[0.296s] -- Up-to-date: /home/vincent-pc/ros2_foxy/install/my_robot_interfaces/lib/libmy_robot_interfaces__python.so
[0.296s] -- Up-to-date: /home/vincent-pc/ros2_foxy/install/my_robot_interfaces/share/my_robot_interfaces/msg/HardwareStatus.idl
[0.296s] -- Up-to-date: /home/vincent-pc/ros2_foxy/install/my_robot_interfaces/share/my_robot_interfaces/msg/LedStateArray.idl
[0.296s] -- Up-to-date: /home/vincent-pc/ros2_foxy/install/my_robot_interfaces/share/my_robot_interfaces/srv/ComputeRectangleArea.idl
[0.296s] -- Up-to-date: /home/vincent-pc/ros2_foxy/install/my_robot_interfaces/share/my_robot_interfaces/msg/HardwareStatus.msg
[0.296s] -- Up-to-date: /home/vincent-pc/ros2_foxy/install/my_robot_interfaces/share/my_robot_interfaces/msg/LedStateArray.msg
[0.296s] -- Up-to-date: /home/vincent-pc/ros2_foxy/install/my_robot_interfaces/share/my_robot_interfaces/srv/ComputeRectangleArea.srv
[0.296s] -- Up-to-date: /home/vincent-pc/ros2_foxy/install/my_robot_interfaces/share/my_robot_interfaces/srv/ComputeRectangleArea_Request.msg
[0.297s] -- Up-to-date: /home/vincent-pc/ros2_foxy/install/my_robot_interfaces/share/my_robot_interfaces/srv/ComputeRectangleArea_Response.msg
[0.297s] -- Up-to-date: /home/vincent-pc/ros2_foxy/install/my_robot_interfaces/share/ament_index/resource_index/package_run_dependencies/my_robot_interfaces
[0.297s] -- Up-to-date: /home/vincent-pc/ros2_foxy/install/my_robot_interfaces/share/ament_index/resource_index/parent_prefix_path/my_robot_interfaces
[0.297s] -- Up-to-date: /home/vincent-pc/ros2_foxy/install/my_robot_interfaces/share/my_robot_interfaces/environment/ament_prefix_path.sh
[0.297s] -- Up-to-date: /home/vincent-pc/ros2_foxy/install/my_robot_interfaces/share/my_robot_interfaces/environment/ament_prefix_path.dsv
[0.297s] -- Up-to-date: /home/vincent-pc/ros2_foxy/install/my_robot_interfaces/share/my_robot_interfaces/environment/path.sh
[0.297s] -- Up-to-date: /home/vincent-pc/ros2_foxy/install/my_robot_interfaces/share/my_robot_interfaces/environment/path.dsv
[0.297s] -- Up-to-date: /home/vincent-pc/ros2_foxy/install/my_robot_interfaces/share/my_robot_interfaces/local_setup.bash
[0.297s] -- Up-to-date: /home/vincent-pc/ros2_foxy/install/my_robot_interfaces/share/my_robot_interfaces/local_setup.sh
[0.297s] -- Up-to-date: /home/vincent-pc/ros2_foxy/install/my_robot_interfaces/share/my_robot_interfaces/local_setup.zsh
[0.297s] -- Up-to-date: /home/vincent-pc/ros2_foxy/install/my_robot_interfaces/share/my_robot_interfaces/local_setup.dsv
[0.297s] -- Installing: /home/vincent-pc/ros2_foxy/install/my_robot_interfaces/share/my_robot_interfaces/package.dsv
[0.297s] -- Up-to-date: /home/vincent-pc/ros2_foxy/install/my_robot_interfaces/share/ament_index/resource_index/packages/my_robot_interfaces
[0.297s] -- Up-to-date: /home/vincent-pc/ros2_foxy/install/my_robot_interfaces/share/my_robot_interfaces/cmake/my_robot_interfaces__rosidl_generator_cExport.cmake
[0.298s] -- Up-to-date: /home/vincent-pc/ros2_foxy/install/my_robot_interfaces/share/my_robot_interfaces/cmake/my_robot_interfaces__rosidl_generator_cExport-noconfig.cmake
[0.298s] -- Up-to-date: /home/vincent-pc/ros2_foxy/install/my_robot_interfaces/share/my_robot_interfaces/cmake/my_robot_interfaces__rosidl_typesupport_introspection_cExport.cmake
[0.298s] -- Up-to-date: /home/vincent-pc/ros2_foxy/install/my_robot_interfaces/share/my_robot_interfaces/cmake/my_robot_interfaces__rosidl_typesupport_introspection_cExport-noconfig.cmake
[0.298s] -- Up-to-date: /home/vincent-pc/ros2_foxy/install/my_robot_interfaces/share/my_robot_interfaces/cmake/my_robot_interfaces__rosidl_typesupport_cExport.cmake
[0.298s] -- Up-to-date: /home/vincent-pc/ros2_foxy/install/my_robot_interfaces/share/my_robot_interfaces/cmake/my_robot_interfaces__rosidl_typesupport_cExport-noconfig.cmake
[0.298s] -- Up-to-date: /home/vincent-pc/ros2_foxy/install/my_robot_interfaces/share/my_robot_interfaces/cmake/my_robot_interfaces__rosidl_generator_cppExport.cmake
[0.299s] -- Up-to-date: /home/vincent-pc/ros2_foxy/install/my_robot_interfaces/share/my_robot_interfaces/cmake/my_robot_interfaces__rosidl_typesupport_introspection_cppExport.cmake
[0.299s] -- Up-to-date: /home/vincent-pc/ros2_foxy/install/my_robot_interfaces/share/my_robot_interfaces/cmake/my_robot_interfaces__rosidl_typesupport_introspection_cppExport-noconfig.cmake
[0.299s] -- Up-to-date: /home/vincent-pc/ros2_foxy/install/my_robot_interfaces/share/my_robot_interfaces/cmake/my_robot_interfaces__rosidl_typesupport_cppExport.cmake
[0.299s] -- Up-to-date: /home/vincent-pc/ros2_foxy/install/my_robot_interfaces/share/my_robot_interfaces/cmake/my_robot_interfaces__rosidl_typesupport_cppExport-noconfig.cmake
[0.299s] -- Up-to-date: /home/vincent-pc/ros2_foxy/install/my_robot_interfaces/share/my_robot_interfaces/cmake/rosidl_cmake-extras.cmake
[0.299s] -- Up-to-date: /home/vincent-pc/ros2_foxy/install/my_robot_interfaces/share/my_robot_interfaces/cmake/ament_cmake_export_dependencies-extras.cmake
[0.299s] -- Up-to-date: /home/vincent-pc/ros2_foxy/install/my_robot_interfaces/share/my_robot_interfaces/cmake/ament_cmake_export_libraries-extras.cmake
[0.299s] -- Up-to-date: /home/vincent-pc/ros2_foxy/install/my_robot_interfaces/share/my_robot_interfaces/cmake/ament_cmake_export_targets-extras.cmake
[0.299s] -- Up-to-date: /home/vincent-pc/ros2_foxy/install/my_robot_interfaces/share/my_robot_interfaces/cmake/ament_cmake_export_include_directories-extras.cmake
[0.300s] -- Up-to-date: /home/vincent-pc/ros2_foxy/install/my_robot_interfaces/share/my_robot_interfaces/cmake/rosidl_cmake_export_typesupport_libraries-extras.cmake
[0.300s] -- Up-to-date: /home/vincent-pc/ros2_foxy/install/my_robot_interfaces/share/my_robot_interfaces/cmake/rosidl_cmake_export_typesupport_targets-extras.cmake
[0.300s] -- Up-to-date: /home/vincent-pc/ros2_foxy/install/my_robot_interfaces/share/my_robot_interfaces/cmake/my_robot_interfacesConfig.cmake
[0.300s] -- Up-to-date: /home/vincent-pc/ros2_foxy/install/my_robot_interfaces/share/my_robot_interfaces/cmake/my_robot_interfacesConfig-version.cmake
[0.300s] -- Up-to-date: /home/vincent-pc/ros2_foxy/install/my_robot_interfaces/share/my_robot_interfaces/package.xml
[0.302s] Invoked command in '/home/vincent-pc/ros2_foxy/build/my_robot_interfaces' returned '0': CMAKE_PREFIX_PATH=${CMAKE_PREFIX_PATH}:/home/vincent-pc/ros2_foxy/install/my_py_pkg:/home/vincent-pc/ros2_ws/install/py_srvcli:/home/vincent-pc/ros2_ws/install/py_pubsub:/home/vincent-pc/ros2_ws/install/my_package_Py:/home/vincent-pc/ros2_ws/install/examples_rclpy_minimal_subscriber:/home/vincent-pc/ros2_ws/install/examples_rclpy_minimal_service:/home/vincent-pc/ros2_ws/install/examples_rclpy_minimal_publisher:/home/vincent-pc/ros2_ws/install/examples_rclpy_minimal_client:/home/vincent-pc/ros2_ws/install/examples_rclpy_minimal_action_server:/home/vincent-pc/ros2_ws/install/examples_rclpy_minimal_action_client:/home/vincent-pc/ros2_ws/install/examples_rclpy_executors:/opt/ros/foxy /usr/bin/cmake --install /home/vincent-pc/ros2_foxy/build/my_robot_interfaces
