[ 50%] Built target spawner_cpp
[100%] Built target controller_cpp
-- Install configuration: ""
-- Up-to-date: /home/vincent-pc/ros2_foxy/install/turtlesim_catch_them_all_cpp/lib/turtlesim_catch_them_all_cpp/controller_cpp
-- Up-to-date: /home/vincent-pc/ros2_foxy/install/turtlesim_catch_them_all_cpp/lib/turtlesim_catch_them_all_cpp/spawner_cpp
-- Up-to-date: /home/vincent-pc/ros2_foxy/install/turtlesim_catch_them_all_cpp/share/ament_index/resource_index/package_run_dependencies/turtlesim_catch_them_all_cpp
-- Up-to-date: /home/vincent-pc/ros2_foxy/install/turtlesim_catch_them_all_cpp/share/ament_index/resource_index/parent_prefix_path/turtlesim_catch_them_all_cpp
-- Up-to-date: /home/vincent-pc/ros2_foxy/install/turtlesim_catch_them_all_cpp/share/turtlesim_catch_them_all_cpp/environment/ament_prefix_path.sh
-- Up-to-date: /home/vincent-pc/ros2_foxy/install/turtlesim_catch_them_all_cpp/share/turtlesim_catch_them_all_cpp/environment/ament_prefix_path.dsv
-- Up-to-date: /home/vincent-pc/ros2_foxy/install/turtlesim_catch_them_all_cpp/share/turtlesim_catch_them_all_cpp/environment/path.sh
-- Up-to-date: /home/vincent-pc/ros2_foxy/install/turtlesim_catch_them_all_cpp/share/turtlesim_catch_them_all_cpp/environment/path.dsv
-- Up-to-date: /home/vincent-pc/ros2_foxy/install/turtlesim_catch_them_all_cpp/share/turtlesim_catch_them_all_cpp/local_setup.bash
-- Up-to-date: /home/vincent-pc/ros2_foxy/install/turtlesim_catch_them_all_cpp/share/turtlesim_catch_them_all_cpp/local_setup.sh
-- Up-to-date: /home/vincent-pc/ros2_foxy/install/turtlesim_catch_them_all_cpp/share/turtlesim_catch_them_all_cpp/local_setup.zsh
-- Up-to-date: /home/vincent-pc/ros2_foxy/install/turtlesim_catch_them_all_cpp/share/turtlesim_catch_them_all_cpp/local_setup.dsv
-- Installing: /home/vincent-pc/ros2_foxy/install/turtlesim_catch_them_all_cpp/share/turtlesim_catch_them_all_cpp/package.dsv
-- Up-to-date: /home/vincent-pc/ros2_foxy/install/turtlesim_catch_them_all_cpp/share/ament_index/resource_index/packages/turtlesim_catch_them_all_cpp
-- Up-to-date: /home/vincent-pc/ros2_foxy/install/turtlesim_catch_them_all_cpp/share/turtlesim_catch_them_all_cpp/cmake/turtlesim_catch_them_all_cppConfig.cmake
-- Up-to-date: /home/vincent-pc/ros2_foxy/install/turtlesim_catch_them_all_cpp/share/turtlesim_catch_them_all_cpp/cmake/turtlesim_catch_them_all_cppConfig-version.cmake
-- Up-to-date: /home/vincent-pc/ros2_foxy/install/turtlesim_catch_them_all_cpp/share/turtlesim_catch_them_all_cpp/package.xml
