[0.016s] Invoking command in '/home/vincent-pc/ros2_foxy/build/my_cpp_pkg': CMAKE_PREFIX_PATH=${CMAKE_PREFIX_PATH}:/home/vincent-pc/ros2_foxy/install/my_py_pkg:/home/vincent-pc/ros2_ws/install/py_srvcli:/home/vincent-pc/ros2_ws/install/py_pubsub:/home/vincent-pc/ros2_ws/install/my_package_Py:/home/vincent-pc/ros2_ws/install/examples_rclpy_minimal_subscriber:/home/vincent-pc/ros2_ws/install/examples_rclpy_minimal_service:/home/vincent-pc/ros2_ws/install/examples_rclpy_minimal_publisher:/home/vincent-pc/ros2_ws/install/examples_rclpy_minimal_client:/home/vincent-pc/ros2_ws/install/examples_rclpy_minimal_action_server:/home/vincent-pc/ros2_ws/install/examples_rclpy_minimal_action_client:/home/vincent-pc/ros2_ws/install/examples_rclpy_executors:/opt/ros/foxy /usr/bin/cmake --build /home/vincent-pc/ros2_foxy/build/my_cpp_pkg -- -j8 -l8
[0.059s] [35m[1mScanning dependencies of target add_two_ints_server_cpp[0m
[0.086s] [ 16%] Built target cpp_node
[0.090s] [ 25%] [32mBuilding CXX object CMakeFiles/add_two_ints_server_cpp.dir/src/add_two_ints_server.cpp.o[0m
[0.090s] [ 41%] Built target robot_news_station_cpp
[0.090s] [ 58%] Built target smartphone_cpp
[0.094s] [ 75%] Built target number_counter_cpp
[0.097s] [ 91%] Built target number_publisher_cpp
[2.103s] [100%] [32m[1mLinking CXX executable add_two_ints_server_cpp[0m
[2.272s] [100%] Built target add_two_ints_server_cpp
[2.283s] Invoked command in '/home/vincent-pc/ros2_foxy/build/my_cpp_pkg' returned '0': CMAKE_PREFIX_PATH=${CMAKE_PREFIX_PATH}:/home/vincent-pc/ros2_foxy/install/my_py_pkg:/home/vincent-pc/ros2_ws/install/py_srvcli:/home/vincent-pc/ros2_ws/install/py_pubsub:/home/vincent-pc/ros2_ws/install/my_package_Py:/home/vincent-pc/ros2_ws/install/examples_rclpy_minimal_subscriber:/home/vincent-pc/ros2_ws/install/examples_rclpy_minimal_service:/home/vincent-pc/ros2_ws/install/examples_rclpy_minimal_publisher:/home/vincent-pc/ros2_ws/install/examples_rclpy_minimal_client:/home/vincent-pc/ros2_ws/install/examples_rclpy_minimal_action_server:/home/vincent-pc/ros2_ws/install/examples_rclpy_minimal_action_client:/home/vincent-pc/ros2_ws/install/examples_rclpy_executors:/opt/ros/foxy /usr/bin/cmake --build /home/vincent-pc/ros2_foxy/build/my_cpp_pkg -- -j8 -l8
[2.295s] Invoking command in '/home/vincent-pc/ros2_foxy/build/my_cpp_pkg': CMAKE_PREFIX_PATH=${CMAKE_PREFIX_PATH}:/home/vincent-pc/ros2_foxy/install/my_py_pkg:/home/vincent-pc/ros2_ws/install/py_srvcli:/home/vincent-pc/ros2_ws/install/py_pubsub:/home/vincent-pc/ros2_ws/install/my_package_Py:/home/vincent-pc/ros2_ws/install/examples_rclpy_minimal_subscriber:/home/vincent-pc/ros2_ws/install/examples_rclpy_minimal_service:/home/vincent-pc/ros2_ws/install/examples_rclpy_minimal_publisher:/home/vincent-pc/ros2_ws/install/examples_rclpy_minimal_client:/home/vincent-pc/ros2_ws/install/examples_rclpy_minimal_action_server:/home/vincent-pc/ros2_ws/install/examples_rclpy_minimal_action_client:/home/vincent-pc/ros2_ws/install/examples_rclpy_executors:/opt/ros/foxy /usr/bin/cmake --install /home/vincent-pc/ros2_foxy/build/my_cpp_pkg
[2.303s] -- Install configuration: ""
[2.303s] -- Up-to-date: /home/vincent-pc/ros2_foxy/install/my_cpp_pkg/lib/my_cpp_pkg/cpp_node
[2.303s] -- Up-to-date: /home/vincent-pc/ros2_foxy/install/my_cpp_pkg/lib/my_cpp_pkg/robot_news_station_cpp
[2.303s] -- Up-to-date: /home/vincent-pc/ros2_foxy/install/my_cpp_pkg/lib/my_cpp_pkg/smartphone_cpp
[2.304s] -- Up-to-date: /home/vincent-pc/ros2_foxy/install/my_cpp_pkg/lib/my_cpp_pkg/number_publisher_cpp
[2.304s] -- Up-to-date: /home/vincent-pc/ros2_foxy/install/my_cpp_pkg/lib/my_cpp_pkg/number_counter_cpp
[2.305s] -- Installing: /home/vincent-pc/ros2_foxy/install/my_cpp_pkg/lib/my_cpp_pkg/add_two_ints_server_cpp
[2.305s] -- Set runtime path of "/home/vincent-pc/ros2_foxy/install/my_cpp_pkg/lib/my_cpp_pkg/add_two_ints_server_cpp" to ""
[2.306s] -- Up-to-date: /home/vincent-pc/ros2_foxy/install/my_cpp_pkg/share/ament_index/resource_index/package_run_dependencies/my_cpp_pkg
[2.306s] -- Up-to-date: /home/vincent-pc/ros2_foxy/install/my_cpp_pkg/share/ament_index/resource_index/parent_prefix_path/my_cpp_pkg
[2.306s] -- Up-to-date: /home/vincent-pc/ros2_foxy/install/my_cpp_pkg/share/my_cpp_pkg/environment/ament_prefix_path.sh
[2.306s] -- Installing: /home/vincent-pc/ros2_foxy/install/my_cpp_pkg/share/my_cpp_pkg/environment/ament_prefix_path.dsv
[2.306s] -- Up-to-date: /home/vincent-pc/ros2_foxy/install/my_cpp_pkg/share/my_cpp_pkg/environment/path.sh
[2.306s] -- Installing: /home/vincent-pc/ros2_foxy/install/my_cpp_pkg/share/my_cpp_pkg/environment/path.dsv
[2.306s] -- Up-to-date: /home/vincent-pc/ros2_foxy/install/my_cpp_pkg/share/my_cpp_pkg/local_setup.bash
[2.306s] -- Up-to-date: /home/vincent-pc/ros2_foxy/install/my_cpp_pkg/share/my_cpp_pkg/local_setup.sh
[2.306s] -- Up-to-date: /home/vincent-pc/ros2_foxy/install/my_cpp_pkg/share/my_cpp_pkg/local_setup.zsh
[2.306s] -- Installing: /home/vincent-pc/ros2_foxy/install/my_cpp_pkg/share/my_cpp_pkg/local_setup.dsv
[2.306s] -- Installing: /home/vincent-pc/ros2_foxy/install/my_cpp_pkg/share/my_cpp_pkg/package.dsv
[2.306s] -- Up-to-date: /home/vincent-pc/ros2_foxy/install/my_cpp_pkg/share/ament_index/resource_index/packages/my_cpp_pkg
[2.307s] -- Up-to-date: /home/vincent-pc/ros2_foxy/install/my_cpp_pkg/share/my_cpp_pkg/cmake/my_cpp_pkgConfig.cmake
[2.307s] -- Up-to-date: /home/vincent-pc/ros2_foxy/install/my_cpp_pkg/share/my_cpp_pkg/cmake/my_cpp_pkgConfig-version.cmake
[2.307s] -- Up-to-date: /home/vincent-pc/ros2_foxy/install/my_cpp_pkg/share/my_cpp_pkg/package.xml
[2.309s] Invoked command in '/home/vincent-pc/ros2_foxy/build/my_cpp_pkg' returned '0': CMAKE_PREFIX_PATH=${CMAKE_PREFIX_PATH}:/home/vincent-pc/ros2_foxy/install/my_py_pkg:/home/vincent-pc/ros2_ws/install/py_srvcli:/home/vincent-pc/ros2_ws/install/py_pubsub:/home/vincent-pc/ros2_ws/install/my_package_Py:/home/vincent-pc/ros2_ws/install/examples_rclpy_minimal_subscriber:/home/vincent-pc/ros2_ws/install/examples_rclpy_minimal_service:/home/vincent-pc/ros2_ws/install/examples_rclpy_minimal_publisher:/home/vincent-pc/ros2_ws/install/examples_rclpy_minimal_client:/home/vincent-pc/ros2_ws/install/examples_rclpy_minimal_action_server:/home/vincent-pc/ros2_ws/install/examples_rclpy_minimal_action_client:/home/vincent-pc/ros2_ws/install/examples_rclpy_executors:/opt/ros/foxy /usr/bin/cmake --install /home/vincent-pc/ros2_foxy/build/my_cpp_pkg
