-- Found ament_cmake: 0.9.12 (/opt/ros/foxy/share/ament_cmake/cmake)
-- Using PYTHON_EXECUTABLE: /usr/bin/python3
-- Found rclcpp: 2.4.3 (/opt/ros/foxy/share/rclcpp/cmake)
-- Using all available rosidl_typesupport_c: rosidl_typesupport_fastrtps_c;rosidl_typesupport_introspection_c
-- Found rosidl_adapter: 1.3.1 (/opt/ros/foxy/share/rosidl_adapter/cmake)
-- Using all available rosidl_typesupport_cpp: rosidl_typesupport_fastrtps_cpp;rosidl_typesupport_introspection_cpp
-- Found rmw_implementation_cmake: 1.0.4 (/opt/ros/foxy/share/rmw_implementation_cmake/cmake)
-- Using RMW implementation 'rmw_fastrtps_cpp' as default
-- Found example_interfaces: 0.9.1 (/opt/ros/foxy/share/example_interfaces/cmake)
-- Found my_robot_interfaces: 0.0.0 (/home/vincent-pc/ros2_foxy/install/my_robot_interfaces/share/my_robot_interfaces/cmake)
-- Configuring done
-- Generating done
-- Build files have been written to: /home/vincent-pc/ros2_foxy/build/my_cpp_pkg
[35m[1mScanning dependencies of target led_panel_cpp[0m
[35m[1mScanning dependencies of target add_two_ints_server_cpp[0m
[35m[1mScanning dependencies of target smartphone_cpp[0m
[35m[1mScanning dependencies of target hardware_status_publisher_cpp[0m
[35m[1mScanning dependencies of target number_counter_cpp[0m
[35m[1mScanning dependencies of target cpp_node[0m
[35m[1mScanning dependencies of target robot_news_station_cpp[0m
[35m[1mScanning dependencies of target add_two_ints_client_no_oop[0m
[  4%] [32mBuilding CXX object CMakeFiles/cpp_node.dir/src/my_first_node.cpp.o[0m
[  8%] [32mBuilding CXX object CMakeFiles/add_two_ints_server_cpp.dir/src/add_two_ints_server.cpp.o[0m
[ 12%] [32mBuilding CXX object CMakeFiles/robot_news_station_cpp.dir/src/robot_news_station.cpp.o[0m
[ 16%] [32mBuilding CXX object CMakeFiles/number_counter_cpp.dir/src/number_counter.cpp.o[0m
[ 25%] [32mBuilding CXX object CMakeFiles/led_panel_cpp.dir/src/led_panel.cpp.o[0m
[ 25%] [32mBuilding CXX object CMakeFiles/hardware_status_publisher_cpp.dir/src/hw_status_publisher.cpp.o[0m
[ 29%] [32mBuilding CXX object CMakeFiles/smartphone_cpp.dir/src/smartphone.cpp.o[0m
[ 33%] [32mBuilding CXX object CMakeFiles/add_two_ints_client_no_oop.dir/src/add_two_ints_client_no_oop.cpp.o[0m
[ 37%] [32m[1mLinking CXX executable cpp_node[0m
[ 41%] [32m[1mLinking CXX executable add_two_ints_server_cpp[0m
[ 45%] [32m[1mLinking CXX executable add_two_ints_client_no_oop[0m
[ 45%] Built target add_two_ints_server_cpp
[ 45%] Built target cpp_node
[35m[1mScanning dependencies of target number_publisher_cpp[0m
[35m[1mScanning dependencies of target add_two_ints_client[0m
[ 50%] [32mBuilding CXX object CMakeFiles/add_two_ints_client.dir/src/add_two_ints_client.cpp.o[0m
[ 54%] [32mBuilding CXX object CMakeFiles/number_publisher_cpp.dir/src/number_publisher.cpp.o[0m
[ 54%] Built target add_two_ints_client_no_oop
[35m[1mScanning dependencies of target reset_number_client[0m
[ 58%] [32mBuilding CXX object CMakeFiles/reset_number_client.dir/src/reset_number_client.cpp.o[0m
[ 62%] [32m[1mLinking CXX executable hardware_status_publisher_cpp[0m
[ 66%] [32m[1mLinking CXX executable robot_news_station_cpp[0m
[ 66%] Built target hardware_status_publisher_cpp
[35m[1mScanning dependencies of target number_counter_server_cpp[0m
[ 70%] [32mBuilding CXX object CMakeFiles/number_counter_server_cpp.dir/src/number_counter_server.cpp.o[0m
[ 70%] Built target robot_news_station_cpp
[ 75%] [32m[1mLinking CXX executable led_panel_cpp[0m
[ 75%] Built target led_panel_cpp
[ 79%] [32m[1mLinking CXX executable add_two_ints_client[0m
[ 83%] [32m[1mLinking CXX executable reset_number_client[0m
[ 87%] [32m[1mLinking CXX executable number_counter_cpp[0m
[ 87%] Built target add_two_ints_client
[ 91%] [32m[1mLinking CXX executable smartphone_cpp[0m
[ 91%] Built target reset_number_client
[ 91%] Built target number_counter_cpp
[ 91%] Built target smartphone_cpp
[ 95%] [32m[1mLinking CXX executable number_publisher_cpp[0m
[ 95%] Built target number_publisher_cpp
[100%] [32m[1mLinking CXX executable number_counter_server_cpp[0m
[100%] Built target number_counter_server_cpp
-- Install configuration: ""
-- Installing: /home/vincent-pc/ros2_foxy/install/my_cpp_pkg/lib/my_cpp_pkg/cpp_node
-- Set runtime path of "/home/vincent-pc/ros2_foxy/install/my_cpp_pkg/lib/my_cpp_pkg/cpp_node" to ""
-- Installing: /home/vincent-pc/ros2_foxy/install/my_cpp_pkg/lib/my_cpp_pkg/robot_news_station_cpp
-- Set runtime path of "/home/vincent-pc/ros2_foxy/install/my_cpp_pkg/lib/my_cpp_pkg/robot_news_station_cpp" to ""
-- Installing: /home/vincent-pc/ros2_foxy/install/my_cpp_pkg/lib/my_cpp_pkg/smartphone_cpp
-- Set runtime path of "/home/vincent-pc/ros2_foxy/install/my_cpp_pkg/lib/my_cpp_pkg/smartphone_cpp" to ""
-- Installing: /home/vincent-pc/ros2_foxy/install/my_cpp_pkg/lib/my_cpp_pkg/number_publisher_cpp
-- Set runtime path of "/home/vincent-pc/ros2_foxy/install/my_cpp_pkg/lib/my_cpp_pkg/number_publisher_cpp" to ""
-- Installing: /home/vincent-pc/ros2_foxy/install/my_cpp_pkg/lib/my_cpp_pkg/number_counter_cpp
-- Set runtime path of "/home/vincent-pc/ros2_foxy/install/my_cpp_pkg/lib/my_cpp_pkg/number_counter_cpp" to ""
-- Installing: /home/vincent-pc/ros2_foxy/install/my_cpp_pkg/lib/my_cpp_pkg/add_two_ints_server_cpp
-- Set runtime path of "/home/vincent-pc/ros2_foxy/install/my_cpp_pkg/lib/my_cpp_pkg/add_two_ints_server_cpp" to ""
-- Installing: /home/vincent-pc/ros2_foxy/install/my_cpp_pkg/lib/my_cpp_pkg/add_two_ints_client_no_oop
-- Set runtime path of "/home/vincent-pc/ros2_foxy/install/my_cpp_pkg/lib/my_cpp_pkg/add_two_ints_client_no_oop" to ""
-- Installing: /home/vincent-pc/ros2_foxy/install/my_cpp_pkg/lib/my_cpp_pkg/add_two_ints_client
-- Set runtime path of "/home/vincent-pc/ros2_foxy/install/my_cpp_pkg/lib/my_cpp_pkg/add_two_ints_client" to ""
-- Installing: /home/vincent-pc/ros2_foxy/install/my_cpp_pkg/lib/my_cpp_pkg/number_counter_server_cpp
-- Set runtime path of "/home/vincent-pc/ros2_foxy/install/my_cpp_pkg/lib/my_cpp_pkg/number_counter_server_cpp" to ""
-- Installing: /home/vincent-pc/ros2_foxy/install/my_cpp_pkg/lib/my_cpp_pkg/reset_number_client
-- Set runtime path of "/home/vincent-pc/ros2_foxy/install/my_cpp_pkg/lib/my_cpp_pkg/reset_number_client" to ""
-- Installing: /home/vincent-pc/ros2_foxy/install/my_cpp_pkg/lib/my_cpp_pkg/hardware_status_publisher_cpp
-- Set runtime path of "/home/vincent-pc/ros2_foxy/install/my_cpp_pkg/lib/my_cpp_pkg/hardware_status_publisher_cpp" to ""
-- Installing: /home/vincent-pc/ros2_foxy/install/my_cpp_pkg/lib/my_cpp_pkg/led_panel_cpp
-- Set runtime path of "/home/vincent-pc/ros2_foxy/install/my_cpp_pkg/lib/my_cpp_pkg/led_panel_cpp" to ""
-- Installing: /home/vincent-pc/ros2_foxy/install/my_cpp_pkg/share/ament_index/resource_index/package_run_dependencies/my_cpp_pkg
-- Installing: /home/vincent-pc/ros2_foxy/install/my_cpp_pkg/share/ament_index/resource_index/parent_prefix_path/my_cpp_pkg
-- Installing: /home/vincent-pc/ros2_foxy/install/my_cpp_pkg/share/my_cpp_pkg/environment/ament_prefix_path.sh
-- Installing: /home/vincent-pc/ros2_foxy/install/my_cpp_pkg/share/my_cpp_pkg/environment/ament_prefix_path.dsv
-- Installing: /home/vincent-pc/ros2_foxy/install/my_cpp_pkg/share/my_cpp_pkg/environment/path.sh
-- Installing: /home/vincent-pc/ros2_foxy/install/my_cpp_pkg/share/my_cpp_pkg/environment/path.dsv
-- Installing: /home/vincent-pc/ros2_foxy/install/my_cpp_pkg/share/my_cpp_pkg/local_setup.bash
-- Installing: /home/vincent-pc/ros2_foxy/install/my_cpp_pkg/share/my_cpp_pkg/local_setup.sh
-- Installing: /home/vincent-pc/ros2_foxy/install/my_cpp_pkg/share/my_cpp_pkg/local_setup.zsh
-- Installing: /home/vincent-pc/ros2_foxy/install/my_cpp_pkg/share/my_cpp_pkg/local_setup.dsv
-- Installing: /home/vincent-pc/ros2_foxy/install/my_cpp_pkg/share/my_cpp_pkg/package.dsv
-- Installing: /home/vincent-pc/ros2_foxy/install/my_cpp_pkg/share/ament_index/resource_index/packages/my_cpp_pkg
-- Installing: /home/vincent-pc/ros2_foxy/install/my_cpp_pkg/share/my_cpp_pkg/cmake/my_cpp_pkgConfig.cmake
-- Installing: /home/vincent-pc/ros2_foxy/install/my_cpp_pkg/share/my_cpp_pkg/cmake/my_cpp_pkgConfig-version.cmake
-- Installing: /home/vincent-pc/ros2_foxy/install/my_cpp_pkg/share/my_cpp_pkg/package.xml
