[0.011s] Invoking command in '/home/vincent-pc/ros2_foxy/build/my_cpp_pkg': CMAKE_PREFIX_PATH=${CMAKE_PREFIX_PATH}:/home/vincent-pc/ros2_foxy/install/turtlesim_catch_them_all_py:/opt/ros/foxy /usr/bin/cmake /home/vincent-pc/ros2_foxy/src/my_cpp_pkg -DCMAKE_INSTALL_PREFIX=/home/vincent-pc/ros2_foxy/install/my_cpp_pkg
[0.024s] -- Found ament_cmake: 0.9.12 (/opt/ros/foxy/share/ament_cmake/cmake)
[0.044s] -- Using PYTHON_EXECUTABLE: /usr/bin/python3
[0.207s] -- Found rclcpp: 2.4.3 (/opt/ros/foxy/share/rclcpp/cmake)
[0.234s] -- Using all available rosidl_typesupport_c: rosidl_typesupport_fastrtps_c;rosidl_typesupport_introspection_c
[0.237s] -- Found rosidl_adapter: 1.3.1 (/opt/ros/foxy/share/rosidl_adapter/cmake)
[0.316s] -- Using all available rosidl_typesupport_cpp: rosidl_typesupport_fastrtps_cpp;rosidl_typesupport_introspection_cpp
[0.357s] -- Found rmw_implementation_cmake: 1.0.4 (/opt/ros/foxy/share/rmw_implementation_cmake/cmake)
[0.359s] -- Using RMW implementation 'rmw_fastrtps_cpp' as default
[0.475s] -- Found example_interfaces: 0.9.1 (/opt/ros/foxy/share/example_interfaces/cmake)
[0.562s] -- Found my_robot_interfaces: 0.0.0 (/home/vincent-pc/ros2_foxy/install/my_robot_interfaces/share/my_robot_interfaces/cmake)
[0.627s] -- Configuring done
[0.663s] -- Generating done
[0.681s] -- Build files have been written to: /home/vincent-pc/ros2_foxy/build/my_cpp_pkg
[0.688s] Invoked command in '/home/vincent-pc/ros2_foxy/build/my_cpp_pkg' returned '0': CMAKE_PREFIX_PATH=${CMAKE_PREFIX_PATH}:/home/vincent-pc/ros2_foxy/install/turtlesim_catch_them_all_py:/opt/ros/foxy /usr/bin/cmake /home/vincent-pc/ros2_foxy/src/my_cpp_pkg -DCMAKE_INSTALL_PREFIX=/home/vincent-pc/ros2_foxy/install/my_cpp_pkg
[0.689s] Invoking command in '/home/vincent-pc/ros2_foxy/build/my_cpp_pkg': CMAKE_PREFIX_PATH=${CMAKE_PREFIX_PATH}:/home/vincent-pc/ros2_foxy/install/turtlesim_catch_them_all_py:/opt/ros/foxy /usr/bin/cmake --build /home/vincent-pc/ros2_foxy/build/my_cpp_pkg -- -j8 -l8
[0.723s] [35m[1mScanning dependencies of target led_panel_cpp[0m
[0.724s] [35m[1mScanning dependencies of target add_two_ints_server_cpp[0m
[0.724s] [35m[1mScanning dependencies of target smartphone_cpp[0m
[0.725s] [35m[1mScanning dependencies of target hardware_status_publisher_cpp[0m
[0.725s] [35m[1mScanning dependencies of target number_counter_cpp[0m
[0.728s] [35m[1mScanning dependencies of target cpp_node[0m
[0.728s] [35m[1mScanning dependencies of target robot_news_station_cpp[0m
[0.728s] [35m[1mScanning dependencies of target add_two_ints_client_no_oop[0m
[0.780s] [  4%] [32mBuilding CXX object CMakeFiles/cpp_node.dir/src/my_first_node.cpp.o[0m
[0.781s] [  8%] [32mBuilding CXX object CMakeFiles/add_two_ints_server_cpp.dir/src/add_two_ints_server.cpp.o[0m
[0.782s] [ 12%] [32mBuilding CXX object CMakeFiles/robot_news_station_cpp.dir/src/robot_news_station.cpp.o[0m
[0.786s] [ 16%] [32mBuilding CXX object CMakeFiles/number_counter_cpp.dir/src/number_counter.cpp.o[0m
[0.791s] [ 25%] [32mBuilding CXX object CMakeFiles/led_panel_cpp.dir/src/led_panel.cpp.o[0m
[0.791s] [ 25%] [32mBuilding CXX object CMakeFiles/hardware_status_publisher_cpp.dir/src/hw_status_publisher.cpp.o[0m
[0.795s] [ 29%] [32mBuilding CXX object CMakeFiles/smartphone_cpp.dir/src/smartphone.cpp.o[0m
[0.806s] [ 33%] [32mBuilding CXX object CMakeFiles/add_two_ints_client_no_oop.dir/src/add_two_ints_client_no_oop.cpp.o[0m
[5.369s] [ 37%] [32m[1mLinking CXX executable cpp_node[0m
[5.439s] [ 41%] [32m[1mLinking CXX executable add_two_ints_server_cpp[0m
[5.756s] [ 45%] [32m[1mLinking CXX executable add_two_ints_client_no_oop[0m
[5.785s] [ 45%] Built target add_two_ints_server_cpp
[5.813s] [ 45%] Built target cpp_node
[5.818s] [35m[1mScanning dependencies of target number_publisher_cpp[0m
[5.844s] [35m[1mScanning dependencies of target add_two_ints_client[0m
[6.039s] [ 50%] [32mBuilding CXX object CMakeFiles/add_two_ints_client.dir/src/add_two_ints_client.cpp.o[0m
[6.044s] [ 54%] [32mBuilding CXX object CMakeFiles/number_publisher_cpp.dir/src/number_publisher.cpp.o[0m
[6.132s] [ 54%] Built target add_two_ints_client_no_oop
[6.177s] [35m[1mScanning dependencies of target reset_number_client[0m
[6.273s] [ 58%] [32mBuilding CXX object CMakeFiles/reset_number_client.dir/src/reset_number_client.cpp.o[0m
[6.684s] [ 62%] [32m[1mLinking CXX executable hardware_status_publisher_cpp[0m
[7.091s] [ 66%] [32m[1mLinking CXX executable robot_news_station_cpp[0m
[7.124s] [ 66%] Built target hardware_status_publisher_cpp
[7.195s] [35m[1mScanning dependencies of target number_counter_server_cpp[0m
[7.293s] [ 70%] [32mBuilding CXX object CMakeFiles/number_counter_server_cpp.dir/src/number_counter_server.cpp.o[0m
[7.613s] [ 70%] Built target robot_news_station_cpp
[7.938s] [ 75%] [32m[1mLinking CXX executable led_panel_cpp[0m
[8.298s] [ 75%] Built target led_panel_cpp
[10.035s] [ 79%] [32m[1mLinking CXX executable add_two_ints_client[0m
[10.133s] [ 83%] [32m[1mLinking CXX executable reset_number_client[0m
[10.221s] [ 87%] [32m[1mLinking CXX executable number_counter_cpp[0m
[10.262s] [ 87%] Built target add_two_ints_client
[10.328s] [ 91%] [32m[1mLinking CXX executable smartphone_cpp[0m
[10.458s] [ 91%] Built target reset_number_client
[10.597s] [ 91%] Built target number_counter_cpp
[10.663s] [ 91%] Built target smartphone_cpp
[11.220s] [ 95%] [32m[1mLinking CXX executable number_publisher_cpp[0m
[11.379s] [ 95%] Built target number_publisher_cpp
[13.458s] [100%] [32m[1mLinking CXX executable number_counter_server_cpp[0m
[13.682s] [100%] Built target number_counter_server_cpp
[13.694s] Invoked command in '/home/vincent-pc/ros2_foxy/build/my_cpp_pkg' returned '0': CMAKE_PREFIX_PATH=${CMAKE_PREFIX_PATH}:/home/vincent-pc/ros2_foxy/install/turtlesim_catch_them_all_py:/opt/ros/foxy /usr/bin/cmake --build /home/vincent-pc/ros2_foxy/build/my_cpp_pkg -- -j8 -l8
[13.709s] Invoking command in '/home/vincent-pc/ros2_foxy/build/my_cpp_pkg': CMAKE_PREFIX_PATH=${CMAKE_PREFIX_PATH}:/home/vincent-pc/ros2_foxy/install/turtlesim_catch_them_all_py:/opt/ros/foxy /usr/bin/cmake --install /home/vincent-pc/ros2_foxy/build/my_cpp_pkg
[13.719s] -- Install configuration: ""
[13.719s] -- Installing: /home/vincent-pc/ros2_foxy/install/my_cpp_pkg/lib/my_cpp_pkg/cpp_node
[13.720s] -- Set runtime path of "/home/vincent-pc/ros2_foxy/install/my_cpp_pkg/lib/my_cpp_pkg/cpp_node" to ""
[13.720s] -- Installing: /home/vincent-pc/ros2_foxy/install/my_cpp_pkg/lib/my_cpp_pkg/robot_news_station_cpp
[13.720s] -- Set runtime path of "/home/vincent-pc/ros2_foxy/install/my_cpp_pkg/lib/my_cpp_pkg/robot_news_station_cpp" to ""
[13.721s] -- Installing: /home/vincent-pc/ros2_foxy/install/my_cpp_pkg/lib/my_cpp_pkg/smartphone_cpp
[13.722s] -- Set runtime path of "/home/vincent-pc/ros2_foxy/install/my_cpp_pkg/lib/my_cpp_pkg/smartphone_cpp" to ""
[13.722s] -- Installing: /home/vincent-pc/ros2_foxy/install/my_cpp_pkg/lib/my_cpp_pkg/number_publisher_cpp
[13.723s] -- Set runtime path of "/home/vincent-pc/ros2_foxy/install/my_cpp_pkg/lib/my_cpp_pkg/number_publisher_cpp" to ""
[13.723s] -- Installing: /home/vincent-pc/ros2_foxy/install/my_cpp_pkg/lib/my_cpp_pkg/number_counter_cpp
[13.724s] -- Set runtime path of "/home/vincent-pc/ros2_foxy/install/my_cpp_pkg/lib/my_cpp_pkg/number_counter_cpp" to ""
[13.724s] -- Installing: /home/vincent-pc/ros2_foxy/install/my_cpp_pkg/lib/my_cpp_pkg/add_two_ints_server_cpp
[13.725s] -- Set runtime path of "/home/vincent-pc/ros2_foxy/install/my_cpp_pkg/lib/my_cpp_pkg/add_two_ints_server_cpp" to ""
[13.725s] -- Installing: /home/vincent-pc/ros2_foxy/install/my_cpp_pkg/lib/my_cpp_pkg/add_two_ints_client_no_oop
[13.725s] -- Set runtime path of "/home/vincent-pc/ros2_foxy/install/my_cpp_pkg/lib/my_cpp_pkg/add_two_ints_client_no_oop" to ""
[13.725s] -- Installing: /home/vincent-pc/ros2_foxy/install/my_cpp_pkg/lib/my_cpp_pkg/add_two_ints_client
[13.726s] -- Set runtime path of "/home/vincent-pc/ros2_foxy/install/my_cpp_pkg/lib/my_cpp_pkg/add_two_ints_client" to ""
[13.726s] -- Installing: /home/vincent-pc/ros2_foxy/install/my_cpp_pkg/lib/my_cpp_pkg/number_counter_server_cpp
[13.728s] -- Set runtime path of "/home/vincent-pc/ros2_foxy/install/my_cpp_pkg/lib/my_cpp_pkg/number_counter_server_cpp" to ""
[13.728s] -- Installing: /home/vincent-pc/ros2_foxy/install/my_cpp_pkg/lib/my_cpp_pkg/reset_number_client
[13.728s] -- Set runtime path of "/home/vincent-pc/ros2_foxy/install/my_cpp_pkg/lib/my_cpp_pkg/reset_number_client" to ""
[13.728s] -- Installing: /home/vincent-pc/ros2_foxy/install/my_cpp_pkg/lib/my_cpp_pkg/hardware_status_publisher_cpp
[13.729s] -- Set runtime path of "/home/vincent-pc/ros2_foxy/install/my_cpp_pkg/lib/my_cpp_pkg/hardware_status_publisher_cpp" to ""
[13.729s] -- Installing: /home/vincent-pc/ros2_foxy/install/my_cpp_pkg/lib/my_cpp_pkg/led_panel_cpp
[13.730s] -- Set runtime path of "/home/vincent-pc/ros2_foxy/install/my_cpp_pkg/lib/my_cpp_pkg/led_panel_cpp" to ""
[13.730s] -- Installing: /home/vincent-pc/ros2_foxy/install/my_cpp_pkg/share/ament_index/resource_index/package_run_dependencies/my_cpp_pkg
[13.731s] -- Installing: /home/vincent-pc/ros2_foxy/install/my_cpp_pkg/share/ament_index/resource_index/parent_prefix_path/my_cpp_pkg
[13.732s] -- Installing: /home/vincent-pc/ros2_foxy/install/my_cpp_pkg/share/my_cpp_pkg/environment/ament_prefix_path.sh
[13.732s] -- Installing: /home/vincent-pc/ros2_foxy/install/my_cpp_pkg/share/my_cpp_pkg/environment/ament_prefix_path.dsv
[13.732s] -- Installing: /home/vincent-pc/ros2_foxy/install/my_cpp_pkg/share/my_cpp_pkg/environment/path.sh
[13.732s] -- Installing: /home/vincent-pc/ros2_foxy/install/my_cpp_pkg/share/my_cpp_pkg/environment/path.dsv
[13.732s] -- Installing: /home/vincent-pc/ros2_foxy/install/my_cpp_pkg/share/my_cpp_pkg/local_setup.bash
[13.733s] -- Installing: /home/vincent-pc/ros2_foxy/install/my_cpp_pkg/share/my_cpp_pkg/local_setup.sh
[13.733s] -- Installing: /home/vincent-pc/ros2_foxy/install/my_cpp_pkg/share/my_cpp_pkg/local_setup.zsh
[13.733s] -- Installing: /home/vincent-pc/ros2_foxy/install/my_cpp_pkg/share/my_cpp_pkg/local_setup.dsv
[13.733s] -- Installing: /home/vincent-pc/ros2_foxy/install/my_cpp_pkg/share/my_cpp_pkg/package.dsv
[13.733s] -- Installing: /home/vincent-pc/ros2_foxy/install/my_cpp_pkg/share/ament_index/resource_index/packages/my_cpp_pkg
[13.733s] -- Installing: /home/vincent-pc/ros2_foxy/install/my_cpp_pkg/share/my_cpp_pkg/cmake/my_cpp_pkgConfig.cmake
[13.734s] -- Installing: /home/vincent-pc/ros2_foxy/install/my_cpp_pkg/share/my_cpp_pkg/cmake/my_cpp_pkgConfig-version.cmake
[13.734s] -- Installing: /home/vincent-pc/ros2_foxy/install/my_cpp_pkg/share/my_cpp_pkg/package.xml
[13.736s] Invoked command in '/home/vincent-pc/ros2_foxy/build/my_cpp_pkg' returned '0': CMAKE_PREFIX_PATH=${CMAKE_PREFIX_PATH}:/home/vincent-pc/ros2_foxy/install/turtlesim_catch_them_all_py:/opt/ros/foxy /usr/bin/cmake --install /home/vincent-pc/ros2_foxy/build/my_cpp_pkg
