[0.017s] Invoking command in '/home/vincent-pc/ros2_foxy/build/my_robot_bringup': AMENT_PREFIX_PATH=/home/vincent-pc/ros2_foxy/install/turtlesim_catch_them_all_py:/home/vincent-pc/ros2_foxy/install/my_py_pkg:/home/vincent-pc/ros2_foxy/install/my_robot_bringup:/home/vincent-pc/ros2_foxy/install/turtlesim_catch_them_all:/home/vincent-pc/ros2_foxy/install/my_robot_interfaces:/home/vincent-pc/ros2_foxy/install/my_cpp_pkg:/opt/ros/foxy CMAKE_PREFIX_PATH=/home/vincent-pc/ros2_foxy/install/my_robot_interfaces:/home/vincent-pc/ros2_foxy/install/my_cpp_pkg:/home/vincent-pc/ros2_foxy/install/my_robot_bringup:/home/vincent-pc/ros2_foxy/install/turtlesim_catch_them_all:/home/vincent-pc/ros2_foxy/install/turtlesim_catch_them_all_py:/home/vincent-pc/ros2_foxy/install/my_py_pkg:/opt/ros/foxy /usr/bin/cmake --build /home/vincent-pc/ros2_foxy/build/my_robot_bringup -- -j8 -l8
[0.046s] -- Found ament_cmake: 0.9.12 (/opt/ros/foxy/share/ament_cmake/cmake)
[0.071s] -- Using PYTHON_EXECUTABLE: /usr/bin/python3
[0.353s] -- Configuring done
[0.353s] -- Generating done
[0.354s] -- Build files have been written to: /home/vincent-pc/ros2_foxy/build/my_robot_bringup
[0.396s] Invoked command in '/home/vincent-pc/ros2_foxy/build/my_robot_bringup' returned '0': AMENT_PREFIX_PATH=/home/vincent-pc/ros2_foxy/install/turtlesim_catch_them_all_py:/home/vincent-pc/ros2_foxy/install/my_py_pkg:/home/vincent-pc/ros2_foxy/install/my_robot_bringup:/home/vincent-pc/ros2_foxy/install/turtlesim_catch_them_all:/home/vincent-pc/ros2_foxy/install/my_robot_interfaces:/home/vincent-pc/ros2_foxy/install/my_cpp_pkg:/opt/ros/foxy CMAKE_PREFIX_PATH=/home/vincent-pc/ros2_foxy/install/my_robot_interfaces:/home/vincent-pc/ros2_foxy/install/my_cpp_pkg:/home/vincent-pc/ros2_foxy/install/my_robot_bringup:/home/vincent-pc/ros2_foxy/install/turtlesim_catch_them_all:/home/vincent-pc/ros2_foxy/install/turtlesim_catch_them_all_py:/home/vincent-pc/ros2_foxy/install/my_py_pkg:/opt/ros/foxy /usr/bin/cmake --build /home/vincent-pc/ros2_foxy/build/my_robot_bringup -- -j8 -l8
[0.409s] Invoking command in '/home/vincent-pc/ros2_foxy/build/my_robot_bringup': AMENT_PREFIX_PATH=/home/vincent-pc/ros2_foxy/install/turtlesim_catch_them_all_py:/home/vincent-pc/ros2_foxy/install/my_py_pkg:/home/vincent-pc/ros2_foxy/install/my_robot_bringup:/home/vincent-pc/ros2_foxy/install/turtlesim_catch_them_all:/home/vincent-pc/ros2_foxy/install/my_robot_interfaces:/home/vincent-pc/ros2_foxy/install/my_cpp_pkg:/opt/ros/foxy CMAKE_PREFIX_PATH=/home/vincent-pc/ros2_foxy/install/my_robot_interfaces:/home/vincent-pc/ros2_foxy/install/my_cpp_pkg:/home/vincent-pc/ros2_foxy/install/my_robot_bringup:/home/vincent-pc/ros2_foxy/install/turtlesim_catch_them_all:/home/vincent-pc/ros2_foxy/install/turtlesim_catch_them_all_py:/home/vincent-pc/ros2_foxy/install/my_py_pkg:/opt/ros/foxy /usr/bin/cmake --install /home/vincent-pc/ros2_foxy/build/my_robot_bringup
[0.418s] -- Install configuration: ""
[0.418s] -- Up-to-date: /home/vincent-pc/ros2_foxy/install/my_robot_bringup/share/my_robot_bringup//launch
[0.418s] -- Up-to-date: /home/vincent-pc/ros2_foxy/install/my_robot_bringup/share/my_robot_bringup//launch/number_app_from_python.launch.xml
[0.418s] -- Up-to-date: /home/vincent-pc/ros2_foxy/install/my_robot_bringup/share/my_robot_bringup//launch/robot_new_station_app.launch.xml
[0.418s] -- Installing: /home/vincent-pc/ros2_foxy/install/my_robot_bringup/share/my_robot_bringup//launch/turtlesim_app.launch.xml
[0.419s] -- Up-to-date: /home/vincent-pc/ros2_foxy/install/my_robot_bringup/share/my_robot_bringup//launch/number_app.launch.xml
[0.419s] -- Up-to-date: /home/vincent-pc/ros2_foxy/install/my_robot_bringup/share/my_robot_bringup//launch/number_app.launch.py
[0.419s] -- Up-to-date: /home/vincent-pc/ros2_foxy/install/my_robot_bringup/share/my_robot_bringup//config
[0.419s] -- Installing: /home/vincent-pc/ros2_foxy/install/my_robot_bringup/share/my_robot_bringup//config/catch_them_all.yaml
[0.419s] -- Up-to-date: /home/vincent-pc/ros2_foxy/install/my_robot_bringup/share/my_robot_bringup//config/robot_news_station_app.yaml
[0.419s] -- Up-to-date: /home/vincent-pc/ros2_foxy/install/my_robot_bringup/share/my_robot_bringup//config/number_app.yaml
[0.419s] -- Installing: /home/vincent-pc/ros2_foxy/install/my_robot_bringup/share/ament_index/resource_index/package_run_dependencies/my_robot_bringup
[0.419s] -- Installing: /home/vincent-pc/ros2_foxy/install/my_robot_bringup/share/ament_index/resource_index/parent_prefix_path/my_robot_bringup
[0.419s] -- Up-to-date: /home/vincent-pc/ros2_foxy/install/my_robot_bringup/share/my_robot_bringup/environment/ament_prefix_path.sh
[0.419s] -- Installing: /home/vincent-pc/ros2_foxy/install/my_robot_bringup/share/my_robot_bringup/environment/ament_prefix_path.dsv
[0.419s] -- Up-to-date: /home/vincent-pc/ros2_foxy/install/my_robot_bringup/share/my_robot_bringup/environment/path.sh
[0.419s] -- Installing: /home/vincent-pc/ros2_foxy/install/my_robot_bringup/share/my_robot_bringup/environment/path.dsv
[0.419s] -- Up-to-date: /home/vincent-pc/ros2_foxy/install/my_robot_bringup/share/my_robot_bringup/local_setup.bash
[0.420s] -- Up-to-date: /home/vincent-pc/ros2_foxy/install/my_robot_bringup/share/my_robot_bringup/local_setup.sh
[0.420s] -- Up-to-date: /home/vincent-pc/ros2_foxy/install/my_robot_bringup/share/my_robot_bringup/local_setup.zsh
[0.420s] -- Installing: /home/vincent-pc/ros2_foxy/install/my_robot_bringup/share/my_robot_bringup/local_setup.dsv
[0.420s] -- Installing: /home/vincent-pc/ros2_foxy/install/my_robot_bringup/share/my_robot_bringup/package.dsv
[0.420s] -- Up-to-date: /home/vincent-pc/ros2_foxy/install/my_robot_bringup/share/ament_index/resource_index/packages/my_robot_bringup
[0.420s] -- Up-to-date: /home/vincent-pc/ros2_foxy/install/my_robot_bringup/share/my_robot_bringup/cmake/my_robot_bringupConfig.cmake
[0.420s] -- Up-to-date: /home/vincent-pc/ros2_foxy/install/my_robot_bringup/share/my_robot_bringup/cmake/my_robot_bringupConfig-version.cmake
[0.420s] -- Installing: /home/vincent-pc/ros2_foxy/install/my_robot_bringup/share/my_robot_bringup/package.xml
[0.422s] Invoked command in '/home/vincent-pc/ros2_foxy/build/my_robot_bringup' returned '0': AMENT_PREFIX_PATH=/home/vincent-pc/ros2_foxy/install/turtlesim_catch_them_all_py:/home/vincent-pc/ros2_foxy/install/my_py_pkg:/home/vincent-pc/ros2_foxy/install/my_robot_bringup:/home/vincent-pc/ros2_foxy/install/turtlesim_catch_them_all:/home/vincent-pc/ros2_foxy/install/my_robot_interfaces:/home/vincent-pc/ros2_foxy/install/my_cpp_pkg:/opt/ros/foxy CMAKE_PREFIX_PATH=/home/vincent-pc/ros2_foxy/install/my_robot_interfaces:/home/vincent-pc/ros2_foxy/install/my_cpp_pkg:/home/vincent-pc/ros2_foxy/install/my_robot_bringup:/home/vincent-pc/ros2_foxy/install/turtlesim_catch_them_all:/home/vincent-pc/ros2_foxy/install/turtlesim_catch_them_all_py:/home/vincent-pc/ros2_foxy/install/my_py_pkg:/opt/ros/foxy /usr/bin/cmake --install /home/vincent-pc/ros2_foxy/build/my_robot_bringup
