[0.236s] DEBUG:colcon:Command line arguments: ['/usr/bin/colcon', 'build', '--symlink-install']
[0.236s] DEBUG:colcon:Parsed command line arguments: Namespace(allow_overriding=[], ament_cmake_args=None, base_paths=['.'], build_base='build', catkin_cmake_args=None, catkin_skip_building_tests=False, cmake_args=None, cmake_clean_cache=False, cmake_clean_first=False, cmake_force_configure=False, cmake_target=None, cmake_target_skip_unavailable=False, continue_on_error=False, event_handlers=None, executor='parallel', ignore_user_meta=False, install_base='install', log_base=None, log_level=None, main=<bound method BuildVerb.main of <colcon_core.verb.build.BuildVerb object at 0x7f3a7b92a970>>, merge_install=False, metas=['./colcon.meta'], mixin=None, mixin_files=None, mixin_verb=('build',), packages_above=None, packages_above_and_dependencies=None, packages_above_depth=None, packages_end=None, packages_ignore=None, packages_ignore_regex=None, packages_select=None, packages_select_build_failed=False, packages_select_by_dep=None, packages_select_regex=None, packages_select_test_failures=False, packages_skip=None, packages_skip_build_finished=False, packages_skip_by_dep=None, packages_skip_regex=None, packages_skip_test_passed=False, packages_skip_up_to=None, packages_start=None, packages_up_to=None, packages_up_to_regex=None, parallel_workers=8, paths=None, symlink_install=True, test_result_base=None, verb_extension=<colcon_core.verb.build.BuildVerb object at 0x7f3a7b92a970>, verb_name='build', verb_parser=<colcon_mixin.mixin.mixin_argument.MixinArgumentDecorator object at 0x7f3a7b8ff970>)
[0.414s] Level 1:colcon.colcon_core.package_discovery:discover_packages(colcon_meta) check parameters
[0.414s] Level 1:colcon.colcon_core.package_discovery:discover_packages(recursive) check parameters
[0.414s] Level 1:colcon.colcon_core.package_discovery:discover_packages(ignore) check parameters
[0.414s] Level 1:colcon.colcon_core.package_discovery:discover_packages(path) check parameters
[0.414s] Level 1:colcon.colcon_core.package_discovery:discover_packages(colcon_meta) discover
[0.414s] Level 1:colcon.colcon_core.package_discovery:discover_packages(recursive) discover
[0.414s] INFO:colcon.colcon_core.package_discovery:Crawling recursively for packages in '/home/vincent-pc/ros2_foxy'
[0.414s] Level 1:colcon.colcon_core.package_identification:_identify(.) by extensions ['ignore', 'ignore_ament_install']
[0.414s] Level 1:colcon.colcon_core.package_identification:_identify(.) by extension 'ignore'
[0.415s] Level 1:colcon.colcon_core.package_identification:_identify(.) by extension 'ignore_ament_install'
[0.415s] Level 1:colcon.colcon_core.package_identification:_identify(.) by extensions ['colcon_pkg']
[0.415s] Level 1:colcon.colcon_core.package_identification:_identify(.) by extension 'colcon_pkg'
[0.415s] Level 1:colcon.colcon_core.package_identification:_identify(.) by extensions ['colcon_meta']
[0.415s] Level 1:colcon.colcon_core.package_identification:_identify(.) by extension 'colcon_meta'
[0.415s] Level 1:colcon.colcon_core.package_identification:_identify(.) by extensions ['ros']
[0.415s] Level 1:colcon.colcon_core.package_identification:_identify(.) by extension 'ros'
[0.428s] Level 1:colcon.colcon_core.package_identification:_identify(.) by extensions ['cmake', 'python']
[0.428s] Level 1:colcon.colcon_core.package_identification:_identify(.) by extension 'cmake'
[0.428s] Level 1:colcon.colcon_core.package_identification:_identify(.) by extension 'python'
[0.428s] Level 1:colcon.colcon_core.package_identification:_identify(.) by extensions ['python_setup_py']
[0.428s] Level 1:colcon.colcon_core.package_identification:_identify(.) by extension 'python_setup_py'
[0.428s] Level 1:colcon.colcon_core.package_identification:_identify(URDF) by extensions ['ignore', 'ignore_ament_install']
[0.428s] Level 1:colcon.colcon_core.package_identification:_identify(URDF) by extension 'ignore'
[0.429s] Level 1:colcon.colcon_core.package_identification:_identify(URDF) by extension 'ignore_ament_install'
[0.429s] Level 1:colcon.colcon_core.package_identification:_identify(URDF) by extensions ['colcon_pkg']
[0.429s] Level 1:colcon.colcon_core.package_identification:_identify(URDF) by extension 'colcon_pkg'
[0.429s] Level 1:colcon.colcon_core.package_identification:_identify(URDF) by extensions ['colcon_meta']
[0.429s] Level 1:colcon.colcon_core.package_identification:_identify(URDF) by extension 'colcon_meta'
[0.429s] Level 1:colcon.colcon_core.package_identification:_identify(URDF) by extensions ['ros']
[0.429s] Level 1:colcon.colcon_core.package_identification:_identify(URDF) by extension 'ros'
[0.429s] Level 1:colcon.colcon_core.package_identification:_identify(URDF) by extensions ['cmake', 'python']
[0.429s] Level 1:colcon.colcon_core.package_identification:_identify(URDF) by extension 'cmake'
[0.429s] Level 1:colcon.colcon_core.package_identification:_identify(URDF) by extension 'python'
[0.429s] Level 1:colcon.colcon_core.package_identification:_identify(URDF) by extensions ['python_setup_py']
[0.429s] Level 1:colcon.colcon_core.package_identification:_identify(URDF) by extension 'python_setup_py'
[0.429s] Level 1:colcon.colcon_core.package_identification:_identify(build) by extensions ['ignore', 'ignore_ament_install']
[0.429s] Level 1:colcon.colcon_core.package_identification:_identify(build) by extension 'ignore'
[0.429s] Level 1:colcon.colcon_core.package_identification:_identify(build) ignored
[0.429s] Level 1:colcon.colcon_core.package_identification:_identify(install) by extensions ['ignore', 'ignore_ament_install']
[0.430s] Level 1:colcon.colcon_core.package_identification:_identify(install) by extension 'ignore'
[0.430s] Level 1:colcon.colcon_core.package_identification:_identify(install) ignored
[0.430s] Level 1:colcon.colcon_core.package_identification:_identify(log) by extensions ['ignore', 'ignore_ament_install']
[0.430s] Level 1:colcon.colcon_core.package_identification:_identify(log) by extension 'ignore'
[0.430s] Level 1:colcon.colcon_core.package_identification:_identify(log) ignored
[0.430s] Level 1:colcon.colcon_core.package_identification:_identify(src) by extensions ['ignore', 'ignore_ament_install']
[0.430s] Level 1:colcon.colcon_core.package_identification:_identify(src) by extension 'ignore'
[0.430s] Level 1:colcon.colcon_core.package_identification:_identify(src) by extension 'ignore_ament_install'
[0.430s] Level 1:colcon.colcon_core.package_identification:_identify(src) by extensions ['colcon_pkg']
[0.430s] Level 1:colcon.colcon_core.package_identification:_identify(src) by extension 'colcon_pkg'
[0.430s] Level 1:colcon.colcon_core.package_identification:_identify(src) by extensions ['colcon_meta']
[0.430s] Level 1:colcon.colcon_core.package_identification:_identify(src) by extension 'colcon_meta'
[0.430s] Level 1:colcon.colcon_core.package_identification:_identify(src) by extensions ['ros']
[0.430s] Level 1:colcon.colcon_core.package_identification:_identify(src) by extension 'ros'
[0.430s] Level 1:colcon.colcon_core.package_identification:_identify(src) by extensions ['cmake', 'python']
[0.430s] Level 1:colcon.colcon_core.package_identification:_identify(src) by extension 'cmake'
[0.431s] Level 1:colcon.colcon_core.package_identification:_identify(src) by extension 'python'
[0.431s] Level 1:colcon.colcon_core.package_identification:_identify(src) by extensions ['python_setup_py']
[0.431s] Level 1:colcon.colcon_core.package_identification:_identify(src) by extension 'python_setup_py'
[0.431s] Level 1:colcon.colcon_core.package_identification:_identify(src/my_cpp_pkg) by extensions ['ignore', 'ignore_ament_install']
[0.431s] Level 1:colcon.colcon_core.package_identification:_identify(src/my_cpp_pkg) by extension 'ignore'
[0.431s] Level 1:colcon.colcon_core.package_identification:_identify(src/my_cpp_pkg) by extension 'ignore_ament_install'
[0.431s] Level 1:colcon.colcon_core.package_identification:_identify(src/my_cpp_pkg) by extensions ['colcon_pkg']
[0.431s] Level 1:colcon.colcon_core.package_identification:_identify(src/my_cpp_pkg) by extension 'colcon_pkg'
[0.431s] Level 1:colcon.colcon_core.package_identification:_identify(src/my_cpp_pkg) by extensions ['colcon_meta']
[0.431s] Level 1:colcon.colcon_core.package_identification:_identify(src/my_cpp_pkg) by extension 'colcon_meta'
[0.431s] Level 1:colcon.colcon_core.package_identification:_identify(src/my_cpp_pkg) by extensions ['ros']
[0.431s] Level 1:colcon.colcon_core.package_identification:_identify(src/my_cpp_pkg) by extension 'ros'
[0.434s] DEBUG:colcon.colcon_core.package_identification:Package 'src/my_cpp_pkg' with type 'ros.ament_cmake' and name 'my_cpp_pkg'
[0.434s] Level 1:colcon.colcon_core.package_identification:_identify(src/my_py_pkg) by extensions ['ignore', 'ignore_ament_install']
[0.434s] Level 1:colcon.colcon_core.package_identification:_identify(src/my_py_pkg) by extension 'ignore'
[0.434s] Level 1:colcon.colcon_core.package_identification:_identify(src/my_py_pkg) by extension 'ignore_ament_install'
[0.434s] Level 1:colcon.colcon_core.package_identification:_identify(src/my_py_pkg) by extensions ['colcon_pkg']
[0.434s] Level 1:colcon.colcon_core.package_identification:_identify(src/my_py_pkg) by extension 'colcon_pkg'
[0.434s] Level 1:colcon.colcon_core.package_identification:_identify(src/my_py_pkg) by extensions ['colcon_meta']
[0.434s] Level 1:colcon.colcon_core.package_identification:_identify(src/my_py_pkg) by extension 'colcon_meta'
[0.434s] Level 1:colcon.colcon_core.package_identification:_identify(src/my_py_pkg) by extensions ['ros']
[0.434s] Level 1:colcon.colcon_core.package_identification:_identify(src/my_py_pkg) by extension 'ros'
[0.435s] DEBUG:colcon.colcon_core.package_identification:Package 'src/my_py_pkg' with type 'ros.ament_python' and name 'my_py_pkg'
[0.435s] Level 1:colcon.colcon_core.package_identification:_identify(src/my_robot_bringup) by extensions ['ignore', 'ignore_ament_install']
[0.435s] Level 1:colcon.colcon_core.package_identification:_identify(src/my_robot_bringup) by extension 'ignore'
[0.435s] Level 1:colcon.colcon_core.package_identification:_identify(src/my_robot_bringup) by extension 'ignore_ament_install'
[0.435s] Level 1:colcon.colcon_core.package_identification:_identify(src/my_robot_bringup) by extensions ['colcon_pkg']
[0.435s] Level 1:colcon.colcon_core.package_identification:_identify(src/my_robot_bringup) by extension 'colcon_pkg'
[0.435s] Level 1:colcon.colcon_core.package_identification:_identify(src/my_robot_bringup) by extensions ['colcon_meta']
[0.435s] Level 1:colcon.colcon_core.package_identification:_identify(src/my_robot_bringup) by extension 'colcon_meta'
[0.435s] Level 1:colcon.colcon_core.package_identification:_identify(src/my_robot_bringup) by extensions ['ros']
[0.435s] Level 1:colcon.colcon_core.package_identification:_identify(src/my_robot_bringup) by extension 'ros'
[0.436s] DEBUG:colcon.colcon_core.package_identification:Package 'src/my_robot_bringup' with type 'ros.ament_cmake' and name 'my_robot_bringup'
[0.436s] Level 1:colcon.colcon_core.package_identification:_identify(src/my_robot_description) by extensions ['ignore', 'ignore_ament_install']
[0.436s] Level 1:colcon.colcon_core.package_identification:_identify(src/my_robot_description) by extension 'ignore'
[0.436s] Level 1:colcon.colcon_core.package_identification:_identify(src/my_robot_description) by extension 'ignore_ament_install'
[0.436s] Level 1:colcon.colcon_core.package_identification:_identify(src/my_robot_description) by extensions ['colcon_pkg']
[0.436s] Level 1:colcon.colcon_core.package_identification:_identify(src/my_robot_description) by extension 'colcon_pkg'
[0.436s] Level 1:colcon.colcon_core.package_identification:_identify(src/my_robot_description) by extensions ['colcon_meta']
[0.436s] Level 1:colcon.colcon_core.package_identification:_identify(src/my_robot_description) by extension 'colcon_meta'
[0.436s] Level 1:colcon.colcon_core.package_identification:_identify(src/my_robot_description) by extensions ['ros']
[0.436s] Level 1:colcon.colcon_core.package_identification:_identify(src/my_robot_description) by extension 'ros'
[0.437s] DEBUG:colcon.colcon_core.package_identification:Package 'src/my_robot_description' with type 'ros.ament_cmake' and name 'my_robot_description'
[0.437s] Level 1:colcon.colcon_core.package_identification:_identify(src/my_robot_interfaces) by extensions ['ignore', 'ignore_ament_install']
[0.437s] Level 1:colcon.colcon_core.package_identification:_identify(src/my_robot_interfaces) by extension 'ignore'
[0.437s] Level 1:colcon.colcon_core.package_identification:_identify(src/my_robot_interfaces) by extension 'ignore_ament_install'
[0.437s] Level 1:colcon.colcon_core.package_identification:_identify(src/my_robot_interfaces) by extensions ['colcon_pkg']
[0.437s] Level 1:colcon.colcon_core.package_identification:_identify(src/my_robot_interfaces) by extension 'colcon_pkg'
[0.437s] Level 1:colcon.colcon_core.package_identification:_identify(src/my_robot_interfaces) by extensions ['colcon_meta']
[0.437s] Level 1:colcon.colcon_core.package_identification:_identify(src/my_robot_interfaces) by extension 'colcon_meta'
[0.437s] Level 1:colcon.colcon_core.package_identification:_identify(src/my_robot_interfaces) by extensions ['ros']
[0.437s] Level 1:colcon.colcon_core.package_identification:_identify(src/my_robot_interfaces) by extension 'ros'
[0.438s] DEBUG:colcon.colcon_core.package_identification:Package 'src/my_robot_interfaces' with type 'ros.ament_cmake' and name 'my_robot_interfaces'
[0.438s] Level 1:colcon.colcon_core.package_identification:_identify(src/turtlesim_catch_them_all_cpp) by extensions ['ignore', 'ignore_ament_install']
[0.438s] Level 1:colcon.colcon_core.package_identification:_identify(src/turtlesim_catch_them_all_cpp) by extension 'ignore'
[0.438s] Level 1:colcon.colcon_core.package_identification:_identify(src/turtlesim_catch_them_all_cpp) by extension 'ignore_ament_install'
[0.438s] Level 1:colcon.colcon_core.package_identification:_identify(src/turtlesim_catch_them_all_cpp) by extensions ['colcon_pkg']
[0.438s] Level 1:colcon.colcon_core.package_identification:_identify(src/turtlesim_catch_them_all_cpp) by extension 'colcon_pkg'
[0.438s] Level 1:colcon.colcon_core.package_identification:_identify(src/turtlesim_catch_them_all_cpp) by extensions ['colcon_meta']
[0.438s] Level 1:colcon.colcon_core.package_identification:_identify(src/turtlesim_catch_them_all_cpp) by extension 'colcon_meta'
[0.438s] Level 1:colcon.colcon_core.package_identification:_identify(src/turtlesim_catch_them_all_cpp) by extensions ['ros']
[0.438s] Level 1:colcon.colcon_core.package_identification:_identify(src/turtlesim_catch_them_all_cpp) by extension 'ros'
[0.439s] DEBUG:colcon.colcon_core.package_identification:Package 'src/turtlesim_catch_them_all_cpp' with type 'ros.ament_cmake' and name 'turtlesim_catch_them_all_cpp'
[0.440s] Level 1:colcon.colcon_core.package_identification:_identify(src/turtlesim_catch_them_all_py) by extensions ['ignore', 'ignore_ament_install']
[0.440s] Level 1:colcon.colcon_core.package_identification:_identify(src/turtlesim_catch_them_all_py) by extension 'ignore'
[0.440s] Level 1:colcon.colcon_core.package_identification:_identify(src/turtlesim_catch_them_all_py) by extension 'ignore_ament_install'
[0.440s] Level 1:colcon.colcon_core.package_identification:_identify(src/turtlesim_catch_them_all_py) by extensions ['colcon_pkg']
[0.440s] Level 1:colcon.colcon_core.package_identification:_identify(src/turtlesim_catch_them_all_py) by extension 'colcon_pkg'
[0.440s] Level 1:colcon.colcon_core.package_identification:_identify(src/turtlesim_catch_them_all_py) by extensions ['colcon_meta']
[0.440s] Level 1:colcon.colcon_core.package_identification:_identify(src/turtlesim_catch_them_all_py) by extension 'colcon_meta'
[0.440s] Level 1:colcon.colcon_core.package_identification:_identify(src/turtlesim_catch_them_all_py) by extensions ['ros']
[0.440s] Level 1:colcon.colcon_core.package_identification:_identify(src/turtlesim_catch_them_all_py) by extension 'ros'
[0.441s] DEBUG:colcon.colcon_core.package_identification:Package 'src/turtlesim_catch_them_all_py' with type 'ros.ament_python' and name 'turtlesim_catch_them_all_py'
[0.441s] Level 1:colcon.colcon_core.package_identification:_identify(yaml_params) by extensions ['ignore', 'ignore_ament_install']
[0.442s] Level 1:colcon.colcon_core.package_identification:_identify(yaml_params) by extension 'ignore'
[0.442s] Level 1:colcon.colcon_core.package_identification:_identify(yaml_params) by extension 'ignore_ament_install'
[0.442s] Level 1:colcon.colcon_core.package_identification:_identify(yaml_params) by extensions ['colcon_pkg']
[0.442s] Level 1:colcon.colcon_core.package_identification:_identify(yaml_params) by extension 'colcon_pkg'
[0.442s] Level 1:colcon.colcon_core.package_identification:_identify(yaml_params) by extensions ['colcon_meta']
[0.442s] Level 1:colcon.colcon_core.package_identification:_identify(yaml_params) by extension 'colcon_meta'
[0.442s] Level 1:colcon.colcon_core.package_identification:_identify(yaml_params) by extensions ['ros']
[0.442s] Level 1:colcon.colcon_core.package_identification:_identify(yaml_params) by extension 'ros'
[0.442s] Level 1:colcon.colcon_core.package_identification:_identify(yaml_params) by extensions ['cmake', 'python']
[0.442s] Level 1:colcon.colcon_core.package_identification:_identify(yaml_params) by extension 'cmake'
[0.442s] Level 1:colcon.colcon_core.package_identification:_identify(yaml_params) by extension 'python'
[0.442s] Level 1:colcon.colcon_core.package_identification:_identify(yaml_params) by extensions ['python_setup_py']
[0.442s] Level 1:colcon.colcon_core.package_identification:_identify(yaml_params) by extension 'python_setup_py'
[0.442s] Level 1:colcon.colcon_core.package_discovery:discover_packages(recursive) using defaults
[0.442s] Level 1:colcon.colcon_core.package_discovery:discover_packages(ignore) discover
[0.442s] Level 1:colcon.colcon_core.package_discovery:discover_packages(ignore) using defaults
[0.442s] Level 1:colcon.colcon_core.package_discovery:discover_packages(path) discover
[0.442s] Level 1:colcon.colcon_core.package_discovery:discover_packages(path) using defaults
[0.475s] Level 1:colcon.colcon_core.package_discovery:discover_packages(prefix_path) check parameters
[0.475s] Level 1:colcon.colcon_core.package_discovery:discover_packages(prefix_path) discover
[0.478s] DEBUG:colcon.colcon_installed_package_information.package_discovery:Found 8 installed packages in /home/vincent-pc/ros2_foxy/install
[0.480s] DEBUG:colcon.colcon_installed_package_information.package_discovery:Found 274 installed packages in /opt/ros/foxy
[0.482s] Level 1:colcon.colcon_core.package_discovery:discover_packages(prefix_path) using defaults
[0.560s] Level 5:colcon.colcon_core.verb:set package 'my_cpp_pkg' build argument 'cmake_args' from command line to 'None'
[0.560s] Level 5:colcon.colcon_core.verb:set package 'my_cpp_pkg' build argument 'cmake_target' from command line to 'None'
[0.560s] Level 5:colcon.colcon_core.verb:set package 'my_cpp_pkg' build argument 'cmake_target_skip_unavailable' from command line to 'False'
[0.560s] Level 5:colcon.colcon_core.verb:set package 'my_cpp_pkg' build argument 'cmake_clean_cache' from command line to 'False'
[0.560s] Level 5:colcon.colcon_core.verb:set package 'my_cpp_pkg' build argument 'cmake_clean_first' from command line to 'False'
[0.560s] Level 5:colcon.colcon_core.verb:set package 'my_cpp_pkg' build argument 'cmake_force_configure' from command line to 'False'
[0.560s] Level 5:colcon.colcon_core.verb:set package 'my_cpp_pkg' build argument 'ament_cmake_args' from command line to 'None'
[0.561s] Level 5:colcon.colcon_core.verb:set package 'my_cpp_pkg' build argument 'catkin_cmake_args' from command line to 'None'
[0.561s] Level 5:colcon.colcon_core.verb:set package 'my_cpp_pkg' build argument 'catkin_skip_building_tests' from command line to 'False'
[0.561s] DEBUG:colcon.colcon_core.verb:Building package 'my_cpp_pkg' with the following arguments: {'ament_cmake_args': None, 'build_base': '/home/vincent-pc/ros2_foxy/build/my_cpp_pkg', 'catkin_cmake_args': None, 'catkin_skip_building_tests': False, 'cmake_args': None, 'cmake_clean_cache': False, 'cmake_clean_first': False, 'cmake_force_configure': False, 'cmake_target': None, 'cmake_target_skip_unavailable': False, 'install_base': '/home/vincent-pc/ros2_foxy/install/my_cpp_pkg', 'merge_install': False, 'path': '/home/vincent-pc/ros2_foxy/src/my_cpp_pkg', 'symlink_install': True, 'test_result_base': None}
[0.561s] Level 5:colcon.colcon_core.verb:set package 'my_robot_description' build argument 'cmake_args' from command line to 'None'
[0.561s] Level 5:colcon.colcon_core.verb:set package 'my_robot_description' build argument 'cmake_target' from command line to 'None'
[0.561s] Level 5:colcon.colcon_core.verb:set package 'my_robot_description' build argument 'cmake_target_skip_unavailable' from command line to 'False'
[0.561s] Level 5:colcon.colcon_core.verb:set package 'my_robot_description' build argument 'cmake_clean_cache' from command line to 'False'
[0.561s] Level 5:colcon.colcon_core.verb:set package 'my_robot_description' build argument 'cmake_clean_first' from command line to 'False'
[0.561s] Level 5:colcon.colcon_core.verb:set package 'my_robot_description' build argument 'cmake_force_configure' from command line to 'False'
[0.561s] Level 5:colcon.colcon_core.verb:set package 'my_robot_description' build argument 'ament_cmake_args' from command line to 'None'
[0.561s] Level 5:colcon.colcon_core.verb:set package 'my_robot_description' build argument 'catkin_cmake_args' from command line to 'None'
[0.561s] Level 5:colcon.colcon_core.verb:set package 'my_robot_description' build argument 'catkin_skip_building_tests' from command line to 'False'
[0.561s] DEBUG:colcon.colcon_core.verb:Building package 'my_robot_description' with the following arguments: {'ament_cmake_args': None, 'build_base': '/home/vincent-pc/ros2_foxy/build/my_robot_description', 'catkin_cmake_args': None, 'catkin_skip_building_tests': False, 'cmake_args': None, 'cmake_clean_cache': False, 'cmake_clean_first': False, 'cmake_force_configure': False, 'cmake_target': None, 'cmake_target_skip_unavailable': False, 'install_base': '/home/vincent-pc/ros2_foxy/install/my_robot_description', 'merge_install': False, 'path': '/home/vincent-pc/ros2_foxy/src/my_robot_description', 'symlink_install': True, 'test_result_base': None}
[0.562s] Level 5:colcon.colcon_core.verb:set package 'my_robot_interfaces' build argument 'cmake_args' from command line to 'None'
[0.562s] Level 5:colcon.colcon_core.verb:set package 'my_robot_interfaces' build argument 'cmake_target' from command line to 'None'
[0.562s] Level 5:colcon.colcon_core.verb:set package 'my_robot_interfaces' build argument 'cmake_target_skip_unavailable' from command line to 'False'
[0.562s] Level 5:colcon.colcon_core.verb:set package 'my_robot_interfaces' build argument 'cmake_clean_cache' from command line to 'False'
[0.562s] Level 5:colcon.colcon_core.verb:set package 'my_robot_interfaces' build argument 'cmake_clean_first' from command line to 'False'
[0.562s] Level 5:colcon.colcon_core.verb:set package 'my_robot_interfaces' build argument 'cmake_force_configure' from command line to 'False'
[0.562s] Level 5:colcon.colcon_core.verb:set package 'my_robot_interfaces' build argument 'ament_cmake_args' from command line to 'None'
[0.562s] Level 5:colcon.colcon_core.verb:set package 'my_robot_interfaces' build argument 'catkin_cmake_args' from command line to 'None'
[0.562s] Level 5:colcon.colcon_core.verb:set package 'my_robot_interfaces' build argument 'catkin_skip_building_tests' from command line to 'False'
[0.562s] DEBUG:colcon.colcon_core.verb:Building package 'my_robot_interfaces' with the following arguments: {'ament_cmake_args': None, 'build_base': '/home/vincent-pc/ros2_foxy/build/my_robot_interfaces', 'catkin_cmake_args': None, 'catkin_skip_building_tests': False, 'cmake_args': None, 'cmake_clean_cache': False, 'cmake_clean_first': False, 'cmake_force_configure': False, 'cmake_target': None, 'cmake_target_skip_unavailable': False, 'install_base': '/home/vincent-pc/ros2_foxy/install/my_robot_interfaces', 'merge_install': False, 'path': '/home/vincent-pc/ros2_foxy/src/my_robot_interfaces', 'symlink_install': True, 'test_result_base': None}
[0.562s] Level 5:colcon.colcon_core.verb:set package 'turtlesim_catch_them_all_cpp' build argument 'cmake_args' from command line to 'None'
[0.562s] Level 5:colcon.colcon_core.verb:set package 'turtlesim_catch_them_all_cpp' build argument 'cmake_target' from command line to 'None'
[0.562s] Level 5:colcon.colcon_core.verb:set package 'turtlesim_catch_them_all_cpp' build argument 'cmake_target_skip_unavailable' from command line to 'False'
[0.562s] Level 5:colcon.colcon_core.verb:set package 'turtlesim_catch_them_all_cpp' build argument 'cmake_clean_cache' from command line to 'False'
[0.562s] Level 5:colcon.colcon_core.verb:set package 'turtlesim_catch_them_all_cpp' build argument 'cmake_clean_first' from command line to 'False'
[0.562s] Level 5:colcon.colcon_core.verb:set package 'turtlesim_catch_them_all_cpp' build argument 'cmake_force_configure' from command line to 'False'
[0.562s] Level 5:colcon.colcon_core.verb:set package 'turtlesim_catch_them_all_cpp' build argument 'ament_cmake_args' from command line to 'None'
[0.562s] Level 5:colcon.colcon_core.verb:set package 'turtlesim_catch_them_all_cpp' build argument 'catkin_cmake_args' from command line to 'None'
[0.562s] Level 5:colcon.colcon_core.verb:set package 'turtlesim_catch_them_all_cpp' build argument 'catkin_skip_building_tests' from command line to 'False'
[0.562s] DEBUG:colcon.colcon_core.verb:Building package 'turtlesim_catch_them_all_cpp' with the following arguments: {'ament_cmake_args': None, 'build_base': '/home/vincent-pc/ros2_foxy/build/turtlesim_catch_them_all_cpp', 'catkin_cmake_args': None, 'catkin_skip_building_tests': False, 'cmake_args': None, 'cmake_clean_cache': False, 'cmake_clean_first': False, 'cmake_force_configure': False, 'cmake_target': None, 'cmake_target_skip_unavailable': False, 'install_base': '/home/vincent-pc/ros2_foxy/install/turtlesim_catch_them_all_cpp', 'merge_install': False, 'path': '/home/vincent-pc/ros2_foxy/src/turtlesim_catch_them_all_cpp', 'symlink_install': True, 'test_result_base': None}
[0.563s] Level 5:colcon.colcon_core.verb:set package 'my_py_pkg' build argument 'cmake_args' from command line to 'None'
[0.563s] Level 5:colcon.colcon_core.verb:set package 'my_py_pkg' build argument 'cmake_target' from command line to 'None'
[0.563s] Level 5:colcon.colcon_core.verb:set package 'my_py_pkg' build argument 'cmake_target_skip_unavailable' from command line to 'False'
[0.563s] Level 5:colcon.colcon_core.verb:set package 'my_py_pkg' build argument 'cmake_clean_cache' from command line to 'False'
[0.563s] Level 5:colcon.colcon_core.verb:set package 'my_py_pkg' build argument 'cmake_clean_first' from command line to 'False'
[0.563s] Level 5:colcon.colcon_core.verb:set package 'my_py_pkg' build argument 'cmake_force_configure' from command line to 'False'
[0.563s] Level 5:colcon.colcon_core.verb:set package 'my_py_pkg' build argument 'ament_cmake_args' from command line to 'None'
[0.563s] Level 5:colcon.colcon_core.verb:set package 'my_py_pkg' build argument 'catkin_cmake_args' from command line to 'None'
[0.563s] Level 5:colcon.colcon_core.verb:set package 'my_py_pkg' build argument 'catkin_skip_building_tests' from command line to 'False'
[0.563s] DEBUG:colcon.colcon_core.verb:Building package 'my_py_pkg' with the following arguments: {'ament_cmake_args': None, 'build_base': '/home/vincent-pc/ros2_foxy/build/my_py_pkg', 'catkin_cmake_args': None, 'catkin_skip_building_tests': False, 'cmake_args': None, 'cmake_clean_cache': False, 'cmake_clean_first': False, 'cmake_force_configure': False, 'cmake_target': None, 'cmake_target_skip_unavailable': False, 'install_base': '/home/vincent-pc/ros2_foxy/install/my_py_pkg', 'merge_install': False, 'path': '/home/vincent-pc/ros2_foxy/src/my_py_pkg', 'symlink_install': True, 'test_result_base': None}
[0.564s] Level 5:colcon.colcon_core.verb:set package 'turtlesim_catch_them_all_py' build argument 'cmake_args' from command line to 'None'
[0.564s] Level 5:colcon.colcon_core.verb:set package 'turtlesim_catch_them_all_py' build argument 'cmake_target' from command line to 'None'
[0.564s] Level 5:colcon.colcon_core.verb:set package 'turtlesim_catch_them_all_py' build argument 'cmake_target_skip_unavailable' from command line to 'False'
[0.564s] Level 5:colcon.colcon_core.verb:set package 'turtlesim_catch_them_all_py' build argument 'cmake_clean_cache' from command line to 'False'
[0.564s] Level 5:colcon.colcon_core.verb:set package 'turtlesim_catch_them_all_py' build argument 'cmake_clean_first' from command line to 'False'
[0.564s] Level 5:colcon.colcon_core.verb:set package 'turtlesim_catch_them_all_py' build argument 'cmake_force_configure' from command line to 'False'
[0.564s] Level 5:colcon.colcon_core.verb:set package 'turtlesim_catch_them_all_py' build argument 'ament_cmake_args' from command line to 'None'
[0.564s] Level 5:colcon.colcon_core.verb:set package 'turtlesim_catch_them_all_py' build argument 'catkin_cmake_args' from command line to 'None'
[0.564s] Level 5:colcon.colcon_core.verb:set package 'turtlesim_catch_them_all_py' build argument 'catkin_skip_building_tests' from command line to 'False'
[0.564s] DEBUG:colcon.colcon_core.verb:Building package 'turtlesim_catch_them_all_py' with the following arguments: {'ament_cmake_args': None, 'build_base': '/home/vincent-pc/ros2_foxy/build/turtlesim_catch_them_all_py', 'catkin_cmake_args': None, 'catkin_skip_building_tests': False, 'cmake_args': None, 'cmake_clean_cache': False, 'cmake_clean_first': False, 'cmake_force_configure': False, 'cmake_target': None, 'cmake_target_skip_unavailable': False, 'install_base': '/home/vincent-pc/ros2_foxy/install/turtlesim_catch_them_all_py', 'merge_install': False, 'path': '/home/vincent-pc/ros2_foxy/src/turtlesim_catch_them_all_py', 'symlink_install': True, 'test_result_base': None}
[0.564s] Level 5:colcon.colcon_core.verb:set package 'my_robot_bringup' build argument 'cmake_args' from command line to 'None'
[0.564s] Level 5:colcon.colcon_core.verb:set package 'my_robot_bringup' build argument 'cmake_target' from command line to 'None'
[0.564s] Level 5:colcon.colcon_core.verb:set package 'my_robot_bringup' build argument 'cmake_target_skip_unavailable' from command line to 'False'
[0.564s] Level 5:colcon.colcon_core.verb:set package 'my_robot_bringup' build argument 'cmake_clean_cache' from command line to 'False'
[0.564s] Level 5:colcon.colcon_core.verb:set package 'my_robot_bringup' build argument 'cmake_clean_first' from command line to 'False'
[0.564s] Level 5:colcon.colcon_core.verb:set package 'my_robot_bringup' build argument 'cmake_force_configure' from command line to 'False'
[0.564s] Level 5:colcon.colcon_core.verb:set package 'my_robot_bringup' build argument 'ament_cmake_args' from command line to 'None'
[0.564s] Level 5:colcon.colcon_core.verb:set package 'my_robot_bringup' build argument 'catkin_cmake_args' from command line to 'None'
[0.564s] Level 5:colcon.colcon_core.verb:set package 'my_robot_bringup' build argument 'catkin_skip_building_tests' from command line to 'False'
[0.564s] DEBUG:colcon.colcon_core.verb:Building package 'my_robot_bringup' with the following arguments: {'ament_cmake_args': None, 'build_base': '/home/vincent-pc/ros2_foxy/build/my_robot_bringup', 'catkin_cmake_args': None, 'catkin_skip_building_tests': False, 'cmake_args': None, 'cmake_clean_cache': False, 'cmake_clean_first': False, 'cmake_force_configure': False, 'cmake_target': None, 'cmake_target_skip_unavailable': False, 'install_base': '/home/vincent-pc/ros2_foxy/install/my_robot_bringup', 'merge_install': False, 'path': '/home/vincent-pc/ros2_foxy/src/my_robot_bringup', 'symlink_install': True, 'test_result_base': None}
[0.564s] INFO:colcon.colcon_core.executor:Executing jobs using 'parallel' executor
[0.566s] DEBUG:colcon.colcon_parallel_executor.executor.parallel:run_until_complete
[0.566s] INFO:colcon.colcon_ros.task.ament_cmake.build:Building ROS package in '/home/vincent-pc/ros2_foxy/src/my_robot_interfaces' with build type 'ament_cmake'
[0.566s] INFO:colcon.colcon_cmake.task.cmake.build:Building CMake package in '/home/vincent-pc/ros2_foxy/src/my_robot_interfaces'
[0.569s] INFO:colcon.colcon_core.plugin_system:Skipping extension 'colcon_core.shell.bat': Not used on non-Windows systems
[0.570s] INFO:colcon.colcon_core.shell:Skip shell extension 'powershell' for command environment: Not usable outside of PowerShell
[0.570s] DEBUG:colcon.colcon_core.shell:Skip shell extension 'dsv' for command environment
[0.577s] INFO:colcon.colcon_ros.task.ament_cmake.build:Building ROS package in '/home/vincent-pc/ros2_foxy/src/my_cpp_pkg' with build type 'ament_cmake'
[0.577s] INFO:colcon.colcon_cmake.task.cmake.build:Building CMake package in '/home/vincent-pc/ros2_foxy/src/my_cpp_pkg'
[0.578s] INFO:colcon.colcon_core.shell:Skip shell extension 'powershell' for command environment: Not usable outside of PowerShell
[0.578s] DEBUG:colcon.colcon_core.shell:Skip shell extension 'dsv' for command environment
[0.584s] INFO:colcon.colcon_ros.task.ament_cmake.build:Building ROS package in '/home/vincent-pc/ros2_foxy/src/my_robot_description' with build type 'ament_cmake'
[0.584s] INFO:colcon.colcon_cmake.task.cmake.build:Building CMake package in '/home/vincent-pc/ros2_foxy/src/my_robot_description'
[0.585s] INFO:colcon.colcon_core.shell:Skip shell extension 'powershell' for command environment: Not usable outside of PowerShell
[0.585s] DEBUG:colcon.colcon_core.shell:Skip shell extension 'dsv' for command environment
[0.593s] INFO:colcon.colcon_ros.task.ament_cmake.build:Building ROS package in '/home/vincent-pc/ros2_foxy/src/turtlesim_catch_them_all_cpp' with build type 'ament_cmake'
[0.593s] INFO:colcon.colcon_cmake.task.cmake.build:Building CMake package in '/home/vincent-pc/ros2_foxy/src/turtlesim_catch_them_all_cpp'
[0.594s] INFO:colcon.colcon_core.shell:Skip shell extension 'powershell' for command environment: Not usable outside of PowerShell
[0.595s] DEBUG:colcon.colcon_core.shell:Skip shell extension 'dsv' for command environment
[0.606s] DEBUG:colcon.colcon_core.event_handler.log_command:Invoking command in '/home/vincent-pc/ros2_foxy/build/my_robot_interfaces': CMAKE_PREFIX_PATH=${CMAKE_PREFIX_PATH}:/home/vincent-pc/ros2_foxy/install/turtlesim_catch_them_all_py:/home/vincent-pc/ros2_foxy/install/my_py_pkg:/opt/ros/foxy /usr/bin/cmake /home/vincent-pc/ros2_foxy/src/my_robot_interfaces -DAMENT_CMAKE_SYMLINK_INSTALL=1 -DCMAKE_INSTALL_PREFIX=/home/vincent-pc/ros2_foxy/install/my_robot_interfaces
[0.617s] DEBUG:colcon.colcon_core.event_handler.log_command:Invoking command in '/home/vincent-pc/ros2_foxy/build/my_cpp_pkg': CMAKE_PREFIX_PATH=${CMAKE_PREFIX_PATH}:/home/vincent-pc/ros2_foxy/install/turtlesim_catch_them_all_py:/home/vincent-pc/ros2_foxy/install/my_py_pkg:/opt/ros/foxy /usr/bin/cmake /home/vincent-pc/ros2_foxy/src/my_cpp_pkg -DAMENT_CMAKE_SYMLINK_INSTALL=1 -DCMAKE_INSTALL_PREFIX=/home/vincent-pc/ros2_foxy/install/my_cpp_pkg
[0.622s] DEBUG:colcon.colcon_core.event_handler.log_command:Invoking command in '/home/vincent-pc/ros2_foxy/build/my_robot_description': CMAKE_PREFIX_PATH=${CMAKE_PREFIX_PATH}:/home/vincent-pc/ros2_foxy/install/turtlesim_catch_them_all_py:/home/vincent-pc/ros2_foxy/install/my_py_pkg:/opt/ros/foxy /usr/bin/cmake /home/vincent-pc/ros2_foxy/src/my_robot_description -DAMENT_CMAKE_SYMLINK_INSTALL=1 -DCMAKE_INSTALL_PREFIX=/home/vincent-pc/ros2_foxy/install/my_robot_description
[0.635s] DEBUG:colcon.colcon_core.event_handler.log_command:Invoking command in '/home/vincent-pc/ros2_foxy/build/turtlesim_catch_them_all_cpp': CMAKE_PREFIX_PATH=${CMAKE_PREFIX_PATH}:/home/vincent-pc/ros2_foxy/install/turtlesim_catch_them_all_py:/home/vincent-pc/ros2_foxy/install/my_py_pkg:/opt/ros/foxy /usr/bin/cmake /home/vincent-pc/ros2_foxy/src/turtlesim_catch_them_all_cpp -DAMENT_CMAKE_SYMLINK_INSTALL=1 -DCMAKE_INSTALL_PREFIX=/home/vincent-pc/ros2_foxy/install/turtlesim_catch_them_all_cpp
[1.101s] DEBUG:colcon.colcon_core.event_handler.log_command:Invoked command in '/home/vincent-pc/ros2_foxy/build/my_robot_description' returned '0': CMAKE_PREFIX_PATH=${CMAKE_PREFIX_PATH}:/home/vincent-pc/ros2_foxy/install/turtlesim_catch_them_all_py:/home/vincent-pc/ros2_foxy/install/my_py_pkg:/opt/ros/foxy /usr/bin/cmake /home/vincent-pc/ros2_foxy/src/my_robot_description -DAMENT_CMAKE_SYMLINK_INSTALL=1 -DCMAKE_INSTALL_PREFIX=/home/vincent-pc/ros2_foxy/install/my_robot_description
[1.102s] DEBUG:colcon.colcon_core.event_handler.log_command:Invoking command in '/home/vincent-pc/ros2_foxy/build/my_robot_description': CMAKE_PREFIX_PATH=${CMAKE_PREFIX_PATH}:/home/vincent-pc/ros2_foxy/install/turtlesim_catch_them_all_py:/home/vincent-pc/ros2_foxy/install/my_py_pkg:/opt/ros/foxy /usr/bin/cmake --build /home/vincent-pc/ros2_foxy/build/my_robot_description -- -j8 -l8
[1.166s] DEBUG:colcon.colcon_core.event_handler.log_command:Invoked command in '/home/vincent-pc/ros2_foxy/build/my_robot_description' returned '0': CMAKE_PREFIX_PATH=${CMAKE_PREFIX_PATH}:/home/vincent-pc/ros2_foxy/install/turtlesim_catch_them_all_py:/home/vincent-pc/ros2_foxy/install/my_py_pkg:/opt/ros/foxy /usr/bin/cmake --build /home/vincent-pc/ros2_foxy/build/my_robot_description -- -j8 -l8
[1.184s] DEBUG:colcon.colcon_core.event_handler.log_command:Invoking command in '/home/vincent-pc/ros2_foxy/build/my_robot_description': CMAKE_PREFIX_PATH=${CMAKE_PREFIX_PATH}:/home/vincent-pc/ros2_foxy/install/turtlesim_catch_them_all_py:/home/vincent-pc/ros2_foxy/install/my_py_pkg:/opt/ros/foxy /usr/bin/cmake --install /home/vincent-pc/ros2_foxy/build/my_robot_description
[1.471s] Level 1:colcon.colcon_core.environment:create_environment_scripts_only(my_robot_description)
[1.473s] DEBUG:colcon.colcon_core.event_handler.log_command:Invoked command in '/home/vincent-pc/ros2_foxy/build/my_robot_description' returned '0': CMAKE_PREFIX_PATH=${CMAKE_PREFIX_PATH}:/home/vincent-pc/ros2_foxy/install/turtlesim_catch_them_all_py:/home/vincent-pc/ros2_foxy/install/my_py_pkg:/opt/ros/foxy /usr/bin/cmake --install /home/vincent-pc/ros2_foxy/build/my_robot_description
[1.481s] Level 1:colcon.colcon_core.environment:checking '/home/vincent-pc/ros2_foxy/install/my_robot_description' for CMake module files
[1.481s] Level 1:colcon.colcon_core.environment:checking '/home/vincent-pc/ros2_foxy/install/my_robot_description' for CMake config files
[1.482s] Level 1:colcon.colcon_core.shell:create_environment_hook('my_robot_description', 'cmake_prefix_path')
[1.482s] INFO:colcon.colcon_core.shell:Creating environment hook '/home/vincent-pc/ros2_foxy/install/my_robot_description/share/my_robot_description/hook/cmake_prefix_path.ps1'
[1.483s] INFO:colcon.colcon_core.shell:Creating environment descriptor '/home/vincent-pc/ros2_foxy/install/my_robot_description/share/my_robot_description/hook/cmake_prefix_path.dsv'
[1.483s] INFO:colcon.colcon_core.shell:Creating environment hook '/home/vincent-pc/ros2_foxy/install/my_robot_description/share/my_robot_description/hook/cmake_prefix_path.sh'
[1.485s] Level 1:colcon.colcon_core.environment:checking '/home/vincent-pc/ros2_foxy/install/my_robot_description/bin'
[1.485s] Level 1:colcon.colcon_core.environment:checking '/home/vincent-pc/ros2_foxy/install/my_robot_description/lib/pkgconfig/my_robot_description.pc'
[1.485s] Level 1:colcon.colcon_core.environment:checking '/home/vincent-pc/ros2_foxy/install/my_robot_description/lib/python3.8/site-packages'
[1.486s] Level 1:colcon.colcon_core.environment:checking '/home/vincent-pc/ros2_foxy/install/my_robot_description/bin'
[1.486s] INFO:colcon.colcon_core.shell:Creating package script '/home/vincent-pc/ros2_foxy/install/my_robot_description/share/my_robot_description/package.ps1'
[1.487s] INFO:colcon.colcon_core.shell:Creating package descriptor '/home/vincent-pc/ros2_foxy/install/my_robot_description/share/my_robot_description/package.dsv'
[1.488s] INFO:colcon.colcon_core.shell:Creating package script '/home/vincent-pc/ros2_foxy/install/my_robot_description/share/my_robot_description/package.sh'
[1.490s] INFO:colcon.colcon_core.shell:Creating package script '/home/vincent-pc/ros2_foxy/install/my_robot_description/share/my_robot_description/package.bash'
[1.491s] INFO:colcon.colcon_core.shell:Creating package script '/home/vincent-pc/ros2_foxy/install/my_robot_description/share/my_robot_description/package.zsh'
[1.492s] Level 1:colcon.colcon_core.environment:create_file_with_runtime_dependencies(/home/vincent-pc/ros2_foxy/install/my_robot_description/share/colcon-core/packages/my_robot_description)
[1.494s] Level 1:colcon.colcon_core.environment:create_environment_scripts_only(my_robot_description)
[1.494s] Level 1:colcon.colcon_core.environment:checking '/home/vincent-pc/ros2_foxy/install/my_robot_description' for CMake module files
[1.494s] Level 1:colcon.colcon_core.environment:checking '/home/vincent-pc/ros2_foxy/install/my_robot_description' for CMake config files
[1.495s] Level 1:colcon.colcon_core.shell:create_environment_hook('my_robot_description', 'cmake_prefix_path')
[1.495s] INFO:colcon.colcon_core.shell:Creating environment hook '/home/vincent-pc/ros2_foxy/install/my_robot_description/share/my_robot_description/hook/cmake_prefix_path.ps1'
[1.496s] INFO:colcon.colcon_core.shell:Creating environment descriptor '/home/vincent-pc/ros2_foxy/install/my_robot_description/share/my_robot_description/hook/cmake_prefix_path.dsv'
[1.496s] INFO:colcon.colcon_core.shell:Creating environment hook '/home/vincent-pc/ros2_foxy/install/my_robot_description/share/my_robot_description/hook/cmake_prefix_path.sh'
[1.497s] Level 1:colcon.colcon_core.environment:checking '/home/vincent-pc/ros2_foxy/install/my_robot_description/bin'
[1.497s] Level 1:colcon.colcon_core.environment:checking '/home/vincent-pc/ros2_foxy/install/my_robot_description/lib/pkgconfig/my_robot_description.pc'
[1.498s] Level 1:colcon.colcon_core.environment:checking '/home/vincent-pc/ros2_foxy/install/my_robot_description/lib/python3.8/site-packages'
[1.498s] Level 1:colcon.colcon_core.environment:checking '/home/vincent-pc/ros2_foxy/install/my_robot_description/bin'
[1.498s] INFO:colcon.colcon_core.shell:Creating package script '/home/vincent-pc/ros2_foxy/install/my_robot_description/share/my_robot_description/package.ps1'
[1.499s] INFO:colcon.colcon_core.shell:Creating package descriptor '/home/vincent-pc/ros2_foxy/install/my_robot_description/share/my_robot_description/package.dsv'
[1.499s] INFO:colcon.colcon_core.shell:Creating package script '/home/vincent-pc/ros2_foxy/install/my_robot_description/share/my_robot_description/package.sh'
[1.500s] INFO:colcon.colcon_core.shell:Creating package script '/home/vincent-pc/ros2_foxy/install/my_robot_description/share/my_robot_description/package.bash'
[1.500s] INFO:colcon.colcon_core.shell:Creating package script '/home/vincent-pc/ros2_foxy/install/my_robot_description/share/my_robot_description/package.zsh'
[1.500s] Level 1:colcon.colcon_core.environment:create_file_with_runtime_dependencies(/home/vincent-pc/ros2_foxy/install/my_robot_description/share/colcon-core/packages/my_robot_description)
[1.920s] DEBUG:colcon.colcon_core.event_handler.log_command:Invoked command in '/home/vincent-pc/ros2_foxy/build/my_robot_interfaces' returned '0': CMAKE_PREFIX_PATH=${CMAKE_PREFIX_PATH}:/home/vincent-pc/ros2_foxy/install/turtlesim_catch_them_all_py:/home/vincent-pc/ros2_foxy/install/my_py_pkg:/opt/ros/foxy /usr/bin/cmake /home/vincent-pc/ros2_foxy/src/my_robot_interfaces -DAMENT_CMAKE_SYMLINK_INSTALL=1 -DCMAKE_INSTALL_PREFIX=/home/vincent-pc/ros2_foxy/install/my_robot_interfaces
[1.925s] DEBUG:colcon.colcon_core.event_handler.log_command:Invoking command in '/home/vincent-pc/ros2_foxy/build/my_robot_interfaces': CMAKE_PREFIX_PATH=${CMAKE_PREFIX_PATH}:/home/vincent-pc/ros2_foxy/install/turtlesim_catch_them_all_py:/home/vincent-pc/ros2_foxy/install/my_py_pkg:/opt/ros/foxy /usr/bin/cmake --build /home/vincent-pc/ros2_foxy/build/my_robot_interfaces -- -j8 -l8
[1.940s] DEBUG:colcon.colcon_core.event_handler.log_command:Invoked command in '/home/vincent-pc/ros2_foxy/build/turtlesim_catch_them_all_cpp' returned '0': CMAKE_PREFIX_PATH=${CMAKE_PREFIX_PATH}:/home/vincent-pc/ros2_foxy/install/turtlesim_catch_them_all_py:/home/vincent-pc/ros2_foxy/install/my_py_pkg:/opt/ros/foxy /usr/bin/cmake /home/vincent-pc/ros2_foxy/src/turtlesim_catch_them_all_cpp -DAMENT_CMAKE_SYMLINK_INSTALL=1 -DCMAKE_INSTALL_PREFIX=/home/vincent-pc/ros2_foxy/install/turtlesim_catch_them_all_cpp
[1.944s] DEBUG:colcon.colcon_core.event_handler.log_command:Invoking command in '/home/vincent-pc/ros2_foxy/build/turtlesim_catch_them_all_cpp': CMAKE_PREFIX_PATH=${CMAKE_PREFIX_PATH}:/home/vincent-pc/ros2_foxy/install/turtlesim_catch_them_all_py:/home/vincent-pc/ros2_foxy/install/my_py_pkg:/opt/ros/foxy /usr/bin/cmake --build /home/vincent-pc/ros2_foxy/build/turtlesim_catch_them_all_cpp -- -j8 -l8
[1.970s] DEBUG:colcon.colcon_core.event_handler.log_command:Invoked command in '/home/vincent-pc/ros2_foxy/build/my_cpp_pkg' returned '0': CMAKE_PREFIX_PATH=${CMAKE_PREFIX_PATH}:/home/vincent-pc/ros2_foxy/install/turtlesim_catch_them_all_py:/home/vincent-pc/ros2_foxy/install/my_py_pkg:/opt/ros/foxy /usr/bin/cmake /home/vincent-pc/ros2_foxy/src/my_cpp_pkg -DAMENT_CMAKE_SYMLINK_INSTALL=1 -DCMAKE_INSTALL_PREFIX=/home/vincent-pc/ros2_foxy/install/my_cpp_pkg
[1.974s] DEBUG:colcon.colcon_core.event_handler.log_command:Invoking command in '/home/vincent-pc/ros2_foxy/build/my_cpp_pkg': CMAKE_PREFIX_PATH=${CMAKE_PREFIX_PATH}:/home/vincent-pc/ros2_foxy/install/turtlesim_catch_them_all_py:/home/vincent-pc/ros2_foxy/install/my_py_pkg:/opt/ros/foxy /usr/bin/cmake --build /home/vincent-pc/ros2_foxy/build/my_cpp_pkg -- -j8 -l8
[3.554s] DEBUG:colcon.colcon_core.event_handler.log_command:Invoked command in '/home/vincent-pc/ros2_foxy/build/turtlesim_catch_them_all_cpp' returned '0': CMAKE_PREFIX_PATH=${CMAKE_PREFIX_PATH}:/home/vincent-pc/ros2_foxy/install/turtlesim_catch_them_all_py:/home/vincent-pc/ros2_foxy/install/my_py_pkg:/opt/ros/foxy /usr/bin/cmake --build /home/vincent-pc/ros2_foxy/build/turtlesim_catch_them_all_cpp -- -j8 -l8
[3.562s] DEBUG:colcon.colcon_core.event_handler.log_command:Invoking command in '/home/vincent-pc/ros2_foxy/build/turtlesim_catch_them_all_cpp': CMAKE_PREFIX_PATH=${CMAKE_PREFIX_PATH}:/home/vincent-pc/ros2_foxy/install/turtlesim_catch_them_all_py:/home/vincent-pc/ros2_foxy/install/my_py_pkg:/opt/ros/foxy /usr/bin/cmake --install /home/vincent-pc/ros2_foxy/build/turtlesim_catch_them_all_cpp
[4.087s] Level 1:colcon.colcon_core.environment:create_environment_scripts_only(turtlesim_catch_them_all_cpp)
[4.088s] Level 1:colcon.colcon_core.environment:checking '/home/vincent-pc/ros2_foxy/install/turtlesim_catch_them_all_cpp' for CMake module files
[4.090s] Level 1:colcon.colcon_core.environment:checking '/home/vincent-pc/ros2_foxy/install/turtlesim_catch_them_all_cpp' for CMake config files
[4.091s] Level 1:colcon.colcon_core.shell:create_environment_hook('turtlesim_catch_them_all_cpp', 'cmake_prefix_path')
[4.091s] DEBUG:colcon.colcon_core.event_handler.log_command:Invoked command in '/home/vincent-pc/ros2_foxy/build/turtlesim_catch_them_all_cpp' returned '0': CMAKE_PREFIX_PATH=${CMAKE_PREFIX_PATH}:/home/vincent-pc/ros2_foxy/install/turtlesim_catch_them_all_py:/home/vincent-pc/ros2_foxy/install/my_py_pkg:/opt/ros/foxy /usr/bin/cmake --install /home/vincent-pc/ros2_foxy/build/turtlesim_catch_them_all_cpp
[4.092s] INFO:colcon.colcon_core.shell:Creating environment hook '/home/vincent-pc/ros2_foxy/install/turtlesim_catch_them_all_cpp/share/turtlesim_catch_them_all_cpp/hook/cmake_prefix_path.ps1'
[4.095s] INFO:colcon.colcon_core.shell:Creating environment descriptor '/home/vincent-pc/ros2_foxy/install/turtlesim_catch_them_all_cpp/share/turtlesim_catch_them_all_cpp/hook/cmake_prefix_path.dsv'
[4.097s] INFO:colcon.colcon_core.shell:Creating environment hook '/home/vincent-pc/ros2_foxy/install/turtlesim_catch_them_all_cpp/share/turtlesim_catch_them_all_cpp/hook/cmake_prefix_path.sh'
[4.099s] Level 1:colcon.colcon_core.environment:checking '/home/vincent-pc/ros2_foxy/install/turtlesim_catch_them_all_cpp/lib'
[4.100s] Level 1:colcon.colcon_core.environment:checking '/home/vincent-pc/ros2_foxy/install/turtlesim_catch_them_all_cpp/bin'
[4.100s] Level 1:colcon.colcon_core.environment:checking '/home/vincent-pc/ros2_foxy/install/turtlesim_catch_them_all_cpp/lib/pkgconfig/turtlesim_catch_them_all_cpp.pc'
[4.101s] Level 1:colcon.colcon_core.environment:checking '/home/vincent-pc/ros2_foxy/install/turtlesim_catch_them_all_cpp/lib/python3.8/site-packages'
[4.101s] Level 1:colcon.colcon_core.environment:checking '/home/vincent-pc/ros2_foxy/install/turtlesim_catch_them_all_cpp/bin'
[4.102s] INFO:colcon.colcon_core.shell:Creating package script '/home/vincent-pc/ros2_foxy/install/turtlesim_catch_them_all_cpp/share/turtlesim_catch_them_all_cpp/package.ps1'
[4.103s] INFO:colcon.colcon_core.shell:Creating package descriptor '/home/vincent-pc/ros2_foxy/install/turtlesim_catch_them_all_cpp/share/turtlesim_catch_them_all_cpp/package.dsv'
[4.104s] INFO:colcon.colcon_core.shell:Creating package script '/home/vincent-pc/ros2_foxy/install/turtlesim_catch_them_all_cpp/share/turtlesim_catch_them_all_cpp/package.sh'
[4.105s] INFO:colcon.colcon_core.shell:Creating package script '/home/vincent-pc/ros2_foxy/install/turtlesim_catch_them_all_cpp/share/turtlesim_catch_them_all_cpp/package.bash'
[4.107s] INFO:colcon.colcon_core.shell:Creating package script '/home/vincent-pc/ros2_foxy/install/turtlesim_catch_them_all_cpp/share/turtlesim_catch_them_all_cpp/package.zsh'
[4.108s] Level 1:colcon.colcon_core.environment:create_file_with_runtime_dependencies(/home/vincent-pc/ros2_foxy/install/turtlesim_catch_them_all_cpp/share/colcon-core/packages/turtlesim_catch_them_all_cpp)
[4.109s] Level 1:colcon.colcon_core.environment:create_environment_scripts_only(turtlesim_catch_them_all_cpp)
[4.110s] Level 1:colcon.colcon_core.environment:checking '/home/vincent-pc/ros2_foxy/install/turtlesim_catch_them_all_cpp' for CMake module files
[4.111s] Level 1:colcon.colcon_core.environment:checking '/home/vincent-pc/ros2_foxy/install/turtlesim_catch_them_all_cpp' for CMake config files
[4.112s] Level 1:colcon.colcon_core.shell:create_environment_hook('turtlesim_catch_them_all_cpp', 'cmake_prefix_path')
[4.112s] INFO:colcon.colcon_core.shell:Creating environment hook '/home/vincent-pc/ros2_foxy/install/turtlesim_catch_them_all_cpp/share/turtlesim_catch_them_all_cpp/hook/cmake_prefix_path.ps1'
[4.113s] INFO:colcon.colcon_core.shell:Creating environment descriptor '/home/vincent-pc/ros2_foxy/install/turtlesim_catch_them_all_cpp/share/turtlesim_catch_them_all_cpp/hook/cmake_prefix_path.dsv'
[4.114s] INFO:colcon.colcon_core.shell:Creating environment hook '/home/vincent-pc/ros2_foxy/install/turtlesim_catch_them_all_cpp/share/turtlesim_catch_them_all_cpp/hook/cmake_prefix_path.sh'
[4.115s] Level 1:colcon.colcon_core.environment:checking '/home/vincent-pc/ros2_foxy/install/turtlesim_catch_them_all_cpp/lib'
[4.115s] Level 1:colcon.colcon_core.environment:checking '/home/vincent-pc/ros2_foxy/install/turtlesim_catch_them_all_cpp/bin'
[4.115s] Level 1:colcon.colcon_core.environment:checking '/home/vincent-pc/ros2_foxy/install/turtlesim_catch_them_all_cpp/lib/pkgconfig/turtlesim_catch_them_all_cpp.pc'
[4.116s] Level 1:colcon.colcon_core.environment:checking '/home/vincent-pc/ros2_foxy/install/turtlesim_catch_them_all_cpp/lib/python3.8/site-packages'
[4.116s] Level 1:colcon.colcon_core.environment:checking '/home/vincent-pc/ros2_foxy/install/turtlesim_catch_them_all_cpp/bin'
[4.116s] INFO:colcon.colcon_core.shell:Creating package script '/home/vincent-pc/ros2_foxy/install/turtlesim_catch_them_all_cpp/share/turtlesim_catch_them_all_cpp/package.ps1'
[4.117s] INFO:colcon.colcon_core.shell:Creating package descriptor '/home/vincent-pc/ros2_foxy/install/turtlesim_catch_them_all_cpp/share/turtlesim_catch_them_all_cpp/package.dsv'
[4.118s] INFO:colcon.colcon_core.shell:Creating package script '/home/vincent-pc/ros2_foxy/install/turtlesim_catch_them_all_cpp/share/turtlesim_catch_them_all_cpp/package.sh'
[4.119s] INFO:colcon.colcon_core.shell:Creating package script '/home/vincent-pc/ros2_foxy/install/turtlesim_catch_them_all_cpp/share/turtlesim_catch_them_all_cpp/package.bash'
[4.119s] INFO:colcon.colcon_core.shell:Creating package script '/home/vincent-pc/ros2_foxy/install/turtlesim_catch_them_all_cpp/share/turtlesim_catch_them_all_cpp/package.zsh'
[4.120s] Level 1:colcon.colcon_core.environment:create_file_with_runtime_dependencies(/home/vincent-pc/ros2_foxy/install/turtlesim_catch_them_all_cpp/share/colcon-core/packages/turtlesim_catch_them_all_cpp)
[4.267s] DEBUG:colcon.colcon_core.event_handler.log_command:Invoked command in '/home/vincent-pc/ros2_foxy/build/my_robot_interfaces' returned '0': CMAKE_PREFIX_PATH=${CMAKE_PREFIX_PATH}:/home/vincent-pc/ros2_foxy/install/turtlesim_catch_them_all_py:/home/vincent-pc/ros2_foxy/install/my_py_pkg:/opt/ros/foxy /usr/bin/cmake --build /home/vincent-pc/ros2_foxy/build/my_robot_interfaces -- -j8 -l8
[4.270s] DEBUG:colcon.colcon_core.event_handler.log_command:Invoking command in '/home/vincent-pc/ros2_foxy/build/my_robot_interfaces': CMAKE_PREFIX_PATH=${CMAKE_PREFIX_PATH}:/home/vincent-pc/ros2_foxy/install/turtlesim_catch_them_all_py:/home/vincent-pc/ros2_foxy/install/my_py_pkg:/opt/ros/foxy /usr/bin/cmake --install /home/vincent-pc/ros2_foxy/build/my_robot_interfaces
[6.066s] Level 1:colcon.colcon_core.environment:create_environment_scripts_only(my_robot_interfaces)
[6.066s] Level 1:colcon.colcon_core.environment:checking '/home/vincent-pc/ros2_foxy/install/my_robot_interfaces' for CMake module files
[6.067s] DEBUG:colcon.colcon_core.event_handler.log_command:Invoked command in '/home/vincent-pc/ros2_foxy/build/my_robot_interfaces' returned '0': CMAKE_PREFIX_PATH=${CMAKE_PREFIX_PATH}:/home/vincent-pc/ros2_foxy/install/turtlesim_catch_them_all_py:/home/vincent-pc/ros2_foxy/install/my_py_pkg:/opt/ros/foxy /usr/bin/cmake --install /home/vincent-pc/ros2_foxy/build/my_robot_interfaces
[6.067s] Level 1:colcon.colcon_core.environment:checking '/home/vincent-pc/ros2_foxy/install/my_robot_interfaces' for CMake config files
[6.068s] Level 1:colcon.colcon_core.shell:create_environment_hook('my_robot_interfaces', 'cmake_prefix_path')
[6.068s] INFO:colcon.colcon_core.shell:Creating environment hook '/home/vincent-pc/ros2_foxy/install/my_robot_interfaces/share/my_robot_interfaces/hook/cmake_prefix_path.ps1'
[6.069s] INFO:colcon.colcon_core.shell:Creating environment descriptor '/home/vincent-pc/ros2_foxy/install/my_robot_interfaces/share/my_robot_interfaces/hook/cmake_prefix_path.dsv'
[6.069s] INFO:colcon.colcon_core.shell:Creating environment hook '/home/vincent-pc/ros2_foxy/install/my_robot_interfaces/share/my_robot_interfaces/hook/cmake_prefix_path.sh'
[6.070s] Level 1:colcon.colcon_core.environment:checking '/home/vincent-pc/ros2_foxy/install/my_robot_interfaces/lib'
[6.070s] Level 1:colcon.colcon_core.shell:create_environment_hook('my_robot_interfaces', 'ld_library_path_lib')
[6.070s] INFO:colcon.colcon_core.shell:Creating environment hook '/home/vincent-pc/ros2_foxy/install/my_robot_interfaces/share/my_robot_interfaces/hook/ld_library_path_lib.ps1'
[6.070s] INFO:colcon.colcon_core.shell:Creating environment descriptor '/home/vincent-pc/ros2_foxy/install/my_robot_interfaces/share/my_robot_interfaces/hook/ld_library_path_lib.dsv'
[6.071s] INFO:colcon.colcon_core.shell:Creating environment hook '/home/vincent-pc/ros2_foxy/install/my_robot_interfaces/share/my_robot_interfaces/hook/ld_library_path_lib.sh'
[6.071s] Level 1:colcon.colcon_core.environment:checking '/home/vincent-pc/ros2_foxy/install/my_robot_interfaces/bin'
[6.071s] Level 1:colcon.colcon_core.environment:checking '/home/vincent-pc/ros2_foxy/install/my_robot_interfaces/lib/pkgconfig/my_robot_interfaces.pc'
[6.071s] Level 1:colcon.colcon_core.environment:checking '/home/vincent-pc/ros2_foxy/install/my_robot_interfaces/lib/python3.8/site-packages'
[6.071s] Level 1:colcon.colcon_core.shell:create_environment_hook('my_robot_interfaces', 'pythonpath')
[6.071s] INFO:colcon.colcon_core.shell:Creating environment hook '/home/vincent-pc/ros2_foxy/install/my_robot_interfaces/share/my_robot_interfaces/hook/pythonpath.ps1'
[6.072s] INFO:colcon.colcon_core.shell:Creating environment descriptor '/home/vincent-pc/ros2_foxy/install/my_robot_interfaces/share/my_robot_interfaces/hook/pythonpath.dsv'
[6.072s] INFO:colcon.colcon_core.shell:Creating environment hook '/home/vincent-pc/ros2_foxy/install/my_robot_interfaces/share/my_robot_interfaces/hook/pythonpath.sh'
[6.073s] Level 1:colcon.colcon_core.environment:checking '/home/vincent-pc/ros2_foxy/install/my_robot_interfaces/bin'
[6.074s] INFO:colcon.colcon_core.shell:Creating package script '/home/vincent-pc/ros2_foxy/install/my_robot_interfaces/share/my_robot_interfaces/package.ps1'
[6.075s] INFO:colcon.colcon_core.shell:Creating package descriptor '/home/vincent-pc/ros2_foxy/install/my_robot_interfaces/share/my_robot_interfaces/package.dsv'
[6.076s] INFO:colcon.colcon_core.shell:Creating package script '/home/vincent-pc/ros2_foxy/install/my_robot_interfaces/share/my_robot_interfaces/package.sh'
[6.077s] INFO:colcon.colcon_core.shell:Creating package script '/home/vincent-pc/ros2_foxy/install/my_robot_interfaces/share/my_robot_interfaces/package.bash'
[6.077s] INFO:colcon.colcon_core.shell:Creating package script '/home/vincent-pc/ros2_foxy/install/my_robot_interfaces/share/my_robot_interfaces/package.zsh'
[6.077s] Level 1:colcon.colcon_core.environment:create_file_with_runtime_dependencies(/home/vincent-pc/ros2_foxy/install/my_robot_interfaces/share/colcon-core/packages/my_robot_interfaces)
[6.078s] Level 1:colcon.colcon_core.environment:create_environment_scripts_only(my_robot_interfaces)
[6.078s] Level 1:colcon.colcon_core.environment:checking '/home/vincent-pc/ros2_foxy/install/my_robot_interfaces' for CMake module files
[6.079s] Level 1:colcon.colcon_core.environment:checking '/home/vincent-pc/ros2_foxy/install/my_robot_interfaces' for CMake config files
[6.080s] Level 1:colcon.colcon_core.shell:create_environment_hook('my_robot_interfaces', 'cmake_prefix_path')
[6.080s] INFO:colcon.colcon_core.shell:Creating environment hook '/home/vincent-pc/ros2_foxy/install/my_robot_interfaces/share/my_robot_interfaces/hook/cmake_prefix_path.ps1'
[6.081s] INFO:colcon.colcon_core.shell:Creating environment descriptor '/home/vincent-pc/ros2_foxy/install/my_robot_interfaces/share/my_robot_interfaces/hook/cmake_prefix_path.dsv'
[6.081s] INFO:colcon.colcon_core.shell:Creating environment hook '/home/vincent-pc/ros2_foxy/install/my_robot_interfaces/share/my_robot_interfaces/hook/cmake_prefix_path.sh'
[6.082s] Level 1:colcon.colcon_core.environment:checking '/home/vincent-pc/ros2_foxy/install/my_robot_interfaces/lib'
[6.082s] Level 1:colcon.colcon_core.shell:create_environment_hook('my_robot_interfaces', 'ld_library_path_lib')
[6.083s] INFO:colcon.colcon_core.shell:Creating environment hook '/home/vincent-pc/ros2_foxy/install/my_robot_interfaces/share/my_robot_interfaces/hook/ld_library_path_lib.ps1'
[6.083s] INFO:colcon.colcon_core.shell:Creating environment descriptor '/home/vincent-pc/ros2_foxy/install/my_robot_interfaces/share/my_robot_interfaces/hook/ld_library_path_lib.dsv'
[6.083s] INFO:colcon.colcon_core.shell:Creating environment hook '/home/vincent-pc/ros2_foxy/install/my_robot_interfaces/share/my_robot_interfaces/hook/ld_library_path_lib.sh'
[6.084s] Level 1:colcon.colcon_core.environment:checking '/home/vincent-pc/ros2_foxy/install/my_robot_interfaces/bin'
[6.084s] Level 1:colcon.colcon_core.environment:checking '/home/vincent-pc/ros2_foxy/install/my_robot_interfaces/lib/pkgconfig/my_robot_interfaces.pc'
[6.084s] Level 1:colcon.colcon_core.environment:checking '/home/vincent-pc/ros2_foxy/install/my_robot_interfaces/lib/python3.8/site-packages'
[6.084s] Level 1:colcon.colcon_core.shell:create_environment_hook('my_robot_interfaces', 'pythonpath')
[6.084s] INFO:colcon.colcon_core.shell:Creating environment hook '/home/vincent-pc/ros2_foxy/install/my_robot_interfaces/share/my_robot_interfaces/hook/pythonpath.ps1'
[6.085s] INFO:colcon.colcon_core.shell:Creating environment descriptor '/home/vincent-pc/ros2_foxy/install/my_robot_interfaces/share/my_robot_interfaces/hook/pythonpath.dsv'
[6.085s] INFO:colcon.colcon_core.shell:Creating environment hook '/home/vincent-pc/ros2_foxy/install/my_robot_interfaces/share/my_robot_interfaces/hook/pythonpath.sh'
[6.086s] Level 1:colcon.colcon_core.environment:checking '/home/vincent-pc/ros2_foxy/install/my_robot_interfaces/bin'
[6.086s] INFO:colcon.colcon_core.shell:Creating package script '/home/vincent-pc/ros2_foxy/install/my_robot_interfaces/share/my_robot_interfaces/package.ps1'
[6.088s] INFO:colcon.colcon_core.shell:Creating package descriptor '/home/vincent-pc/ros2_foxy/install/my_robot_interfaces/share/my_robot_interfaces/package.dsv'
[6.089s] INFO:colcon.colcon_core.shell:Creating package script '/home/vincent-pc/ros2_foxy/install/my_robot_interfaces/share/my_robot_interfaces/package.sh'
[6.089s] INFO:colcon.colcon_core.shell:Creating package script '/home/vincent-pc/ros2_foxy/install/my_robot_interfaces/share/my_robot_interfaces/package.bash'
[6.090s] INFO:colcon.colcon_core.shell:Creating package script '/home/vincent-pc/ros2_foxy/install/my_robot_interfaces/share/my_robot_interfaces/package.zsh'
[6.091s] Level 1:colcon.colcon_core.environment:create_file_with_runtime_dependencies(/home/vincent-pc/ros2_foxy/install/my_robot_interfaces/share/colcon-core/packages/my_robot_interfaces)
[6.091s] INFO:colcon.colcon_ros.task.ament_python.build:Building ROS package in '/home/vincent-pc/ros2_foxy/src/my_py_pkg' with build type 'ament_python'
[6.092s] Level 1:colcon.colcon_core.shell:create_environment_hook('my_py_pkg', 'ament_prefix_path')
[6.092s] INFO:colcon.colcon_core.shell:Creating environment hook '/home/vincent-pc/ros2_foxy/install/my_py_pkg/share/my_py_pkg/hook/ament_prefix_path.ps1'
[6.094s] INFO:colcon.colcon_core.shell:Creating environment descriptor '/home/vincent-pc/ros2_foxy/install/my_py_pkg/share/my_py_pkg/hook/ament_prefix_path.dsv'
[6.095s] INFO:colcon.colcon_core.shell:Creating environment hook '/home/vincent-pc/ros2_foxy/install/my_py_pkg/share/my_py_pkg/hook/ament_prefix_path.sh'
[6.096s] INFO:colcon.colcon_core.shell:Skip shell extension 'powershell' for command environment: Not usable outside of PowerShell
[6.096s] DEBUG:colcon.colcon_core.shell:Skip shell extension 'dsv' for command environment
[6.103s] INFO:colcon.colcon_ros.task.ament_python.build:Building ROS package in '/home/vincent-pc/ros2_foxy/src/turtlesim_catch_them_all_py' with build type 'ament_python'
[6.103s] Level 1:colcon.colcon_core.shell:create_environment_hook('turtlesim_catch_them_all_py', 'ament_prefix_path')
[6.104s] INFO:colcon.colcon_core.shell:Creating environment hook '/home/vincent-pc/ros2_foxy/install/turtlesim_catch_them_all_py/share/turtlesim_catch_them_all_py/hook/ament_prefix_path.ps1'
[6.105s] INFO:colcon.colcon_core.shell:Creating environment descriptor '/home/vincent-pc/ros2_foxy/install/turtlesim_catch_them_all_py/share/turtlesim_catch_them_all_py/hook/ament_prefix_path.dsv'
[6.106s] INFO:colcon.colcon_core.shell:Creating environment hook '/home/vincent-pc/ros2_foxy/install/turtlesim_catch_them_all_py/share/turtlesim_catch_them_all_py/hook/ament_prefix_path.sh'
[6.108s] INFO:colcon.colcon_core.shell:Skip shell extension 'powershell' for command environment: Not usable outside of PowerShell
[6.108s] DEBUG:colcon.colcon_core.shell:Skip shell extension 'dsv' for command environment
[6.458s] INFO:colcon.colcon_core.task.python.build:Building Python package in '/home/vincent-pc/ros2_foxy/src/my_py_pkg'
[6.459s] INFO:colcon.colcon_core.shell:Skip shell extension 'powershell' for command environment: Not usable outside of PowerShell
[6.459s] DEBUG:colcon.colcon_core.shell:Skip shell extension 'dsv' for command environment
[6.729s] INFO:colcon.colcon_core.task.python.build:Building Python package in '/home/vincent-pc/ros2_foxy/src/turtlesim_catch_them_all_py'
[6.730s] INFO:colcon.colcon_core.shell:Skip shell extension 'powershell' for command environment: Not usable outside of PowerShell
[6.730s] DEBUG:colcon.colcon_core.shell:Skip shell extension 'dsv' for command environment
[6.743s] DEBUG:colcon.colcon_core.event_handler.log_command:Invoked command in '/home/vincent-pc/ros2_foxy/build/my_cpp_pkg' returned '2': CMAKE_PREFIX_PATH=${CMAKE_PREFIX_PATH}:/home/vincent-pc/ros2_foxy/install/turtlesim_catch_them_all_py:/home/vincent-pc/ros2_foxy/install/my_py_pkg:/opt/ros/foxy /usr/bin/cmake --build /home/vincent-pc/ros2_foxy/build/my_cpp_pkg -- -j8 -l8
[6.744s] Level 1:colcon.colcon_core.environment:create_environment_scripts_only(my_cpp_pkg)
[6.745s] Level 1:colcon.colcon_core.environment:checking '/home/vincent-pc/ros2_foxy/install/my_cpp_pkg' for CMake module files
[6.745s] Level 1:colcon.colcon_core.environment:checking '/home/vincent-pc/ros2_foxy/install/my_cpp_pkg' for CMake config files
[6.746s] Level 1:colcon.colcon_core.shell:create_environment_hook('my_cpp_pkg', 'cmake_prefix_path')
[6.746s] INFO:colcon.colcon_core.shell:Creating environment hook '/home/vincent-pc/ros2_foxy/install/my_cpp_pkg/share/my_cpp_pkg/hook/cmake_prefix_path.ps1'
[6.747s] INFO:colcon.colcon_core.shell:Creating environment descriptor '/home/vincent-pc/ros2_foxy/install/my_cpp_pkg/share/my_cpp_pkg/hook/cmake_prefix_path.dsv'
[6.747s] INFO:colcon.colcon_core.shell:Creating environment hook '/home/vincent-pc/ros2_foxy/install/my_cpp_pkg/share/my_cpp_pkg/hook/cmake_prefix_path.sh'
[6.748s] Level 1:colcon.colcon_core.environment:checking '/home/vincent-pc/ros2_foxy/install/my_cpp_pkg/lib'
[6.748s] Level 1:colcon.colcon_core.environment:checking '/home/vincent-pc/ros2_foxy/install/my_cpp_pkg/bin'
[6.748s] Level 1:colcon.colcon_core.environment:checking '/home/vincent-pc/ros2_foxy/install/my_cpp_pkg/lib/pkgconfig/my_cpp_pkg.pc'
[6.748s] Level 1:colcon.colcon_core.environment:checking '/home/vincent-pc/ros2_foxy/install/my_cpp_pkg/lib/python3.8/site-packages'
[6.748s] Level 1:colcon.colcon_core.environment:checking '/home/vincent-pc/ros2_foxy/install/my_cpp_pkg/bin'
[6.749s] INFO:colcon.colcon_core.shell:Creating package script '/home/vincent-pc/ros2_foxy/install/my_cpp_pkg/share/my_cpp_pkg/package.ps1'
[6.749s] INFO:colcon.colcon_core.shell:Creating package descriptor '/home/vincent-pc/ros2_foxy/install/my_cpp_pkg/share/my_cpp_pkg/package.dsv'
[6.749s] INFO:colcon.colcon_core.shell:Creating package script '/home/vincent-pc/ros2_foxy/install/my_cpp_pkg/share/my_cpp_pkg/package.sh'
[6.750s] INFO:colcon.colcon_core.shell:Creating package script '/home/vincent-pc/ros2_foxy/install/my_cpp_pkg/share/my_cpp_pkg/package.bash'
[6.750s] INFO:colcon.colcon_core.shell:Creating package script '/home/vincent-pc/ros2_foxy/install/my_cpp_pkg/share/my_cpp_pkg/package.zsh'
[6.750s] Level 1:colcon.colcon_core.environment:create_file_with_runtime_dependencies(/home/vincent-pc/ros2_foxy/install/my_cpp_pkg/share/colcon-core/packages/my_cpp_pkg)
[6.762s] DEBUG:colcon.colcon_parallel_executor.executor.parallel:closing loop
[6.763s] DEBUG:colcon.colcon_parallel_executor.executor.parallel:loop closed
[6.763s] DEBUG:colcon.colcon_parallel_executor.executor.parallel:run_until_complete finished with '2'
[6.763s] DEBUG:colcon.colcon_core.event_reactor:joining thread
[6.775s] INFO:colcon.colcon_core.plugin_system:Skipping extension 'colcon_notification.desktop_notification.terminal_notifier': Not used on non-Darwin systems
[6.775s] INFO:colcon.colcon_core.plugin_system:Skipping extension 'colcon_notification.desktop_notification.win32': Not used on non-Windows systems
[6.776s] INFO:colcon.colcon_notification.desktop_notification:Sending desktop notification using 'notify2'
[6.797s] DEBUG:colcon.colcon_core.event_reactor:joined thread
[6.797s] INFO:colcon.colcon_core.shell:Creating prefix script '/home/vincent-pc/ros2_foxy/install/local_setup.ps1'
[6.799s] INFO:colcon.colcon_core.shell:Creating prefix util module '/home/vincent-pc/ros2_foxy/install/_local_setup_util_ps1.py'
[6.800s] INFO:colcon.colcon_core.shell:Creating prefix chain script '/home/vincent-pc/ros2_foxy/install/setup.ps1'
[6.802s] INFO:colcon.colcon_core.shell:Creating prefix script '/home/vincent-pc/ros2_foxy/install/local_setup.sh'
[6.803s] INFO:colcon.colcon_core.shell:Creating prefix util module '/home/vincent-pc/ros2_foxy/install/_local_setup_util_sh.py'
[6.804s] INFO:colcon.colcon_core.shell:Creating prefix chain script '/home/vincent-pc/ros2_foxy/install/setup.sh'
[6.805s] INFO:colcon.colcon_core.shell:Creating prefix script '/home/vincent-pc/ros2_foxy/install/local_setup.bash'
[6.806s] INFO:colcon.colcon_core.shell:Creating prefix chain script '/home/vincent-pc/ros2_foxy/install/setup.bash'
[6.808s] INFO:colcon.colcon_core.shell:Creating prefix script '/home/vincent-pc/ros2_foxy/install/local_setup.zsh'
[6.810s] INFO:colcon.colcon_core.shell:Creating prefix chain script '/home/vincent-pc/ros2_foxy/install/setup.zsh'
