/home/vincent-pc/ros2_foxy/install/my_py_pkg/lib/python3.8/site-packages/my_py_pkg/number_counter.py
/home/vincent-pc/ros2_foxy/install/my_py_pkg/lib/python3.8/site-packages/my_py_pkg/robot_news_station.py
/home/vincent-pc/ros2_foxy/install/my_py_pkg/lib/python3.8/site-packages/my_py_pkg/__init__.py
/home/vincent-pc/ros2_foxy/install/my_py_pkg/lib/python3.8/site-packages/my_py_pkg/number_publisher.py
/home/vincent-pc/ros2_foxy/install/my_py_pkg/lib/python3.8/site-packages/my_py_pkg/battery.py
/home/vincent-pc/ros2_foxy/install/my_py_pkg/lib/python3.8/site-packages/my_py_pkg/add_two_ints_server.py
/home/vincent-pc/ros2_foxy/install/my_py_pkg/lib/python3.8/site-packages/my_py_pkg/led_panel.py
/home/vincent-pc/ros2_foxy/install/my_py_pkg/lib/python3.8/site-packages/my_py_pkg/add_two_ints_client.py
/home/vincent-pc/ros2_foxy/install/my_py_pkg/lib/python3.8/site-packages/my_py_pkg/smartphone.py
/home/vincent-pc/ros2_foxy/install/my_py_pkg/lib/python3.8/site-packages/my_py_pkg/hw_status_publisher.py
/home/vincent-pc/ros2_foxy/install/my_py_pkg/lib/python3.8/site-packages/my_py_pkg/Template.py
/home/vincent-pc/ros2_foxy/install/my_py_pkg/lib/python3.8/site-packages/my_py_pkg/my_first_node.py
/home/vincent-pc/ros2_foxy/install/my_py_pkg/lib/python3.8/site-packages/my_py_pkg/add_two_ints_client_no_oop.py
/home/vincent-pc/ros2_foxy/install/my_py_pkg/lib/python3.8/site-packages/my_py_pkg/reset_number_service.py
/home/vincent-pc/ros2_foxy/install/my_py_pkg/lib/python3.8/site-packages/my_py_pkg/number_counter_server.py
/home/vincent-pc/ros2_foxy/install/my_py_pkg/lib/python3.8/site-packages/my_py_pkg/__pycache__/number_counter.cpython-38.pyc
/home/vincent-pc/ros2_foxy/install/my_py_pkg/lib/python3.8/site-packages/my_py_pkg/__pycache__/robot_news_station.cpython-38.pyc
/home/vincent-pc/ros2_foxy/install/my_py_pkg/lib/python3.8/site-packages/my_py_pkg/__pycache__/__init__.cpython-38.pyc
/home/vincent-pc/ros2_foxy/install/my_py_pkg/lib/python3.8/site-packages/my_py_pkg/__pycache__/number_publisher.cpython-38.pyc
/home/vincent-pc/ros2_foxy/install/my_py_pkg/lib/python3.8/site-packages/my_py_pkg/__pycache__/battery.cpython-38.pyc
/home/vincent-pc/ros2_foxy/install/my_py_pkg/lib/python3.8/site-packages/my_py_pkg/__pycache__/add_two_ints_server.cpython-38.pyc
/home/vincent-pc/ros2_foxy/install/my_py_pkg/lib/python3.8/site-packages/my_py_pkg/__pycache__/led_panel.cpython-38.pyc
/home/vincent-pc/ros2_foxy/install/my_py_pkg/lib/python3.8/site-packages/my_py_pkg/__pycache__/add_two_ints_client.cpython-38.pyc
/home/vincent-pc/ros2_foxy/install/my_py_pkg/lib/python3.8/site-packages/my_py_pkg/__pycache__/smartphone.cpython-38.pyc
/home/vincent-pc/ros2_foxy/install/my_py_pkg/lib/python3.8/site-packages/my_py_pkg/__pycache__/hw_status_publisher.cpython-38.pyc
/home/vincent-pc/ros2_foxy/install/my_py_pkg/lib/python3.8/site-packages/my_py_pkg/__pycache__/Template.cpython-38.pyc
/home/vincent-pc/ros2_foxy/install/my_py_pkg/lib/python3.8/site-packages/my_py_pkg/__pycache__/my_first_node.cpython-38.pyc
/home/vincent-pc/ros2_foxy/install/my_py_pkg/lib/python3.8/site-packages/my_py_pkg/__pycache__/add_two_ints_client_no_oop.cpython-38.pyc
/home/vincent-pc/ros2_foxy/install/my_py_pkg/lib/python3.8/site-packages/my_py_pkg/__pycache__/reset_number_service.cpython-38.pyc
/home/vincent-pc/ros2_foxy/install/my_py_pkg/lib/python3.8/site-packages/my_py_pkg/__pycache__/number_counter_server.cpython-38.pyc
/home/vincent-pc/ros2_foxy/install/my_py_pkg/share/ament_index/resource_index/packages/my_py_pkg
/home/vincent-pc/ros2_foxy/install/my_py_pkg/share/my_py_pkg/package.xml
/home/vincent-pc/ros2_foxy/install/my_py_pkg/lib/python3.8/site-packages/my_py_pkg-0.0.0-py3.8.egg-info/PKG-INFO
/home/vincent-pc/ros2_foxy/install/my_py_pkg/lib/python3.8/site-packages/my_py_pkg-0.0.0-py3.8.egg-info/zip-safe
/home/vincent-pc/ros2_foxy/install/my_py_pkg/lib/python3.8/site-packages/my_py_pkg-0.0.0-py3.8.egg-info/top_level.txt
/home/vincent-pc/ros2_foxy/install/my_py_pkg/lib/python3.8/site-packages/my_py_pkg-0.0.0-py3.8.egg-info/SOURCES.txt
/home/vincent-pc/ros2_foxy/install/my_py_pkg/lib/python3.8/site-packages/my_py_pkg-0.0.0-py3.8.egg-info/requires.txt
/home/vincent-pc/ros2_foxy/install/my_py_pkg/lib/python3.8/site-packages/my_py_pkg-0.0.0-py3.8.egg-info/entry_points.txt
/home/vincent-pc/ros2_foxy/install/my_py_pkg/lib/python3.8/site-packages/my_py_pkg-0.0.0-py3.8.egg-info/dependency_links.txt
/home/vincent-pc/ros2_foxy/install/my_py_pkg/lib/my_py_pkg/add_two_ints_client
/home/vincent-pc/ros2_foxy/install/my_py_pkg/lib/my_py_pkg/add_two_ints_client_no_oop_py
/home/vincent-pc/ros2_foxy/install/my_py_pkg/lib/my_py_pkg/add_two_ints_server_py
/home/vincent-pc/ros2_foxy/install/my_py_pkg/lib/my_py_pkg/battery_py
/home/vincent-pc/ros2_foxy/install/my_py_pkg/lib/my_py_pkg/hardware_status_publisher_py
/home/vincent-pc/ros2_foxy/install/my_py_pkg/lib/my_py_pkg/led_panel_py
/home/vincent-pc/ros2_foxy/install/my_py_pkg/lib/my_py_pkg/number_counter_py
/home/vincent-pc/ros2_foxy/install/my_py_pkg/lib/my_py_pkg/number_counter_server_py
/home/vincent-pc/ros2_foxy/install/my_py_pkg/lib/my_py_pkg/number_publisher_py
/home/vincent-pc/ros2_foxy/install/my_py_pkg/lib/my_py_pkg/py_node
/home/vincent-pc/ros2_foxy/install/my_py_pkg/lib/my_py_pkg/reset_number_count_service
/home/vincent-pc/ros2_foxy/install/my_py_pkg/lib/my_py_pkg/robot_news_station
/home/vincent-pc/ros2_foxy/install/my_py_pkg/lib/my_py_pkg/smartphone
