-- Found ament_cmake: 0.9.12 (/opt/ros/foxy/share/ament_cmake/cmake)
-- Using PYTHON_EXECUTABLE: /usr/bin/python3
-- Found rclcpp: 2.4.3 (/opt/ros/foxy/share/rclcpp/cmake)
-- Using all available rosidl_typesupport_c: rosidl_typesupport_fastrtps_c;rosidl_typesupport_introspection_c
-- Found rosidl_adapter: 1.3.1 (/opt/ros/foxy/share/rosidl_adapter/cmake)
-- Using all available rosidl_typesupport_cpp: rosidl_typesupport_fastrtps_cpp;rosidl_typesupport_introspection_cpp
-- Found rmw_implementation_cmake: 1.0.4 (/opt/ros/foxy/share/rmw_implementation_cmake/cmake)
-- Using RMW implementation 'rmw_fastrtps_cpp' as default
-- Found example_interfaces: 0.9.1 (/opt/ros/foxy/share/example_interfaces/cmake)
-- Found my_robot_interfaces: 0.0.0 (/home/vincent-pc/ros2_foxy/install/my_robot_interfaces/share/my_robot_interfaces/cmake)
-- Configuring done
-- Generating done
-- Build files have been written to: /home/vincent-pc/ros2_foxy/build/my_cpp_pkg
[35m[1mScanning dependencies of target led_panel_cpp[0m
[35m[1mScanning dependencies of target hardware_status_publisher_cpp[0m
[  8%] Built target cpp_node
[ 16%] Built target add_two_ints_server_cpp
[ 25%] Built target number_counter_cpp
[ 33%] Built target smartphone_cpp
[ 41%] Built target add_two_ints_client_no_oop
[ 45%] [32mBuilding CXX object CMakeFiles/hardware_status_publisher_cpp.dir/src/hw_status_publisher.cpp.o[0m
[ 54%] Built target robot_news_station_cpp
[ 62%] Built target number_publisher_cpp
[ 70%] Built target reset_number_client
[ 75%] [32mBuilding CXX object CMakeFiles/led_panel_cpp.dir/src/led_panel.cpp.o[0m
[ 91%] Built target number_counter_server_cpp
[ 91%] Built target add_two_ints_client
[ 95%] [32m[1mLinking CXX executable hardware_status_publisher_cpp[0m
[ 95%] Built target hardware_status_publisher_cpp
