[0.036s] Invoking command in '/home/vincent-pc/ros2_foxy/build/my_robot_description': CMAKE_PREFIX_PATH=${CMAKE_PREFIX_PATH}:/home/vincent-pc/ros2_foxy/install/turtlesim_catch_them_all_py:/home/vincent-pc/ros2_foxy/install/my_py_pkg:/opt/ros/foxy /usr/bin/cmake /home/vincent-pc/ros2_foxy/src/my_robot_description -DAMENT_CMAKE_SYMLINK_INSTALL=1 -DCMAKE_INSTALL_PREFIX=/home/vincent-pc/ros2_foxy/install/my_robot_description
[0.057s] -- Found ament_cmake: 0.9.12 (/opt/ros/foxy/share/ament_cmake/cmake)
[0.101s] -- Using PYTHON_EXECUTABLE: /usr/bin/python3
[0.367s] -- Override CMake install command with custom implementation using symlinks instead of copying resources
[0.496s] -- Configuring done
[0.503s] -- Generating done
[0.506s] -- Build files have been written to: /home/vincent-pc/ros2_foxy/build/my_robot_description
[0.512s] Invoked command in '/home/vincent-pc/ros2_foxy/build/my_robot_description' returned '0': CMAKE_PREFIX_PATH=${CMAKE_PREFIX_PATH}:/home/vincent-pc/ros2_foxy/install/turtlesim_catch_them_all_py:/home/vincent-pc/ros2_foxy/install/my_py_pkg:/opt/ros/foxy /usr/bin/cmake /home/vincent-pc/ros2_foxy/src/my_robot_description -DAMENT_CMAKE_SYMLINK_INSTALL=1 -DCMAKE_INSTALL_PREFIX=/home/vincent-pc/ros2_foxy/install/my_robot_description
[0.517s] Invoking command in '/home/vincent-pc/ros2_foxy/build/my_robot_description': CMAKE_PREFIX_PATH=${CMAKE_PREFIX_PATH}:/home/vincent-pc/ros2_foxy/install/turtlesim_catch_them_all_py:/home/vincent-pc/ros2_foxy/install/my_py_pkg:/opt/ros/foxy /usr/bin/cmake --build /home/vincent-pc/ros2_foxy/build/my_robot_description -- -j8 -l8
[0.580s] Invoked command in '/home/vincent-pc/ros2_foxy/build/my_robot_description' returned '0': CMAKE_PREFIX_PATH=${CMAKE_PREFIX_PATH}:/home/vincent-pc/ros2_foxy/install/turtlesim_catch_them_all_py:/home/vincent-pc/ros2_foxy/install/my_py_pkg:/opt/ros/foxy /usr/bin/cmake --build /home/vincent-pc/ros2_foxy/build/my_robot_description -- -j8 -l8
[0.597s] Invoking command in '/home/vincent-pc/ros2_foxy/build/my_robot_description': CMAKE_PREFIX_PATH=${CMAKE_PREFIX_PATH}:/home/vincent-pc/ros2_foxy/install/turtlesim_catch_them_all_py:/home/vincent-pc/ros2_foxy/install/my_py_pkg:/opt/ros/foxy /usr/bin/cmake --install /home/vincent-pc/ros2_foxy/build/my_robot_description
[0.612s] -- Install configuration: ""
[0.612s] -- Execute custom install script
[0.613s] -- Symlinking: /home/vincent-pc/ros2_foxy/install/my_robot_description/share/my_robot_description//urdf/my_robot.urdf
[0.626s] -- Symlinking: /home/vincent-pc/ros2_foxy/install/my_robot_description/share/my_robot_description//urdf/my_robot.urdf.xacro
[0.639s] -- Symlinking: /home/vincent-pc/ros2_foxy/install/my_robot_description/share/my_robot_description//launch/display.launch.py
[0.654s] -- Symlinking: /home/vincent-pc/ros2_foxy/install/my_robot_description/share/my_robot_description//launch/display.launch.xml
[0.678s] -- Symlinking: /home/vincent-pc/ros2_foxy/install/my_robot_description/share/my_robot_description//launch/display2.launch.py
[0.689s] -- Symlinking: /home/vincent-pc/ros2_foxy/install/my_robot_description/share/my_robot_description//launch/display2.launch.xml
[0.699s] -- Symlinking: /home/vincent-pc/ros2_foxy/install/my_robot_description/share/my_robot_description//rviz/urdf_config.rviz
[0.712s] -- Symlinking: /home/vincent-pc/ros2_foxy/install/my_robot_description/share/ament_index/resource_index/package_run_dependencies/my_robot_description
[0.722s] -- Symlinking: /home/vincent-pc/ros2_foxy/install/my_robot_description/share/ament_index/resource_index/parent_prefix_path/my_robot_description
[0.734s] -- Symlinking: /home/vincent-pc/ros2_foxy/install/my_robot_description/share/my_robot_description/environment/ament_prefix_path.sh
[0.746s] -- Symlinking: /home/vincent-pc/ros2_foxy/install/my_robot_description/share/my_robot_description/environment/ament_prefix_path.dsv
[0.758s] -- Symlinking: /home/vincent-pc/ros2_foxy/install/my_robot_description/share/my_robot_description/environment/path.sh
[0.769s] -- Symlinking: /home/vincent-pc/ros2_foxy/install/my_robot_description/share/my_robot_description/environment/path.dsv
[0.782s] -- Symlinking: /home/vincent-pc/ros2_foxy/install/my_robot_description/share/my_robot_description/local_setup.bash
[0.794s] -- Symlinking: /home/vincent-pc/ros2_foxy/install/my_robot_description/share/my_robot_description/local_setup.sh
[0.806s] -- Symlinking: /home/vincent-pc/ros2_foxy/install/my_robot_description/share/my_robot_description/local_setup.zsh
[0.817s] -- Symlinking: /home/vincent-pc/ros2_foxy/install/my_robot_description/share/my_robot_description/local_setup.dsv
[0.830s] -- Symlinking: /home/vincent-pc/ros2_foxy/install/my_robot_description/share/my_robot_description/package.dsv
[0.841s] -- Symlinking: /home/vincent-pc/ros2_foxy/install/my_robot_description/share/ament_index/resource_index/packages/my_robot_description
[0.851s] -- Symlinking: /home/vincent-pc/ros2_foxy/install/my_robot_description/share/my_robot_description/cmake/my_robot_descriptionConfig.cmake
[0.863s] -- Symlinking: /home/vincent-pc/ros2_foxy/install/my_robot_description/share/my_robot_description/cmake/my_robot_descriptionConfig-version.cmake
[0.874s] -- Symlinking: /home/vincent-pc/ros2_foxy/install/my_robot_description/share/my_robot_description/package.xml
[0.887s] Invoked command in '/home/vincent-pc/ros2_foxy/build/my_robot_description' returned '0': CMAKE_PREFIX_PATH=${CMAKE_PREFIX_PATH}:/home/vincent-pc/ros2_foxy/install/turtlesim_catch_them_all_py:/home/vincent-pc/ros2_foxy/install/my_py_pkg:/opt/ros/foxy /usr/bin/cmake --install /home/vincent-pc/ros2_foxy/build/my_robot_description
