[0.018s] Invoking command in '/home/vincent-pc/ros2_foxy/build/my_cpp_pkg': CMAKE_PREFIX_PATH=${CMAKE_PREFIX_PATH}:/home/vincent-pc/ros2_foxy/install/my_py_pkg:/home/vincent-pc/ros2_ws/install/py_srvcli:/home/vincent-pc/ros2_ws/install/py_pubsub:/home/vincent-pc/ros2_ws/install/my_package_Py:/home/vincent-pc/ros2_ws/install/examples_rclpy_minimal_subscriber:/home/vincent-pc/ros2_ws/install/examples_rclpy_minimal_service:/home/vincent-pc/ros2_ws/install/examples_rclpy_minimal_publisher:/home/vincent-pc/ros2_ws/install/examples_rclpy_minimal_client:/home/vincent-pc/ros2_ws/install/examples_rclpy_minimal_action_server:/home/vincent-pc/ros2_ws/install/examples_rclpy_minimal_action_client:/home/vincent-pc/ros2_ws/install/examples_rclpy_executors:/opt/ros/foxy /usr/bin/cmake --build /home/vincent-pc/ros2_foxy/build/my_cpp_pkg -- -j8 -l8
[0.052s] -- Found ament_cmake: 0.9.12 (/opt/ros/foxy/share/ament_cmake/cmake)
[0.083s] -- Using PYTHON_EXECUTABLE: /usr/bin/python3
[0.283s] -- Found rclcpp: 2.4.3 (/opt/ros/foxy/share/rclcpp/cmake)
[0.315s] -- Using all available rosidl_typesupport_c: rosidl_typesupport_fastrtps_c;rosidl_typesupport_introspection_c
[0.318s] -- Found rosidl_adapter: 1.3.1 (/opt/ros/foxy/share/rosidl_adapter/cmake)
[0.420s] -- Using all available rosidl_typesupport_cpp: rosidl_typesupport_fastrtps_cpp;rosidl_typesupport_introspection_cpp
[0.467s] -- Found rmw_implementation_cmake: 1.0.4 (/opt/ros/foxy/share/rmw_implementation_cmake/cmake)
[0.469s] -- Using RMW implementation 'rmw_fastrtps_cpp' as default
[0.623s] -- Found example_interfaces: 0.9.1 (/opt/ros/foxy/share/example_interfaces/cmake)
[0.810s] -- Configuring done
[0.855s] -- Generating done
[0.875s] -- Build files have been written to: /home/vincent-pc/ros2_foxy/build/my_cpp_pkg
[0.933s] [ 20%] Built target add_two_ints_server_cpp
[0.934s] [ 20%] Built target smartphone_cpp
[0.935s] [ 30%] Built target cpp_node
[0.937s] [ 40%] Built target add_two_ints_client_no_oop
[0.945s] [ 60%] Built target number_publisher_cpp
[0.945s] [ 60%] Built target number_counter_cpp
[0.946s] [ 70%] Built target robot_news_station_cpp
[0.951s] [ 80%] Built target add_two_ints_client
[0.951s] [35m[1mScanning dependencies of target reset_number_client[0m
[0.975s] [ 90%] Built target number_counter_server_cpp
[0.985s] [ 95%] [32mBuilding CXX object CMakeFiles/reset_number_client.dir/src/reset_number_client.cpp.o[0m
[2.936s] [100%] [32m[1mLinking CXX executable reset_number_client[0m
[3.081s] [100%] Built target reset_number_client
[3.094s] Invoked command in '/home/vincent-pc/ros2_foxy/build/my_cpp_pkg' returned '0': CMAKE_PREFIX_PATH=${CMAKE_PREFIX_PATH}:/home/vincent-pc/ros2_foxy/install/my_py_pkg:/home/vincent-pc/ros2_ws/install/py_srvcli:/home/vincent-pc/ros2_ws/install/py_pubsub:/home/vincent-pc/ros2_ws/install/my_package_Py:/home/vincent-pc/ros2_ws/install/examples_rclpy_minimal_subscriber:/home/vincent-pc/ros2_ws/install/examples_rclpy_minimal_service:/home/vincent-pc/ros2_ws/install/examples_rclpy_minimal_publisher:/home/vincent-pc/ros2_ws/install/examples_rclpy_minimal_client:/home/vincent-pc/ros2_ws/install/examples_rclpy_minimal_action_server:/home/vincent-pc/ros2_ws/install/examples_rclpy_minimal_action_client:/home/vincent-pc/ros2_ws/install/examples_rclpy_executors:/opt/ros/foxy /usr/bin/cmake --build /home/vincent-pc/ros2_foxy/build/my_cpp_pkg -- -j8 -l8
[3.108s] Invoking command in '/home/vincent-pc/ros2_foxy/build/my_cpp_pkg': CMAKE_PREFIX_PATH=${CMAKE_PREFIX_PATH}:/home/vincent-pc/ros2_foxy/install/my_py_pkg:/home/vincent-pc/ros2_ws/install/py_srvcli:/home/vincent-pc/ros2_ws/install/py_pubsub:/home/vincent-pc/ros2_ws/install/my_package_Py:/home/vincent-pc/ros2_ws/install/examples_rclpy_minimal_subscriber:/home/vincent-pc/ros2_ws/install/examples_rclpy_minimal_service:/home/vincent-pc/ros2_ws/install/examples_rclpy_minimal_publisher:/home/vincent-pc/ros2_ws/install/examples_rclpy_minimal_client:/home/vincent-pc/ros2_ws/install/examples_rclpy_minimal_action_server:/home/vincent-pc/ros2_ws/install/examples_rclpy_minimal_action_client:/home/vincent-pc/ros2_ws/install/examples_rclpy_executors:/opt/ros/foxy /usr/bin/cmake --install /home/vincent-pc/ros2_foxy/build/my_cpp_pkg
[3.116s] -- Install configuration: ""
[3.116s] -- Up-to-date: /home/vincent-pc/ros2_foxy/install/my_cpp_pkg/lib/my_cpp_pkg/cpp_node
[3.117s] -- Up-to-date: /home/vincent-pc/ros2_foxy/install/my_cpp_pkg/lib/my_cpp_pkg/robot_news_station_cpp
[3.117s] -- Up-to-date: /home/vincent-pc/ros2_foxy/install/my_cpp_pkg/lib/my_cpp_pkg/smartphone_cpp
[3.118s] -- Up-to-date: /home/vincent-pc/ros2_foxy/install/my_cpp_pkg/lib/my_cpp_pkg/number_publisher_cpp
[3.119s] -- Up-to-date: /home/vincent-pc/ros2_foxy/install/my_cpp_pkg/lib/my_cpp_pkg/number_counter_cpp
[3.119s] -- Up-to-date: /home/vincent-pc/ros2_foxy/install/my_cpp_pkg/lib/my_cpp_pkg/add_two_ints_server_cpp
[3.120s] -- Up-to-date: /home/vincent-pc/ros2_foxy/install/my_cpp_pkg/lib/my_cpp_pkg/add_two_ints_client_no_oop
[3.121s] -- Up-to-date: /home/vincent-pc/ros2_foxy/install/my_cpp_pkg/lib/my_cpp_pkg/add_two_ints_client
[3.122s] -- Up-to-date: /home/vincent-pc/ros2_foxy/install/my_cpp_pkg/lib/my_cpp_pkg/number_counter_server_cpp
[3.122s] -- Installing: /home/vincent-pc/ros2_foxy/install/my_cpp_pkg/lib/my_cpp_pkg/reset_number_client
[3.123s] -- Set runtime path of "/home/vincent-pc/ros2_foxy/install/my_cpp_pkg/lib/my_cpp_pkg/reset_number_client" to ""
[3.123s] -- Up-to-date: /home/vincent-pc/ros2_foxy/install/my_cpp_pkg/share/ament_index/resource_index/package_run_dependencies/my_cpp_pkg
[3.123s] -- Up-to-date: /home/vincent-pc/ros2_foxy/install/my_cpp_pkg/share/ament_index/resource_index/parent_prefix_path/my_cpp_pkg
[3.123s] -- Up-to-date: /home/vincent-pc/ros2_foxy/install/my_cpp_pkg/share/my_cpp_pkg/environment/ament_prefix_path.sh
[3.124s] -- Installing: /home/vincent-pc/ros2_foxy/install/my_cpp_pkg/share/my_cpp_pkg/environment/ament_prefix_path.dsv
[3.124s] -- Up-to-date: /home/vincent-pc/ros2_foxy/install/my_cpp_pkg/share/my_cpp_pkg/environment/path.sh
[3.124s] -- Installing: /home/vincent-pc/ros2_foxy/install/my_cpp_pkg/share/my_cpp_pkg/environment/path.dsv
[3.124s] -- Up-to-date: /home/vincent-pc/ros2_foxy/install/my_cpp_pkg/share/my_cpp_pkg/local_setup.bash
[3.124s] -- Up-to-date: /home/vincent-pc/ros2_foxy/install/my_cpp_pkg/share/my_cpp_pkg/local_setup.sh
[3.124s] -- Up-to-date: /home/vincent-pc/ros2_foxy/install/my_cpp_pkg/share/my_cpp_pkg/local_setup.zsh
[3.124s] -- Installing: /home/vincent-pc/ros2_foxy/install/my_cpp_pkg/share/my_cpp_pkg/local_setup.dsv
[3.124s] -- Installing: /home/vincent-pc/ros2_foxy/install/my_cpp_pkg/share/my_cpp_pkg/package.dsv
[3.125s] -- Up-to-date: /home/vincent-pc/ros2_foxy/install/my_cpp_pkg/share/ament_index/resource_index/packages/my_cpp_pkg
[3.125s] -- Up-to-date: /home/vincent-pc/ros2_foxy/install/my_cpp_pkg/share/my_cpp_pkg/cmake/my_cpp_pkgConfig.cmake
[3.125s] -- Up-to-date: /home/vincent-pc/ros2_foxy/install/my_cpp_pkg/share/my_cpp_pkg/cmake/my_cpp_pkgConfig-version.cmake
[3.125s] -- Up-to-date: /home/vincent-pc/ros2_foxy/install/my_cpp_pkg/share/my_cpp_pkg/package.xml
[3.128s] Invoked command in '/home/vincent-pc/ros2_foxy/build/my_cpp_pkg' returned '0': CMAKE_PREFIX_PATH=${CMAKE_PREFIX_PATH}:/home/vincent-pc/ros2_foxy/install/my_py_pkg:/home/vincent-pc/ros2_ws/install/py_srvcli:/home/vincent-pc/ros2_ws/install/py_pubsub:/home/vincent-pc/ros2_ws/install/my_package_Py:/home/vincent-pc/ros2_ws/install/examples_rclpy_minimal_subscriber:/home/vincent-pc/ros2_ws/install/examples_rclpy_minimal_service:/home/vincent-pc/ros2_ws/install/examples_rclpy_minimal_publisher:/home/vincent-pc/ros2_ws/install/examples_rclpy_minimal_client:/home/vincent-pc/ros2_ws/install/examples_rclpy_minimal_action_server:/home/vincent-pc/ros2_ws/install/examples_rclpy_minimal_action_client:/home/vincent-pc/ros2_ws/install/examples_rclpy_executors:/opt/ros/foxy /usr/bin/cmake --install /home/vincent-pc/ros2_foxy/build/my_cpp_pkg
