[0.318s] DEBUG:colcon:Command line arguments: ['/usr/bin/colcon', 'build']
[0.318s] DEBUG:colcon:Parsed command line arguments: Namespace(allow_overriding=[], ament_cmake_args=None, base_paths=['.'], build_base='build', catkin_cmake_args=None, catkin_skip_building_tests=False, cmake_args=None, cmake_clean_cache=False, cmake_clean_first=False, cmake_force_configure=False, cmake_target=None, cmake_target_skip_unavailable=False, continue_on_error=False, event_handlers=None, executor='parallel', ignore_user_meta=False, install_base='install', log_base=None, log_level=None, main=<bound method BuildVerb.main of <colcon_core.verb.build.BuildVerb object at 0x7fe9a9760a00>>, merge_install=False, metas=['./colcon.meta'], mixin=None, mixin_files=None, mixin_verb=('build',), packages_above=None, packages_above_and_dependencies=None, packages_above_depth=None, packages_end=None, packages_ignore=None, packages_ignore_regex=None, packages_select=None, packages_select_build_failed=False, packages_select_by_dep=None, packages_select_regex=None, packages_select_test_failures=False, packages_skip=None, packages_skip_build_finished=False, packages_skip_by_dep=None, packages_skip_regex=None, packages_skip_test_passed=False, packages_skip_up_to=None, packages_start=None, packages_up_to=None, packages_up_to_regex=None, parallel_workers=8, paths=None, symlink_install=False, test_result_base=None, verb_extension=<colcon_core.verb.build.BuildVerb object at 0x7fe9a9760a00>, verb_name='build', verb_parser=<colcon_mixin.mixin.mixin_argument.MixinArgumentDecorator object at 0x7fe9a97369a0>)
[0.495s] Level 1:colcon.colcon_core.package_discovery:discover_packages(colcon_meta) check parameters
[0.495s] Level 1:colcon.colcon_core.package_discovery:discover_packages(recursive) check parameters
[0.495s] Level 1:colcon.colcon_core.package_discovery:discover_packages(ignore) check parameters
[0.495s] Level 1:colcon.colcon_core.package_discovery:discover_packages(path) check parameters
[0.496s] Level 1:colcon.colcon_core.package_discovery:discover_packages(colcon_meta) discover
[0.496s] Level 1:colcon.colcon_core.package_discovery:discover_packages(recursive) discover
[0.496s] INFO:colcon.colcon_core.package_discovery:Crawling recursively for packages in '/home/vincent-pc/ros2_foxy'
[0.496s] Level 1:colcon.colcon_core.package_identification:_identify(.) by extensions ['ignore', 'ignore_ament_install']
[0.496s] Level 1:colcon.colcon_core.package_identification:_identify(.) by extension 'ignore'
[0.496s] Level 1:colcon.colcon_core.package_identification:_identify(.) by extension 'ignore_ament_install'
[0.496s] Level 1:colcon.colcon_core.package_identification:_identify(.) by extensions ['colcon_pkg']
[0.496s] Level 1:colcon.colcon_core.package_identification:_identify(.) by extension 'colcon_pkg'
[0.496s] Level 1:colcon.colcon_core.package_identification:_identify(.) by extensions ['colcon_meta']
[0.496s] Level 1:colcon.colcon_core.package_identification:_identify(.) by extension 'colcon_meta'
[0.496s] Level 1:colcon.colcon_core.package_identification:_identify(.) by extensions ['ros']
[0.496s] Level 1:colcon.colcon_core.package_identification:_identify(.) by extension 'ros'
[0.509s] Level 1:colcon.colcon_core.package_identification:_identify(.) by extensions ['cmake', 'python']
[0.509s] Level 1:colcon.colcon_core.package_identification:_identify(.) by extension 'cmake'
[0.509s] Level 1:colcon.colcon_core.package_identification:_identify(.) by extension 'python'
[0.509s] Level 1:colcon.colcon_core.package_identification:_identify(.) by extensions ['python_setup_py']
[0.510s] Level 1:colcon.colcon_core.package_identification:_identify(.) by extension 'python_setup_py'
[0.510s] Level 1:colcon.colcon_core.package_identification:_identify(URDF) by extensions ['ignore', 'ignore_ament_install']
[0.510s] Level 1:colcon.colcon_core.package_identification:_identify(URDF) by extension 'ignore'
[0.510s] Level 1:colcon.colcon_core.package_identification:_identify(URDF) by extension 'ignore_ament_install'
[0.510s] Level 1:colcon.colcon_core.package_identification:_identify(URDF) by extensions ['colcon_pkg']
[0.510s] Level 1:colcon.colcon_core.package_identification:_identify(URDF) by extension 'colcon_pkg'
[0.510s] Level 1:colcon.colcon_core.package_identification:_identify(URDF) by extensions ['colcon_meta']
[0.511s] Level 1:colcon.colcon_core.package_identification:_identify(URDF) by extension 'colcon_meta'
[0.511s] Level 1:colcon.colcon_core.package_identification:_identify(URDF) by extensions ['ros']
[0.511s] Level 1:colcon.colcon_core.package_identification:_identify(URDF) by extension 'ros'
[0.511s] Level 1:colcon.colcon_core.package_identification:_identify(URDF) by extensions ['cmake', 'python']
[0.511s] Level 1:colcon.colcon_core.package_identification:_identify(URDF) by extension 'cmake'
[0.511s] Level 1:colcon.colcon_core.package_identification:_identify(URDF) by extension 'python'
[0.511s] Level 1:colcon.colcon_core.package_identification:_identify(URDF) by extensions ['python_setup_py']
[0.511s] Level 1:colcon.colcon_core.package_identification:_identify(URDF) by extension 'python_setup_py'
[0.511s] Level 1:colcon.colcon_core.package_identification:_identify(build) by extensions ['ignore', 'ignore_ament_install']
[0.511s] Level 1:colcon.colcon_core.package_identification:_identify(build) by extension 'ignore'
[0.511s] Level 1:colcon.colcon_core.package_identification:_identify(build) ignored
[0.512s] Level 1:colcon.colcon_core.package_identification:_identify(install) by extensions ['ignore', 'ignore_ament_install']
[0.512s] Level 1:colcon.colcon_core.package_identification:_identify(install) by extension 'ignore'
[0.512s] Level 1:colcon.colcon_core.package_identification:_identify(install) ignored
[0.512s] Level 1:colcon.colcon_core.package_identification:_identify(log) by extensions ['ignore', 'ignore_ament_install']
[0.512s] Level 1:colcon.colcon_core.package_identification:_identify(log) by extension 'ignore'
[0.512s] Level 1:colcon.colcon_core.package_identification:_identify(log) ignored
[0.512s] Level 1:colcon.colcon_core.package_identification:_identify(src) by extensions ['ignore', 'ignore_ament_install']
[0.512s] Level 1:colcon.colcon_core.package_identification:_identify(src) by extension 'ignore'
[0.512s] Level 1:colcon.colcon_core.package_identification:_identify(src) by extension 'ignore_ament_install'
[0.513s] Level 1:colcon.colcon_core.package_identification:_identify(src) by extensions ['colcon_pkg']
[0.513s] Level 1:colcon.colcon_core.package_identification:_identify(src) by extension 'colcon_pkg'
[0.513s] Level 1:colcon.colcon_core.package_identification:_identify(src) by extensions ['colcon_meta']
[0.513s] Level 1:colcon.colcon_core.package_identification:_identify(src) by extension 'colcon_meta'
[0.513s] Level 1:colcon.colcon_core.package_identification:_identify(src) by extensions ['ros']
[0.513s] Level 1:colcon.colcon_core.package_identification:_identify(src) by extension 'ros'
[0.513s] Level 1:colcon.colcon_core.package_identification:_identify(src) by extensions ['cmake', 'python']
[0.513s] Level 1:colcon.colcon_core.package_identification:_identify(src) by extension 'cmake'
[0.513s] Level 1:colcon.colcon_core.package_identification:_identify(src) by extension 'python'
[0.513s] Level 1:colcon.colcon_core.package_identification:_identify(src) by extensions ['python_setup_py']
[0.513s] Level 1:colcon.colcon_core.package_identification:_identify(src) by extension 'python_setup_py'
[0.513s] Level 1:colcon.colcon_core.package_identification:_identify(src/my_cpp_pkg) by extensions ['ignore', 'ignore_ament_install']
[0.513s] Level 1:colcon.colcon_core.package_identification:_identify(src/my_cpp_pkg) by extension 'ignore'
[0.513s] Level 1:colcon.colcon_core.package_identification:_identify(src/my_cpp_pkg) by extension 'ignore_ament_install'
[0.513s] Level 1:colcon.colcon_core.package_identification:_identify(src/my_cpp_pkg) by extensions ['colcon_pkg']
[0.513s] Level 1:colcon.colcon_core.package_identification:_identify(src/my_cpp_pkg) by extension 'colcon_pkg'
[0.513s] Level 1:colcon.colcon_core.package_identification:_identify(src/my_cpp_pkg) by extensions ['colcon_meta']
[0.513s] Level 1:colcon.colcon_core.package_identification:_identify(src/my_cpp_pkg) by extension 'colcon_meta'
[0.514s] Level 1:colcon.colcon_core.package_identification:_identify(src/my_cpp_pkg) by extensions ['ros']
[0.514s] Level 1:colcon.colcon_core.package_identification:_identify(src/my_cpp_pkg) by extension 'ros'
[0.517s] DEBUG:colcon.colcon_core.package_identification:Package 'src/my_cpp_pkg' with type 'ros.ament_cmake' and name 'my_cpp_pkg'
[0.517s] Level 1:colcon.colcon_core.package_identification:_identify(src/my_py_pkg) by extensions ['ignore', 'ignore_ament_install']
[0.517s] Level 1:colcon.colcon_core.package_identification:_identify(src/my_py_pkg) by extension 'ignore'
[0.518s] Level 1:colcon.colcon_core.package_identification:_identify(src/my_py_pkg) by extension 'ignore_ament_install'
[0.518s] Level 1:colcon.colcon_core.package_identification:_identify(src/my_py_pkg) by extensions ['colcon_pkg']
[0.518s] Level 1:colcon.colcon_core.package_identification:_identify(src/my_py_pkg) by extension 'colcon_pkg'
[0.518s] Level 1:colcon.colcon_core.package_identification:_identify(src/my_py_pkg) by extensions ['colcon_meta']
[0.518s] Level 1:colcon.colcon_core.package_identification:_identify(src/my_py_pkg) by extension 'colcon_meta'
[0.518s] Level 1:colcon.colcon_core.package_identification:_identify(src/my_py_pkg) by extensions ['ros']
[0.518s] Level 1:colcon.colcon_core.package_identification:_identify(src/my_py_pkg) by extension 'ros'
[0.519s] DEBUG:colcon.colcon_core.package_identification:Package 'src/my_py_pkg' with type 'ros.ament_python' and name 'my_py_pkg'
[0.519s] Level 1:colcon.colcon_core.package_identification:_identify(src/my_robot_bringup) by extensions ['ignore', 'ignore_ament_install']
[0.519s] Level 1:colcon.colcon_core.package_identification:_identify(src/my_robot_bringup) by extension 'ignore'
[0.519s] Level 1:colcon.colcon_core.package_identification:_identify(src/my_robot_bringup) by extension 'ignore_ament_install'
[0.519s] Level 1:colcon.colcon_core.package_identification:_identify(src/my_robot_bringup) by extensions ['colcon_pkg']
[0.519s] Level 1:colcon.colcon_core.package_identification:_identify(src/my_robot_bringup) by extension 'colcon_pkg'
[0.519s] Level 1:colcon.colcon_core.package_identification:_identify(src/my_robot_bringup) by extensions ['colcon_meta']
[0.519s] Level 1:colcon.colcon_core.package_identification:_identify(src/my_robot_bringup) by extension 'colcon_meta'
[0.519s] Level 1:colcon.colcon_core.package_identification:_identify(src/my_robot_bringup) by extensions ['ros']
[0.519s] Level 1:colcon.colcon_core.package_identification:_identify(src/my_robot_bringup) by extension 'ros'
[0.520s] DEBUG:colcon.colcon_core.package_identification:Package 'src/my_robot_bringup' with type 'ros.ament_cmake' and name 'my_robot_bringup'
[0.520s] Level 1:colcon.colcon_core.package_identification:_identify(src/my_robot_description) by extensions ['ignore', 'ignore_ament_install']
[0.520s] Level 1:colcon.colcon_core.package_identification:_identify(src/my_robot_description) by extension 'ignore'
[0.520s] Level 1:colcon.colcon_core.package_identification:_identify(src/my_robot_description) by extension 'ignore_ament_install'
[0.520s] Level 1:colcon.colcon_core.package_identification:_identify(src/my_robot_description) by extensions ['colcon_pkg']
[0.520s] Level 1:colcon.colcon_core.package_identification:_identify(src/my_robot_description) by extension 'colcon_pkg'
[0.520s] Level 1:colcon.colcon_core.package_identification:_identify(src/my_robot_description) by extensions ['colcon_meta']
[0.520s] Level 1:colcon.colcon_core.package_identification:_identify(src/my_robot_description) by extension 'colcon_meta'
[0.520s] Level 1:colcon.colcon_core.package_identification:_identify(src/my_robot_description) by extensions ['ros']
[0.520s] Level 1:colcon.colcon_core.package_identification:_identify(src/my_robot_description) by extension 'ros'
[0.521s] DEBUG:colcon.colcon_core.package_identification:Package 'src/my_robot_description' with type 'ros.ament_cmake' and name 'my_robot_description'
[0.521s] Level 1:colcon.colcon_core.package_identification:_identify(src/my_robot_interfaces) by extensions ['ignore', 'ignore_ament_install']
[0.521s] Level 1:colcon.colcon_core.package_identification:_identify(src/my_robot_interfaces) by extension 'ignore'
[0.521s] Level 1:colcon.colcon_core.package_identification:_identify(src/my_robot_interfaces) by extension 'ignore_ament_install'
[0.521s] Level 1:colcon.colcon_core.package_identification:_identify(src/my_robot_interfaces) by extensions ['colcon_pkg']
[0.521s] Level 1:colcon.colcon_core.package_identification:_identify(src/my_robot_interfaces) by extension 'colcon_pkg'
[0.521s] Level 1:colcon.colcon_core.package_identification:_identify(src/my_robot_interfaces) by extensions ['colcon_meta']
[0.521s] Level 1:colcon.colcon_core.package_identification:_identify(src/my_robot_interfaces) by extension 'colcon_meta'
[0.521s] Level 1:colcon.colcon_core.package_identification:_identify(src/my_robot_interfaces) by extensions ['ros']
[0.521s] Level 1:colcon.colcon_core.package_identification:_identify(src/my_robot_interfaces) by extension 'ros'
[0.522s] DEBUG:colcon.colcon_core.package_identification:Package 'src/my_robot_interfaces' with type 'ros.ament_cmake' and name 'my_robot_interfaces'
[0.522s] Level 1:colcon.colcon_core.package_identification:_identify(src/turtlesim_catch_them_all_cpp) by extensions ['ignore', 'ignore_ament_install']
[0.522s] Level 1:colcon.colcon_core.package_identification:_identify(src/turtlesim_catch_them_all_cpp) by extension 'ignore'
[0.522s] Level 1:colcon.colcon_core.package_identification:_identify(src/turtlesim_catch_them_all_cpp) by extension 'ignore_ament_install'
[0.522s] Level 1:colcon.colcon_core.package_identification:_identify(src/turtlesim_catch_them_all_cpp) by extensions ['colcon_pkg']
[0.522s] Level 1:colcon.colcon_core.package_identification:_identify(src/turtlesim_catch_them_all_cpp) by extension 'colcon_pkg'
[0.522s] Level 1:colcon.colcon_core.package_identification:_identify(src/turtlesim_catch_them_all_cpp) by extensions ['colcon_meta']
[0.522s] Level 1:colcon.colcon_core.package_identification:_identify(src/turtlesim_catch_them_all_cpp) by extension 'colcon_meta'
[0.522s] Level 1:colcon.colcon_core.package_identification:_identify(src/turtlesim_catch_them_all_cpp) by extensions ['ros']
[0.522s] Level 1:colcon.colcon_core.package_identification:_identify(src/turtlesim_catch_them_all_cpp) by extension 'ros'
[0.523s] DEBUG:colcon.colcon_core.package_identification:Package 'src/turtlesim_catch_them_all_cpp' with type 'ros.ament_cmake' and name 'turtlesim_catch_them_all_cpp'
[0.523s] Level 1:colcon.colcon_core.package_identification:_identify(src/turtlesim_catch_them_all_py) by extensions ['ignore', 'ignore_ament_install']
[0.523s] Level 1:colcon.colcon_core.package_identification:_identify(src/turtlesim_catch_them_all_py) by extension 'ignore'
[0.523s] Level 1:colcon.colcon_core.package_identification:_identify(src/turtlesim_catch_them_all_py) by extension 'ignore_ament_install'
[0.523s] Level 1:colcon.colcon_core.package_identification:_identify(src/turtlesim_catch_them_all_py) by extensions ['colcon_pkg']
[0.523s] Level 1:colcon.colcon_core.package_identification:_identify(src/turtlesim_catch_them_all_py) by extension 'colcon_pkg'
[0.523s] Level 1:colcon.colcon_core.package_identification:_identify(src/turtlesim_catch_them_all_py) by extensions ['colcon_meta']
[0.523s] Level 1:colcon.colcon_core.package_identification:_identify(src/turtlesim_catch_them_all_py) by extension 'colcon_meta'
[0.523s] Level 1:colcon.colcon_core.package_identification:_identify(src/turtlesim_catch_them_all_py) by extensions ['ros']
[0.523s] Level 1:colcon.colcon_core.package_identification:_identify(src/turtlesim_catch_them_all_py) by extension 'ros'
[0.524s] DEBUG:colcon.colcon_core.package_identification:Package 'src/turtlesim_catch_them_all_py' with type 'ros.ament_python' and name 'turtlesim_catch_them_all_py'
[0.524s] Level 1:colcon.colcon_core.package_identification:_identify(yaml_params) by extensions ['ignore', 'ignore_ament_install']
[0.524s] Level 1:colcon.colcon_core.package_identification:_identify(yaml_params) by extension 'ignore'
[0.524s] Level 1:colcon.colcon_core.package_identification:_identify(yaml_params) by extension 'ignore_ament_install'
[0.524s] Level 1:colcon.colcon_core.package_identification:_identify(yaml_params) by extensions ['colcon_pkg']
[0.524s] Level 1:colcon.colcon_core.package_identification:_identify(yaml_params) by extension 'colcon_pkg'
[0.524s] Level 1:colcon.colcon_core.package_identification:_identify(yaml_params) by extensions ['colcon_meta']
[0.524s] Level 1:colcon.colcon_core.package_identification:_identify(yaml_params) by extension 'colcon_meta'
[0.524s] Level 1:colcon.colcon_core.package_identification:_identify(yaml_params) by extensions ['ros']
[0.524s] Level 1:colcon.colcon_core.package_identification:_identify(yaml_params) by extension 'ros'
[0.524s] Level 1:colcon.colcon_core.package_identification:_identify(yaml_params) by extensions ['cmake', 'python']
[0.524s] Level 1:colcon.colcon_core.package_identification:_identify(yaml_params) by extension 'cmake'
[0.524s] Level 1:colcon.colcon_core.package_identification:_identify(yaml_params) by extension 'python'
[0.524s] Level 1:colcon.colcon_core.package_identification:_identify(yaml_params) by extensions ['python_setup_py']
[0.525s] Level 1:colcon.colcon_core.package_identification:_identify(yaml_params) by extension 'python_setup_py'
[0.525s] Level 1:colcon.colcon_core.package_discovery:discover_packages(recursive) using defaults
[0.525s] Level 1:colcon.colcon_core.package_discovery:discover_packages(ignore) discover
[0.525s] Level 1:colcon.colcon_core.package_discovery:discover_packages(ignore) using defaults
[0.525s] Level 1:colcon.colcon_core.package_discovery:discover_packages(path) discover
[0.525s] Level 1:colcon.colcon_core.package_discovery:discover_packages(path) using defaults
[0.560s] Level 1:colcon.colcon_core.package_discovery:discover_packages(prefix_path) check parameters
[0.560s] Level 1:colcon.colcon_core.package_discovery:discover_packages(prefix_path) discover
[0.564s] DEBUG:colcon.colcon_installed_package_information.package_discovery:Found 8 installed packages in /home/vincent-pc/ros2_foxy/install
[0.567s] DEBUG:colcon.colcon_installed_package_information.package_discovery:Found 274 installed packages in /opt/ros/foxy
[0.568s] Level 1:colcon.colcon_core.package_discovery:discover_packages(prefix_path) using defaults
[0.668s] Level 5:colcon.colcon_core.verb:set package 'my_cpp_pkg' build argument 'cmake_args' from command line to 'None'
[0.668s] Level 5:colcon.colcon_core.verb:set package 'my_cpp_pkg' build argument 'cmake_target' from command line to 'None'
[0.669s] Level 5:colcon.colcon_core.verb:set package 'my_cpp_pkg' build argument 'cmake_target_skip_unavailable' from command line to 'False'
[0.669s] Level 5:colcon.colcon_core.verb:set package 'my_cpp_pkg' build argument 'cmake_clean_cache' from command line to 'False'
[0.669s] Level 5:colcon.colcon_core.verb:set package 'my_cpp_pkg' build argument 'cmake_clean_first' from command line to 'False'
[0.669s] Level 5:colcon.colcon_core.verb:set package 'my_cpp_pkg' build argument 'cmake_force_configure' from command line to 'False'
[0.669s] Level 5:colcon.colcon_core.verb:set package 'my_cpp_pkg' build argument 'ament_cmake_args' from command line to 'None'
[0.669s] Level 5:colcon.colcon_core.verb:set package 'my_cpp_pkg' build argument 'catkin_cmake_args' from command line to 'None'
[0.669s] Level 5:colcon.colcon_core.verb:set package 'my_cpp_pkg' build argument 'catkin_skip_building_tests' from command line to 'False'
[0.669s] DEBUG:colcon.colcon_core.verb:Building package 'my_cpp_pkg' with the following arguments: {'ament_cmake_args': None, 'build_base': '/home/vincent-pc/ros2_foxy/build/my_cpp_pkg', 'catkin_cmake_args': None, 'catkin_skip_building_tests': False, 'cmake_args': None, 'cmake_clean_cache': False, 'cmake_clean_first': False, 'cmake_force_configure': False, 'cmake_target': None, 'cmake_target_skip_unavailable': False, 'install_base': '/home/vincent-pc/ros2_foxy/install/my_cpp_pkg', 'merge_install': False, 'path': '/home/vincent-pc/ros2_foxy/src/my_cpp_pkg', 'symlink_install': False, 'test_result_base': None}
[0.669s] Level 5:colcon.colcon_core.verb:set package 'my_robot_description' build argument 'cmake_args' from command line to 'None'
[0.669s] Level 5:colcon.colcon_core.verb:set package 'my_robot_description' build argument 'cmake_target' from command line to 'None'
[0.669s] Level 5:colcon.colcon_core.verb:set package 'my_robot_description' build argument 'cmake_target_skip_unavailable' from command line to 'False'
[0.669s] Level 5:colcon.colcon_core.verb:set package 'my_robot_description' build argument 'cmake_clean_cache' from command line to 'False'
[0.669s] Level 5:colcon.colcon_core.verb:set package 'my_robot_description' build argument 'cmake_clean_first' from command line to 'False'
[0.669s] Level 5:colcon.colcon_core.verb:set package 'my_robot_description' build argument 'cmake_force_configure' from command line to 'False'
[0.669s] Level 5:colcon.colcon_core.verb:set package 'my_robot_description' build argument 'ament_cmake_args' from command line to 'None'
[0.669s] Level 5:colcon.colcon_core.verb:set package 'my_robot_description' build argument 'catkin_cmake_args' from command line to 'None'
[0.669s] Level 5:colcon.colcon_core.verb:set package 'my_robot_description' build argument 'catkin_skip_building_tests' from command line to 'False'
[0.669s] DEBUG:colcon.colcon_core.verb:Building package 'my_robot_description' with the following arguments: {'ament_cmake_args': None, 'build_base': '/home/vincent-pc/ros2_foxy/build/my_robot_description', 'catkin_cmake_args': None, 'catkin_skip_building_tests': False, 'cmake_args': None, 'cmake_clean_cache': False, 'cmake_clean_first': False, 'cmake_force_configure': False, 'cmake_target': None, 'cmake_target_skip_unavailable': False, 'install_base': '/home/vincent-pc/ros2_foxy/install/my_robot_description', 'merge_install': False, 'path': '/home/vincent-pc/ros2_foxy/src/my_robot_description', 'symlink_install': False, 'test_result_base': None}
[0.669s] Level 5:colcon.colcon_core.verb:set package 'my_robot_interfaces' build argument 'cmake_args' from command line to 'None'
[0.670s] Level 5:colcon.colcon_core.verb:set package 'my_robot_interfaces' build argument 'cmake_target' from command line to 'None'
[0.670s] Level 5:colcon.colcon_core.verb:set package 'my_robot_interfaces' build argument 'cmake_target_skip_unavailable' from command line to 'False'
[0.670s] Level 5:colcon.colcon_core.verb:set package 'my_robot_interfaces' build argument 'cmake_clean_cache' from command line to 'False'
[0.670s] Level 5:colcon.colcon_core.verb:set package 'my_robot_interfaces' build argument 'cmake_clean_first' from command line to 'False'
[0.670s] Level 5:colcon.colcon_core.verb:set package 'my_robot_interfaces' build argument 'cmake_force_configure' from command line to 'False'
[0.670s] Level 5:colcon.colcon_core.verb:set package 'my_robot_interfaces' build argument 'ament_cmake_args' from command line to 'None'
[0.670s] Level 5:colcon.colcon_core.verb:set package 'my_robot_interfaces' build argument 'catkin_cmake_args' from command line to 'None'
[0.670s] Level 5:colcon.colcon_core.verb:set package 'my_robot_interfaces' build argument 'catkin_skip_building_tests' from command line to 'False'
[0.670s] DEBUG:colcon.colcon_core.verb:Building package 'my_robot_interfaces' with the following arguments: {'ament_cmake_args': None, 'build_base': '/home/vincent-pc/ros2_foxy/build/my_robot_interfaces', 'catkin_cmake_args': None, 'catkin_skip_building_tests': False, 'cmake_args': None, 'cmake_clean_cache': False, 'cmake_clean_first': False, 'cmake_force_configure': False, 'cmake_target': None, 'cmake_target_skip_unavailable': False, 'install_base': '/home/vincent-pc/ros2_foxy/install/my_robot_interfaces', 'merge_install': False, 'path': '/home/vincent-pc/ros2_foxy/src/my_robot_interfaces', 'symlink_install': False, 'test_result_base': None}
[0.670s] Level 5:colcon.colcon_core.verb:set package 'turtlesim_catch_them_all_cpp' build argument 'cmake_args' from command line to 'None'
[0.670s] Level 5:colcon.colcon_core.verb:set package 'turtlesim_catch_them_all_cpp' build argument 'cmake_target' from command line to 'None'
[0.670s] Level 5:colcon.colcon_core.verb:set package 'turtlesim_catch_them_all_cpp' build argument 'cmake_target_skip_unavailable' from command line to 'False'
[0.670s] Level 5:colcon.colcon_core.verb:set package 'turtlesim_catch_them_all_cpp' build argument 'cmake_clean_cache' from command line to 'False'
[0.670s] Level 5:colcon.colcon_core.verb:set package 'turtlesim_catch_them_all_cpp' build argument 'cmake_clean_first' from command line to 'False'
[0.670s] Level 5:colcon.colcon_core.verb:set package 'turtlesim_catch_them_all_cpp' build argument 'cmake_force_configure' from command line to 'False'
[0.670s] Level 5:colcon.colcon_core.verb:set package 'turtlesim_catch_them_all_cpp' build argument 'ament_cmake_args' from command line to 'None'
[0.670s] Level 5:colcon.colcon_core.verb:set package 'turtlesim_catch_them_all_cpp' build argument 'catkin_cmake_args' from command line to 'None'
[0.670s] Level 5:colcon.colcon_core.verb:set package 'turtlesim_catch_them_all_cpp' build argument 'catkin_skip_building_tests' from command line to 'False'
[0.670s] DEBUG:colcon.colcon_core.verb:Building package 'turtlesim_catch_them_all_cpp' with the following arguments: {'ament_cmake_args': None, 'build_base': '/home/vincent-pc/ros2_foxy/build/turtlesim_catch_them_all_cpp', 'catkin_cmake_args': None, 'catkin_skip_building_tests': False, 'cmake_args': None, 'cmake_clean_cache': False, 'cmake_clean_first': False, 'cmake_force_configure': False, 'cmake_target': None, 'cmake_target_skip_unavailable': False, 'install_base': '/home/vincent-pc/ros2_foxy/install/turtlesim_catch_them_all_cpp', 'merge_install': False, 'path': '/home/vincent-pc/ros2_foxy/src/turtlesim_catch_them_all_cpp', 'symlink_install': False, 'test_result_base': None}
[0.670s] Level 5:colcon.colcon_core.verb:set package 'my_py_pkg' build argument 'cmake_args' from command line to 'None'
[0.670s] Level 5:colcon.colcon_core.verb:set package 'my_py_pkg' build argument 'cmake_target' from command line to 'None'
[0.670s] Level 5:colcon.colcon_core.verb:set package 'my_py_pkg' build argument 'cmake_target_skip_unavailable' from command line to 'False'
[0.670s] Level 5:colcon.colcon_core.verb:set package 'my_py_pkg' build argument 'cmake_clean_cache' from command line to 'False'
[0.670s] Level 5:colcon.colcon_core.verb:set package 'my_py_pkg' build argument 'cmake_clean_first' from command line to 'False'
[0.670s] Level 5:colcon.colcon_core.verb:set package 'my_py_pkg' build argument 'cmake_force_configure' from command line to 'False'
[0.670s] Level 5:colcon.colcon_core.verb:set package 'my_py_pkg' build argument 'ament_cmake_args' from command line to 'None'
[0.670s] Level 5:colcon.colcon_core.verb:set package 'my_py_pkg' build argument 'catkin_cmake_args' from command line to 'None'
[0.670s] Level 5:colcon.colcon_core.verb:set package 'my_py_pkg' build argument 'catkin_skip_building_tests' from command line to 'False'
[0.671s] DEBUG:colcon.colcon_core.verb:Building package 'my_py_pkg' with the following arguments: {'ament_cmake_args': None, 'build_base': '/home/vincent-pc/ros2_foxy/build/my_py_pkg', 'catkin_cmake_args': None, 'catkin_skip_building_tests': False, 'cmake_args': None, 'cmake_clean_cache': False, 'cmake_clean_first': False, 'cmake_force_configure': False, 'cmake_target': None, 'cmake_target_skip_unavailable': False, 'install_base': '/home/vincent-pc/ros2_foxy/install/my_py_pkg', 'merge_install': False, 'path': '/home/vincent-pc/ros2_foxy/src/my_py_pkg', 'symlink_install': False, 'test_result_base': None}
[0.671s] Level 5:colcon.colcon_core.verb:set package 'turtlesim_catch_them_all_py' build argument 'cmake_args' from command line to 'None'
[0.671s] Level 5:colcon.colcon_core.verb:set package 'turtlesim_catch_them_all_py' build argument 'cmake_target' from command line to 'None'
[0.671s] Level 5:colcon.colcon_core.verb:set package 'turtlesim_catch_them_all_py' build argument 'cmake_target_skip_unavailable' from command line to 'False'
[0.671s] Level 5:colcon.colcon_core.verb:set package 'turtlesim_catch_them_all_py' build argument 'cmake_clean_cache' from command line to 'False'
[0.671s] Level 5:colcon.colcon_core.verb:set package 'turtlesim_catch_them_all_py' build argument 'cmake_clean_first' from command line to 'False'
[0.671s] Level 5:colcon.colcon_core.verb:set package 'turtlesim_catch_them_all_py' build argument 'cmake_force_configure' from command line to 'False'
[0.671s] Level 5:colcon.colcon_core.verb:set package 'turtlesim_catch_them_all_py' build argument 'ament_cmake_args' from command line to 'None'
[0.671s] Level 5:colcon.colcon_core.verb:set package 'turtlesim_catch_them_all_py' build argument 'catkin_cmake_args' from command line to 'None'
[0.671s] Level 5:colcon.colcon_core.verb:set package 'turtlesim_catch_them_all_py' build argument 'catkin_skip_building_tests' from command line to 'False'
[0.671s] DEBUG:colcon.colcon_core.verb:Building package 'turtlesim_catch_them_all_py' with the following arguments: {'ament_cmake_args': None, 'build_base': '/home/vincent-pc/ros2_foxy/build/turtlesim_catch_them_all_py', 'catkin_cmake_args': None, 'catkin_skip_building_tests': False, 'cmake_args': None, 'cmake_clean_cache': False, 'cmake_clean_first': False, 'cmake_force_configure': False, 'cmake_target': None, 'cmake_target_skip_unavailable': False, 'install_base': '/home/vincent-pc/ros2_foxy/install/turtlesim_catch_them_all_py', 'merge_install': False, 'path': '/home/vincent-pc/ros2_foxy/src/turtlesim_catch_them_all_py', 'symlink_install': False, 'test_result_base': None}
[0.671s] Level 5:colcon.colcon_core.verb:set package 'my_robot_bringup' build argument 'cmake_args' from command line to 'None'
[0.671s] Level 5:colcon.colcon_core.verb:set package 'my_robot_bringup' build argument 'cmake_target' from command line to 'None'
[0.671s] Level 5:colcon.colcon_core.verb:set package 'my_robot_bringup' build argument 'cmake_target_skip_unavailable' from command line to 'False'
[0.671s] Level 5:colcon.colcon_core.verb:set package 'my_robot_bringup' build argument 'cmake_clean_cache' from command line to 'False'
[0.671s] Level 5:colcon.colcon_core.verb:set package 'my_robot_bringup' build argument 'cmake_clean_first' from command line to 'False'
[0.671s] Level 5:colcon.colcon_core.verb:set package 'my_robot_bringup' build argument 'cmake_force_configure' from command line to 'False'
[0.671s] Level 5:colcon.colcon_core.verb:set package 'my_robot_bringup' build argument 'ament_cmake_args' from command line to 'None'
[0.671s] Level 5:colcon.colcon_core.verb:set package 'my_robot_bringup' build argument 'catkin_cmake_args' from command line to 'None'
[0.671s] Level 5:colcon.colcon_core.verb:set package 'my_robot_bringup' build argument 'catkin_skip_building_tests' from command line to 'False'
[0.671s] DEBUG:colcon.colcon_core.verb:Building package 'my_robot_bringup' with the following arguments: {'ament_cmake_args': None, 'build_base': '/home/vincent-pc/ros2_foxy/build/my_robot_bringup', 'catkin_cmake_args': None, 'catkin_skip_building_tests': False, 'cmake_args': None, 'cmake_clean_cache': False, 'cmake_clean_first': False, 'cmake_force_configure': False, 'cmake_target': None, 'cmake_target_skip_unavailable': False, 'install_base': '/home/vincent-pc/ros2_foxy/install/my_robot_bringup', 'merge_install': False, 'path': '/home/vincent-pc/ros2_foxy/src/my_robot_bringup', 'symlink_install': False, 'test_result_base': None}
[0.672s] INFO:colcon.colcon_core.executor:Executing jobs using 'parallel' executor
[0.673s] DEBUG:colcon.colcon_parallel_executor.executor.parallel:run_until_complete
[0.673s] INFO:colcon.colcon_ros.task.ament_cmake.build:Building ROS package in '/home/vincent-pc/ros2_foxy/src/my_robot_interfaces' with build type 'ament_cmake'
[0.673s] INFO:colcon.colcon_cmake.task.cmake.build:Building CMake package in '/home/vincent-pc/ros2_foxy/src/my_robot_interfaces'
[0.676s] INFO:colcon.colcon_core.plugin_system:Skipping extension 'colcon_core.shell.bat': Not used on non-Windows systems
[0.677s] INFO:colcon.colcon_core.shell:Skip shell extension 'powershell' for command environment: Not usable outside of PowerShell
[0.677s] DEBUG:colcon.colcon_core.shell:Skip shell extension 'dsv' for command environment
[0.684s] INFO:colcon.colcon_ros.task.ament_cmake.build:Building ROS package in '/home/vincent-pc/ros2_foxy/src/my_cpp_pkg' with build type 'ament_cmake'
[0.684s] INFO:colcon.colcon_cmake.task.cmake.build:Building CMake package in '/home/vincent-pc/ros2_foxy/src/my_cpp_pkg'
[0.685s] INFO:colcon.colcon_core.shell:Skip shell extension 'powershell' for command environment: Not usable outside of PowerShell
[0.685s] DEBUG:colcon.colcon_core.shell:Skip shell extension 'dsv' for command environment
[0.690s] INFO:colcon.colcon_ros.task.ament_cmake.build:Building ROS package in '/home/vincent-pc/ros2_foxy/src/my_robot_description' with build type 'ament_cmake'
[0.690s] INFO:colcon.colcon_cmake.task.cmake.build:Building CMake package in '/home/vincent-pc/ros2_foxy/src/my_robot_description'
[0.690s] INFO:colcon.colcon_core.shell:Skip shell extension 'powershell' for command environment: Not usable outside of PowerShell
[0.691s] DEBUG:colcon.colcon_core.shell:Skip shell extension 'dsv' for command environment
[0.697s] INFO:colcon.colcon_ros.task.ament_cmake.build:Building ROS package in '/home/vincent-pc/ros2_foxy/src/turtlesim_catch_them_all_cpp' with build type 'ament_cmake'
[0.698s] INFO:colcon.colcon_cmake.task.cmake.build:Building CMake package in '/home/vincent-pc/ros2_foxy/src/turtlesim_catch_them_all_cpp'
[0.698s] INFO:colcon.colcon_core.shell:Skip shell extension 'powershell' for command environment: Not usable outside of PowerShell
[0.699s] DEBUG:colcon.colcon_core.shell:Skip shell extension 'dsv' for command environment
[0.711s] DEBUG:colcon.colcon_core.event_handler.log_command:Invoking command in '/home/vincent-pc/ros2_foxy/build/my_robot_interfaces': CMAKE_PREFIX_PATH=${CMAKE_PREFIX_PATH}:/home/vincent-pc/ros2_foxy/install/turtlesim_catch_them_all_py:/home/vincent-pc/ros2_foxy/install/my_py_pkg:/opt/ros/foxy /usr/bin/cmake --build /home/vincent-pc/ros2_foxy/build/my_robot_interfaces -- -j8 -l8
[0.720s] DEBUG:colcon.colcon_core.event_handler.log_command:Invoking command in '/home/vincent-pc/ros2_foxy/build/my_cpp_pkg': CMAKE_PREFIX_PATH=${CMAKE_PREFIX_PATH}:/home/vincent-pc/ros2_foxy/install/turtlesim_catch_them_all_py:/home/vincent-pc/ros2_foxy/install/my_py_pkg:/opt/ros/foxy /usr/bin/cmake --build /home/vincent-pc/ros2_foxy/build/my_cpp_pkg -- -j8 -l8
[0.724s] DEBUG:colcon.colcon_core.event_handler.log_command:Invoking command in '/home/vincent-pc/ros2_foxy/build/my_robot_description': CMAKE_PREFIX_PATH=${CMAKE_PREFIX_PATH}:/home/vincent-pc/ros2_foxy/install/turtlesim_catch_them_all_py:/home/vincent-pc/ros2_foxy/install/my_py_pkg:/opt/ros/foxy /usr/bin/cmake --build /home/vincent-pc/ros2_foxy/build/my_robot_description -- -j8 -l8
[0.737s] DEBUG:colcon.colcon_core.event_handler.log_command:Invoking command in '/home/vincent-pc/ros2_foxy/build/turtlesim_catch_them_all_cpp': CMAKE_PREFIX_PATH=${CMAKE_PREFIX_PATH}:/home/vincent-pc/ros2_foxy/install/turtlesim_catch_them_all_py:/home/vincent-pc/ros2_foxy/install/my_py_pkg:/opt/ros/foxy /usr/bin/cmake --build /home/vincent-pc/ros2_foxy/build/turtlesim_catch_them_all_cpp -- -j8 -l8
[0.941s] DEBUG:colcon.colcon_core.event_handler.log_command:Invoked command in '/home/vincent-pc/ros2_foxy/build/turtlesim_catch_them_all_cpp' returned '0': CMAKE_PREFIX_PATH=${CMAKE_PREFIX_PATH}:/home/vincent-pc/ros2_foxy/install/turtlesim_catch_them_all_py:/home/vincent-pc/ros2_foxy/install/my_py_pkg:/opt/ros/foxy /usr/bin/cmake --build /home/vincent-pc/ros2_foxy/build/turtlesim_catch_them_all_cpp -- -j8 -l8
[0.962s] DEBUG:colcon.colcon_core.event_handler.log_command:Invoking command in '/home/vincent-pc/ros2_foxy/build/turtlesim_catch_them_all_cpp': CMAKE_PREFIX_PATH=${CMAKE_PREFIX_PATH}:/home/vincent-pc/ros2_foxy/install/turtlesim_catch_them_all_py:/home/vincent-pc/ros2_foxy/install/my_py_pkg:/opt/ros/foxy /usr/bin/cmake --install /home/vincent-pc/ros2_foxy/build/turtlesim_catch_them_all_cpp
[0.981s] Level 1:colcon.colcon_core.environment:create_environment_scripts_only(turtlesim_catch_them_all_cpp)
[0.983s] DEBUG:colcon.colcon_core.event_handler.log_command:Invoked command in '/home/vincent-pc/ros2_foxy/build/turtlesim_catch_them_all_cpp' returned '0': CMAKE_PREFIX_PATH=${CMAKE_PREFIX_PATH}:/home/vincent-pc/ros2_foxy/install/turtlesim_catch_them_all_py:/home/vincent-pc/ros2_foxy/install/my_py_pkg:/opt/ros/foxy /usr/bin/cmake --install /home/vincent-pc/ros2_foxy/build/turtlesim_catch_them_all_cpp
[0.987s] Level 1:colcon.colcon_core.environment:checking '/home/vincent-pc/ros2_foxy/install/turtlesim_catch_them_all_cpp' for CMake module files
[0.988s] Level 1:colcon.colcon_core.environment:checking '/home/vincent-pc/ros2_foxy/install/turtlesim_catch_them_all_cpp' for CMake config files
[0.988s] Level 1:colcon.colcon_core.shell:create_environment_hook('turtlesim_catch_them_all_cpp', 'cmake_prefix_path')
[0.988s] INFO:colcon.colcon_core.shell:Creating environment hook '/home/vincent-pc/ros2_foxy/install/turtlesim_catch_them_all_cpp/share/turtlesim_catch_them_all_cpp/hook/cmake_prefix_path.ps1'
[0.989s] INFO:colcon.colcon_core.shell:Creating environment descriptor '/home/vincent-pc/ros2_foxy/install/turtlesim_catch_them_all_cpp/share/turtlesim_catch_them_all_cpp/hook/cmake_prefix_path.dsv'
[0.990s] INFO:colcon.colcon_core.shell:Creating environment hook '/home/vincent-pc/ros2_foxy/install/turtlesim_catch_them_all_cpp/share/turtlesim_catch_them_all_cpp/hook/cmake_prefix_path.sh'
[0.991s] Level 1:colcon.colcon_core.environment:checking '/home/vincent-pc/ros2_foxy/install/turtlesim_catch_them_all_cpp/lib'
[0.991s] Level 1:colcon.colcon_core.environment:checking '/home/vincent-pc/ros2_foxy/install/turtlesim_catch_them_all_cpp/bin'
[0.991s] Level 1:colcon.colcon_core.environment:checking '/home/vincent-pc/ros2_foxy/install/turtlesim_catch_them_all_cpp/lib/pkgconfig/turtlesim_catch_them_all_cpp.pc'
[0.991s] Level 1:colcon.colcon_core.environment:checking '/home/vincent-pc/ros2_foxy/install/turtlesim_catch_them_all_cpp/lib/python3.8/site-packages'
[0.991s] Level 1:colcon.colcon_core.environment:checking '/home/vincent-pc/ros2_foxy/install/turtlesim_catch_them_all_cpp/bin'
[0.991s] INFO:colcon.colcon_core.shell:Creating package script '/home/vincent-pc/ros2_foxy/install/turtlesim_catch_them_all_cpp/share/turtlesim_catch_them_all_cpp/package.ps1'
[0.992s] INFO:colcon.colcon_core.shell:Creating package descriptor '/home/vincent-pc/ros2_foxy/install/turtlesim_catch_them_all_cpp/share/turtlesim_catch_them_all_cpp/package.dsv'
[0.994s] INFO:colcon.colcon_core.shell:Creating package script '/home/vincent-pc/ros2_foxy/install/turtlesim_catch_them_all_cpp/share/turtlesim_catch_them_all_cpp/package.sh'
[0.995s] INFO:colcon.colcon_core.shell:Creating package script '/home/vincent-pc/ros2_foxy/install/turtlesim_catch_them_all_cpp/share/turtlesim_catch_them_all_cpp/package.bash'
[0.997s] INFO:colcon.colcon_core.shell:Creating package script '/home/vincent-pc/ros2_foxy/install/turtlesim_catch_them_all_cpp/share/turtlesim_catch_them_all_cpp/package.zsh'
[0.998s] Level 1:colcon.colcon_core.environment:create_file_with_runtime_dependencies(/home/vincent-pc/ros2_foxy/install/turtlesim_catch_them_all_cpp/share/colcon-core/packages/turtlesim_catch_them_all_cpp)
[1.000s] Level 1:colcon.colcon_core.environment:create_environment_scripts_only(turtlesim_catch_them_all_cpp)
[1.000s] Level 1:colcon.colcon_core.environment:checking '/home/vincent-pc/ros2_foxy/install/turtlesim_catch_them_all_cpp' for CMake module files
[1.001s] Level 1:colcon.colcon_core.environment:checking '/home/vincent-pc/ros2_foxy/install/turtlesim_catch_them_all_cpp' for CMake config files
[1.001s] Level 1:colcon.colcon_core.shell:create_environment_hook('turtlesim_catch_them_all_cpp', 'cmake_prefix_path')
[1.001s] INFO:colcon.colcon_core.shell:Creating environment hook '/home/vincent-pc/ros2_foxy/install/turtlesim_catch_them_all_cpp/share/turtlesim_catch_them_all_cpp/hook/cmake_prefix_path.ps1'
[1.002s] INFO:colcon.colcon_core.shell:Creating environment descriptor '/home/vincent-pc/ros2_foxy/install/turtlesim_catch_them_all_cpp/share/turtlesim_catch_them_all_cpp/hook/cmake_prefix_path.dsv'
[1.002s] INFO:colcon.colcon_core.shell:Creating environment hook '/home/vincent-pc/ros2_foxy/install/turtlesim_catch_them_all_cpp/share/turtlesim_catch_them_all_cpp/hook/cmake_prefix_path.sh'
[1.003s] Level 1:colcon.colcon_core.environment:checking '/home/vincent-pc/ros2_foxy/install/turtlesim_catch_them_all_cpp/lib'
[1.003s] Level 1:colcon.colcon_core.environment:checking '/home/vincent-pc/ros2_foxy/install/turtlesim_catch_them_all_cpp/bin'
[1.003s] Level 1:colcon.colcon_core.environment:checking '/home/vincent-pc/ros2_foxy/install/turtlesim_catch_them_all_cpp/lib/pkgconfig/turtlesim_catch_them_all_cpp.pc'
[1.003s] Level 1:colcon.colcon_core.environment:checking '/home/vincent-pc/ros2_foxy/install/turtlesim_catch_them_all_cpp/lib/python3.8/site-packages'
[1.003s] Level 1:colcon.colcon_core.environment:checking '/home/vincent-pc/ros2_foxy/install/turtlesim_catch_them_all_cpp/bin'
[1.004s] INFO:colcon.colcon_core.shell:Creating package script '/home/vincent-pc/ros2_foxy/install/turtlesim_catch_them_all_cpp/share/turtlesim_catch_them_all_cpp/package.ps1'
[1.004s] INFO:colcon.colcon_core.shell:Creating package descriptor '/home/vincent-pc/ros2_foxy/install/turtlesim_catch_them_all_cpp/share/turtlesim_catch_them_all_cpp/package.dsv'
[1.005s] INFO:colcon.colcon_core.shell:Creating package script '/home/vincent-pc/ros2_foxy/install/turtlesim_catch_them_all_cpp/share/turtlesim_catch_them_all_cpp/package.sh'
[1.005s] INFO:colcon.colcon_core.shell:Creating package script '/home/vincent-pc/ros2_foxy/install/turtlesim_catch_them_all_cpp/share/turtlesim_catch_them_all_cpp/package.bash'
[1.006s] INFO:colcon.colcon_core.shell:Creating package script '/home/vincent-pc/ros2_foxy/install/turtlesim_catch_them_all_cpp/share/turtlesim_catch_them_all_cpp/package.zsh'
[1.006s] Level 1:colcon.colcon_core.environment:create_file_with_runtime_dependencies(/home/vincent-pc/ros2_foxy/install/turtlesim_catch_them_all_cpp/share/colcon-core/packages/turtlesim_catch_them_all_cpp)
[1.139s] DEBUG:colcon.colcon_core.event_handler.log_command:Invoked command in '/home/vincent-pc/ros2_foxy/build/my_robot_interfaces' returned '0': CMAKE_PREFIX_PATH=${CMAKE_PREFIX_PATH}:/home/vincent-pc/ros2_foxy/install/turtlesim_catch_them_all_py:/home/vincent-pc/ros2_foxy/install/my_py_pkg:/opt/ros/foxy /usr/bin/cmake --build /home/vincent-pc/ros2_foxy/build/my_robot_interfaces -- -j8 -l8
[1.142s] DEBUG:colcon.colcon_core.event_handler.log_command:Invoking command in '/home/vincent-pc/ros2_foxy/build/my_robot_interfaces': CMAKE_PREFIX_PATH=${CMAKE_PREFIX_PATH}:/home/vincent-pc/ros2_foxy/install/turtlesim_catch_them_all_py:/home/vincent-pc/ros2_foxy/install/my_py_pkg:/opt/ros/foxy /usr/bin/cmake --install /home/vincent-pc/ros2_foxy/build/my_robot_interfaces
[1.220s] Level 1:colcon.colcon_core.environment:create_environment_scripts_only(my_robot_interfaces)
[1.221s] Level 1:colcon.colcon_core.environment:checking '/home/vincent-pc/ros2_foxy/install/my_robot_interfaces' for CMake module files
[1.222s] DEBUG:colcon.colcon_core.event_handler.log_command:Invoked command in '/home/vincent-pc/ros2_foxy/build/my_robot_interfaces' returned '0': CMAKE_PREFIX_PATH=${CMAKE_PREFIX_PATH}:/home/vincent-pc/ros2_foxy/install/turtlesim_catch_them_all_py:/home/vincent-pc/ros2_foxy/install/my_py_pkg:/opt/ros/foxy /usr/bin/cmake --install /home/vincent-pc/ros2_foxy/build/my_robot_interfaces
[1.222s] Level 1:colcon.colcon_core.environment:checking '/home/vincent-pc/ros2_foxy/install/my_robot_interfaces' for CMake config files
[1.223s] Level 1:colcon.colcon_core.shell:create_environment_hook('my_robot_interfaces', 'cmake_prefix_path')
[1.224s] INFO:colcon.colcon_core.shell:Creating environment hook '/home/vincent-pc/ros2_foxy/install/my_robot_interfaces/share/my_robot_interfaces/hook/cmake_prefix_path.ps1'
[1.225s] INFO:colcon.colcon_core.shell:Creating environment descriptor '/home/vincent-pc/ros2_foxy/install/my_robot_interfaces/share/my_robot_interfaces/hook/cmake_prefix_path.dsv'
[1.226s] INFO:colcon.colcon_core.shell:Creating environment hook '/home/vincent-pc/ros2_foxy/install/my_robot_interfaces/share/my_robot_interfaces/hook/cmake_prefix_path.sh'
[1.228s] Level 1:colcon.colcon_core.environment:checking '/home/vincent-pc/ros2_foxy/install/my_robot_interfaces/lib'
[1.229s] Level 1:colcon.colcon_core.shell:create_environment_hook('my_robot_interfaces', 'ld_library_path_lib')
[1.229s] INFO:colcon.colcon_core.shell:Creating environment hook '/home/vincent-pc/ros2_foxy/install/my_robot_interfaces/share/my_robot_interfaces/hook/ld_library_path_lib.ps1'
[1.231s] INFO:colcon.colcon_core.shell:Creating environment descriptor '/home/vincent-pc/ros2_foxy/install/my_robot_interfaces/share/my_robot_interfaces/hook/ld_library_path_lib.dsv'
[1.232s] INFO:colcon.colcon_core.shell:Creating environment hook '/home/vincent-pc/ros2_foxy/install/my_robot_interfaces/share/my_robot_interfaces/hook/ld_library_path_lib.sh'
[1.233s] Level 1:colcon.colcon_core.environment:checking '/home/vincent-pc/ros2_foxy/install/my_robot_interfaces/bin'
[1.233s] Level 1:colcon.colcon_core.environment:checking '/home/vincent-pc/ros2_foxy/install/my_robot_interfaces/lib/pkgconfig/my_robot_interfaces.pc'
[1.234s] Level 1:colcon.colcon_core.environment:checking '/home/vincent-pc/ros2_foxy/install/my_robot_interfaces/lib/python3.8/site-packages'
[1.234s] Level 1:colcon.colcon_core.shell:create_environment_hook('my_robot_interfaces', 'pythonpath')
[1.234s] INFO:colcon.colcon_core.shell:Creating environment hook '/home/vincent-pc/ros2_foxy/install/my_robot_interfaces/share/my_robot_interfaces/hook/pythonpath.ps1'
[1.235s] INFO:colcon.colcon_core.shell:Creating environment descriptor '/home/vincent-pc/ros2_foxy/install/my_robot_interfaces/share/my_robot_interfaces/hook/pythonpath.dsv'
[1.236s] INFO:colcon.colcon_core.shell:Creating environment hook '/home/vincent-pc/ros2_foxy/install/my_robot_interfaces/share/my_robot_interfaces/hook/pythonpath.sh'
[1.237s] Level 1:colcon.colcon_core.environment:checking '/home/vincent-pc/ros2_foxy/install/my_robot_interfaces/bin'
[1.238s] INFO:colcon.colcon_core.shell:Creating package script '/home/vincent-pc/ros2_foxy/install/my_robot_interfaces/share/my_robot_interfaces/package.ps1'
[1.239s] INFO:colcon.colcon_core.shell:Creating package descriptor '/home/vincent-pc/ros2_foxy/install/my_robot_interfaces/share/my_robot_interfaces/package.dsv'
[1.240s] INFO:colcon.colcon_core.shell:Creating package script '/home/vincent-pc/ros2_foxy/install/my_robot_interfaces/share/my_robot_interfaces/package.sh'
[1.241s] INFO:colcon.colcon_core.shell:Creating package script '/home/vincent-pc/ros2_foxy/install/my_robot_interfaces/share/my_robot_interfaces/package.bash'
[1.242s] INFO:colcon.colcon_core.shell:Creating package script '/home/vincent-pc/ros2_foxy/install/my_robot_interfaces/share/my_robot_interfaces/package.zsh'
[1.243s] Level 1:colcon.colcon_core.environment:create_file_with_runtime_dependencies(/home/vincent-pc/ros2_foxy/install/my_robot_interfaces/share/colcon-core/packages/my_robot_interfaces)
[1.244s] Level 1:colcon.colcon_core.environment:create_environment_scripts_only(my_robot_interfaces)
[1.245s] Level 1:colcon.colcon_core.environment:checking '/home/vincent-pc/ros2_foxy/install/my_robot_interfaces' for CMake module files
[1.246s] Level 1:colcon.colcon_core.environment:checking '/home/vincent-pc/ros2_foxy/install/my_robot_interfaces' for CMake config files
[1.247s] Level 1:colcon.colcon_core.shell:create_environment_hook('my_robot_interfaces', 'cmake_prefix_path')
[1.248s] INFO:colcon.colcon_core.shell:Creating environment hook '/home/vincent-pc/ros2_foxy/install/my_robot_interfaces/share/my_robot_interfaces/hook/cmake_prefix_path.ps1'
[1.249s] INFO:colcon.colcon_core.shell:Creating environment descriptor '/home/vincent-pc/ros2_foxy/install/my_robot_interfaces/share/my_robot_interfaces/hook/cmake_prefix_path.dsv'
[1.250s] INFO:colcon.colcon_core.shell:Creating environment hook '/home/vincent-pc/ros2_foxy/install/my_robot_interfaces/share/my_robot_interfaces/hook/cmake_prefix_path.sh'
[1.251s] Level 1:colcon.colcon_core.environment:checking '/home/vincent-pc/ros2_foxy/install/my_robot_interfaces/lib'
[1.251s] Level 1:colcon.colcon_core.shell:create_environment_hook('my_robot_interfaces', 'ld_library_path_lib')
[1.251s] INFO:colcon.colcon_core.shell:Creating environment hook '/home/vincent-pc/ros2_foxy/install/my_robot_interfaces/share/my_robot_interfaces/hook/ld_library_path_lib.ps1'
[1.253s] INFO:colcon.colcon_core.shell:Creating environment descriptor '/home/vincent-pc/ros2_foxy/install/my_robot_interfaces/share/my_robot_interfaces/hook/ld_library_path_lib.dsv'
[1.253s] INFO:colcon.colcon_core.shell:Creating environment hook '/home/vincent-pc/ros2_foxy/install/my_robot_interfaces/share/my_robot_interfaces/hook/ld_library_path_lib.sh'
[1.254s] Level 1:colcon.colcon_core.environment:checking '/home/vincent-pc/ros2_foxy/install/my_robot_interfaces/bin'
[1.254s] Level 1:colcon.colcon_core.environment:checking '/home/vincent-pc/ros2_foxy/install/my_robot_interfaces/lib/pkgconfig/my_robot_interfaces.pc'
[1.254s] Level 1:colcon.colcon_core.environment:checking '/home/vincent-pc/ros2_foxy/install/my_robot_interfaces/lib/python3.8/site-packages'
[1.254s] Level 1:colcon.colcon_core.shell:create_environment_hook('my_robot_interfaces', 'pythonpath')
[1.254s] INFO:colcon.colcon_core.shell:Creating environment hook '/home/vincent-pc/ros2_foxy/install/my_robot_interfaces/share/my_robot_interfaces/hook/pythonpath.ps1'
[1.255s] INFO:colcon.colcon_core.shell:Creating environment descriptor '/home/vincent-pc/ros2_foxy/install/my_robot_interfaces/share/my_robot_interfaces/hook/pythonpath.dsv'
[1.256s] INFO:colcon.colcon_core.shell:Creating environment hook '/home/vincent-pc/ros2_foxy/install/my_robot_interfaces/share/my_robot_interfaces/hook/pythonpath.sh'
[1.256s] Level 1:colcon.colcon_core.environment:checking '/home/vincent-pc/ros2_foxy/install/my_robot_interfaces/bin'
[1.257s] INFO:colcon.colcon_core.shell:Creating package script '/home/vincent-pc/ros2_foxy/install/my_robot_interfaces/share/my_robot_interfaces/package.ps1'
[1.258s] INFO:colcon.colcon_core.shell:Creating package descriptor '/home/vincent-pc/ros2_foxy/install/my_robot_interfaces/share/my_robot_interfaces/package.dsv'
[1.259s] INFO:colcon.colcon_core.shell:Creating package script '/home/vincent-pc/ros2_foxy/install/my_robot_interfaces/share/my_robot_interfaces/package.sh'
[1.261s] INFO:colcon.colcon_core.shell:Creating package script '/home/vincent-pc/ros2_foxy/install/my_robot_interfaces/share/my_robot_interfaces/package.bash'
[1.262s] INFO:colcon.colcon_core.shell:Creating package script '/home/vincent-pc/ros2_foxy/install/my_robot_interfaces/share/my_robot_interfaces/package.zsh'
[1.263s] Level 1:colcon.colcon_core.environment:create_file_with_runtime_dependencies(/home/vincent-pc/ros2_foxy/install/my_robot_interfaces/share/colcon-core/packages/my_robot_interfaces)
[1.263s] INFO:colcon.colcon_ros.task.ament_python.build:Building ROS package in '/home/vincent-pc/ros2_foxy/src/my_py_pkg' with build type 'ament_python'
[1.264s] Level 1:colcon.colcon_core.shell:create_environment_hook('my_py_pkg', 'ament_prefix_path')
[1.264s] INFO:colcon.colcon_core.shell:Creating environment hook '/home/vincent-pc/ros2_foxy/install/my_py_pkg/share/my_py_pkg/hook/ament_prefix_path.ps1'
[1.266s] INFO:colcon.colcon_core.shell:Creating environment descriptor '/home/vincent-pc/ros2_foxy/install/my_py_pkg/share/my_py_pkg/hook/ament_prefix_path.dsv'
[1.266s] INFO:colcon.colcon_core.shell:Creating environment hook '/home/vincent-pc/ros2_foxy/install/my_py_pkg/share/my_py_pkg/hook/ament_prefix_path.sh'
[1.268s] INFO:colcon.colcon_core.shell:Skip shell extension 'powershell' for command environment: Not usable outside of PowerShell
[1.268s] DEBUG:colcon.colcon_core.shell:Skip shell extension 'dsv' for command environment
[1.274s] INFO:colcon.colcon_ros.task.ament_python.build:Building ROS package in '/home/vincent-pc/ros2_foxy/src/turtlesim_catch_them_all_py' with build type 'ament_python'
[1.275s] Level 1:colcon.colcon_core.shell:create_environment_hook('turtlesim_catch_them_all_py', 'ament_prefix_path')
[1.276s] INFO:colcon.colcon_core.shell:Creating environment hook '/home/vincent-pc/ros2_foxy/install/turtlesim_catch_them_all_py/share/turtlesim_catch_them_all_py/hook/ament_prefix_path.ps1'
[1.278s] INFO:colcon.colcon_core.shell:Creating environment descriptor '/home/vincent-pc/ros2_foxy/install/turtlesim_catch_them_all_py/share/turtlesim_catch_them_all_py/hook/ament_prefix_path.dsv'
[1.280s] INFO:colcon.colcon_core.shell:Creating environment hook '/home/vincent-pc/ros2_foxy/install/turtlesim_catch_them_all_py/share/turtlesim_catch_them_all_py/hook/ament_prefix_path.sh'
[1.282s] INFO:colcon.colcon_core.shell:Skip shell extension 'powershell' for command environment: Not usable outside of PowerShell
[1.282s] DEBUG:colcon.colcon_core.shell:Skip shell extension 'dsv' for command environment
[1.293s] DEBUG:colcon.colcon_core.event_handler.log_command:Invoked command in '/home/vincent-pc/ros2_foxy/build/my_robot_description' returned '0': CMAKE_PREFIX_PATH=${CMAKE_PREFIX_PATH}:/home/vincent-pc/ros2_foxy/install/turtlesim_catch_them_all_py:/home/vincent-pc/ros2_foxy/install/my_py_pkg:/opt/ros/foxy /usr/bin/cmake --build /home/vincent-pc/ros2_foxy/build/my_robot_description -- -j8 -l8
[1.298s] DEBUG:colcon.colcon_core.event_handler.log_command:Invoking command in '/home/vincent-pc/ros2_foxy/build/my_robot_description': CMAKE_PREFIX_PATH=${CMAKE_PREFIX_PATH}:/home/vincent-pc/ros2_foxy/install/turtlesim_catch_them_all_py:/home/vincent-pc/ros2_foxy/install/my_py_pkg:/opt/ros/foxy /usr/bin/cmake --install /home/vincent-pc/ros2_foxy/build/my_robot_description
[1.555s] INFO:colcon.colcon_core.task.python.build:Building Python package in '/home/vincent-pc/ros2_foxy/src/my_py_pkg'
[1.555s] INFO:colcon.colcon_core.shell:Skip shell extension 'powershell' for command environment: Not usable outside of PowerShell
[1.555s] DEBUG:colcon.colcon_core.shell:Skip shell extension 'dsv' for command environment
[1.825s] INFO:colcon.colcon_core.task.python.build:Building Python package in '/home/vincent-pc/ros2_foxy/src/turtlesim_catch_them_all_py'
[1.825s] INFO:colcon.colcon_core.shell:Skip shell extension 'powershell' for command environment: Not usable outside of PowerShell
[1.826s] DEBUG:colcon.colcon_core.shell:Skip shell extension 'dsv' for command environment
[1.833s] Level 1:colcon.colcon_core.environment:create_environment_scripts_only(my_robot_description)
[1.834s] Level 1:colcon.colcon_core.environment:checking '/home/vincent-pc/ros2_foxy/install/my_robot_description' for CMake module files
[1.834s] DEBUG:colcon.colcon_core.event_handler.log_command:Invoked command in '/home/vincent-pc/ros2_foxy/build/my_robot_description' returned '0': CMAKE_PREFIX_PATH=${CMAKE_PREFIX_PATH}:/home/vincent-pc/ros2_foxy/install/turtlesim_catch_them_all_py:/home/vincent-pc/ros2_foxy/install/my_py_pkg:/opt/ros/foxy /usr/bin/cmake --install /home/vincent-pc/ros2_foxy/build/my_robot_description
[1.835s] Level 1:colcon.colcon_core.environment:checking '/home/vincent-pc/ros2_foxy/install/my_robot_description' for CMake config files
[1.835s] Level 1:colcon.colcon_core.shell:create_environment_hook('my_robot_description', 'cmake_prefix_path')
[1.835s] INFO:colcon.colcon_core.shell:Creating environment hook '/home/vincent-pc/ros2_foxy/install/my_robot_description/share/my_robot_description/hook/cmake_prefix_path.ps1'
[1.836s] INFO:colcon.colcon_core.shell:Creating environment descriptor '/home/vincent-pc/ros2_foxy/install/my_robot_description/share/my_robot_description/hook/cmake_prefix_path.dsv'
[1.836s] INFO:colcon.colcon_core.shell:Creating environment hook '/home/vincent-pc/ros2_foxy/install/my_robot_description/share/my_robot_description/hook/cmake_prefix_path.sh'
[1.837s] Level 1:colcon.colcon_core.environment:checking '/home/vincent-pc/ros2_foxy/install/my_robot_description/bin'
[1.837s] Level 1:colcon.colcon_core.environment:checking '/home/vincent-pc/ros2_foxy/install/my_robot_description/lib/pkgconfig/my_robot_description.pc'
[1.837s] Level 1:colcon.colcon_core.environment:checking '/home/vincent-pc/ros2_foxy/install/my_robot_description/lib/python3.8/site-packages'
[1.837s] Level 1:colcon.colcon_core.environment:checking '/home/vincent-pc/ros2_foxy/install/my_robot_description/bin'
[1.837s] INFO:colcon.colcon_core.shell:Creating package script '/home/vincent-pc/ros2_foxy/install/my_robot_description/share/my_robot_description/package.ps1'
[1.838s] INFO:colcon.colcon_core.shell:Creating package descriptor '/home/vincent-pc/ros2_foxy/install/my_robot_description/share/my_robot_description/package.dsv'
[1.838s] INFO:colcon.colcon_core.shell:Creating package script '/home/vincent-pc/ros2_foxy/install/my_robot_description/share/my_robot_description/package.sh'
[1.838s] INFO:colcon.colcon_core.shell:Creating package script '/home/vincent-pc/ros2_foxy/install/my_robot_description/share/my_robot_description/package.bash'
[1.839s] INFO:colcon.colcon_core.shell:Creating package script '/home/vincent-pc/ros2_foxy/install/my_robot_description/share/my_robot_description/package.zsh'
[1.839s] Level 1:colcon.colcon_core.environment:create_file_with_runtime_dependencies(/home/vincent-pc/ros2_foxy/install/my_robot_description/share/colcon-core/packages/my_robot_description)
[1.840s] Level 1:colcon.colcon_core.environment:create_environment_scripts_only(my_robot_description)
[1.840s] Level 1:colcon.colcon_core.environment:checking '/home/vincent-pc/ros2_foxy/install/my_robot_description' for CMake module files
[1.840s] Level 1:colcon.colcon_core.environment:checking '/home/vincent-pc/ros2_foxy/install/my_robot_description' for CMake config files
[1.840s] Level 1:colcon.colcon_core.shell:create_environment_hook('my_robot_description', 'cmake_prefix_path')
[1.840s] INFO:colcon.colcon_core.shell:Creating environment hook '/home/vincent-pc/ros2_foxy/install/my_robot_description/share/my_robot_description/hook/cmake_prefix_path.ps1'
[1.841s] INFO:colcon.colcon_core.shell:Creating environment descriptor '/home/vincent-pc/ros2_foxy/install/my_robot_description/share/my_robot_description/hook/cmake_prefix_path.dsv'
[1.841s] INFO:colcon.colcon_core.shell:Creating environment hook '/home/vincent-pc/ros2_foxy/install/my_robot_description/share/my_robot_description/hook/cmake_prefix_path.sh'
[1.843s] Level 1:colcon.colcon_core.environment:checking '/home/vincent-pc/ros2_foxy/install/my_robot_description/bin'
[1.843s] Level 1:colcon.colcon_core.environment:checking '/home/vincent-pc/ros2_foxy/install/my_robot_description/lib/pkgconfig/my_robot_description.pc'
[1.843s] Level 1:colcon.colcon_core.environment:checking '/home/vincent-pc/ros2_foxy/install/my_robot_description/lib/python3.8/site-packages'
[1.843s] Level 1:colcon.colcon_core.environment:checking '/home/vincent-pc/ros2_foxy/install/my_robot_description/bin'
[1.844s] INFO:colcon.colcon_core.shell:Creating package script '/home/vincent-pc/ros2_foxy/install/my_robot_description/share/my_robot_description/package.ps1'
[1.845s] INFO:colcon.colcon_core.shell:Creating package descriptor '/home/vincent-pc/ros2_foxy/install/my_robot_description/share/my_robot_description/package.dsv'
[1.845s] INFO:colcon.colcon_core.shell:Creating package script '/home/vincent-pc/ros2_foxy/install/my_robot_description/share/my_robot_description/package.sh'
[1.846s] INFO:colcon.colcon_core.shell:Creating package script '/home/vincent-pc/ros2_foxy/install/my_robot_description/share/my_robot_description/package.bash'
[1.847s] INFO:colcon.colcon_core.shell:Creating package script '/home/vincent-pc/ros2_foxy/install/my_robot_description/share/my_robot_description/package.zsh'
[1.847s] Level 1:colcon.colcon_core.environment:create_file_with_runtime_dependencies(/home/vincent-pc/ros2_foxy/install/my_robot_description/share/colcon-core/packages/my_robot_description)
[2.437s] DEBUG:colcon.colcon_core.event_handler.log_command:Invoking command in '/home/vincent-pc/ros2_foxy/src/turtlesim_catch_them_all_py': CMAKE_PREFIX_PATH=/home/vincent-pc/ros2_foxy/install/my_robot_interfaces:/home/vincent-pc/ros2_foxy/install/my_robot_bringup:/home/vincent-pc/ros2_foxy/install/turtlesim_catch_them_all_cpp:/home/vincent-pc/ros2_foxy/install/turtlesim_catch_them_all:/home/vincent-pc/ros2_foxy/install/my_robot_description:/home/vincent-pc/ros2_foxy/install/my_cpp_pkg PYTHONPATH=/home/vincent-pc/ros2_foxy/build/turtlesim_catch_them_all_py/prefix_override:/usr/lib/python3/dist-packages/colcon_core/task/python/colcon_distutils_commands:/home/vincent-pc/ros2_foxy/install/turtlesim_catch_them_all_py/lib/python3.8/site-packages:/home/vincent-pc/ros2_foxy/install/my_robot_interfaces/lib/python3.8/site-packages:/home/vincent-pc/ros2_foxy/install/turtlesim_catch_them_all_py/lib/python3.8/site-packages:/home/vincent-pc/ros2_foxy/install/my_py_pkg/lib/python3.8/site-packages:/opt/ros/foxy/lib/python3.8/site-packages /usr/bin/python3 -W ignore:setup.py install is deprecated -W ignore:easy_install command is deprecated setup.py egg_info --egg-base ../../build/turtlesim_catch_them_all_py build --build-base /home/vincent-pc/ros2_foxy/build/turtlesim_catch_them_all_py/build install --record /home/vincent-pc/ros2_foxy/build/turtlesim_catch_them_all_py/install.log --install-scripts $base/lib/turtlesim_catch_them_all_py --single-version-externally-managed install_data
[2.455s] DEBUG:colcon.colcon_core.event_handler.log_command:Invoking command in '/home/vincent-pc/ros2_foxy/src/my_py_pkg': CMAKE_PREFIX_PATH=/home/vincent-pc/ros2_foxy/install/my_robot_interfaces:/home/vincent-pc/ros2_foxy/install/my_robot_bringup:/home/vincent-pc/ros2_foxy/install/turtlesim_catch_them_all_cpp:/home/vincent-pc/ros2_foxy/install/turtlesim_catch_them_all:/home/vincent-pc/ros2_foxy/install/my_robot_description:/home/vincent-pc/ros2_foxy/install/my_cpp_pkg PYTHONPATH=/home/vincent-pc/ros2_foxy/build/my_py_pkg/prefix_override:/usr/lib/python3/dist-packages/colcon_core/task/python/colcon_distutils_commands:/home/vincent-pc/ros2_foxy/install/my_py_pkg/lib/python3.8/site-packages:/home/vincent-pc/ros2_foxy/install/my_robot_interfaces/lib/python3.8/site-packages:/home/vincent-pc/ros2_foxy/install/turtlesim_catch_them_all_py/lib/python3.8/site-packages:/home/vincent-pc/ros2_foxy/install/my_py_pkg/lib/python3.8/site-packages:/opt/ros/foxy/lib/python3.8/site-packages /usr/bin/python3 -W ignore:setup.py install is deprecated -W ignore:easy_install command is deprecated setup.py egg_info --egg-base ../../build/my_py_pkg build --build-base /home/vincent-pc/ros2_foxy/build/my_py_pkg/build install --record /home/vincent-pc/ros2_foxy/build/my_py_pkg/install.log --install-scripts $base/lib/my_py_pkg --single-version-externally-managed install_data
[2.813s] Level 1:colcon.colcon_core.environment:checking '/home/vincent-pc/ros2_foxy/install/turtlesim_catch_them_all_py' for CMake module files
[2.814s] DEBUG:colcon.colcon_core.event_handler.log_command:Invoked command in '/home/vincent-pc/ros2_foxy/src/turtlesim_catch_them_all_py' returned '0': CMAKE_PREFIX_PATH=/home/vincent-pc/ros2_foxy/install/my_robot_interfaces:/home/vincent-pc/ros2_foxy/install/my_robot_bringup:/home/vincent-pc/ros2_foxy/install/turtlesim_catch_them_all_cpp:/home/vincent-pc/ros2_foxy/install/turtlesim_catch_them_all:/home/vincent-pc/ros2_foxy/install/my_robot_description:/home/vincent-pc/ros2_foxy/install/my_cpp_pkg PYTHONPATH=/home/vincent-pc/ros2_foxy/build/turtlesim_catch_them_all_py/prefix_override:/usr/lib/python3/dist-packages/colcon_core/task/python/colcon_distutils_commands:/home/vincent-pc/ros2_foxy/install/turtlesim_catch_them_all_py/lib/python3.8/site-packages:/home/vincent-pc/ros2_foxy/install/my_robot_interfaces/lib/python3.8/site-packages:/home/vincent-pc/ros2_foxy/install/turtlesim_catch_them_all_py/lib/python3.8/site-packages:/home/vincent-pc/ros2_foxy/install/my_py_pkg/lib/python3.8/site-packages:/opt/ros/foxy/lib/python3.8/site-packages /usr/bin/python3 -W ignore:setup.py install is deprecated -W ignore:easy_install command is deprecated setup.py egg_info --egg-base ../../build/turtlesim_catch_them_all_py build --build-base /home/vincent-pc/ros2_foxy/build/turtlesim_catch_them_all_py/build install --record /home/vincent-pc/ros2_foxy/build/turtlesim_catch_them_all_py/install.log --install-scripts $base/lib/turtlesim_catch_them_all_py --single-version-externally-managed install_data
[2.815s] Level 1:colcon.colcon_core.environment:checking '/home/vincent-pc/ros2_foxy/install/turtlesim_catch_them_all_py' for CMake config files
[2.815s] Level 1:colcon.colcon_core.environment:checking '/home/vincent-pc/ros2_foxy/install/turtlesim_catch_them_all_py/lib'
[2.816s] Level 1:colcon.colcon_core.environment:checking '/home/vincent-pc/ros2_foxy/install/turtlesim_catch_them_all_py/bin'
[2.816s] Level 1:colcon.colcon_core.environment:checking '/home/vincent-pc/ros2_foxy/install/turtlesim_catch_them_all_py/lib/pkgconfig/turtlesim_catch_them_all_py.pc'
[2.816s] Level 1:colcon.colcon_core.environment:checking '/home/vincent-pc/ros2_foxy/install/turtlesim_catch_them_all_py/lib/python3.8/site-packages'
[2.816s] Level 1:colcon.colcon_core.shell:create_environment_hook('turtlesim_catch_them_all_py', 'pythonpath')
[2.816s] INFO:colcon.colcon_core.shell:Creating environment hook '/home/vincent-pc/ros2_foxy/install/turtlesim_catch_them_all_py/share/turtlesim_catch_them_all_py/hook/pythonpath.ps1'
[2.817s] INFO:colcon.colcon_core.shell:Creating environment descriptor '/home/vincent-pc/ros2_foxy/install/turtlesim_catch_them_all_py/share/turtlesim_catch_them_all_py/hook/pythonpath.dsv'
[2.817s] INFO:colcon.colcon_core.shell:Creating environment hook '/home/vincent-pc/ros2_foxy/install/turtlesim_catch_them_all_py/share/turtlesim_catch_them_all_py/hook/pythonpath.sh'
[2.818s] Level 1:colcon.colcon_core.environment:checking '/home/vincent-pc/ros2_foxy/install/turtlesim_catch_them_all_py/bin'
[2.818s] Level 1:colcon.colcon_core.environment:create_environment_scripts_only(turtlesim_catch_them_all_py)
[2.818s] INFO:colcon.colcon_core.shell:Creating package script '/home/vincent-pc/ros2_foxy/install/turtlesim_catch_them_all_py/share/turtlesim_catch_them_all_py/package.ps1'
[2.819s] INFO:colcon.colcon_core.shell:Creating package descriptor '/home/vincent-pc/ros2_foxy/install/turtlesim_catch_them_all_py/share/turtlesim_catch_them_all_py/package.dsv'
[2.820s] INFO:colcon.colcon_core.shell:Creating package script '/home/vincent-pc/ros2_foxy/install/turtlesim_catch_them_all_py/share/turtlesim_catch_them_all_py/package.sh'
[2.820s] INFO:colcon.colcon_core.shell:Creating package script '/home/vincent-pc/ros2_foxy/install/turtlesim_catch_them_all_py/share/turtlesim_catch_them_all_py/package.bash'
[2.821s] INFO:colcon.colcon_core.shell:Creating package script '/home/vincent-pc/ros2_foxy/install/turtlesim_catch_them_all_py/share/turtlesim_catch_them_all_py/package.zsh'
[2.821s] Level 1:colcon.colcon_core.environment:create_file_with_runtime_dependencies(/home/vincent-pc/ros2_foxy/install/turtlesim_catch_them_all_py/share/colcon-core/packages/turtlesim_catch_them_all_py)
[2.834s] Level 1:colcon.colcon_core.environment:checking '/home/vincent-pc/ros2_foxy/install/my_py_pkg' for CMake module files
[2.835s] DEBUG:colcon.colcon_core.event_handler.log_command:Invoked command in '/home/vincent-pc/ros2_foxy/src/my_py_pkg' returned '0': CMAKE_PREFIX_PATH=/home/vincent-pc/ros2_foxy/install/my_robot_interfaces:/home/vincent-pc/ros2_foxy/install/my_robot_bringup:/home/vincent-pc/ros2_foxy/install/turtlesim_catch_them_all_cpp:/home/vincent-pc/ros2_foxy/install/turtlesim_catch_them_all:/home/vincent-pc/ros2_foxy/install/my_robot_description:/home/vincent-pc/ros2_foxy/install/my_cpp_pkg PYTHONPATH=/home/vincent-pc/ros2_foxy/build/my_py_pkg/prefix_override:/usr/lib/python3/dist-packages/colcon_core/task/python/colcon_distutils_commands:/home/vincent-pc/ros2_foxy/install/my_py_pkg/lib/python3.8/site-packages:/home/vincent-pc/ros2_foxy/install/my_robot_interfaces/lib/python3.8/site-packages:/home/vincent-pc/ros2_foxy/install/turtlesim_catch_them_all_py/lib/python3.8/site-packages:/home/vincent-pc/ros2_foxy/install/my_py_pkg/lib/python3.8/site-packages:/opt/ros/foxy/lib/python3.8/site-packages /usr/bin/python3 -W ignore:setup.py install is deprecated -W ignore:easy_install command is deprecated setup.py egg_info --egg-base ../../build/my_py_pkg build --build-base /home/vincent-pc/ros2_foxy/build/my_py_pkg/build install --record /home/vincent-pc/ros2_foxy/build/my_py_pkg/install.log --install-scripts $base/lib/my_py_pkg --single-version-externally-managed install_data
[2.835s] Level 1:colcon.colcon_core.environment:checking '/home/vincent-pc/ros2_foxy/install/my_py_pkg' for CMake config files
[2.835s] Level 1:colcon.colcon_core.environment:checking '/home/vincent-pc/ros2_foxy/install/my_py_pkg/lib'
[2.835s] Level 1:colcon.colcon_core.environment:checking '/home/vincent-pc/ros2_foxy/install/my_py_pkg/bin'
[2.835s] Level 1:colcon.colcon_core.environment:checking '/home/vincent-pc/ros2_foxy/install/my_py_pkg/lib/pkgconfig/my_py_pkg.pc'
[2.836s] Level 1:colcon.colcon_core.environment:checking '/home/vincent-pc/ros2_foxy/install/my_py_pkg/lib/python3.8/site-packages'
[2.836s] Level 1:colcon.colcon_core.shell:create_environment_hook('my_py_pkg', 'pythonpath')
[2.836s] INFO:colcon.colcon_core.shell:Creating environment hook '/home/vincent-pc/ros2_foxy/install/my_py_pkg/share/my_py_pkg/hook/pythonpath.ps1'
[2.837s] INFO:colcon.colcon_core.shell:Creating environment descriptor '/home/vincent-pc/ros2_foxy/install/my_py_pkg/share/my_py_pkg/hook/pythonpath.dsv'
[2.837s] INFO:colcon.colcon_core.shell:Creating environment hook '/home/vincent-pc/ros2_foxy/install/my_py_pkg/share/my_py_pkg/hook/pythonpath.sh'
[2.837s] Level 1:colcon.colcon_core.environment:checking '/home/vincent-pc/ros2_foxy/install/my_py_pkg/bin'
[2.837s] Level 1:colcon.colcon_core.environment:create_environment_scripts_only(my_py_pkg)
[2.838s] INFO:colcon.colcon_core.shell:Creating package script '/home/vincent-pc/ros2_foxy/install/my_py_pkg/share/my_py_pkg/package.ps1'
[2.839s] INFO:colcon.colcon_core.shell:Creating package descriptor '/home/vincent-pc/ros2_foxy/install/my_py_pkg/share/my_py_pkg/package.dsv'
[2.840s] INFO:colcon.colcon_core.shell:Creating package script '/home/vincent-pc/ros2_foxy/install/my_py_pkg/share/my_py_pkg/package.sh'
[2.841s] INFO:colcon.colcon_core.shell:Creating package script '/home/vincent-pc/ros2_foxy/install/my_py_pkg/share/my_py_pkg/package.bash'
[2.842s] INFO:colcon.colcon_core.shell:Creating package script '/home/vincent-pc/ros2_foxy/install/my_py_pkg/share/my_py_pkg/package.zsh'
[2.843s] Level 1:colcon.colcon_core.environment:create_file_with_runtime_dependencies(/home/vincent-pc/ros2_foxy/install/my_py_pkg/share/colcon-core/packages/my_py_pkg)
[3.562s] DEBUG:colcon.colcon_core.event_handler.log_command:Invoked command in '/home/vincent-pc/ros2_foxy/build/my_cpp_pkg' returned '2': CMAKE_PREFIX_PATH=${CMAKE_PREFIX_PATH}:/home/vincent-pc/ros2_foxy/install/turtlesim_catch_them_all_py:/home/vincent-pc/ros2_foxy/install/my_py_pkg:/opt/ros/foxy /usr/bin/cmake --build /home/vincent-pc/ros2_foxy/build/my_cpp_pkg -- -j8 -l8
[3.563s] Level 1:colcon.colcon_core.environment:create_environment_scripts_only(my_cpp_pkg)
[3.563s] Level 1:colcon.colcon_core.environment:checking '/home/vincent-pc/ros2_foxy/install/my_cpp_pkg' for CMake module files
[3.563s] Level 1:colcon.colcon_core.environment:checking '/home/vincent-pc/ros2_foxy/install/my_cpp_pkg' for CMake config files
[3.564s] Level 1:colcon.colcon_core.shell:create_environment_hook('my_cpp_pkg', 'cmake_prefix_path')
[3.564s] INFO:colcon.colcon_core.shell:Creating environment hook '/home/vincent-pc/ros2_foxy/install/my_cpp_pkg/share/my_cpp_pkg/hook/cmake_prefix_path.ps1'
[3.564s] INFO:colcon.colcon_core.shell:Creating environment descriptor '/home/vincent-pc/ros2_foxy/install/my_cpp_pkg/share/my_cpp_pkg/hook/cmake_prefix_path.dsv'
[3.565s] INFO:colcon.colcon_core.shell:Creating environment hook '/home/vincent-pc/ros2_foxy/install/my_cpp_pkg/share/my_cpp_pkg/hook/cmake_prefix_path.sh'
[3.565s] Level 1:colcon.colcon_core.environment:checking '/home/vincent-pc/ros2_foxy/install/my_cpp_pkg/lib'
[3.565s] Level 1:colcon.colcon_core.environment:checking '/home/vincent-pc/ros2_foxy/install/my_cpp_pkg/bin'
[3.565s] Level 1:colcon.colcon_core.environment:checking '/home/vincent-pc/ros2_foxy/install/my_cpp_pkg/lib/pkgconfig/my_cpp_pkg.pc'
[3.565s] Level 1:colcon.colcon_core.environment:checking '/home/vincent-pc/ros2_foxy/install/my_cpp_pkg/lib/python3.8/site-packages'
[3.566s] Level 1:colcon.colcon_core.environment:checking '/home/vincent-pc/ros2_foxy/install/my_cpp_pkg/bin'
[3.566s] INFO:colcon.colcon_core.shell:Creating package script '/home/vincent-pc/ros2_foxy/install/my_cpp_pkg/share/my_cpp_pkg/package.ps1'
[3.566s] INFO:colcon.colcon_core.shell:Creating package descriptor '/home/vincent-pc/ros2_foxy/install/my_cpp_pkg/share/my_cpp_pkg/package.dsv'
[3.567s] INFO:colcon.colcon_core.shell:Creating package script '/home/vincent-pc/ros2_foxy/install/my_cpp_pkg/share/my_cpp_pkg/package.sh'
[3.567s] INFO:colcon.colcon_core.shell:Creating package script '/home/vincent-pc/ros2_foxy/install/my_cpp_pkg/share/my_cpp_pkg/package.bash'
[3.567s] INFO:colcon.colcon_core.shell:Creating package script '/home/vincent-pc/ros2_foxy/install/my_cpp_pkg/share/my_cpp_pkg/package.zsh'
[3.568s] Level 1:colcon.colcon_core.environment:create_file_with_runtime_dependencies(/home/vincent-pc/ros2_foxy/install/my_cpp_pkg/share/colcon-core/packages/my_cpp_pkg)
[3.578s] DEBUG:colcon.colcon_parallel_executor.executor.parallel:closing loop
[3.578s] DEBUG:colcon.colcon_parallel_executor.executor.parallel:loop closed
[3.578s] DEBUG:colcon.colcon_parallel_executor.executor.parallel:run_until_complete finished with '2'
[3.578s] DEBUG:colcon.colcon_core.event_reactor:joining thread
[3.584s] INFO:colcon.colcon_core.plugin_system:Skipping extension 'colcon_notification.desktop_notification.terminal_notifier': Not used on non-Darwin systems
[3.585s] INFO:colcon.colcon_core.plugin_system:Skipping extension 'colcon_notification.desktop_notification.win32': Not used on non-Windows systems
[3.585s] INFO:colcon.colcon_notification.desktop_notification:Sending desktop notification using 'notify2'
[3.613s] DEBUG:colcon.colcon_core.event_reactor:joined thread
[3.614s] INFO:colcon.colcon_core.shell:Creating prefix script '/home/vincent-pc/ros2_foxy/install/local_setup.ps1'
[3.615s] INFO:colcon.colcon_core.shell:Creating prefix util module '/home/vincent-pc/ros2_foxy/install/_local_setup_util_ps1.py'
[3.618s] INFO:colcon.colcon_core.shell:Creating prefix chain script '/home/vincent-pc/ros2_foxy/install/setup.ps1'
[3.620s] INFO:colcon.colcon_core.shell:Creating prefix script '/home/vincent-pc/ros2_foxy/install/local_setup.sh'
[3.621s] INFO:colcon.colcon_core.shell:Creating prefix util module '/home/vincent-pc/ros2_foxy/install/_local_setup_util_sh.py'
[3.623s] INFO:colcon.colcon_core.shell:Creating prefix chain script '/home/vincent-pc/ros2_foxy/install/setup.sh'
[3.625s] INFO:colcon.colcon_core.shell:Creating prefix script '/home/vincent-pc/ros2_foxy/install/local_setup.bash'
[3.626s] INFO:colcon.colcon_core.shell:Creating prefix chain script '/home/vincent-pc/ros2_foxy/install/setup.bash'
[3.628s] INFO:colcon.colcon_core.shell:Creating prefix script '/home/vincent-pc/ros2_foxy/install/local_setup.zsh'
[3.629s] INFO:colcon.colcon_core.shell:Creating prefix chain script '/home/vincent-pc/ros2_foxy/install/setup.zsh'
