[0.367s] DEBUG:colcon:Command line arguments: ['/usr/bin/colcon', 'build']
[0.367s] DEBUG:colcon:Parsed command line arguments: Namespace(allow_overriding=[], ament_cmake_args=None, base_paths=['.'], build_base='build', catkin_cmake_args=None, catkin_skip_building_tests=False, cmake_args=None, cmake_clean_cache=False, cmake_clean_first=False, cmake_force_configure=False, cmake_target=None, cmake_target_skip_unavailable=False, continue_on_error=False, event_handlers=None, executor='parallel', ignore_user_meta=False, install_base='install', log_base=None, log_level=None, main=<bound method BuildVerb.main of <colcon_core.verb.build.BuildVerb object at 0x7fb02ec5e970>>, merge_install=False, metas=['./colcon.meta'], mixin=None, mixin_files=None, mixin_verb=('build',), packages_above=None, packages_above_and_dependencies=None, packages_above_depth=None, packages_end=None, packages_ignore=None, packages_ignore_regex=None, packages_select=None, packages_select_build_failed=False, packages_select_by_dep=None, packages_select_regex=None, packages_select_test_failures=False, packages_skip=None, packages_skip_build_finished=False, packages_skip_by_dep=None, packages_skip_regex=None, packages_skip_test_passed=False, packages_skip_up_to=None, packages_start=None, packages_up_to=None, packages_up_to_regex=None, parallel_workers=8, paths=None, symlink_install=False, test_result_base=None, verb_extension=<colcon_core.verb.build.BuildVerb object at 0x7fb02ec5e970>, verb_name='build', verb_parser=<colcon_mixin.mixin.mixin_argument.MixinArgumentDecorator object at 0x7fb02ec32970>)
[0.576s] Level 1:colcon.colcon_core.package_discovery:discover_packages(colcon_meta) check parameters
[0.576s] Level 1:colcon.colcon_core.package_discovery:discover_packages(recursive) check parameters
[0.576s] Level 1:colcon.colcon_core.package_discovery:discover_packages(ignore) check parameters
[0.576s] Level 1:colcon.colcon_core.package_discovery:discover_packages(path) check parameters
[0.576s] Level 1:colcon.colcon_core.package_discovery:discover_packages(colcon_meta) discover
[0.576s] Level 1:colcon.colcon_core.package_discovery:discover_packages(recursive) discover
[0.576s] INFO:colcon.colcon_core.package_discovery:Crawling recursively for packages in '/home/vincent-pc/ros2_foxy'
[0.576s] Level 1:colcon.colcon_core.package_identification:_identify(.) by extensions ['ignore', 'ignore_ament_install']
[0.576s] Level 1:colcon.colcon_core.package_identification:_identify(.) by extension 'ignore'
[0.576s] Level 1:colcon.colcon_core.package_identification:_identify(.) by extension 'ignore_ament_install'
[0.577s] Level 1:colcon.colcon_core.package_identification:_identify(.) by extensions ['colcon_pkg']
[0.577s] Level 1:colcon.colcon_core.package_identification:_identify(.) by extension 'colcon_pkg'
[0.577s] Level 1:colcon.colcon_core.package_identification:_identify(.) by extensions ['colcon_meta']
[0.577s] Level 1:colcon.colcon_core.package_identification:_identify(.) by extension 'colcon_meta'
[0.577s] Level 1:colcon.colcon_core.package_identification:_identify(.) by extensions ['ros']
[0.577s] Level 1:colcon.colcon_core.package_identification:_identify(.) by extension 'ros'
[0.590s] Level 1:colcon.colcon_core.package_identification:_identify(.) by extensions ['cmake', 'python']
[0.590s] Level 1:colcon.colcon_core.package_identification:_identify(.) by extension 'cmake'
[0.591s] Level 1:colcon.colcon_core.package_identification:_identify(.) by extension 'python'
[0.591s] Level 1:colcon.colcon_core.package_identification:_identify(.) by extensions ['python_setup_py']
[0.591s] Level 1:colcon.colcon_core.package_identification:_identify(.) by extension 'python_setup_py'
[0.591s] Level 1:colcon.colcon_core.package_identification:_identify(URDF) by extensions ['ignore', 'ignore_ament_install']
[0.591s] Level 1:colcon.colcon_core.package_identification:_identify(URDF) by extension 'ignore'
[0.591s] Level 1:colcon.colcon_core.package_identification:_identify(URDF) by extension 'ignore_ament_install'
[0.591s] Level 1:colcon.colcon_core.package_identification:_identify(URDF) by extensions ['colcon_pkg']
[0.591s] Level 1:colcon.colcon_core.package_identification:_identify(URDF) by extension 'colcon_pkg'
[0.591s] Level 1:colcon.colcon_core.package_identification:_identify(URDF) by extensions ['colcon_meta']
[0.591s] Level 1:colcon.colcon_core.package_identification:_identify(URDF) by extension 'colcon_meta'
[0.591s] Level 1:colcon.colcon_core.package_identification:_identify(URDF) by extensions ['ros']
[0.591s] Level 1:colcon.colcon_core.package_identification:_identify(URDF) by extension 'ros'
[0.591s] Level 1:colcon.colcon_core.package_identification:_identify(URDF) by extensions ['cmake', 'python']
[0.591s] Level 1:colcon.colcon_core.package_identification:_identify(URDF) by extension 'cmake'
[0.592s] Level 1:colcon.colcon_core.package_identification:_identify(URDF) by extension 'python'
[0.592s] Level 1:colcon.colcon_core.package_identification:_identify(URDF) by extensions ['python_setup_py']
[0.592s] Level 1:colcon.colcon_core.package_identification:_identify(URDF) by extension 'python_setup_py'
[0.592s] Level 1:colcon.colcon_core.package_identification:_identify(build) by extensions ['ignore', 'ignore_ament_install']
[0.592s] Level 1:colcon.colcon_core.package_identification:_identify(build) by extension 'ignore'
[0.592s] Level 1:colcon.colcon_core.package_identification:_identify(build) ignored
[0.592s] Level 1:colcon.colcon_core.package_identification:_identify(install) by extensions ['ignore', 'ignore_ament_install']
[0.592s] Level 1:colcon.colcon_core.package_identification:_identify(install) by extension 'ignore'
[0.592s] Level 1:colcon.colcon_core.package_identification:_identify(install) ignored
[0.592s] Level 1:colcon.colcon_core.package_identification:_identify(log) by extensions ['ignore', 'ignore_ament_install']
[0.592s] Level 1:colcon.colcon_core.package_identification:_identify(log) by extension 'ignore'
[0.592s] Level 1:colcon.colcon_core.package_identification:_identify(log) ignored
[0.592s] Level 1:colcon.colcon_core.package_identification:_identify(src) by extensions ['ignore', 'ignore_ament_install']
[0.593s] Level 1:colcon.colcon_core.package_identification:_identify(src) by extension 'ignore'
[0.593s] Level 1:colcon.colcon_core.package_identification:_identify(src) by extension 'ignore_ament_install'
[0.593s] Level 1:colcon.colcon_core.package_identification:_identify(src) by extensions ['colcon_pkg']
[0.593s] Level 1:colcon.colcon_core.package_identification:_identify(src) by extension 'colcon_pkg'
[0.593s] Level 1:colcon.colcon_core.package_identification:_identify(src) by extensions ['colcon_meta']
[0.593s] Level 1:colcon.colcon_core.package_identification:_identify(src) by extension 'colcon_meta'
[0.593s] Level 1:colcon.colcon_core.package_identification:_identify(src) by extensions ['ros']
[0.593s] Level 1:colcon.colcon_core.package_identification:_identify(src) by extension 'ros'
[0.593s] Level 1:colcon.colcon_core.package_identification:_identify(src) by extensions ['cmake', 'python']
[0.593s] Level 1:colcon.colcon_core.package_identification:_identify(src) by extension 'cmake'
[0.593s] Level 1:colcon.colcon_core.package_identification:_identify(src) by extension 'python'
[0.593s] Level 1:colcon.colcon_core.package_identification:_identify(src) by extensions ['python_setup_py']
[0.593s] Level 1:colcon.colcon_core.package_identification:_identify(src) by extension 'python_setup_py'
[0.593s] Level 1:colcon.colcon_core.package_identification:_identify(src/my_cpp_pkg) by extensions ['ignore', 'ignore_ament_install']
[0.593s] Level 1:colcon.colcon_core.package_identification:_identify(src/my_cpp_pkg) by extension 'ignore'
[0.594s] Level 1:colcon.colcon_core.package_identification:_identify(src/my_cpp_pkg) by extension 'ignore_ament_install'
[0.594s] Level 1:colcon.colcon_core.package_identification:_identify(src/my_cpp_pkg) by extensions ['colcon_pkg']
[0.594s] Level 1:colcon.colcon_core.package_identification:_identify(src/my_cpp_pkg) by extension 'colcon_pkg'
[0.594s] Level 1:colcon.colcon_core.package_identification:_identify(src/my_cpp_pkg) by extensions ['colcon_meta']
[0.594s] Level 1:colcon.colcon_core.package_identification:_identify(src/my_cpp_pkg) by extension 'colcon_meta'
[0.594s] Level 1:colcon.colcon_core.package_identification:_identify(src/my_cpp_pkg) by extensions ['ros']
[0.594s] Level 1:colcon.colcon_core.package_identification:_identify(src/my_cpp_pkg) by extension 'ros'
[0.597s] DEBUG:colcon.colcon_core.package_identification:Package 'src/my_cpp_pkg' with type 'ros.ament_cmake' and name 'my_cpp_pkg'
[0.597s] Level 1:colcon.colcon_core.package_identification:_identify(src/my_py_pkg) by extensions ['ignore', 'ignore_ament_install']
[0.598s] Level 1:colcon.colcon_core.package_identification:_identify(src/my_py_pkg) by extension 'ignore'
[0.598s] Level 1:colcon.colcon_core.package_identification:_identify(src/my_py_pkg) by extension 'ignore_ament_install'
[0.598s] Level 1:colcon.colcon_core.package_identification:_identify(src/my_py_pkg) by extensions ['colcon_pkg']
[0.598s] Level 1:colcon.colcon_core.package_identification:_identify(src/my_py_pkg) by extension 'colcon_pkg'
[0.598s] Level 1:colcon.colcon_core.package_identification:_identify(src/my_py_pkg) by extensions ['colcon_meta']
[0.598s] Level 1:colcon.colcon_core.package_identification:_identify(src/my_py_pkg) by extension 'colcon_meta'
[0.598s] Level 1:colcon.colcon_core.package_identification:_identify(src/my_py_pkg) by extensions ['ros']
[0.598s] Level 1:colcon.colcon_core.package_identification:_identify(src/my_py_pkg) by extension 'ros'
[0.599s] DEBUG:colcon.colcon_core.package_identification:Package 'src/my_py_pkg' with type 'ros.ament_python' and name 'my_py_pkg'
[0.599s] Level 1:colcon.colcon_core.package_identification:_identify(src/my_robot_bringup) by extensions ['ignore', 'ignore_ament_install']
[0.599s] Level 1:colcon.colcon_core.package_identification:_identify(src/my_robot_bringup) by extension 'ignore'
[0.599s] Level 1:colcon.colcon_core.package_identification:_identify(src/my_robot_bringup) by extension 'ignore_ament_install'
[0.599s] Level 1:colcon.colcon_core.package_identification:_identify(src/my_robot_bringup) by extensions ['colcon_pkg']
[0.599s] Level 1:colcon.colcon_core.package_identification:_identify(src/my_robot_bringup) by extension 'colcon_pkg'
[0.599s] Level 1:colcon.colcon_core.package_identification:_identify(src/my_robot_bringup) by extensions ['colcon_meta']
[0.599s] Level 1:colcon.colcon_core.package_identification:_identify(src/my_robot_bringup) by extension 'colcon_meta'
[0.599s] Level 1:colcon.colcon_core.package_identification:_identify(src/my_robot_bringup) by extensions ['ros']
[0.599s] Level 1:colcon.colcon_core.package_identification:_identify(src/my_robot_bringup) by extension 'ros'
[0.600s] DEBUG:colcon.colcon_core.package_identification:Package 'src/my_robot_bringup' with type 'ros.ament_cmake' and name 'my_robot_bringup'
[0.600s] Level 1:colcon.colcon_core.package_identification:_identify(src/my_robot_description) by extensions ['ignore', 'ignore_ament_install']
[0.600s] Level 1:colcon.colcon_core.package_identification:_identify(src/my_robot_description) by extension 'ignore'
[0.601s] Level 1:colcon.colcon_core.package_identification:_identify(src/my_robot_description) by extension 'ignore_ament_install'
[0.601s] Level 1:colcon.colcon_core.package_identification:_identify(src/my_robot_description) by extensions ['colcon_pkg']
[0.601s] Level 1:colcon.colcon_core.package_identification:_identify(src/my_robot_description) by extension 'colcon_pkg'
[0.601s] Level 1:colcon.colcon_core.package_identification:_identify(src/my_robot_description) by extensions ['colcon_meta']
[0.601s] Level 1:colcon.colcon_core.package_identification:_identify(src/my_robot_description) by extension 'colcon_meta'
[0.601s] Level 1:colcon.colcon_core.package_identification:_identify(src/my_robot_description) by extensions ['ros']
[0.601s] Level 1:colcon.colcon_core.package_identification:_identify(src/my_robot_description) by extension 'ros'
[0.601s] DEBUG:colcon.colcon_core.package_identification:Package 'src/my_robot_description' with type 'ros.ament_cmake' and name 'my_robot_description'
[0.601s] Level 1:colcon.colcon_core.package_identification:_identify(src/my_robot_interfaces) by extensions ['ignore', 'ignore_ament_install']
[0.601s] Level 1:colcon.colcon_core.package_identification:_identify(src/my_robot_interfaces) by extension 'ignore'
[0.602s] Level 1:colcon.colcon_core.package_identification:_identify(src/my_robot_interfaces) by extension 'ignore_ament_install'
[0.602s] Level 1:colcon.colcon_core.package_identification:_identify(src/my_robot_interfaces) by extensions ['colcon_pkg']
[0.602s] Level 1:colcon.colcon_core.package_identification:_identify(src/my_robot_interfaces) by extension 'colcon_pkg'
[0.602s] Level 1:colcon.colcon_core.package_identification:_identify(src/my_robot_interfaces) by extensions ['colcon_meta']
[0.602s] Level 1:colcon.colcon_core.package_identification:_identify(src/my_robot_interfaces) by extension 'colcon_meta'
[0.602s] Level 1:colcon.colcon_core.package_identification:_identify(src/my_robot_interfaces) by extensions ['ros']
[0.602s] Level 1:colcon.colcon_core.package_identification:_identify(src/my_robot_interfaces) by extension 'ros'
[0.603s] DEBUG:colcon.colcon_core.package_identification:Package 'src/my_robot_interfaces' with type 'ros.ament_cmake' and name 'my_robot_interfaces'
[0.604s] Level 1:colcon.colcon_core.package_identification:_identify(src/turtlesim_catch_them_all_cpp) by extensions ['ignore', 'ignore_ament_install']
[0.604s] Level 1:colcon.colcon_core.package_identification:_identify(src/turtlesim_catch_them_all_cpp) by extension 'ignore'
[0.604s] Level 1:colcon.colcon_core.package_identification:_identify(src/turtlesim_catch_them_all_cpp) by extension 'ignore_ament_install'
[0.605s] Level 1:colcon.colcon_core.package_identification:_identify(src/turtlesim_catch_them_all_cpp) by extensions ['colcon_pkg']
[0.605s] Level 1:colcon.colcon_core.package_identification:_identify(src/turtlesim_catch_them_all_cpp) by extension 'colcon_pkg'
[0.605s] Level 1:colcon.colcon_core.package_identification:_identify(src/turtlesim_catch_them_all_cpp) by extensions ['colcon_meta']
[0.605s] Level 1:colcon.colcon_core.package_identification:_identify(src/turtlesim_catch_them_all_cpp) by extension 'colcon_meta'
[0.605s] Level 1:colcon.colcon_core.package_identification:_identify(src/turtlesim_catch_them_all_cpp) by extensions ['ros']
[0.605s] Level 1:colcon.colcon_core.package_identification:_identify(src/turtlesim_catch_them_all_cpp) by extension 'ros'
[0.607s] DEBUG:colcon.colcon_core.package_identification:Package 'src/turtlesim_catch_them_all_cpp' with type 'ros.ament_cmake' and name 'turtlesim_catch_them_all_cpp'
[0.607s] Level 1:colcon.colcon_core.package_identification:_identify(src/turtlesim_catch_them_all_py) by extensions ['ignore', 'ignore_ament_install']
[0.607s] Level 1:colcon.colcon_core.package_identification:_identify(src/turtlesim_catch_them_all_py) by extension 'ignore'
[0.607s] Level 1:colcon.colcon_core.package_identification:_identify(src/turtlesim_catch_them_all_py) by extension 'ignore_ament_install'
[0.608s] Level 1:colcon.colcon_core.package_identification:_identify(src/turtlesim_catch_them_all_py) by extensions ['colcon_pkg']
[0.608s] Level 1:colcon.colcon_core.package_identification:_identify(src/turtlesim_catch_them_all_py) by extension 'colcon_pkg'
[0.608s] Level 1:colcon.colcon_core.package_identification:_identify(src/turtlesim_catch_them_all_py) by extensions ['colcon_meta']
[0.608s] Level 1:colcon.colcon_core.package_identification:_identify(src/turtlesim_catch_them_all_py) by extension 'colcon_meta'
[0.608s] Level 1:colcon.colcon_core.package_identification:_identify(src/turtlesim_catch_them_all_py) by extensions ['ros']
[0.608s] Level 1:colcon.colcon_core.package_identification:_identify(src/turtlesim_catch_them_all_py) by extension 'ros'
[0.609s] DEBUG:colcon.colcon_core.package_identification:Package 'src/turtlesim_catch_them_all_py' with type 'ros.ament_python' and name 'turtlesim_catch_them_all_py'
[0.609s] Level 1:colcon.colcon_core.package_identification:_identify(yaml_params) by extensions ['ignore', 'ignore_ament_install']
[0.609s] Level 1:colcon.colcon_core.package_identification:_identify(yaml_params) by extension 'ignore'
[0.609s] Level 1:colcon.colcon_core.package_identification:_identify(yaml_params) by extension 'ignore_ament_install'
[0.610s] Level 1:colcon.colcon_core.package_identification:_identify(yaml_params) by extensions ['colcon_pkg']
[0.610s] Level 1:colcon.colcon_core.package_identification:_identify(yaml_params) by extension 'colcon_pkg'
[0.610s] Level 1:colcon.colcon_core.package_identification:_identify(yaml_params) by extensions ['colcon_meta']
[0.610s] Level 1:colcon.colcon_core.package_identification:_identify(yaml_params) by extension 'colcon_meta'
[0.610s] Level 1:colcon.colcon_core.package_identification:_identify(yaml_params) by extensions ['ros']
[0.610s] Level 1:colcon.colcon_core.package_identification:_identify(yaml_params) by extension 'ros'
[0.610s] Level 1:colcon.colcon_core.package_identification:_identify(yaml_params) by extensions ['cmake', 'python']
[0.610s] Level 1:colcon.colcon_core.package_identification:_identify(yaml_params) by extension 'cmake'
[0.610s] Level 1:colcon.colcon_core.package_identification:_identify(yaml_params) by extension 'python'
[0.610s] Level 1:colcon.colcon_core.package_identification:_identify(yaml_params) by extensions ['python_setup_py']
[0.610s] Level 1:colcon.colcon_core.package_identification:_identify(yaml_params) by extension 'python_setup_py'
[0.610s] Level 1:colcon.colcon_core.package_discovery:discover_packages(recursive) using defaults
[0.610s] Level 1:colcon.colcon_core.package_discovery:discover_packages(ignore) discover
[0.610s] Level 1:colcon.colcon_core.package_discovery:discover_packages(ignore) using defaults
[0.610s] Level 1:colcon.colcon_core.package_discovery:discover_packages(path) discover
[0.610s] Level 1:colcon.colcon_core.package_discovery:discover_packages(path) using defaults
[0.652s] Level 1:colcon.colcon_core.package_discovery:discover_packages(prefix_path) check parameters
[0.652s] Level 1:colcon.colcon_core.package_discovery:discover_packages(prefix_path) discover
[0.657s] DEBUG:colcon.colcon_installed_package_information.package_discovery:Found 7 installed packages in /home/vincent-pc/ros2_foxy/install
[0.658s] DEBUG:colcon.colcon_installed_package_information.package_discovery:Found 274 installed packages in /opt/ros/foxy
[0.660s] Level 1:colcon.colcon_core.package_discovery:discover_packages(prefix_path) using defaults
[0.742s] Level 5:colcon.colcon_core.verb:set package 'my_cpp_pkg' build argument 'cmake_args' from command line to 'None'
[0.743s] Level 5:colcon.colcon_core.verb:set package 'my_cpp_pkg' build argument 'cmake_target' from command line to 'None'
[0.743s] Level 5:colcon.colcon_core.verb:set package 'my_cpp_pkg' build argument 'cmake_target_skip_unavailable' from command line to 'False'
[0.743s] Level 5:colcon.colcon_core.verb:set package 'my_cpp_pkg' build argument 'cmake_clean_cache' from command line to 'False'
[0.743s] Level 5:colcon.colcon_core.verb:set package 'my_cpp_pkg' build argument 'cmake_clean_first' from command line to 'False'
[0.743s] Level 5:colcon.colcon_core.verb:set package 'my_cpp_pkg' build argument 'cmake_force_configure' from command line to 'False'
[0.743s] Level 5:colcon.colcon_core.verb:set package 'my_cpp_pkg' build argument 'ament_cmake_args' from command line to 'None'
[0.743s] Level 5:colcon.colcon_core.verb:set package 'my_cpp_pkg' build argument 'catkin_cmake_args' from command line to 'None'
[0.743s] Level 5:colcon.colcon_core.verb:set package 'my_cpp_pkg' build argument 'catkin_skip_building_tests' from command line to 'False'
[0.743s] DEBUG:colcon.colcon_core.verb:Building package 'my_cpp_pkg' with the following arguments: {'ament_cmake_args': None, 'build_base': '/home/vincent-pc/ros2_foxy/build/my_cpp_pkg', 'catkin_cmake_args': None, 'catkin_skip_building_tests': False, 'cmake_args': None, 'cmake_clean_cache': False, 'cmake_clean_first': False, 'cmake_force_configure': False, 'cmake_target': None, 'cmake_target_skip_unavailable': False, 'install_base': '/home/vincent-pc/ros2_foxy/install/my_cpp_pkg', 'merge_install': False, 'path': '/home/vincent-pc/ros2_foxy/src/my_cpp_pkg', 'symlink_install': False, 'test_result_base': None}
[0.744s] Level 5:colcon.colcon_core.verb:set package 'my_robot_description' build argument 'cmake_args' from command line to 'None'
[0.744s] Level 5:colcon.colcon_core.verb:set package 'my_robot_description' build argument 'cmake_target' from command line to 'None'
[0.744s] Level 5:colcon.colcon_core.verb:set package 'my_robot_description' build argument 'cmake_target_skip_unavailable' from command line to 'False'
[0.744s] Level 5:colcon.colcon_core.verb:set package 'my_robot_description' build argument 'cmake_clean_cache' from command line to 'False'
[0.744s] Level 5:colcon.colcon_core.verb:set package 'my_robot_description' build argument 'cmake_clean_first' from command line to 'False'
[0.744s] Level 5:colcon.colcon_core.verb:set package 'my_robot_description' build argument 'cmake_force_configure' from command line to 'False'
[0.744s] Level 5:colcon.colcon_core.verb:set package 'my_robot_description' build argument 'ament_cmake_args' from command line to 'None'
[0.744s] Level 5:colcon.colcon_core.verb:set package 'my_robot_description' build argument 'catkin_cmake_args' from command line to 'None'
[0.744s] Level 5:colcon.colcon_core.verb:set package 'my_robot_description' build argument 'catkin_skip_building_tests' from command line to 'False'
[0.744s] DEBUG:colcon.colcon_core.verb:Building package 'my_robot_description' with the following arguments: {'ament_cmake_args': None, 'build_base': '/home/vincent-pc/ros2_foxy/build/my_robot_description', 'catkin_cmake_args': None, 'catkin_skip_building_tests': False, 'cmake_args': None, 'cmake_clean_cache': False, 'cmake_clean_first': False, 'cmake_force_configure': False, 'cmake_target': None, 'cmake_target_skip_unavailable': False, 'install_base': '/home/vincent-pc/ros2_foxy/install/my_robot_description', 'merge_install': False, 'path': '/home/vincent-pc/ros2_foxy/src/my_robot_description', 'symlink_install': False, 'test_result_base': None}
[0.744s] Level 5:colcon.colcon_core.verb:set package 'my_robot_interfaces' build argument 'cmake_args' from command line to 'None'
[0.744s] Level 5:colcon.colcon_core.verb:set package 'my_robot_interfaces' build argument 'cmake_target' from command line to 'None'
[0.744s] Level 5:colcon.colcon_core.verb:set package 'my_robot_interfaces' build argument 'cmake_target_skip_unavailable' from command line to 'False'
[0.744s] Level 5:colcon.colcon_core.verb:set package 'my_robot_interfaces' build argument 'cmake_clean_cache' from command line to 'False'
[0.744s] Level 5:colcon.colcon_core.verb:set package 'my_robot_interfaces' build argument 'cmake_clean_first' from command line to 'False'
[0.745s] Level 5:colcon.colcon_core.verb:set package 'my_robot_interfaces' build argument 'cmake_force_configure' from command line to 'False'
[0.745s] Level 5:colcon.colcon_core.verb:set package 'my_robot_interfaces' build argument 'ament_cmake_args' from command line to 'None'
[0.745s] Level 5:colcon.colcon_core.verb:set package 'my_robot_interfaces' build argument 'catkin_cmake_args' from command line to 'None'
[0.745s] Level 5:colcon.colcon_core.verb:set package 'my_robot_interfaces' build argument 'catkin_skip_building_tests' from command line to 'False'
[0.745s] DEBUG:colcon.colcon_core.verb:Building package 'my_robot_interfaces' with the following arguments: {'ament_cmake_args': None, 'build_base': '/home/vincent-pc/ros2_foxy/build/my_robot_interfaces', 'catkin_cmake_args': None, 'catkin_skip_building_tests': False, 'cmake_args': None, 'cmake_clean_cache': False, 'cmake_clean_first': False, 'cmake_force_configure': False, 'cmake_target': None, 'cmake_target_skip_unavailable': False, 'install_base': '/home/vincent-pc/ros2_foxy/install/my_robot_interfaces', 'merge_install': False, 'path': '/home/vincent-pc/ros2_foxy/src/my_robot_interfaces', 'symlink_install': False, 'test_result_base': None}
[0.745s] Level 5:colcon.colcon_core.verb:set package 'turtlesim_catch_them_all_cpp' build argument 'cmake_args' from command line to 'None'
[0.745s] Level 5:colcon.colcon_core.verb:set package 'turtlesim_catch_them_all_cpp' build argument 'cmake_target' from command line to 'None'
[0.745s] Level 5:colcon.colcon_core.verb:set package 'turtlesim_catch_them_all_cpp' build argument 'cmake_target_skip_unavailable' from command line to 'False'
[0.745s] Level 5:colcon.colcon_core.verb:set package 'turtlesim_catch_them_all_cpp' build argument 'cmake_clean_cache' from command line to 'False'
[0.745s] Level 5:colcon.colcon_core.verb:set package 'turtlesim_catch_them_all_cpp' build argument 'cmake_clean_first' from command line to 'False'
[0.745s] Level 5:colcon.colcon_core.verb:set package 'turtlesim_catch_them_all_cpp' build argument 'cmake_force_configure' from command line to 'False'
[0.745s] Level 5:colcon.colcon_core.verb:set package 'turtlesim_catch_them_all_cpp' build argument 'ament_cmake_args' from command line to 'None'
[0.745s] Level 5:colcon.colcon_core.verb:set package 'turtlesim_catch_them_all_cpp' build argument 'catkin_cmake_args' from command line to 'None'
[0.745s] Level 5:colcon.colcon_core.verb:set package 'turtlesim_catch_them_all_cpp' build argument 'catkin_skip_building_tests' from command line to 'False'
[0.745s] DEBUG:colcon.colcon_core.verb:Building package 'turtlesim_catch_them_all_cpp' with the following arguments: {'ament_cmake_args': None, 'build_base': '/home/vincent-pc/ros2_foxy/build/turtlesim_catch_them_all_cpp', 'catkin_cmake_args': None, 'catkin_skip_building_tests': False, 'cmake_args': None, 'cmake_clean_cache': False, 'cmake_clean_first': False, 'cmake_force_configure': False, 'cmake_target': None, 'cmake_target_skip_unavailable': False, 'install_base': '/home/vincent-pc/ros2_foxy/install/turtlesim_catch_them_all_cpp', 'merge_install': False, 'path': '/home/vincent-pc/ros2_foxy/src/turtlesim_catch_them_all_cpp', 'symlink_install': False, 'test_result_base': None}
[0.746s] Level 5:colcon.colcon_core.verb:set package 'my_py_pkg' build argument 'cmake_args' from command line to 'None'
[0.746s] Level 5:colcon.colcon_core.verb:set package 'my_py_pkg' build argument 'cmake_target' from command line to 'None'
[0.746s] Level 5:colcon.colcon_core.verb:set package 'my_py_pkg' build argument 'cmake_target_skip_unavailable' from command line to 'False'
[0.746s] Level 5:colcon.colcon_core.verb:set package 'my_py_pkg' build argument 'cmake_clean_cache' from command line to 'False'
[0.746s] Level 5:colcon.colcon_core.verb:set package 'my_py_pkg' build argument 'cmake_clean_first' from command line to 'False'
[0.746s] Level 5:colcon.colcon_core.verb:set package 'my_py_pkg' build argument 'cmake_force_configure' from command line to 'False'
[0.746s] Level 5:colcon.colcon_core.verb:set package 'my_py_pkg' build argument 'ament_cmake_args' from command line to 'None'
[0.746s] Level 5:colcon.colcon_core.verb:set package 'my_py_pkg' build argument 'catkin_cmake_args' from command line to 'None'
[0.746s] Level 5:colcon.colcon_core.verb:set package 'my_py_pkg' build argument 'catkin_skip_building_tests' from command line to 'False'
[0.746s] DEBUG:colcon.colcon_core.verb:Building package 'my_py_pkg' with the following arguments: {'ament_cmake_args': None, 'build_base': '/home/vincent-pc/ros2_foxy/build/my_py_pkg', 'catkin_cmake_args': None, 'catkin_skip_building_tests': False, 'cmake_args': None, 'cmake_clean_cache': False, 'cmake_clean_first': False, 'cmake_force_configure': False, 'cmake_target': None, 'cmake_target_skip_unavailable': False, 'install_base': '/home/vincent-pc/ros2_foxy/install/my_py_pkg', 'merge_install': False, 'path': '/home/vincent-pc/ros2_foxy/src/my_py_pkg', 'symlink_install': False, 'test_result_base': None}
[0.746s] Level 5:colcon.colcon_core.verb:set package 'turtlesim_catch_them_all_py' build argument 'cmake_args' from command line to 'None'
[0.746s] Level 5:colcon.colcon_core.verb:set package 'turtlesim_catch_them_all_py' build argument 'cmake_target' from command line to 'None'
[0.746s] Level 5:colcon.colcon_core.verb:set package 'turtlesim_catch_them_all_py' build argument 'cmake_target_skip_unavailable' from command line to 'False'
[0.746s] Level 5:colcon.colcon_core.verb:set package 'turtlesim_catch_them_all_py' build argument 'cmake_clean_cache' from command line to 'False'
[0.746s] Level 5:colcon.colcon_core.verb:set package 'turtlesim_catch_them_all_py' build argument 'cmake_clean_first' from command line to 'False'
[0.746s] Level 5:colcon.colcon_core.verb:set package 'turtlesim_catch_them_all_py' build argument 'cmake_force_configure' from command line to 'False'
[0.746s] Level 5:colcon.colcon_core.verb:set package 'turtlesim_catch_them_all_py' build argument 'ament_cmake_args' from command line to 'None'
[0.746s] Level 5:colcon.colcon_core.verb:set package 'turtlesim_catch_them_all_py' build argument 'catkin_cmake_args' from command line to 'None'
[0.746s] Level 5:colcon.colcon_core.verb:set package 'turtlesim_catch_them_all_py' build argument 'catkin_skip_building_tests' from command line to 'False'
[0.747s] DEBUG:colcon.colcon_core.verb:Building package 'turtlesim_catch_them_all_py' with the following arguments: {'ament_cmake_args': None, 'build_base': '/home/vincent-pc/ros2_foxy/build/turtlesim_catch_them_all_py', 'catkin_cmake_args': None, 'catkin_skip_building_tests': False, 'cmake_args': None, 'cmake_clean_cache': False, 'cmake_clean_first': False, 'cmake_force_configure': False, 'cmake_target': None, 'cmake_target_skip_unavailable': False, 'install_base': '/home/vincent-pc/ros2_foxy/install/turtlesim_catch_them_all_py', 'merge_install': False, 'path': '/home/vincent-pc/ros2_foxy/src/turtlesim_catch_them_all_py', 'symlink_install': False, 'test_result_base': None}
[0.747s] Level 5:colcon.colcon_core.verb:set package 'my_robot_bringup' build argument 'cmake_args' from command line to 'None'
[0.747s] Level 5:colcon.colcon_core.verb:set package 'my_robot_bringup' build argument 'cmake_target' from command line to 'None'
[0.747s] Level 5:colcon.colcon_core.verb:set package 'my_robot_bringup' build argument 'cmake_target_skip_unavailable' from command line to 'False'
[0.747s] Level 5:colcon.colcon_core.verb:set package 'my_robot_bringup' build argument 'cmake_clean_cache' from command line to 'False'
[0.747s] Level 5:colcon.colcon_core.verb:set package 'my_robot_bringup' build argument 'cmake_clean_first' from command line to 'False'
[0.747s] Level 5:colcon.colcon_core.verb:set package 'my_robot_bringup' build argument 'cmake_force_configure' from command line to 'False'
[0.747s] Level 5:colcon.colcon_core.verb:set package 'my_robot_bringup' build argument 'ament_cmake_args' from command line to 'None'
[0.747s] Level 5:colcon.colcon_core.verb:set package 'my_robot_bringup' build argument 'catkin_cmake_args' from command line to 'None'
[0.747s] Level 5:colcon.colcon_core.verb:set package 'my_robot_bringup' build argument 'catkin_skip_building_tests' from command line to 'False'
[0.747s] DEBUG:colcon.colcon_core.verb:Building package 'my_robot_bringup' with the following arguments: {'ament_cmake_args': None, 'build_base': '/home/vincent-pc/ros2_foxy/build/my_robot_bringup', 'catkin_cmake_args': None, 'catkin_skip_building_tests': False, 'cmake_args': None, 'cmake_clean_cache': False, 'cmake_clean_first': False, 'cmake_force_configure': False, 'cmake_target': None, 'cmake_target_skip_unavailable': False, 'install_base': '/home/vincent-pc/ros2_foxy/install/my_robot_bringup', 'merge_install': False, 'path': '/home/vincent-pc/ros2_foxy/src/my_robot_bringup', 'symlink_install': False, 'test_result_base': None}
[0.747s] INFO:colcon.colcon_core.executor:Executing jobs using 'parallel' executor
[0.748s] DEBUG:colcon.colcon_parallel_executor.executor.parallel:run_until_complete
[0.749s] INFO:colcon.colcon_ros.task.ament_cmake.build:Building ROS package in '/home/vincent-pc/ros2_foxy/src/my_robot_interfaces' with build type 'ament_cmake'
[0.749s] INFO:colcon.colcon_cmake.task.cmake.build:Building CMake package in '/home/vincent-pc/ros2_foxy/src/my_robot_interfaces'
[0.752s] INFO:colcon.colcon_core.plugin_system:Skipping extension 'colcon_core.shell.bat': Not used on non-Windows systems
[0.753s] INFO:colcon.colcon_core.shell:Skip shell extension 'powershell' for command environment: Not usable outside of PowerShell
[0.753s] DEBUG:colcon.colcon_core.shell:Skip shell extension 'dsv' for command environment
[0.760s] INFO:colcon.colcon_ros.task.ament_cmake.build:Building ROS package in '/home/vincent-pc/ros2_foxy/src/my_cpp_pkg' with build type 'ament_cmake'
[0.761s] INFO:colcon.colcon_cmake.task.cmake.build:Building CMake package in '/home/vincent-pc/ros2_foxy/src/my_cpp_pkg'
[0.762s] INFO:colcon.colcon_core.shell:Skip shell extension 'powershell' for command environment: Not usable outside of PowerShell
[0.762s] DEBUG:colcon.colcon_core.shell:Skip shell extension 'dsv' for command environment
[0.767s] INFO:colcon.colcon_ros.task.ament_cmake.build:Building ROS package in '/home/vincent-pc/ros2_foxy/src/my_robot_description' with build type 'ament_cmake'
[0.767s] INFO:colcon.colcon_cmake.task.cmake.build:Building CMake package in '/home/vincent-pc/ros2_foxy/src/my_robot_description'
[0.767s] INFO:colcon.colcon_core.shell:Skip shell extension 'powershell' for command environment: Not usable outside of PowerShell
[0.768s] DEBUG:colcon.colcon_core.shell:Skip shell extension 'dsv' for command environment
[0.776s] INFO:colcon.colcon_ros.task.ament_cmake.build:Building ROS package in '/home/vincent-pc/ros2_foxy/src/turtlesim_catch_them_all_cpp' with build type 'ament_cmake'
[0.776s] INFO:colcon.colcon_cmake.task.cmake.build:Building CMake package in '/home/vincent-pc/ros2_foxy/src/turtlesim_catch_them_all_cpp'
[0.777s] INFO:colcon.colcon_core.shell:Skip shell extension 'powershell' for command environment: Not usable outside of PowerShell
[0.777s] DEBUG:colcon.colcon_core.shell:Skip shell extension 'dsv' for command environment
[0.791s] DEBUG:colcon.colcon_core.event_handler.log_command:Invoking command in '/home/vincent-pc/ros2_foxy/build/my_robot_interfaces': CMAKE_PREFIX_PATH=${CMAKE_PREFIX_PATH}:/home/vincent-pc/ros2_foxy/install/turtlesim_catch_them_all_py:/home/vincent-pc/ros2_foxy/install/my_py_pkg:/opt/ros/foxy /usr/bin/cmake --build /home/vincent-pc/ros2_foxy/build/my_robot_interfaces -- -j8 -l8
[0.801s] DEBUG:colcon.colcon_core.event_handler.log_command:Invoking command in '/home/vincent-pc/ros2_foxy/build/my_cpp_pkg': CMAKE_PREFIX_PATH=${CMAKE_PREFIX_PATH}:/home/vincent-pc/ros2_foxy/install/turtlesim_catch_them_all_py:/home/vincent-pc/ros2_foxy/install/my_py_pkg:/opt/ros/foxy /usr/bin/cmake --build /home/vincent-pc/ros2_foxy/build/my_cpp_pkg -- -j8 -l8
[0.810s] DEBUG:colcon.colcon_core.event_handler.log_command:Invoking command in '/home/vincent-pc/ros2_foxy/build/my_robot_description': CMAKE_PREFIX_PATH=${CMAKE_PREFIX_PATH}:/home/vincent-pc/ros2_foxy/install/turtlesim_catch_them_all_py:/home/vincent-pc/ros2_foxy/install/my_py_pkg:/opt/ros/foxy /usr/bin/cmake /home/vincent-pc/ros2_foxy/src/my_robot_description -DCMAKE_INSTALL_PREFIX=/home/vincent-pc/ros2_foxy/install/my_robot_description
[0.826s] DEBUG:colcon.colcon_core.event_handler.log_command:Invoking command in '/home/vincent-pc/ros2_foxy/build/turtlesim_catch_them_all_cpp': CMAKE_PREFIX_PATH=${CMAKE_PREFIX_PATH}:/home/vincent-pc/ros2_foxy/install/turtlesim_catch_them_all_py:/home/vincent-pc/ros2_foxy/install/my_py_pkg:/opt/ros/foxy /usr/bin/cmake --build /home/vincent-pc/ros2_foxy/build/turtlesim_catch_them_all_cpp -- -j8 -l8
[1.226s] DEBUG:colcon.colcon_core.event_handler.log_command:Invoked command in '/home/vincent-pc/ros2_foxy/build/my_robot_interfaces' returned '0': CMAKE_PREFIX_PATH=${CMAKE_PREFIX_PATH}:/home/vincent-pc/ros2_foxy/install/turtlesim_catch_them_all_py:/home/vincent-pc/ros2_foxy/install/my_py_pkg:/opt/ros/foxy /usr/bin/cmake --build /home/vincent-pc/ros2_foxy/build/my_robot_interfaces -- -j8 -l8
[1.249s] DEBUG:colcon.colcon_core.event_handler.log_command:Invoking command in '/home/vincent-pc/ros2_foxy/build/my_robot_interfaces': CMAKE_PREFIX_PATH=${CMAKE_PREFIX_PATH}:/home/vincent-pc/ros2_foxy/install/turtlesim_catch_them_all_py:/home/vincent-pc/ros2_foxy/install/my_py_pkg:/opt/ros/foxy /usr/bin/cmake --install /home/vincent-pc/ros2_foxy/build/my_robot_interfaces
[1.396s] Level 1:colcon.colcon_core.environment:create_environment_scripts_only(my_robot_interfaces)
[1.398s] DEBUG:colcon.colcon_core.event_handler.log_command:Invoked command in '/home/vincent-pc/ros2_foxy/build/my_robot_interfaces' returned '0': CMAKE_PREFIX_PATH=${CMAKE_PREFIX_PATH}:/home/vincent-pc/ros2_foxy/install/turtlesim_catch_them_all_py:/home/vincent-pc/ros2_foxy/install/my_py_pkg:/opt/ros/foxy /usr/bin/cmake --install /home/vincent-pc/ros2_foxy/build/my_robot_interfaces
[1.404s] Level 1:colcon.colcon_core.environment:checking '/home/vincent-pc/ros2_foxy/install/my_robot_interfaces' for CMake module files
[1.407s] Level 1:colcon.colcon_core.environment:checking '/home/vincent-pc/ros2_foxy/install/my_robot_interfaces' for CMake config files
[1.408s] Level 1:colcon.colcon_core.shell:create_environment_hook('my_robot_interfaces', 'cmake_prefix_path')
[1.409s] INFO:colcon.colcon_core.shell:Creating environment hook '/home/vincent-pc/ros2_foxy/install/my_robot_interfaces/share/my_robot_interfaces/hook/cmake_prefix_path.ps1'
[1.415s] INFO:colcon.colcon_core.shell:Creating environment descriptor '/home/vincent-pc/ros2_foxy/install/my_robot_interfaces/share/my_robot_interfaces/hook/cmake_prefix_path.dsv'
[1.416s] INFO:colcon.colcon_core.shell:Creating environment hook '/home/vincent-pc/ros2_foxy/install/my_robot_interfaces/share/my_robot_interfaces/hook/cmake_prefix_path.sh'
[1.418s] Level 1:colcon.colcon_core.environment:checking '/home/vincent-pc/ros2_foxy/install/my_robot_interfaces/lib'
[1.419s] Level 1:colcon.colcon_core.shell:create_environment_hook('my_robot_interfaces', 'ld_library_path_lib')
[1.419s] INFO:colcon.colcon_core.shell:Creating environment hook '/home/vincent-pc/ros2_foxy/install/my_robot_interfaces/share/my_robot_interfaces/hook/ld_library_path_lib.ps1'
[1.420s] INFO:colcon.colcon_core.shell:Creating environment descriptor '/home/vincent-pc/ros2_foxy/install/my_robot_interfaces/share/my_robot_interfaces/hook/ld_library_path_lib.dsv'
[1.422s] INFO:colcon.colcon_core.shell:Creating environment hook '/home/vincent-pc/ros2_foxy/install/my_robot_interfaces/share/my_robot_interfaces/hook/ld_library_path_lib.sh'
[1.424s] Level 1:colcon.colcon_core.environment:checking '/home/vincent-pc/ros2_foxy/install/my_robot_interfaces/bin'
[1.424s] Level 1:colcon.colcon_core.environment:checking '/home/vincent-pc/ros2_foxy/install/my_robot_interfaces/lib/pkgconfig/my_robot_interfaces.pc'
[1.425s] Level 1:colcon.colcon_core.environment:checking '/home/vincent-pc/ros2_foxy/install/my_robot_interfaces/lib/python3.8/site-packages'
[1.425s] Level 1:colcon.colcon_core.shell:create_environment_hook('my_robot_interfaces', 'pythonpath')
[1.426s] INFO:colcon.colcon_core.shell:Creating environment hook '/home/vincent-pc/ros2_foxy/install/my_robot_interfaces/share/my_robot_interfaces/hook/pythonpath.ps1'
[1.427s] INFO:colcon.colcon_core.shell:Creating environment descriptor '/home/vincent-pc/ros2_foxy/install/my_robot_interfaces/share/my_robot_interfaces/hook/pythonpath.dsv'
[1.428s] INFO:colcon.colcon_core.shell:Creating environment hook '/home/vincent-pc/ros2_foxy/install/my_robot_interfaces/share/my_robot_interfaces/hook/pythonpath.sh'
[1.429s] Level 1:colcon.colcon_core.environment:checking '/home/vincent-pc/ros2_foxy/install/my_robot_interfaces/bin'
[1.430s] INFO:colcon.colcon_core.shell:Creating package script '/home/vincent-pc/ros2_foxy/install/my_robot_interfaces/share/my_robot_interfaces/package.ps1'
[1.432s] INFO:colcon.colcon_core.shell:Creating package descriptor '/home/vincent-pc/ros2_foxy/install/my_robot_interfaces/share/my_robot_interfaces/package.dsv'
[1.433s] INFO:colcon.colcon_core.shell:Creating package script '/home/vincent-pc/ros2_foxy/install/my_robot_interfaces/share/my_robot_interfaces/package.sh'
[1.435s] INFO:colcon.colcon_core.shell:Creating package script '/home/vincent-pc/ros2_foxy/install/my_robot_interfaces/share/my_robot_interfaces/package.bash'
[1.438s] INFO:colcon.colcon_core.shell:Creating package script '/home/vincent-pc/ros2_foxy/install/my_robot_interfaces/share/my_robot_interfaces/package.zsh'
[1.440s] Level 1:colcon.colcon_core.environment:create_file_with_runtime_dependencies(/home/vincent-pc/ros2_foxy/install/my_robot_interfaces/share/colcon-core/packages/my_robot_interfaces)
[1.442s] Level 1:colcon.colcon_core.environment:create_environment_scripts_only(my_robot_interfaces)
[1.443s] Level 1:colcon.colcon_core.environment:checking '/home/vincent-pc/ros2_foxy/install/my_robot_interfaces' for CMake module files
[1.444s] Level 1:colcon.colcon_core.environment:checking '/home/vincent-pc/ros2_foxy/install/my_robot_interfaces' for CMake config files
[1.445s] Level 1:colcon.colcon_core.shell:create_environment_hook('my_robot_interfaces', 'cmake_prefix_path')
[1.445s] INFO:colcon.colcon_core.shell:Creating environment hook '/home/vincent-pc/ros2_foxy/install/my_robot_interfaces/share/my_robot_interfaces/hook/cmake_prefix_path.ps1'
[1.446s] INFO:colcon.colcon_core.shell:Creating environment descriptor '/home/vincent-pc/ros2_foxy/install/my_robot_interfaces/share/my_robot_interfaces/hook/cmake_prefix_path.dsv'
[1.447s] INFO:colcon.colcon_core.shell:Creating environment hook '/home/vincent-pc/ros2_foxy/install/my_robot_interfaces/share/my_robot_interfaces/hook/cmake_prefix_path.sh'
[1.448s] Level 1:colcon.colcon_core.environment:checking '/home/vincent-pc/ros2_foxy/install/my_robot_interfaces/lib'
[1.448s] Level 1:colcon.colcon_core.shell:create_environment_hook('my_robot_interfaces', 'ld_library_path_lib')
[1.448s] INFO:colcon.colcon_core.shell:Creating environment hook '/home/vincent-pc/ros2_foxy/install/my_robot_interfaces/share/my_robot_interfaces/hook/ld_library_path_lib.ps1'
[1.449s] INFO:colcon.colcon_core.shell:Creating environment descriptor '/home/vincent-pc/ros2_foxy/install/my_robot_interfaces/share/my_robot_interfaces/hook/ld_library_path_lib.dsv'
[1.451s] INFO:colcon.colcon_core.shell:Creating environment hook '/home/vincent-pc/ros2_foxy/install/my_robot_interfaces/share/my_robot_interfaces/hook/ld_library_path_lib.sh'
[1.452s] Level 1:colcon.colcon_core.environment:checking '/home/vincent-pc/ros2_foxy/install/my_robot_interfaces/bin'
[1.453s] Level 1:colcon.colcon_core.environment:checking '/home/vincent-pc/ros2_foxy/install/my_robot_interfaces/lib/pkgconfig/my_robot_interfaces.pc'
[1.454s] Level 1:colcon.colcon_core.environment:checking '/home/vincent-pc/ros2_foxy/install/my_robot_interfaces/lib/python3.8/site-packages'
[1.454s] Level 1:colcon.colcon_core.shell:create_environment_hook('my_robot_interfaces', 'pythonpath')
[1.455s] INFO:colcon.colcon_core.shell:Creating environment hook '/home/vincent-pc/ros2_foxy/install/my_robot_interfaces/share/my_robot_interfaces/hook/pythonpath.ps1'
[1.457s] INFO:colcon.colcon_core.shell:Creating environment descriptor '/home/vincent-pc/ros2_foxy/install/my_robot_interfaces/share/my_robot_interfaces/hook/pythonpath.dsv'
[1.457s] INFO:colcon.colcon_core.shell:Creating environment hook '/home/vincent-pc/ros2_foxy/install/my_robot_interfaces/share/my_robot_interfaces/hook/pythonpath.sh'
[1.458s] Level 1:colcon.colcon_core.environment:checking '/home/vincent-pc/ros2_foxy/install/my_robot_interfaces/bin'
[1.459s] INFO:colcon.colcon_core.shell:Creating package script '/home/vincent-pc/ros2_foxy/install/my_robot_interfaces/share/my_robot_interfaces/package.ps1'
[1.460s] INFO:colcon.colcon_core.shell:Creating package descriptor '/home/vincent-pc/ros2_foxy/install/my_robot_interfaces/share/my_robot_interfaces/package.dsv'
[1.462s] INFO:colcon.colcon_core.shell:Creating package script '/home/vincent-pc/ros2_foxy/install/my_robot_interfaces/share/my_robot_interfaces/package.sh'
[1.463s] INFO:colcon.colcon_core.shell:Creating package script '/home/vincent-pc/ros2_foxy/install/my_robot_interfaces/share/my_robot_interfaces/package.bash'
[1.464s] INFO:colcon.colcon_core.shell:Creating package script '/home/vincent-pc/ros2_foxy/install/my_robot_interfaces/share/my_robot_interfaces/package.zsh'
[1.465s] Level 1:colcon.colcon_core.environment:create_file_with_runtime_dependencies(/home/vincent-pc/ros2_foxy/install/my_robot_interfaces/share/colcon-core/packages/my_robot_interfaces)
[1.465s] INFO:colcon.colcon_ros.task.ament_python.build:Building ROS package in '/home/vincent-pc/ros2_foxy/src/my_py_pkg' with build type 'ament_python'
[1.466s] Level 1:colcon.colcon_core.shell:create_environment_hook('my_py_pkg', 'ament_prefix_path')
[1.466s] INFO:colcon.colcon_core.shell:Creating environment hook '/home/vincent-pc/ros2_foxy/install/my_py_pkg/share/my_py_pkg/hook/ament_prefix_path.ps1'
[1.468s] INFO:colcon.colcon_core.shell:Creating environment descriptor '/home/vincent-pc/ros2_foxy/install/my_py_pkg/share/my_py_pkg/hook/ament_prefix_path.dsv'
[1.468s] INFO:colcon.colcon_core.shell:Creating environment hook '/home/vincent-pc/ros2_foxy/install/my_py_pkg/share/my_py_pkg/hook/ament_prefix_path.sh'
[1.471s] INFO:colcon.colcon_core.shell:Skip shell extension 'powershell' for command environment: Not usable outside of PowerShell
[1.472s] DEBUG:colcon.colcon_core.shell:Skip shell extension 'dsv' for command environment
[1.483s] INFO:colcon.colcon_ros.task.ament_python.build:Building ROS package in '/home/vincent-pc/ros2_foxy/src/turtlesim_catch_them_all_py' with build type 'ament_python'
[1.484s] Level 1:colcon.colcon_core.shell:create_environment_hook('turtlesim_catch_them_all_py', 'ament_prefix_path')
[1.485s] INFO:colcon.colcon_core.shell:Creating environment hook '/home/vincent-pc/ros2_foxy/install/turtlesim_catch_them_all_py/share/turtlesim_catch_them_all_py/hook/ament_prefix_path.ps1'
[1.486s] INFO:colcon.colcon_core.shell:Creating environment descriptor '/home/vincent-pc/ros2_foxy/install/turtlesim_catch_them_all_py/share/turtlesim_catch_them_all_py/hook/ament_prefix_path.dsv'
[1.488s] INFO:colcon.colcon_core.shell:Creating environment hook '/home/vincent-pc/ros2_foxy/install/turtlesim_catch_them_all_py/share/turtlesim_catch_them_all_py/hook/ament_prefix_path.sh'
[1.490s] INFO:colcon.colcon_core.shell:Skip shell extension 'powershell' for command environment: Not usable outside of PowerShell
[1.490s] DEBUG:colcon.colcon_core.shell:Skip shell extension 'dsv' for command environment
[1.976s] INFO:colcon.colcon_core.task.python.build:Building Python package in '/home/vincent-pc/ros2_foxy/src/my_py_pkg'
[1.977s] INFO:colcon.colcon_core.shell:Skip shell extension 'powershell' for command environment: Not usable outside of PowerShell
[1.978s] DEBUG:colcon.colcon_core.shell:Skip shell extension 'dsv' for command environment
[2.392s] INFO:colcon.colcon_core.task.python.build:Building Python package in '/home/vincent-pc/ros2_foxy/src/turtlesim_catch_them_all_py'
[2.393s] INFO:colcon.colcon_core.shell:Skip shell extension 'powershell' for command environment: Not usable outside of PowerShell
[2.393s] DEBUG:colcon.colcon_core.shell:Skip shell extension 'dsv' for command environment
[2.403s] DEBUG:colcon.colcon_core.event_handler.log_command:Invoked command in '/home/vincent-pc/ros2_foxy/build/my_robot_description' returned '0': CMAKE_PREFIX_PATH=${CMAKE_PREFIX_PATH}:/home/vincent-pc/ros2_foxy/install/turtlesim_catch_them_all_py:/home/vincent-pc/ros2_foxy/install/my_py_pkg:/opt/ros/foxy /usr/bin/cmake /home/vincent-pc/ros2_foxy/src/my_robot_description -DCMAKE_INSTALL_PREFIX=/home/vincent-pc/ros2_foxy/install/my_robot_description
[2.409s] DEBUG:colcon.colcon_core.event_handler.log_command:Invoking command in '/home/vincent-pc/ros2_foxy/build/my_robot_description': CMAKE_PREFIX_PATH=${CMAKE_PREFIX_PATH}:/home/vincent-pc/ros2_foxy/install/turtlesim_catch_them_all_py:/home/vincent-pc/ros2_foxy/install/my_py_pkg:/opt/ros/foxy /usr/bin/cmake --build /home/vincent-pc/ros2_foxy/build/my_robot_description -- -j8 -l8
[2.494s] DEBUG:colcon.colcon_core.event_handler.log_command:Invoked command in '/home/vincent-pc/ros2_foxy/build/my_robot_description' returned '0': CMAKE_PREFIX_PATH=${CMAKE_PREFIX_PATH}:/home/vincent-pc/ros2_foxy/install/turtlesim_catch_them_all_py:/home/vincent-pc/ros2_foxy/install/my_py_pkg:/opt/ros/foxy /usr/bin/cmake --build /home/vincent-pc/ros2_foxy/build/my_robot_description -- -j8 -l8
[2.497s] DEBUG:colcon.colcon_core.event_handler.log_command:Invoking command in '/home/vincent-pc/ros2_foxy/build/my_robot_description': CMAKE_PREFIX_PATH=${CMAKE_PREFIX_PATH}:/home/vincent-pc/ros2_foxy/install/turtlesim_catch_them_all_py:/home/vincent-pc/ros2_foxy/install/my_py_pkg:/opt/ros/foxy /usr/bin/cmake --install /home/vincent-pc/ros2_foxy/build/my_robot_description
[2.536s] Level 1:colcon.colcon_core.environment:create_environment_scripts_only(my_robot_description)
[2.537s] Level 1:colcon.colcon_core.environment:checking '/home/vincent-pc/ros2_foxy/install/my_robot_description' for CMake module files
[2.539s] Level 1:colcon.colcon_core.environment:checking '/home/vincent-pc/ros2_foxy/install/my_robot_description' for CMake config files
[2.539s] Level 1:colcon.colcon_core.shell:create_environment_hook('my_robot_description', 'cmake_prefix_path')
[2.540s] INFO:colcon.colcon_core.shell:Creating environment hook '/home/vincent-pc/ros2_foxy/install/my_robot_description/share/my_robot_description/hook/cmake_prefix_path.ps1'
[2.542s] DEBUG:colcon.colcon_core.event_handler.log_command:Invoked command in '/home/vincent-pc/ros2_foxy/build/my_robot_description' returned '0': CMAKE_PREFIX_PATH=${CMAKE_PREFIX_PATH}:/home/vincent-pc/ros2_foxy/install/turtlesim_catch_them_all_py:/home/vincent-pc/ros2_foxy/install/my_py_pkg:/opt/ros/foxy /usr/bin/cmake --install /home/vincent-pc/ros2_foxy/build/my_robot_description
[2.545s] INFO:colcon.colcon_core.shell:Creating environment descriptor '/home/vincent-pc/ros2_foxy/install/my_robot_description/share/my_robot_description/hook/cmake_prefix_path.dsv'
[2.546s] INFO:colcon.colcon_core.shell:Creating environment hook '/home/vincent-pc/ros2_foxy/install/my_robot_description/share/my_robot_description/hook/cmake_prefix_path.sh'
[2.548s] Level 1:colcon.colcon_core.environment:checking '/home/vincent-pc/ros2_foxy/install/my_robot_description/bin'
[2.548s] Level 1:colcon.colcon_core.environment:checking '/home/vincent-pc/ros2_foxy/install/my_robot_description/lib/pkgconfig/my_robot_description.pc'
[2.551s] Level 1:colcon.colcon_core.environment:checking '/home/vincent-pc/ros2_foxy/install/my_robot_description/lib/python3.8/site-packages'
[2.554s] Level 1:colcon.colcon_core.environment:checking '/home/vincent-pc/ros2_foxy/install/my_robot_description/bin'
[2.556s] INFO:colcon.colcon_core.shell:Creating package script '/home/vincent-pc/ros2_foxy/install/my_robot_description/share/my_robot_description/package.ps1'
[2.560s] INFO:colcon.colcon_core.shell:Creating package descriptor '/home/vincent-pc/ros2_foxy/install/my_robot_description/share/my_robot_description/package.dsv'
[2.562s] INFO:colcon.colcon_core.shell:Creating package script '/home/vincent-pc/ros2_foxy/install/my_robot_description/share/my_robot_description/package.sh'
[2.565s] INFO:colcon.colcon_core.shell:Creating package script '/home/vincent-pc/ros2_foxy/install/my_robot_description/share/my_robot_description/package.bash'
[2.567s] INFO:colcon.colcon_core.shell:Creating package script '/home/vincent-pc/ros2_foxy/install/my_robot_description/share/my_robot_description/package.zsh'
[2.570s] Level 1:colcon.colcon_core.environment:create_file_with_runtime_dependencies(/home/vincent-pc/ros2_foxy/install/my_robot_description/share/colcon-core/packages/my_robot_description)
[2.584s] Level 1:colcon.colcon_core.environment:create_environment_scripts_only(my_robot_description)
[2.586s] Level 1:colcon.colcon_core.environment:checking '/home/vincent-pc/ros2_foxy/install/my_robot_description' for CMake module files
[2.588s] Level 1:colcon.colcon_core.environment:checking '/home/vincent-pc/ros2_foxy/install/my_robot_description' for CMake config files
[2.588s] Level 1:colcon.colcon_core.shell:create_environment_hook('my_robot_description', 'cmake_prefix_path')
[2.589s] INFO:colcon.colcon_core.shell:Creating environment hook '/home/vincent-pc/ros2_foxy/install/my_robot_description/share/my_robot_description/hook/cmake_prefix_path.ps1'
[2.591s] INFO:colcon.colcon_core.shell:Creating environment descriptor '/home/vincent-pc/ros2_foxy/install/my_robot_description/share/my_robot_description/hook/cmake_prefix_path.dsv'
[2.601s] INFO:colcon.colcon_core.shell:Creating environment hook '/home/vincent-pc/ros2_foxy/install/my_robot_description/share/my_robot_description/hook/cmake_prefix_path.sh'
[2.605s] Level 1:colcon.colcon_core.environment:checking '/home/vincent-pc/ros2_foxy/install/my_robot_description/bin'
[2.605s] Level 1:colcon.colcon_core.environment:checking '/home/vincent-pc/ros2_foxy/install/my_robot_description/lib/pkgconfig/my_robot_description.pc'
[2.629s] Level 1:colcon.colcon_core.environment:checking '/home/vincent-pc/ros2_foxy/install/my_robot_description/lib/python3.8/site-packages'
[2.630s] Level 1:colcon.colcon_core.environment:checking '/home/vincent-pc/ros2_foxy/install/my_robot_description/bin'
[2.631s] INFO:colcon.colcon_core.shell:Creating package script '/home/vincent-pc/ros2_foxy/install/my_robot_description/share/my_robot_description/package.ps1'
[2.645s] INFO:colcon.colcon_core.shell:Creating package descriptor '/home/vincent-pc/ros2_foxy/install/my_robot_description/share/my_robot_description/package.dsv'
[2.646s] INFO:colcon.colcon_core.shell:Creating package script '/home/vincent-pc/ros2_foxy/install/my_robot_description/share/my_robot_description/package.sh'
[2.647s] INFO:colcon.colcon_core.shell:Creating package script '/home/vincent-pc/ros2_foxy/install/my_robot_description/share/my_robot_description/package.bash'
[2.664s] INFO:colcon.colcon_core.shell:Creating package script '/home/vincent-pc/ros2_foxy/install/my_robot_description/share/my_robot_description/package.zsh'
[2.665s] Level 1:colcon.colcon_core.environment:create_file_with_runtime_dependencies(/home/vincent-pc/ros2_foxy/install/my_robot_description/share/colcon-core/packages/my_robot_description)
[3.718s] DEBUG:colcon.colcon_core.event_handler.log_command:Invoking command in '/home/vincent-pc/ros2_foxy/src/turtlesim_catch_them_all_py': CMAKE_PREFIX_PATH=/home/vincent-pc/ros2_foxy/install/my_robot_interfaces:/home/vincent-pc/ros2_foxy/install/my_robot_bringup:/home/vincent-pc/ros2_foxy/install/turtlesim_catch_them_all_cpp:/home/vincent-pc/ros2_foxy/install/turtlesim_catch_them_all:/home/vincent-pc/ros2_foxy/install/my_cpp_pkg PYTHONPATH=/home/vincent-pc/ros2_foxy/build/turtlesim_catch_them_all_py/prefix_override:/usr/lib/python3/dist-packages/colcon_core/task/python/colcon_distutils_commands:/home/vincent-pc/ros2_foxy/install/turtlesim_catch_them_all_py/lib/python3.8/site-packages:/home/vincent-pc/ros2_foxy/install/my_robot_interfaces/lib/python3.8/site-packages:/home/vincent-pc/ros2_foxy/install/turtlesim_catch_them_all_py/lib/python3.8/site-packages:/home/vincent-pc/ros2_foxy/install/my_py_pkg/lib/python3.8/site-packages:/opt/ros/foxy/lib/python3.8/site-packages /usr/bin/python3 -W ignore:setup.py install is deprecated -W ignore:easy_install command is deprecated setup.py egg_info --egg-base ../../build/turtlesim_catch_them_all_py build --build-base /home/vincent-pc/ros2_foxy/build/turtlesim_catch_them_all_py/build install --record /home/vincent-pc/ros2_foxy/build/turtlesim_catch_them_all_py/install.log --install-scripts $base/lib/turtlesim_catch_them_all_py --single-version-externally-managed install_data
[3.726s] DEBUG:colcon.colcon_core.event_handler.log_command:Invoking command in '/home/vincent-pc/ros2_foxy/src/my_py_pkg': CMAKE_PREFIX_PATH=/home/vincent-pc/ros2_foxy/install/my_robot_interfaces:/home/vincent-pc/ros2_foxy/install/my_robot_bringup:/home/vincent-pc/ros2_foxy/install/turtlesim_catch_them_all_cpp:/home/vincent-pc/ros2_foxy/install/turtlesim_catch_them_all:/home/vincent-pc/ros2_foxy/install/my_cpp_pkg PYTHONPATH=/home/vincent-pc/ros2_foxy/build/my_py_pkg/prefix_override:/usr/lib/python3/dist-packages/colcon_core/task/python/colcon_distutils_commands:/home/vincent-pc/ros2_foxy/install/my_py_pkg/lib/python3.8/site-packages:/home/vincent-pc/ros2_foxy/install/my_robot_interfaces/lib/python3.8/site-packages:/home/vincent-pc/ros2_foxy/install/turtlesim_catch_them_all_py/lib/python3.8/site-packages:/home/vincent-pc/ros2_foxy/install/my_py_pkg/lib/python3.8/site-packages:/opt/ros/foxy/lib/python3.8/site-packages /usr/bin/python3 -W ignore:setup.py install is deprecated -W ignore:easy_install command is deprecated setup.py egg_info --egg-base ../../build/my_py_pkg build --build-base /home/vincent-pc/ros2_foxy/build/my_py_pkg/build install --record /home/vincent-pc/ros2_foxy/build/my_py_pkg/install.log --install-scripts $base/lib/my_py_pkg --single-version-externally-managed install_data
[4.508s] Level 1:colcon.colcon_core.environment:checking '/home/vincent-pc/ros2_foxy/install/turtlesim_catch_them_all_py' for CMake module files
[4.511s] Level 1:colcon.colcon_core.environment:checking '/home/vincent-pc/ros2_foxy/install/turtlesim_catch_them_all_py' for CMake config files
[4.512s] Level 1:colcon.colcon_core.environment:checking '/home/vincent-pc/ros2_foxy/install/turtlesim_catch_them_all_py/lib'
[4.512s] Level 1:colcon.colcon_core.environment:checking '/home/vincent-pc/ros2_foxy/install/turtlesim_catch_them_all_py/bin'
[4.512s] Level 1:colcon.colcon_core.environment:checking '/home/vincent-pc/ros2_foxy/install/turtlesim_catch_them_all_py/lib/pkgconfig/turtlesim_catch_them_all_py.pc'
[4.513s] Level 1:colcon.colcon_core.environment:checking '/home/vincent-pc/ros2_foxy/install/turtlesim_catch_them_all_py/lib/python3.8/site-packages'
[4.513s] Level 1:colcon.colcon_core.shell:create_environment_hook('turtlesim_catch_them_all_py', 'pythonpath')
[4.514s] INFO:colcon.colcon_core.shell:Creating environment hook '/home/vincent-pc/ros2_foxy/install/turtlesim_catch_them_all_py/share/turtlesim_catch_them_all_py/hook/pythonpath.ps1'
[4.509s] DEBUG:colcon.colcon_core.event_handler.log_command:Invoked command in '/home/vincent-pc/ros2_foxy/src/turtlesim_catch_them_all_py' returned '0': CMAKE_PREFIX_PATH=/home/vincent-pc/ros2_foxy/install/my_robot_interfaces:/home/vincent-pc/ros2_foxy/install/my_robot_bringup:/home/vincent-pc/ros2_foxy/install/turtlesim_catch_them_all_cpp:/home/vincent-pc/ros2_foxy/install/turtlesim_catch_them_all:/home/vincent-pc/ros2_foxy/install/my_cpp_pkg PYTHONPATH=/home/vincent-pc/ros2_foxy/build/turtlesim_catch_them_all_py/prefix_override:/usr/lib/python3/dist-packages/colcon_core/task/python/colcon_distutils_commands:/home/vincent-pc/ros2_foxy/install/turtlesim_catch_them_all_py/lib/python3.8/site-packages:/home/vincent-pc/ros2_foxy/install/my_robot_interfaces/lib/python3.8/site-packages:/home/vincent-pc/ros2_foxy/install/turtlesim_catch_them_all_py/lib/python3.8/site-packages:/home/vincent-pc/ros2_foxy/install/my_py_pkg/lib/python3.8/site-packages:/opt/ros/foxy/lib/python3.8/site-packages /usr/bin/python3 -W ignore:setup.py install is deprecated -W ignore:easy_install command is deprecated setup.py egg_info --egg-base ../../build/turtlesim_catch_them_all_py build --build-base /home/vincent-pc/ros2_foxy/build/turtlesim_catch_them_all_py/build install --record /home/vincent-pc/ros2_foxy/build/turtlesim_catch_them_all_py/install.log --install-scripts $base/lib/turtlesim_catch_them_all_py --single-version-externally-managed install_data
[4.516s] INFO:colcon.colcon_core.shell:Creating environment descriptor '/home/vincent-pc/ros2_foxy/install/turtlesim_catch_them_all_py/share/turtlesim_catch_them_all_py/hook/pythonpath.dsv'
[4.517s] INFO:colcon.colcon_core.shell:Creating environment hook '/home/vincent-pc/ros2_foxy/install/turtlesim_catch_them_all_py/share/turtlesim_catch_them_all_py/hook/pythonpath.sh'
[4.518s] Level 1:colcon.colcon_core.environment:checking '/home/vincent-pc/ros2_foxy/install/turtlesim_catch_them_all_py/bin'
[4.518s] Level 1:colcon.colcon_core.environment:create_environment_scripts_only(turtlesim_catch_them_all_py)
[4.519s] INFO:colcon.colcon_core.shell:Creating package script '/home/vincent-pc/ros2_foxy/install/turtlesim_catch_them_all_py/share/turtlesim_catch_them_all_py/package.ps1'
[4.521s] INFO:colcon.colcon_core.shell:Creating package descriptor '/home/vincent-pc/ros2_foxy/install/turtlesim_catch_them_all_py/share/turtlesim_catch_them_all_py/package.dsv'
[4.523s] INFO:colcon.colcon_core.shell:Creating package script '/home/vincent-pc/ros2_foxy/install/turtlesim_catch_them_all_py/share/turtlesim_catch_them_all_py/package.sh'
[4.524s] INFO:colcon.colcon_core.shell:Creating package script '/home/vincent-pc/ros2_foxy/install/turtlesim_catch_them_all_py/share/turtlesim_catch_them_all_py/package.bash'
[4.525s] INFO:colcon.colcon_core.shell:Creating package script '/home/vincent-pc/ros2_foxy/install/turtlesim_catch_them_all_py/share/turtlesim_catch_them_all_py/package.zsh'
[4.525s] Level 1:colcon.colcon_core.environment:create_file_with_runtime_dependencies(/home/vincent-pc/ros2_foxy/install/turtlesim_catch_them_all_py/share/colcon-core/packages/turtlesim_catch_them_all_py)
[4.528s] Level 1:colcon.colcon_core.environment:checking '/home/vincent-pc/ros2_foxy/install/my_py_pkg' for CMake module files
[4.528s] DEBUG:colcon.colcon_core.event_handler.log_command:Invoked command in '/home/vincent-pc/ros2_foxy/src/my_py_pkg' returned '0': CMAKE_PREFIX_PATH=/home/vincent-pc/ros2_foxy/install/my_robot_interfaces:/home/vincent-pc/ros2_foxy/install/my_robot_bringup:/home/vincent-pc/ros2_foxy/install/turtlesim_catch_them_all_cpp:/home/vincent-pc/ros2_foxy/install/turtlesim_catch_them_all:/home/vincent-pc/ros2_foxy/install/my_cpp_pkg PYTHONPATH=/home/vincent-pc/ros2_foxy/build/my_py_pkg/prefix_override:/usr/lib/python3/dist-packages/colcon_core/task/python/colcon_distutils_commands:/home/vincent-pc/ros2_foxy/install/my_py_pkg/lib/python3.8/site-packages:/home/vincent-pc/ros2_foxy/install/my_robot_interfaces/lib/python3.8/site-packages:/home/vincent-pc/ros2_foxy/install/turtlesim_catch_them_all_py/lib/python3.8/site-packages:/home/vincent-pc/ros2_foxy/install/my_py_pkg/lib/python3.8/site-packages:/opt/ros/foxy/lib/python3.8/site-packages /usr/bin/python3 -W ignore:setup.py install is deprecated -W ignore:easy_install command is deprecated setup.py egg_info --egg-base ../../build/my_py_pkg build --build-base /home/vincent-pc/ros2_foxy/build/my_py_pkg/build install --record /home/vincent-pc/ros2_foxy/build/my_py_pkg/install.log --install-scripts $base/lib/my_py_pkg --single-version-externally-managed install_data
[4.530s] Level 1:colcon.colcon_core.environment:checking '/home/vincent-pc/ros2_foxy/install/my_py_pkg' for CMake config files
[4.530s] Level 1:colcon.colcon_core.environment:checking '/home/vincent-pc/ros2_foxy/install/my_py_pkg/lib'
[4.531s] Level 1:colcon.colcon_core.environment:checking '/home/vincent-pc/ros2_foxy/install/my_py_pkg/bin'
[4.531s] Level 1:colcon.colcon_core.environment:checking '/home/vincent-pc/ros2_foxy/install/my_py_pkg/lib/pkgconfig/my_py_pkg.pc'
[4.531s] Level 1:colcon.colcon_core.environment:checking '/home/vincent-pc/ros2_foxy/install/my_py_pkg/lib/python3.8/site-packages'
[4.531s] Level 1:colcon.colcon_core.shell:create_environment_hook('my_py_pkg', 'pythonpath')
[4.532s] INFO:colcon.colcon_core.shell:Creating environment hook '/home/vincent-pc/ros2_foxy/install/my_py_pkg/share/my_py_pkg/hook/pythonpath.ps1'
[4.533s] INFO:colcon.colcon_core.shell:Creating environment descriptor '/home/vincent-pc/ros2_foxy/install/my_py_pkg/share/my_py_pkg/hook/pythonpath.dsv'
[4.533s] INFO:colcon.colcon_core.shell:Creating environment hook '/home/vincent-pc/ros2_foxy/install/my_py_pkg/share/my_py_pkg/hook/pythonpath.sh'
[4.534s] Level 1:colcon.colcon_core.environment:checking '/home/vincent-pc/ros2_foxy/install/my_py_pkg/bin'
[4.534s] Level 1:colcon.colcon_core.environment:create_environment_scripts_only(my_py_pkg)
[4.535s] INFO:colcon.colcon_core.shell:Creating package script '/home/vincent-pc/ros2_foxy/install/my_py_pkg/share/my_py_pkg/package.ps1'
[4.536s] INFO:colcon.colcon_core.shell:Creating package descriptor '/home/vincent-pc/ros2_foxy/install/my_py_pkg/share/my_py_pkg/package.dsv'
[4.537s] INFO:colcon.colcon_core.shell:Creating package script '/home/vincent-pc/ros2_foxy/install/my_py_pkg/share/my_py_pkg/package.sh'
[4.538s] INFO:colcon.colcon_core.shell:Creating package script '/home/vincent-pc/ros2_foxy/install/my_py_pkg/share/my_py_pkg/package.bash'
[4.539s] INFO:colcon.colcon_core.shell:Creating package script '/home/vincent-pc/ros2_foxy/install/my_py_pkg/share/my_py_pkg/package.zsh'
[4.539s] Level 1:colcon.colcon_core.environment:create_file_with_runtime_dependencies(/home/vincent-pc/ros2_foxy/install/my_py_pkg/share/colcon-core/packages/my_py_pkg)
[6.496s] DEBUG:colcon.colcon_core.event_handler.log_command:Invoked command in '/home/vincent-pc/ros2_foxy/build/turtlesim_catch_them_all_cpp' returned '0': CMAKE_PREFIX_PATH=${CMAKE_PREFIX_PATH}:/home/vincent-pc/ros2_foxy/install/turtlesim_catch_them_all_py:/home/vincent-pc/ros2_foxy/install/my_py_pkg:/opt/ros/foxy /usr/bin/cmake --build /home/vincent-pc/ros2_foxy/build/turtlesim_catch_them_all_cpp -- -j8 -l8
[6.502s] DEBUG:colcon.colcon_core.event_handler.log_command:Invoking command in '/home/vincent-pc/ros2_foxy/build/turtlesim_catch_them_all_cpp': CMAKE_PREFIX_PATH=${CMAKE_PREFIX_PATH}:/home/vincent-pc/ros2_foxy/install/turtlesim_catch_them_all_py:/home/vincent-pc/ros2_foxy/install/my_py_pkg:/opt/ros/foxy /usr/bin/cmake --install /home/vincent-pc/ros2_foxy/build/turtlesim_catch_them_all_cpp
[6.530s] Level 1:colcon.colcon_core.environment:create_environment_scripts_only(turtlesim_catch_them_all_cpp)
[6.530s] Level 1:colcon.colcon_core.environment:checking '/home/vincent-pc/ros2_foxy/install/turtlesim_catch_them_all_cpp' for CMake module files
[6.531s] DEBUG:colcon.colcon_core.event_handler.log_command:Invoked command in '/home/vincent-pc/ros2_foxy/build/turtlesim_catch_them_all_cpp' returned '0': CMAKE_PREFIX_PATH=${CMAKE_PREFIX_PATH}:/home/vincent-pc/ros2_foxy/install/turtlesim_catch_them_all_py:/home/vincent-pc/ros2_foxy/install/my_py_pkg:/opt/ros/foxy /usr/bin/cmake --install /home/vincent-pc/ros2_foxy/build/turtlesim_catch_them_all_cpp
[6.532s] Level 1:colcon.colcon_core.environment:checking '/home/vincent-pc/ros2_foxy/install/turtlesim_catch_them_all_cpp' for CMake config files
[6.532s] Level 1:colcon.colcon_core.shell:create_environment_hook('turtlesim_catch_them_all_cpp', 'cmake_prefix_path')
[6.533s] INFO:colcon.colcon_core.shell:Creating environment hook '/home/vincent-pc/ros2_foxy/install/turtlesim_catch_them_all_cpp/share/turtlesim_catch_them_all_cpp/hook/cmake_prefix_path.ps1'
[6.534s] INFO:colcon.colcon_core.shell:Creating environment descriptor '/home/vincent-pc/ros2_foxy/install/turtlesim_catch_them_all_cpp/share/turtlesim_catch_them_all_cpp/hook/cmake_prefix_path.dsv'
[6.535s] INFO:colcon.colcon_core.shell:Creating environment hook '/home/vincent-pc/ros2_foxy/install/turtlesim_catch_them_all_cpp/share/turtlesim_catch_them_all_cpp/hook/cmake_prefix_path.sh'
[6.536s] Level 1:colcon.colcon_core.environment:checking '/home/vincent-pc/ros2_foxy/install/turtlesim_catch_them_all_cpp/lib'
[6.536s] Level 1:colcon.colcon_core.environment:checking '/home/vincent-pc/ros2_foxy/install/turtlesim_catch_them_all_cpp/bin'
[6.536s] Level 1:colcon.colcon_core.environment:checking '/home/vincent-pc/ros2_foxy/install/turtlesim_catch_them_all_cpp/lib/pkgconfig/turtlesim_catch_them_all_cpp.pc'
[6.537s] Level 1:colcon.colcon_core.environment:checking '/home/vincent-pc/ros2_foxy/install/turtlesim_catch_them_all_cpp/lib/python3.8/site-packages'
[6.537s] Level 1:colcon.colcon_core.environment:checking '/home/vincent-pc/ros2_foxy/install/turtlesim_catch_them_all_cpp/bin'
[6.538s] INFO:colcon.colcon_core.shell:Creating package script '/home/vincent-pc/ros2_foxy/install/turtlesim_catch_them_all_cpp/share/turtlesim_catch_them_all_cpp/package.ps1'
[6.540s] INFO:colcon.colcon_core.shell:Creating package descriptor '/home/vincent-pc/ros2_foxy/install/turtlesim_catch_them_all_cpp/share/turtlesim_catch_them_all_cpp/package.dsv'
[6.541s] INFO:colcon.colcon_core.shell:Creating package script '/home/vincent-pc/ros2_foxy/install/turtlesim_catch_them_all_cpp/share/turtlesim_catch_them_all_cpp/package.sh'
[6.542s] INFO:colcon.colcon_core.shell:Creating package script '/home/vincent-pc/ros2_foxy/install/turtlesim_catch_them_all_cpp/share/turtlesim_catch_them_all_cpp/package.bash'
[6.543s] INFO:colcon.colcon_core.shell:Creating package script '/home/vincent-pc/ros2_foxy/install/turtlesim_catch_them_all_cpp/share/turtlesim_catch_them_all_cpp/package.zsh'
[6.545s] Level 1:colcon.colcon_core.environment:create_file_with_runtime_dependencies(/home/vincent-pc/ros2_foxy/install/turtlesim_catch_them_all_cpp/share/colcon-core/packages/turtlesim_catch_them_all_cpp)
[6.547s] Level 1:colcon.colcon_core.environment:create_environment_scripts_only(turtlesim_catch_them_all_cpp)
[6.547s] Level 1:colcon.colcon_core.environment:checking '/home/vincent-pc/ros2_foxy/install/turtlesim_catch_them_all_cpp' for CMake module files
[6.548s] Level 1:colcon.colcon_core.environment:checking '/home/vincent-pc/ros2_foxy/install/turtlesim_catch_them_all_cpp' for CMake config files
[6.548s] Level 1:colcon.colcon_core.shell:create_environment_hook('turtlesim_catch_them_all_cpp', 'cmake_prefix_path')
[6.548s] INFO:colcon.colcon_core.shell:Creating environment hook '/home/vincent-pc/ros2_foxy/install/turtlesim_catch_them_all_cpp/share/turtlesim_catch_them_all_cpp/hook/cmake_prefix_path.ps1'
[6.549s] INFO:colcon.colcon_core.shell:Creating environment descriptor '/home/vincent-pc/ros2_foxy/install/turtlesim_catch_them_all_cpp/share/turtlesim_catch_them_all_cpp/hook/cmake_prefix_path.dsv'
[6.550s] INFO:colcon.colcon_core.shell:Creating environment hook '/home/vincent-pc/ros2_foxy/install/turtlesim_catch_them_all_cpp/share/turtlesim_catch_them_all_cpp/hook/cmake_prefix_path.sh'
[6.551s] Level 1:colcon.colcon_core.environment:checking '/home/vincent-pc/ros2_foxy/install/turtlesim_catch_them_all_cpp/lib'
[6.551s] Level 1:colcon.colcon_core.environment:checking '/home/vincent-pc/ros2_foxy/install/turtlesim_catch_them_all_cpp/bin'
[6.551s] Level 1:colcon.colcon_core.environment:checking '/home/vincent-pc/ros2_foxy/install/turtlesim_catch_them_all_cpp/lib/pkgconfig/turtlesim_catch_them_all_cpp.pc'
[6.551s] Level 1:colcon.colcon_core.environment:checking '/home/vincent-pc/ros2_foxy/install/turtlesim_catch_them_all_cpp/lib/python3.8/site-packages'
[6.551s] Level 1:colcon.colcon_core.environment:checking '/home/vincent-pc/ros2_foxy/install/turtlesim_catch_them_all_cpp/bin'
[6.552s] INFO:colcon.colcon_core.shell:Creating package script '/home/vincent-pc/ros2_foxy/install/turtlesim_catch_them_all_cpp/share/turtlesim_catch_them_all_cpp/package.ps1'
[6.554s] INFO:colcon.colcon_core.shell:Creating package descriptor '/home/vincent-pc/ros2_foxy/install/turtlesim_catch_them_all_cpp/share/turtlesim_catch_them_all_cpp/package.dsv'
[6.557s] INFO:colcon.colcon_core.shell:Creating package script '/home/vincent-pc/ros2_foxy/install/turtlesim_catch_them_all_cpp/share/turtlesim_catch_them_all_cpp/package.sh'
[6.558s] INFO:colcon.colcon_core.shell:Creating package script '/home/vincent-pc/ros2_foxy/install/turtlesim_catch_them_all_cpp/share/turtlesim_catch_them_all_cpp/package.bash'
[6.560s] INFO:colcon.colcon_core.shell:Creating package script '/home/vincent-pc/ros2_foxy/install/turtlesim_catch_them_all_cpp/share/turtlesim_catch_them_all_cpp/package.zsh'
[6.562s] Level 1:colcon.colcon_core.environment:create_file_with_runtime_dependencies(/home/vincent-pc/ros2_foxy/install/turtlesim_catch_them_all_cpp/share/colcon-core/packages/turtlesim_catch_them_all_cpp)
[9.338s] DEBUG:colcon.colcon_core.event_handler.log_command:Invoked command in '/home/vincent-pc/ros2_foxy/build/my_cpp_pkg' returned '2': CMAKE_PREFIX_PATH=${CMAKE_PREFIX_PATH}:/home/vincent-pc/ros2_foxy/install/turtlesim_catch_them_all_py:/home/vincent-pc/ros2_foxy/install/my_py_pkg:/opt/ros/foxy /usr/bin/cmake --build /home/vincent-pc/ros2_foxy/build/my_cpp_pkg -- -j8 -l8
[9.340s] Level 1:colcon.colcon_core.environment:create_environment_scripts_only(my_cpp_pkg)
[9.340s] Level 1:colcon.colcon_core.environment:checking '/home/vincent-pc/ros2_foxy/install/my_cpp_pkg' for CMake module files
[9.341s] Level 1:colcon.colcon_core.environment:checking '/home/vincent-pc/ros2_foxy/install/my_cpp_pkg' for CMake config files
[9.341s] Level 1:colcon.colcon_core.shell:create_environment_hook('my_cpp_pkg', 'cmake_prefix_path')
[9.341s] INFO:colcon.colcon_core.shell:Creating environment hook '/home/vincent-pc/ros2_foxy/install/my_cpp_pkg/share/my_cpp_pkg/hook/cmake_prefix_path.ps1'
[9.342s] INFO:colcon.colcon_core.shell:Creating environment descriptor '/home/vincent-pc/ros2_foxy/install/my_cpp_pkg/share/my_cpp_pkg/hook/cmake_prefix_path.dsv'
[9.342s] INFO:colcon.colcon_core.shell:Creating environment hook '/home/vincent-pc/ros2_foxy/install/my_cpp_pkg/share/my_cpp_pkg/hook/cmake_prefix_path.sh'
[9.343s] Level 1:colcon.colcon_core.environment:checking '/home/vincent-pc/ros2_foxy/install/my_cpp_pkg/lib'
[9.343s] Level 1:colcon.colcon_core.environment:checking '/home/vincent-pc/ros2_foxy/install/my_cpp_pkg/bin'
[9.343s] Level 1:colcon.colcon_core.environment:checking '/home/vincent-pc/ros2_foxy/install/my_cpp_pkg/lib/pkgconfig/my_cpp_pkg.pc'
[9.343s] Level 1:colcon.colcon_core.environment:checking '/home/vincent-pc/ros2_foxy/install/my_cpp_pkg/lib/python3.8/site-packages'
[9.344s] Level 1:colcon.colcon_core.environment:checking '/home/vincent-pc/ros2_foxy/install/my_cpp_pkg/bin'
[9.344s] INFO:colcon.colcon_core.shell:Creating package script '/home/vincent-pc/ros2_foxy/install/my_cpp_pkg/share/my_cpp_pkg/package.ps1'
[9.344s] INFO:colcon.colcon_core.shell:Creating package descriptor '/home/vincent-pc/ros2_foxy/install/my_cpp_pkg/share/my_cpp_pkg/package.dsv'
[9.345s] INFO:colcon.colcon_core.shell:Creating package script '/home/vincent-pc/ros2_foxy/install/my_cpp_pkg/share/my_cpp_pkg/package.sh'
[9.345s] INFO:colcon.colcon_core.shell:Creating package script '/home/vincent-pc/ros2_foxy/install/my_cpp_pkg/share/my_cpp_pkg/package.bash'
[9.346s] INFO:colcon.colcon_core.shell:Creating package script '/home/vincent-pc/ros2_foxy/install/my_cpp_pkg/share/my_cpp_pkg/package.zsh'
[9.346s] Level 1:colcon.colcon_core.environment:create_file_with_runtime_dependencies(/home/vincent-pc/ros2_foxy/install/my_cpp_pkg/share/colcon-core/packages/my_cpp_pkg)
[9.357s] DEBUG:colcon.colcon_parallel_executor.executor.parallel:closing loop
[9.358s] DEBUG:colcon.colcon_parallel_executor.executor.parallel:loop closed
[9.358s] DEBUG:colcon.colcon_parallel_executor.executor.parallel:run_until_complete finished with '2'
[9.358s] DEBUG:colcon.colcon_core.event_reactor:joining thread
[9.365s] INFO:colcon.colcon_core.plugin_system:Skipping extension 'colcon_notification.desktop_notification.terminal_notifier': Not used on non-Darwin systems
[9.365s] INFO:colcon.colcon_core.plugin_system:Skipping extension 'colcon_notification.desktop_notification.win32': Not used on non-Windows systems
[9.365s] INFO:colcon.colcon_notification.desktop_notification:Sending desktop notification using 'notify2'
[9.393s] DEBUG:colcon.colcon_core.event_reactor:joined thread
[9.393s] INFO:colcon.colcon_core.shell:Creating prefix script '/home/vincent-pc/ros2_foxy/install/local_setup.ps1'
[9.395s] INFO:colcon.colcon_core.shell:Creating prefix util module '/home/vincent-pc/ros2_foxy/install/_local_setup_util_ps1.py'
[9.398s] INFO:colcon.colcon_core.shell:Creating prefix chain script '/home/vincent-pc/ros2_foxy/install/setup.ps1'
[9.400s] INFO:colcon.colcon_core.shell:Creating prefix script '/home/vincent-pc/ros2_foxy/install/local_setup.sh'
[9.401s] INFO:colcon.colcon_core.shell:Creating prefix util module '/home/vincent-pc/ros2_foxy/install/_local_setup_util_sh.py'
[9.402s] INFO:colcon.colcon_core.shell:Creating prefix chain script '/home/vincent-pc/ros2_foxy/install/setup.sh'
[9.405s] INFO:colcon.colcon_core.shell:Creating prefix script '/home/vincent-pc/ros2_foxy/install/local_setup.bash'
[9.406s] INFO:colcon.colcon_core.shell:Creating prefix chain script '/home/vincent-pc/ros2_foxy/install/setup.bash'
[9.408s] INFO:colcon.colcon_core.shell:Creating prefix script '/home/vincent-pc/ros2_foxy/install/local_setup.zsh'
[9.409s] INFO:colcon.colcon_core.shell:Creating prefix chain script '/home/vincent-pc/ros2_foxy/install/setup.zsh'
