[0.552s] Invoking command in '/home/vincent-pc/ros2_foxy/src/my_py_pkg': PYTHONPATH=/home/vincent-pc/ros2_foxy/build/my_py_pkg/prefix_override:/usr/lib/python3/dist-packages/colcon_core/task/python/colcon_distutils_commands:/home/vincent-pc/ros2_foxy/install/my_py_pkg/lib/python3.8/site-packages:${PYTHONPATH} /usr/bin/python3 -W ignore:setup.py install is deprecated -W ignore:easy_install command is deprecated setup.py egg_info --egg-base ../../build/my_py_pkg build --build-base /home/vincent-pc/ros2_foxy/build/my_py_pkg/build install --record /home/vincent-pc/ros2_foxy/build/my_py_pkg/install.log --install-scripts $base/lib/my_py_pkg --single-version-externally-managed install_data
[0.737s] running egg_info
[0.738s] writing ../../build/my_py_pkg/my_py_pkg.egg-info/PKG-INFO
[0.738s] writing dependency_links to ../../build/my_py_pkg/my_py_pkg.egg-info/dependency_links.txt
[0.738s] writing entry points to ../../build/my_py_pkg/my_py_pkg.egg-info/entry_points.txt
[0.738s] writing requirements to ../../build/my_py_pkg/my_py_pkg.egg-info/requires.txt
[0.738s] writing top-level names to ../../build/my_py_pkg/my_py_pkg.egg-info/top_level.txt
[0.769s] reading manifest file '../../build/my_py_pkg/my_py_pkg.egg-info/SOURCES.txt'
[0.770s] writing manifest file '../../build/my_py_pkg/my_py_pkg.egg-info/SOURCES.txt'
[0.770s] running build
[0.770s] running build_py
[0.771s] running install
[0.772s] running install_lib
[0.774s] running install_data
[0.774s] running install_egg_info
[0.776s] removing '/home/vincent-pc/ros2_foxy/install/my_py_pkg/lib/python3.8/site-packages/my_py_pkg-0.0.0-py3.8.egg-info' (and everything under it)
[0.776s] Copying ../../build/my_py_pkg/my_py_pkg.egg-info to /home/vincent-pc/ros2_foxy/install/my_py_pkg/lib/python3.8/site-packages/my_py_pkg-0.0.0-py3.8.egg-info
[0.777s] running install_scripts
[0.793s] Installing add_two_ints_server_py script to /home/vincent-pc/ros2_foxy/install/my_py_pkg/lib/my_py_pkg
[0.793s] Installing number_counter_py script to /home/vincent-pc/ros2_foxy/install/my_py_pkg/lib/my_py_pkg
[0.793s] Installing number_publisher_py script to /home/vincent-pc/ros2_foxy/install/my_py_pkg/lib/my_py_pkg
[0.793s] Installing py_node script to /home/vincent-pc/ros2_foxy/install/my_py_pkg/lib/my_py_pkg
[0.793s] Installing robot_news_station script to /home/vincent-pc/ros2_foxy/install/my_py_pkg/lib/my_py_pkg
[0.793s] Installing smartphone script to /home/vincent-pc/ros2_foxy/install/my_py_pkg/lib/my_py_pkg
[0.794s] writing list of installed files to '/home/vincent-pc/ros2_foxy/build/my_py_pkg/install.log'
[0.813s] Invoked command in '/home/vincent-pc/ros2_foxy/src/my_py_pkg' returned '0': PYTHONPATH=/home/vincent-pc/ros2_foxy/build/my_py_pkg/prefix_override:/usr/lib/python3/dist-packages/colcon_core/task/python/colcon_distutils_commands:/home/vincent-pc/ros2_foxy/install/my_py_pkg/lib/python3.8/site-packages:${PYTHONPATH} /usr/bin/python3 -W ignore:setup.py install is deprecated -W ignore:easy_install command is deprecated setup.py egg_info --egg-base ../../build/my_py_pkg build --build-base /home/vincent-pc/ros2_foxy/build/my_py_pkg/build install --record /home/vincent-pc/ros2_foxy/build/my_py_pkg/install.log --install-scripts $base/lib/my_py_pkg --single-version-externally-managed install_data
