[0.191s] DEBUG:colcon:Command line arguments: ['/usr/bin/colcon', 'build', '--packages-select', 'my_robot_interfaces']
[0.191s] DEBUG:colcon:Parsed command line arguments: Namespace(allow_overriding=[], ament_cmake_args=None, base_paths=['.'], build_base='build', catkin_cmake_args=None, catkin_skip_building_tests=False, cmake_args=None, cmake_clean_cache=False, cmake_clean_first=False, cmake_force_configure=False, cmake_target=None, cmake_target_skip_unavailable=False, continue_on_error=False, event_handlers=None, executor='parallel', ignore_user_meta=False, install_base='install', log_base=None, log_level=None, main=<bound method BuildVerb.main of <colcon_core.verb.build.BuildVerb object at 0x7efc3b2d8280>>, merge_install=False, metas=['./colcon.meta'], mixin=None, mixin_files=None, mixin_verb=('build',), packages_above=None, packages_above_and_dependencies=None, packages_above_depth=None, packages_end=None, packages_ignore=None, packages_ignore_regex=None, packages_select=['my_robot_interfaces'], packages_select_build_failed=False, packages_select_by_dep=None, packages_select_regex=None, packages_select_test_failures=False, packages_skip=None, packages_skip_build_finished=False, packages_skip_by_dep=None, packages_skip_regex=None, packages_skip_test_passed=False, packages_skip_up_to=None, packages_start=None, packages_up_to=None, packages_up_to_regex=None, parallel_workers=8, paths=None, symlink_install=False, test_result_base=None, verb_extension=<colcon_core.verb.build.BuildVerb object at 0x7efc3b2d8280>, verb_name='build', verb_parser=<colcon_mixin.mixin.mixin_argument.MixinArgumentDecorator object at 0x7efc3b25ee20>)
[0.328s] Level 1:colcon.colcon_core.package_discovery:discover_packages(colcon_meta) check parameters
[0.328s] Level 1:colcon.colcon_core.package_discovery:discover_packages(recursive) check parameters
[0.328s] Level 1:colcon.colcon_core.package_discovery:discover_packages(ignore) check parameters
[0.328s] Level 1:colcon.colcon_core.package_discovery:discover_packages(path) check parameters
[0.328s] Level 1:colcon.colcon_core.package_discovery:discover_packages(colcon_meta) discover
[0.328s] Level 1:colcon.colcon_core.package_discovery:discover_packages(recursive) discover
[0.328s] INFO:colcon.colcon_core.package_discovery:Crawling recursively for packages in '/home/vincent-pc/ros2_foxy'
[0.328s] Level 1:colcon.colcon_core.package_identification:_identify(.) by extensions ['ignore', 'ignore_ament_install']
[0.328s] Level 1:colcon.colcon_core.package_identification:_identify(.) by extension 'ignore'
[0.328s] Level 1:colcon.colcon_core.package_identification:_identify(.) by extension 'ignore_ament_install'
[0.329s] Level 1:colcon.colcon_core.package_identification:_identify(.) by extensions ['colcon_pkg']
[0.329s] Level 1:colcon.colcon_core.package_identification:_identify(.) by extension 'colcon_pkg'
[0.329s] Level 1:colcon.colcon_core.package_identification:_identify(.) by extensions ['colcon_meta']
[0.329s] Level 1:colcon.colcon_core.package_identification:_identify(.) by extension 'colcon_meta'
[0.329s] Level 1:colcon.colcon_core.package_identification:_identify(.) by extensions ['ros']
[0.329s] Level 1:colcon.colcon_core.package_identification:_identify(.) by extension 'ros'
[0.338s] Level 1:colcon.colcon_core.package_identification:_identify(.) by extensions ['cmake', 'python']
[0.338s] Level 1:colcon.colcon_core.package_identification:_identify(.) by extension 'cmake'
[0.338s] Level 1:colcon.colcon_core.package_identification:_identify(.) by extension 'python'
[0.338s] Level 1:colcon.colcon_core.package_identification:_identify(.) by extensions ['python_setup_py']
[0.338s] Level 1:colcon.colcon_core.package_identification:_identify(.) by extension 'python_setup_py'
[0.338s] Level 1:colcon.colcon_core.package_identification:_identify(build) by extensions ['ignore', 'ignore_ament_install']
[0.338s] Level 1:colcon.colcon_core.package_identification:_identify(build) by extension 'ignore'
[0.338s] Level 1:colcon.colcon_core.package_identification:_identify(build) ignored
[0.338s] Level 1:colcon.colcon_core.package_identification:_identify(install) by extensions ['ignore', 'ignore_ament_install']
[0.338s] Level 1:colcon.colcon_core.package_identification:_identify(install) by extension 'ignore'
[0.339s] Level 1:colcon.colcon_core.package_identification:_identify(install) ignored
[0.339s] Level 1:colcon.colcon_core.package_identification:_identify(log) by extensions ['ignore', 'ignore_ament_install']
[0.339s] Level 1:colcon.colcon_core.package_identification:_identify(log) by extension 'ignore'
[0.339s] Level 1:colcon.colcon_core.package_identification:_identify(log) ignored
[0.339s] Level 1:colcon.colcon_core.package_identification:_identify(src) by extensions ['ignore', 'ignore_ament_install']
[0.339s] Level 1:colcon.colcon_core.package_identification:_identify(src) by extension 'ignore'
[0.339s] Level 1:colcon.colcon_core.package_identification:_identify(src) by extension 'ignore_ament_install'
[0.339s] Level 1:colcon.colcon_core.package_identification:_identify(src) by extensions ['colcon_pkg']
[0.339s] Level 1:colcon.colcon_core.package_identification:_identify(src) by extension 'colcon_pkg'
[0.339s] Level 1:colcon.colcon_core.package_identification:_identify(src) by extensions ['colcon_meta']
[0.339s] Level 1:colcon.colcon_core.package_identification:_identify(src) by extension 'colcon_meta'
[0.339s] Level 1:colcon.colcon_core.package_identification:_identify(src) by extensions ['ros']
[0.339s] Level 1:colcon.colcon_core.package_identification:_identify(src) by extension 'ros'
[0.340s] Level 1:colcon.colcon_core.package_identification:_identify(src) by extensions ['cmake', 'python']
[0.340s] Level 1:colcon.colcon_core.package_identification:_identify(src) by extension 'cmake'
[0.340s] Level 1:colcon.colcon_core.package_identification:_identify(src) by extension 'python'
[0.340s] Level 1:colcon.colcon_core.package_identification:_identify(src) by extensions ['python_setup_py']
[0.340s] Level 1:colcon.colcon_core.package_identification:_identify(src) by extension 'python_setup_py'
[0.340s] Level 1:colcon.colcon_core.package_identification:_identify(src/my_cpp_pkg) by extensions ['ignore', 'ignore_ament_install']
[0.340s] Level 1:colcon.colcon_core.package_identification:_identify(src/my_cpp_pkg) by extension 'ignore'
[0.340s] Level 1:colcon.colcon_core.package_identification:_identify(src/my_cpp_pkg) by extension 'ignore_ament_install'
[0.340s] Level 1:colcon.colcon_core.package_identification:_identify(src/my_cpp_pkg) by extensions ['colcon_pkg']
[0.340s] Level 1:colcon.colcon_core.package_identification:_identify(src/my_cpp_pkg) by extension 'colcon_pkg'
[0.340s] Level 1:colcon.colcon_core.package_identification:_identify(src/my_cpp_pkg) by extensions ['colcon_meta']
[0.340s] Level 1:colcon.colcon_core.package_identification:_identify(src/my_cpp_pkg) by extension 'colcon_meta'
[0.340s] Level 1:colcon.colcon_core.package_identification:_identify(src/my_cpp_pkg) by extensions ['ros']
[0.340s] Level 1:colcon.colcon_core.package_identification:_identify(src/my_cpp_pkg) by extension 'ros'
[0.342s] DEBUG:colcon.colcon_core.package_identification:Package 'src/my_cpp_pkg' with type 'ros.ament_cmake' and name 'my_cpp_pkg'
[0.343s] Level 1:colcon.colcon_core.package_identification:_identify(src/my_py_pkg) by extensions ['ignore', 'ignore_ament_install']
[0.343s] Level 1:colcon.colcon_core.package_identification:_identify(src/my_py_pkg) by extension 'ignore'
[0.343s] Level 1:colcon.colcon_core.package_identification:_identify(src/my_py_pkg) by extension 'ignore_ament_install'
[0.343s] Level 1:colcon.colcon_core.package_identification:_identify(src/my_py_pkg) by extensions ['colcon_pkg']
[0.343s] Level 1:colcon.colcon_core.package_identification:_identify(src/my_py_pkg) by extension 'colcon_pkg'
[0.343s] Level 1:colcon.colcon_core.package_identification:_identify(src/my_py_pkg) by extensions ['colcon_meta']
[0.343s] Level 1:colcon.colcon_core.package_identification:_identify(src/my_py_pkg) by extension 'colcon_meta'
[0.343s] Level 1:colcon.colcon_core.package_identification:_identify(src/my_py_pkg) by extensions ['ros']
[0.343s] Level 1:colcon.colcon_core.package_identification:_identify(src/my_py_pkg) by extension 'ros'
[0.344s] DEBUG:colcon.colcon_core.package_identification:Package 'src/my_py_pkg' with type 'ros.ament_python' and name 'my_py_pkg'
[0.344s] Level 1:colcon.colcon_core.package_identification:_identify(src/my_robot_interfaces) by extensions ['ignore', 'ignore_ament_install']
[0.344s] Level 1:colcon.colcon_core.package_identification:_identify(src/my_robot_interfaces) by extension 'ignore'
[0.344s] Level 1:colcon.colcon_core.package_identification:_identify(src/my_robot_interfaces) by extension 'ignore_ament_install'
[0.344s] Level 1:colcon.colcon_core.package_identification:_identify(src/my_robot_interfaces) by extensions ['colcon_pkg']
[0.344s] Level 1:colcon.colcon_core.package_identification:_identify(src/my_robot_interfaces) by extension 'colcon_pkg'
[0.344s] Level 1:colcon.colcon_core.package_identification:_identify(src/my_robot_interfaces) by extensions ['colcon_meta']
[0.344s] Level 1:colcon.colcon_core.package_identification:_identify(src/my_robot_interfaces) by extension 'colcon_meta'
[0.344s] Level 1:colcon.colcon_core.package_identification:_identify(src/my_robot_interfaces) by extensions ['ros']
[0.344s] Level 1:colcon.colcon_core.package_identification:_identify(src/my_robot_interfaces) by extension 'ros'
[0.345s] DEBUG:colcon.colcon_core.package_identification:Package 'src/my_robot_interfaces' with type 'ros.ament_cmake' and name 'my_robot_interfaces'
[0.345s] Level 1:colcon.colcon_core.package_discovery:discover_packages(recursive) using defaults
[0.345s] Level 1:colcon.colcon_core.package_discovery:discover_packages(ignore) discover
[0.345s] Level 1:colcon.colcon_core.package_discovery:discover_packages(ignore) using defaults
[0.345s] Level 1:colcon.colcon_core.package_discovery:discover_packages(path) discover
[0.345s] Level 1:colcon.colcon_core.package_discovery:discover_packages(path) using defaults
[0.361s] INFO:colcon.colcon_core.package_selection:Skipping not selected package 'my_cpp_pkg' in 'src/my_cpp_pkg'
[0.361s] INFO:colcon.colcon_core.package_selection:Skipping not selected package 'my_py_pkg' in 'src/my_py_pkg'
[0.362s] Level 1:colcon.colcon_core.package_discovery:discover_packages(prefix_path) check parameters
[0.362s] Level 1:colcon.colcon_core.package_discovery:discover_packages(prefix_path) discover
[0.364s] DEBUG:colcon.colcon_installed_package_information.package_discovery:Found 23 installed packages in /home/vincent-pc/ros2_ws/install
[0.365s] DEBUG:colcon.colcon_installed_package_information.package_discovery:Found 2 installed packages in /home/vincent-pc/ros2_foxy/install
[0.366s] DEBUG:colcon.colcon_installed_package_information.package_discovery:Found 263 installed packages in /opt/ros/foxy
[0.377s] Level 1:colcon.colcon_core.package_discovery:discover_packages(prefix_path) using defaults
[0.441s] Level 5:colcon.colcon_core.verb:set package 'my_robot_interfaces' build argument 'cmake_args' from command line to 'None'
[0.441s] Level 5:colcon.colcon_core.verb:set package 'my_robot_interfaces' build argument 'cmake_target' from command line to 'None'
[0.441s] Level 5:colcon.colcon_core.verb:set package 'my_robot_interfaces' build argument 'cmake_target_skip_unavailable' from command line to 'False'
[0.441s] Level 5:colcon.colcon_core.verb:set package 'my_robot_interfaces' build argument 'cmake_clean_cache' from command line to 'False'
[0.441s] Level 5:colcon.colcon_core.verb:set package 'my_robot_interfaces' build argument 'cmake_clean_first' from command line to 'False'
[0.441s] Level 5:colcon.colcon_core.verb:set package 'my_robot_interfaces' build argument 'cmake_force_configure' from command line to 'False'
[0.441s] Level 5:colcon.colcon_core.verb:set package 'my_robot_interfaces' build argument 'ament_cmake_args' from command line to 'None'
[0.441s] Level 5:colcon.colcon_core.verb:set package 'my_robot_interfaces' build argument 'catkin_cmake_args' from command line to 'None'
[0.441s] Level 5:colcon.colcon_core.verb:set package 'my_robot_interfaces' build argument 'catkin_skip_building_tests' from command line to 'False'
[0.441s] DEBUG:colcon.colcon_core.verb:Building package 'my_robot_interfaces' with the following arguments: {'ament_cmake_args': None, 'build_base': '/home/vincent-pc/ros2_foxy/build/my_robot_interfaces', 'catkin_cmake_args': None, 'catkin_skip_building_tests': False, 'cmake_args': None, 'cmake_clean_cache': False, 'cmake_clean_first': False, 'cmake_force_configure': False, 'cmake_target': None, 'cmake_target_skip_unavailable': False, 'install_base': '/home/vincent-pc/ros2_foxy/install/my_robot_interfaces', 'merge_install': False, 'path': '/home/vincent-pc/ros2_foxy/src/my_robot_interfaces', 'symlink_install': False, 'test_result_base': None}
[0.442s] INFO:colcon.colcon_core.executor:Executing jobs using 'parallel' executor
[0.443s] DEBUG:colcon.colcon_parallel_executor.executor.parallel:run_until_complete
[0.443s] INFO:colcon.colcon_ros.task.ament_cmake.build:Building ROS package in '/home/vincent-pc/ros2_foxy/src/my_robot_interfaces' with build type 'ament_cmake'
[0.443s] INFO:colcon.colcon_cmake.task.cmake.build:Building CMake package in '/home/vincent-pc/ros2_foxy/src/my_robot_interfaces'
[0.446s] INFO:colcon.colcon_core.plugin_system:Skipping extension 'colcon_core.shell.bat': Not used on non-Windows systems
[0.446s] INFO:colcon.colcon_core.shell:Skip shell extension 'powershell' for command environment: Not usable outside of PowerShell
[0.446s] DEBUG:colcon.colcon_core.shell:Skip shell extension 'dsv' for command environment
[0.455s] DEBUG:colcon.colcon_core.event_handler.log_command:Invoking command in '/home/vincent-pc/ros2_foxy/build/my_robot_interfaces': CMAKE_PREFIX_PATH=${CMAKE_PREFIX_PATH}:/home/vincent-pc/ros2_foxy/install/my_py_pkg:/home/vincent-pc/ros2_ws/install/py_srvcli:/home/vincent-pc/ros2_ws/install/py_pubsub:/home/vincent-pc/ros2_ws/install/my_package_Py:/home/vincent-pc/ros2_ws/install/examples_rclpy_minimal_subscriber:/home/vincent-pc/ros2_ws/install/examples_rclpy_minimal_service:/home/vincent-pc/ros2_ws/install/examples_rclpy_minimal_publisher:/home/vincent-pc/ros2_ws/install/examples_rclpy_minimal_client:/home/vincent-pc/ros2_ws/install/examples_rclpy_minimal_action_server:/home/vincent-pc/ros2_ws/install/examples_rclpy_minimal_action_client:/home/vincent-pc/ros2_ws/install/examples_rclpy_executors:/opt/ros/foxy /usr/bin/cmake /home/vincent-pc/ros2_foxy/src/my_robot_interfaces -DCMAKE_INSTALL_PREFIX=/home/vincent-pc/ros2_foxy/install/my_robot_interfaces
[1.358s] DEBUG:colcon.colcon_core.event_handler.log_command:Invoked command in '/home/vincent-pc/ros2_foxy/build/my_robot_interfaces' returned '1': CMAKE_PREFIX_PATH=${CMAKE_PREFIX_PATH}:/home/vincent-pc/ros2_foxy/install/my_py_pkg:/home/vincent-pc/ros2_ws/install/py_srvcli:/home/vincent-pc/ros2_ws/install/py_pubsub:/home/vincent-pc/ros2_ws/install/my_package_Py:/home/vincent-pc/ros2_ws/install/examples_rclpy_minimal_subscriber:/home/vincent-pc/ros2_ws/install/examples_rclpy_minimal_service:/home/vincent-pc/ros2_ws/install/examples_rclpy_minimal_publisher:/home/vincent-pc/ros2_ws/install/examples_rclpy_minimal_client:/home/vincent-pc/ros2_ws/install/examples_rclpy_minimal_action_server:/home/vincent-pc/ros2_ws/install/examples_rclpy_minimal_action_client:/home/vincent-pc/ros2_ws/install/examples_rclpy_executors:/opt/ros/foxy /usr/bin/cmake /home/vincent-pc/ros2_foxy/src/my_robot_interfaces -DCMAKE_INSTALL_PREFIX=/home/vincent-pc/ros2_foxy/install/my_robot_interfaces
[1.369s] Level 1:colcon.colcon_core.environment:create_environment_scripts_only(my_robot_interfaces)
[1.373s] Level 1:colcon.colcon_core.environment:checking '/home/vincent-pc/ros2_foxy/install/my_robot_interfaces' for CMake module files
[1.373s] Level 1:colcon.colcon_core.environment:checking '/home/vincent-pc/ros2_foxy/install/my_robot_interfaces' for CMake config files
[1.373s] Level 1:colcon.colcon_core.environment:checking '/home/vincent-pc/ros2_foxy/install/my_robot_interfaces/bin'
[1.373s] Level 1:colcon.colcon_core.environment:checking '/home/vincent-pc/ros2_foxy/install/my_robot_interfaces/lib/pkgconfig/my_robot_interfaces.pc'
[1.374s] Level 1:colcon.colcon_core.environment:checking '/home/vincent-pc/ros2_foxy/install/my_robot_interfaces/lib/python3.8/site-packages'
[1.374s] Level 1:colcon.colcon_core.environment:checking '/home/vincent-pc/ros2_foxy/install/my_robot_interfaces/bin'
[1.374s] INFO:colcon.colcon_core.shell:Creating package script '/home/vincent-pc/ros2_foxy/install/my_robot_interfaces/share/my_robot_interfaces/package.ps1'
[1.375s] INFO:colcon.colcon_core.shell:Creating package descriptor '/home/vincent-pc/ros2_foxy/install/my_robot_interfaces/share/my_robot_interfaces/package.dsv'
[1.376s] INFO:colcon.colcon_core.shell:Creating package script '/home/vincent-pc/ros2_foxy/install/my_robot_interfaces/share/my_robot_interfaces/package.sh'
[1.376s] INFO:colcon.colcon_core.shell:Creating package script '/home/vincent-pc/ros2_foxy/install/my_robot_interfaces/share/my_robot_interfaces/package.bash'
[1.377s] INFO:colcon.colcon_core.shell:Creating package script '/home/vincent-pc/ros2_foxy/install/my_robot_interfaces/share/my_robot_interfaces/package.zsh'
[1.378s] Level 1:colcon.colcon_core.environment:create_file_with_runtime_dependencies(/home/vincent-pc/ros2_foxy/install/my_robot_interfaces/share/colcon-core/packages/my_robot_interfaces)
[1.389s] DEBUG:colcon.colcon_parallel_executor.executor.parallel:closing loop
[1.389s] DEBUG:colcon.colcon_parallel_executor.executor.parallel:loop closed
[1.389s] DEBUG:colcon.colcon_parallel_executor.executor.parallel:run_until_complete finished with '1'
[1.389s] DEBUG:colcon.colcon_core.event_reactor:joining thread
[1.397s] INFO:colcon.colcon_core.plugin_system:Skipping extension 'colcon_notification.desktop_notification.terminal_notifier': Not used on non-Darwin systems
[1.397s] INFO:colcon.colcon_core.plugin_system:Skipping extension 'colcon_notification.desktop_notification.win32': Not used on non-Windows systems
[1.397s] INFO:colcon.colcon_notification.desktop_notification:Sending desktop notification using 'notify2'
[1.420s] DEBUG:colcon.colcon_core.event_reactor:joined thread
[1.421s] INFO:colcon.colcon_core.shell:Creating prefix script '/home/vincent-pc/ros2_foxy/install/local_setup.ps1'
[1.422s] INFO:colcon.colcon_core.shell:Creating prefix util module '/home/vincent-pc/ros2_foxy/install/_local_setup_util_ps1.py'
[1.423s] INFO:colcon.colcon_core.shell:Creating prefix chain script '/home/vincent-pc/ros2_foxy/install/setup.ps1'
[1.426s] INFO:colcon.colcon_core.shell:Creating prefix script '/home/vincent-pc/ros2_foxy/install/local_setup.sh'
[1.426s] INFO:colcon.colcon_core.shell:Creating prefix util module '/home/vincent-pc/ros2_foxy/install/_local_setup_util_sh.py'
[1.427s] INFO:colcon.colcon_core.shell:Creating prefix chain script '/home/vincent-pc/ros2_foxy/install/setup.sh'
[1.428s] INFO:colcon.colcon_core.shell:Creating prefix script '/home/vincent-pc/ros2_foxy/install/local_setup.bash'
[1.429s] INFO:colcon.colcon_core.shell:Creating prefix chain script '/home/vincent-pc/ros2_foxy/install/setup.bash'
[1.430s] INFO:colcon.colcon_core.shell:Creating prefix script '/home/vincent-pc/ros2_foxy/install/local_setup.zsh'
[1.431s] INFO:colcon.colcon_core.shell:Creating prefix chain script '/home/vincent-pc/ros2_foxy/install/setup.zsh'
