-- Found ament_cmake: 0.9.12 (/opt/ros/foxy/share/ament_cmake/cmake)
-- Using PYTHON_EXECUTABLE: /usr/bin/python3
-- Found rclcpp: 2.4.3 (/opt/ros/foxy/share/rclcpp/cmake)
-- Using all available rosidl_typesupport_c: rosidl_typesupport_fastrtps_c;rosidl_typesupport_introspection_c
-- Found rosidl_adapter: 1.3.1 (/opt/ros/foxy/share/rosidl_adapter/cmake)
-- Using all available rosidl_typesupport_cpp: rosidl_typesupport_fastrtps_cpp;rosidl_typesupport_introspection_cpp
-- Found rmw_implementation_cmake: 1.0.4 (/opt/ros/foxy/share/rmw_implementation_cmake/cmake)
-- Using RMW implementation 'rmw_fastrtps_cpp' as default
-- Found turtlesim: 1.2.6 (/opt/ros/foxy/share/turtlesim/cmake)
-- Found geometry_msgs: 2.0.5 (/opt/ros/foxy/share/geometry_msgs/cmake)
-- Configuring done
-- Generating done
-- Build files have been written to: /home/vincent-pc/ros2_foxy/build/turtlesim_catch_them_all_cpp
[35m[1mScanning dependencies of target spawner_cpp[0m
[ 50%] Built target controller_cpp
[ 75%] [32mBuilding CXX object CMakeFiles/spawner_cpp.dir/src/turtle_spawner.cpp.o[0m
[100%] [32m[1mLinking CXX executable spawner_cpp[0m
[100%] Built target spawner_cpp
-- Install configuration: ""
-- Up-to-date: /home/vincent-pc/ros2_foxy/install/turtlesim_catch_them_all_cpp/lib/turtlesim_catch_them_all_cpp/controller_cpp
-- Installing: /home/vincent-pc/ros2_foxy/install/turtlesim_catch_them_all_cpp/lib/turtlesim_catch_them_all_cpp/spawner_cpp
-- Set runtime path of "/home/vincent-pc/ros2_foxy/install/turtlesim_catch_them_all_cpp/lib/turtlesim_catch_them_all_cpp/spawner_cpp" to ""
-- Up-to-date: /home/vincent-pc/ros2_foxy/install/turtlesim_catch_them_all_cpp/share/ament_index/resource_index/package_run_dependencies/turtlesim_catch_them_all_cpp
-- Installing: /home/vincent-pc/ros2_foxy/install/turtlesim_catch_them_all_cpp/share/ament_index/resource_index/parent_prefix_path/turtlesim_catch_them_all_cpp
-- Up-to-date: /home/vincent-pc/ros2_foxy/install/turtlesim_catch_them_all_cpp/share/turtlesim_catch_them_all_cpp/environment/ament_prefix_path.sh
-- Installing: /home/vincent-pc/ros2_foxy/install/turtlesim_catch_them_all_cpp/share/turtlesim_catch_them_all_cpp/environment/ament_prefix_path.dsv
-- Up-to-date: /home/vincent-pc/ros2_foxy/install/turtlesim_catch_them_all_cpp/share/turtlesim_catch_them_all_cpp/environment/path.sh
-- Installing: /home/vincent-pc/ros2_foxy/install/turtlesim_catch_them_all_cpp/share/turtlesim_catch_them_all_cpp/environment/path.dsv
-- Up-to-date: /home/vincent-pc/ros2_foxy/install/turtlesim_catch_them_all_cpp/share/turtlesim_catch_them_all_cpp/local_setup.bash
-- Up-to-date: /home/vincent-pc/ros2_foxy/install/turtlesim_catch_them_all_cpp/share/turtlesim_catch_them_all_cpp/local_setup.sh
-- Up-to-date: /home/vincent-pc/ros2_foxy/install/turtlesim_catch_them_all_cpp/share/turtlesim_catch_them_all_cpp/local_setup.zsh
-- Installing: /home/vincent-pc/ros2_foxy/install/turtlesim_catch_them_all_cpp/share/turtlesim_catch_them_all_cpp/local_setup.dsv
-- Installing: /home/vincent-pc/ros2_foxy/install/turtlesim_catch_them_all_cpp/share/turtlesim_catch_them_all_cpp/package.dsv
-- Up-to-date: /home/vincent-pc/ros2_foxy/install/turtlesim_catch_them_all_cpp/share/ament_index/resource_index/packages/turtlesim_catch_them_all_cpp
-- Up-to-date: /home/vincent-pc/ros2_foxy/install/turtlesim_catch_them_all_cpp/share/turtlesim_catch_them_all_cpp/cmake/turtlesim_catch_them_all_cppConfig.cmake
-- Up-to-date: /home/vincent-pc/ros2_foxy/install/turtlesim_catch_them_all_cpp/share/turtlesim_catch_them_all_cpp/cmake/turtlesim_catch_them_all_cppConfig-version.cmake
-- Up-to-date: /home/vincent-pc/ros2_foxy/install/turtlesim_catch_them_all_cpp/share/turtlesim_catch_them_all_cpp/package.xml
