running egg_info
creating ../../build/my_py_pkg/my_py_pkg.egg-info
writing ../../build/my_py_pkg/my_py_pkg.egg-info/PKG-INFO
writing dependency_links to ../../build/my_py_pkg/my_py_pkg.egg-info/dependency_links.txt
writing entry points to ../../build/my_py_pkg/my_py_pkg.egg-info/entry_points.txt
writing requirements to ../../build/my_py_pkg/my_py_pkg.egg-info/requires.txt
writing top-level names to ../../build/my_py_pkg/my_py_pkg.egg-info/top_level.txt
writing manifest file '../../build/my_py_pkg/my_py_pkg.egg-info/SOURCES.txt'
reading manifest file '../../build/my_py_pkg/my_py_pkg.egg-info/SOURCES.txt'
writing manifest file '../../build/my_py_pkg/my_py_pkg.egg-info/SOURCES.txt'
running build
running build_py
creating /home/vincent-pc/ros2_foxy/build/my_py_pkg/build
creating /home/vincent-pc/ros2_foxy/build/my_py_pkg/build/lib
creating /home/vincent-pc/ros2_foxy/build/my_py_pkg/build/lib/my_py_pkg
copying my_py_pkg/number_counter.py -> /home/vincent-pc/ros2_foxy/build/my_py_pkg/build/lib/my_py_pkg
copying my_py_pkg/robot_news_station.py -> /home/vincent-pc/ros2_foxy/build/my_py_pkg/build/lib/my_py_pkg
copying my_py_pkg/__init__.py -> /home/vincent-pc/ros2_foxy/build/my_py_pkg/build/lib/my_py_pkg
copying my_py_pkg/number_publisher.py -> /home/vincent-pc/ros2_foxy/build/my_py_pkg/build/lib/my_py_pkg
copying my_py_pkg/battery.py -> /home/vincent-pc/ros2_foxy/build/my_py_pkg/build/lib/my_py_pkg
copying my_py_pkg/add_two_ints_server.py -> /home/vincent-pc/ros2_foxy/build/my_py_pkg/build/lib/my_py_pkg
copying my_py_pkg/led_panel.py -> /home/vincent-pc/ros2_foxy/build/my_py_pkg/build/lib/my_py_pkg
copying my_py_pkg/add_two_ints_client.py -> /home/vincent-pc/ros2_foxy/build/my_py_pkg/build/lib/my_py_pkg
copying my_py_pkg/smartphone.py -> /home/vincent-pc/ros2_foxy/build/my_py_pkg/build/lib/my_py_pkg
copying my_py_pkg/hw_status_publisher.py -> /home/vincent-pc/ros2_foxy/build/my_py_pkg/build/lib/my_py_pkg
copying my_py_pkg/Template.py -> /home/vincent-pc/ros2_foxy/build/my_py_pkg/build/lib/my_py_pkg
copying my_py_pkg/my_first_node.py -> /home/vincent-pc/ros2_foxy/build/my_py_pkg/build/lib/my_py_pkg
copying my_py_pkg/add_two_ints_client_no_oop.py -> /home/vincent-pc/ros2_foxy/build/my_py_pkg/build/lib/my_py_pkg
copying my_py_pkg/reset_number_service.py -> /home/vincent-pc/ros2_foxy/build/my_py_pkg/build/lib/my_py_pkg
copying my_py_pkg/number_counter_server.py -> /home/vincent-pc/ros2_foxy/build/my_py_pkg/build/lib/my_py_pkg
running install
running install_lib
creating /home/vincent-pc/ros2_foxy/install/my_py_pkg/lib/python3.8/site-packages/my_py_pkg
copying /home/vincent-pc/ros2_foxy/build/my_py_pkg/build/lib/my_py_pkg/number_counter.py -> /home/vincent-pc/ros2_foxy/install/my_py_pkg/lib/python3.8/site-packages/my_py_pkg
copying /home/vincent-pc/ros2_foxy/build/my_py_pkg/build/lib/my_py_pkg/robot_news_station.py -> /home/vincent-pc/ros2_foxy/install/my_py_pkg/lib/python3.8/site-packages/my_py_pkg
copying /home/vincent-pc/ros2_foxy/build/my_py_pkg/build/lib/my_py_pkg/__init__.py -> /home/vincent-pc/ros2_foxy/install/my_py_pkg/lib/python3.8/site-packages/my_py_pkg
copying /home/vincent-pc/ros2_foxy/build/my_py_pkg/build/lib/my_py_pkg/number_publisher.py -> /home/vincent-pc/ros2_foxy/install/my_py_pkg/lib/python3.8/site-packages/my_py_pkg
copying /home/vincent-pc/ros2_foxy/build/my_py_pkg/build/lib/my_py_pkg/battery.py -> /home/vincent-pc/ros2_foxy/install/my_py_pkg/lib/python3.8/site-packages/my_py_pkg
copying /home/vincent-pc/ros2_foxy/build/my_py_pkg/build/lib/my_py_pkg/add_two_ints_server.py -> /home/vincent-pc/ros2_foxy/install/my_py_pkg/lib/python3.8/site-packages/my_py_pkg
copying /home/vincent-pc/ros2_foxy/build/my_py_pkg/build/lib/my_py_pkg/led_panel.py -> /home/vincent-pc/ros2_foxy/install/my_py_pkg/lib/python3.8/site-packages/my_py_pkg
copying /home/vincent-pc/ros2_foxy/build/my_py_pkg/build/lib/my_py_pkg/add_two_ints_client.py -> /home/vincent-pc/ros2_foxy/install/my_py_pkg/lib/python3.8/site-packages/my_py_pkg
copying /home/vincent-pc/ros2_foxy/build/my_py_pkg/build/lib/my_py_pkg/smartphone.py -> /home/vincent-pc/ros2_foxy/install/my_py_pkg/lib/python3.8/site-packages/my_py_pkg
copying /home/vincent-pc/ros2_foxy/build/my_py_pkg/build/lib/my_py_pkg/hw_status_publisher.py -> /home/vincent-pc/ros2_foxy/install/my_py_pkg/lib/python3.8/site-packages/my_py_pkg
copying /home/vincent-pc/ros2_foxy/build/my_py_pkg/build/lib/my_py_pkg/Template.py -> /home/vincent-pc/ros2_foxy/install/my_py_pkg/lib/python3.8/site-packages/my_py_pkg
copying /home/vincent-pc/ros2_foxy/build/my_py_pkg/build/lib/my_py_pkg/my_first_node.py -> /home/vincent-pc/ros2_foxy/install/my_py_pkg/lib/python3.8/site-packages/my_py_pkg
copying /home/vincent-pc/ros2_foxy/build/my_py_pkg/build/lib/my_py_pkg/add_two_ints_client_no_oop.py -> /home/vincent-pc/ros2_foxy/install/my_py_pkg/lib/python3.8/site-packages/my_py_pkg
copying /home/vincent-pc/ros2_foxy/build/my_py_pkg/build/lib/my_py_pkg/reset_number_service.py -> /home/vincent-pc/ros2_foxy/install/my_py_pkg/lib/python3.8/site-packages/my_py_pkg
copying /home/vincent-pc/ros2_foxy/build/my_py_pkg/build/lib/my_py_pkg/number_counter_server.py -> /home/vincent-pc/ros2_foxy/install/my_py_pkg/lib/python3.8/site-packages/my_py_pkg
byte-compiling /home/vincent-pc/ros2_foxy/install/my_py_pkg/lib/python3.8/site-packages/my_py_pkg/number_counter.py to number_counter.cpython-38.pyc
byte-compiling /home/vincent-pc/ros2_foxy/install/my_py_pkg/lib/python3.8/site-packages/my_py_pkg/robot_news_station.py to robot_news_station.cpython-38.pyc
byte-compiling /home/vincent-pc/ros2_foxy/install/my_py_pkg/lib/python3.8/site-packages/my_py_pkg/__init__.py to __init__.cpython-38.pyc
byte-compiling /home/vincent-pc/ros2_foxy/install/my_py_pkg/lib/python3.8/site-packages/my_py_pkg/number_publisher.py to number_publisher.cpython-38.pyc
byte-compiling /home/vincent-pc/ros2_foxy/install/my_py_pkg/lib/python3.8/site-packages/my_py_pkg/battery.py to battery.cpython-38.pyc
byte-compiling /home/vincent-pc/ros2_foxy/install/my_py_pkg/lib/python3.8/site-packages/my_py_pkg/add_two_ints_server.py to add_two_ints_server.cpython-38.pyc
byte-compiling /home/vincent-pc/ros2_foxy/install/my_py_pkg/lib/python3.8/site-packages/my_py_pkg/led_panel.py to led_panel.cpython-38.pyc
byte-compiling /home/vincent-pc/ros2_foxy/install/my_py_pkg/lib/python3.8/site-packages/my_py_pkg/add_two_ints_client.py to add_two_ints_client.cpython-38.pyc
byte-compiling /home/vincent-pc/ros2_foxy/install/my_py_pkg/lib/python3.8/site-packages/my_py_pkg/smartphone.py to smartphone.cpython-38.pyc
byte-compiling /home/vincent-pc/ros2_foxy/install/my_py_pkg/lib/python3.8/site-packages/my_py_pkg/hw_status_publisher.py to hw_status_publisher.cpython-38.pyc
byte-compiling /home/vincent-pc/ros2_foxy/install/my_py_pkg/lib/python3.8/site-packages/my_py_pkg/Template.py to Template.cpython-38.pyc
byte-compiling /home/vincent-pc/ros2_foxy/install/my_py_pkg/lib/python3.8/site-packages/my_py_pkg/my_first_node.py to my_first_node.cpython-38.pyc
byte-compiling /home/vincent-pc/ros2_foxy/install/my_py_pkg/lib/python3.8/site-packages/my_py_pkg/add_two_ints_client_no_oop.py to add_two_ints_client_no_oop.cpython-38.pyc
byte-compiling /home/vincent-pc/ros2_foxy/install/my_py_pkg/lib/python3.8/site-packages/my_py_pkg/reset_number_service.py to reset_number_service.cpython-38.pyc
byte-compiling /home/vincent-pc/ros2_foxy/install/my_py_pkg/lib/python3.8/site-packages/my_py_pkg/number_counter_server.py to number_counter_server.cpython-38.pyc
running install_data
creating /home/vincent-pc/ros2_foxy/install/my_py_pkg/share/ament_index
creating /home/vincent-pc/ros2_foxy/install/my_py_pkg/share/ament_index/resource_index
creating /home/vincent-pc/ros2_foxy/install/my_py_pkg/share/ament_index/resource_index/packages
copying resource/my_py_pkg -> /home/vincent-pc/ros2_foxy/install/my_py_pkg/share/ament_index/resource_index/packages
copying package.xml -> /home/vincent-pc/ros2_foxy/install/my_py_pkg/share/my_py_pkg
running install_egg_info
Copying ../../build/my_py_pkg/my_py_pkg.egg-info to /home/vincent-pc/ros2_foxy/install/my_py_pkg/lib/python3.8/site-packages/my_py_pkg-0.0.0-py3.8.egg-info
running install_scripts
Installing add_two_ints_client script to /home/vincent-pc/ros2_foxy/install/my_py_pkg/lib/my_py_pkg
Installing add_two_ints_client_no_oop_py script to /home/vincent-pc/ros2_foxy/install/my_py_pkg/lib/my_py_pkg
Installing add_two_ints_server_py script to /home/vincent-pc/ros2_foxy/install/my_py_pkg/lib/my_py_pkg
Installing battery_py script to /home/vincent-pc/ros2_foxy/install/my_py_pkg/lib/my_py_pkg
Installing hardware_status_publisher_py script to /home/vincent-pc/ros2_foxy/install/my_py_pkg/lib/my_py_pkg
Installing led_panel_py script to /home/vincent-pc/ros2_foxy/install/my_py_pkg/lib/my_py_pkg
Installing number_counter_py script to /home/vincent-pc/ros2_foxy/install/my_py_pkg/lib/my_py_pkg
Installing number_counter_server_py script to /home/vincent-pc/ros2_foxy/install/my_py_pkg/lib/my_py_pkg
Installing number_publisher_py script to /home/vincent-pc/ros2_foxy/install/my_py_pkg/lib/my_py_pkg
Installing py_node script to /home/vincent-pc/ros2_foxy/install/my_py_pkg/lib/my_py_pkg
Installing reset_number_count_service script to /home/vincent-pc/ros2_foxy/install/my_py_pkg/lib/my_py_pkg
Installing robot_news_station script to /home/vincent-pc/ros2_foxy/install/my_py_pkg/lib/my_py_pkg
Installing smartphone script to /home/vincent-pc/ros2_foxy/install/my_py_pkg/lib/my_py_pkg
writing list of installed files to '/home/vincent-pc/ros2_foxy/build/my_py_pkg/install.log'
