[0.583s] Invoking command in '/home/vincent-pc/ros2_foxy/src/my_py_pkg': PYTHONPATH=/home/vincent-pc/ros2_foxy/build/my_py_pkg/prefix_override:/usr/lib/python3/dist-packages/colcon_core/task/python/colcon_distutils_commands:/home/vincent-pc/ros2_foxy/install/my_py_pkg/lib/python3.8/site-packages:/home/vincent-pc/ros2_foxy/install/my_robot_interfaces/lib/python3.8/site-packages:/home/vincent-pc/ros2_foxy/install/my_py_pkg/lib/python3.8/site-packages:/home/vincent-pc/ros2_ws/install/turtlesim/lib/python3.8/site-packages:/home/vincent-pc/ros2_ws/install/py_srvcli/lib/python3.8/site-packages:/home/vincent-pc/ros2_ws/install/py_pubsub/lib/python3.8/site-packages:/home/vincent-pc/ros2_ws/install/my_package_Py/lib/python3.8/site-packages:/home/vincent-pc/ros2_ws/install/examples_rclpy_minimal_subscriber/lib/python3.8/site-packages:/home/vincent-pc/ros2_ws/install/examples_rclpy_minimal_service/lib/python3.8/site-packages:/home/vincent-pc/ros2_ws/install/examples_rclpy_minimal_publisher/lib/python3.8/site-packages:/home/vincent-pc/ros2_ws/install/examples_rclpy_minimal_client/lib/python3.8/site-packages:/home/vincent-pc/ros2_ws/install/examples_rclpy_minimal_action_server/lib/python3.8/site-packages:/home/vincent-pc/ros2_ws/install/examples_rclpy_minimal_action_client/lib/python3.8/site-packages:/home/vincent-pc/ros2_ws/install/examples_rclpy_executors/lib/python3.8/site-packages:/opt/ros/foxy/lib/python3.8/site-packages /usr/bin/python3 -W ignore:setup.py install is deprecated -W ignore:easy_install command is deprecated setup.py egg_info --egg-base ../../build/my_py_pkg build --build-base /home/vincent-pc/ros2_foxy/build/my_py_pkg/build install --record /home/vincent-pc/ros2_foxy/build/my_py_pkg/install.log --install-scripts $base/lib/my_py_pkg --single-version-externally-managed install_data
[0.772s] running egg_info
[0.772s] writing ../../build/my_py_pkg/my_py_pkg.egg-info/PKG-INFO
[0.772s] writing dependency_links to ../../build/my_py_pkg/my_py_pkg.egg-info/dependency_links.txt
[0.773s] writing entry points to ../../build/my_py_pkg/my_py_pkg.egg-info/entry_points.txt
[0.773s] writing requirements to ../../build/my_py_pkg/my_py_pkg.egg-info/requires.txt
[0.773s] writing top-level names to ../../build/my_py_pkg/my_py_pkg.egg-info/top_level.txt
[0.800s] reading manifest file '../../build/my_py_pkg/my_py_pkg.egg-info/SOURCES.txt'
[0.801s] writing manifest file '../../build/my_py_pkg/my_py_pkg.egg-info/SOURCES.txt'
[0.801s] running build
[0.801s] running build_py
[0.801s] copying my_py_pkg/battery.py -> /home/vincent-pc/ros2_foxy/build/my_py_pkg/build/lib/my_py_pkg
[0.802s] running install
[0.803s] running install_lib
[0.804s] copying /home/vincent-pc/ros2_foxy/build/my_py_pkg/build/lib/my_py_pkg/battery.py -> /home/vincent-pc/ros2_foxy/install/my_py_pkg/lib/python3.8/site-packages/my_py_pkg
[0.805s] byte-compiling /home/vincent-pc/ros2_foxy/install/my_py_pkg/lib/python3.8/site-packages/my_py_pkg/battery.py to battery.cpython-38.pyc
[0.806s] running install_data
[0.807s] running install_egg_info
[0.809s] removing '/home/vincent-pc/ros2_foxy/install/my_py_pkg/lib/python3.8/site-packages/my_py_pkg-0.0.0-py3.8.egg-info' (and everything under it)
[0.809s] Copying ../../build/my_py_pkg/my_py_pkg.egg-info to /home/vincent-pc/ros2_foxy/install/my_py_pkg/lib/python3.8/site-packages/my_py_pkg-0.0.0-py3.8.egg-info
[0.809s] running install_scripts
[0.823s] Installing add_two_ints_client script to /home/vincent-pc/ros2_foxy/install/my_py_pkg/lib/my_py_pkg
[0.823s] Installing add_two_ints_client_no_oop_py script to /home/vincent-pc/ros2_foxy/install/my_py_pkg/lib/my_py_pkg
[0.824s] Installing add_two_ints_server_py script to /home/vincent-pc/ros2_foxy/install/my_py_pkg/lib/my_py_pkg
[0.824s] Installing battery_py script to /home/vincent-pc/ros2_foxy/install/my_py_pkg/lib/my_py_pkg
[0.824s] Installing hardware_status_publisher_py script to /home/vincent-pc/ros2_foxy/install/my_py_pkg/lib/my_py_pkg
[0.824s] Installing led_panel_py script to /home/vincent-pc/ros2_foxy/install/my_py_pkg/lib/my_py_pkg
[0.824s] Installing number_counter_py script to /home/vincent-pc/ros2_foxy/install/my_py_pkg/lib/my_py_pkg
[0.824s] Installing number_counter_server_py script to /home/vincent-pc/ros2_foxy/install/my_py_pkg/lib/my_py_pkg
[0.824s] Installing number_publisher_py script to /home/vincent-pc/ros2_foxy/install/my_py_pkg/lib/my_py_pkg
[0.824s] Installing py_node script to /home/vincent-pc/ros2_foxy/install/my_py_pkg/lib/my_py_pkg
[0.824s] Installing reset_number_count_service script to /home/vincent-pc/ros2_foxy/install/my_py_pkg/lib/my_py_pkg
[0.824s] Installing robot_news_station script to /home/vincent-pc/ros2_foxy/install/my_py_pkg/lib/my_py_pkg
[0.824s] Installing smartphone script to /home/vincent-pc/ros2_foxy/install/my_py_pkg/lib/my_py_pkg
[0.824s] writing list of installed files to '/home/vincent-pc/ros2_foxy/build/my_py_pkg/install.log'
[0.846s] Invoked command in '/home/vincent-pc/ros2_foxy/src/my_py_pkg' returned '0': PYTHONPATH=/home/vincent-pc/ros2_foxy/build/my_py_pkg/prefix_override:/usr/lib/python3/dist-packages/colcon_core/task/python/colcon_distutils_commands:/home/vincent-pc/ros2_foxy/install/my_py_pkg/lib/python3.8/site-packages:/home/vincent-pc/ros2_foxy/install/my_robot_interfaces/lib/python3.8/site-packages:/home/vincent-pc/ros2_foxy/install/my_py_pkg/lib/python3.8/site-packages:/home/vincent-pc/ros2_ws/install/turtlesim/lib/python3.8/site-packages:/home/vincent-pc/ros2_ws/install/py_srvcli/lib/python3.8/site-packages:/home/vincent-pc/ros2_ws/install/py_pubsub/lib/python3.8/site-packages:/home/vincent-pc/ros2_ws/install/my_package_Py/lib/python3.8/site-packages:/home/vincent-pc/ros2_ws/install/examples_rclpy_minimal_subscriber/lib/python3.8/site-packages:/home/vincent-pc/ros2_ws/install/examples_rclpy_minimal_service/lib/python3.8/site-packages:/home/vincent-pc/ros2_ws/install/examples_rclpy_minimal_publisher/lib/python3.8/site-packages:/home/vincent-pc/ros2_ws/install/examples_rclpy_minimal_client/lib/python3.8/site-packages:/home/vincent-pc/ros2_ws/install/examples_rclpy_minimal_action_server/lib/python3.8/site-packages:/home/vincent-pc/ros2_ws/install/examples_rclpy_minimal_action_client/lib/python3.8/site-packages:/home/vincent-pc/ros2_ws/install/examples_rclpy_executors/lib/python3.8/site-packages:/opt/ros/foxy/lib/python3.8/site-packages /usr/bin/python3 -W ignore:setup.py install is deprecated -W ignore:easy_install command is deprecated setup.py egg_info --egg-base ../../build/my_py_pkg build --build-base /home/vincent-pc/ros2_foxy/build/my_py_pkg/build install --record /home/vincent-pc/ros2_foxy/build/my_py_pkg/install.log --install-scripts $base/lib/my_py_pkg --single-version-externally-managed install_data
