[0.016s] Invoking command in '/home/vincent-pc/ros2_foxy/build/my_cpp_pkg': CMAKE_PREFIX_PATH=${CMAKE_PREFIX_PATH}:/home/vincent-pc/ros2_foxy/install/my_py_pkg:/home/vincent-pc/ros2_ws/install/py_srvcli:/home/vincent-pc/ros2_ws/install/py_pubsub:/home/vincent-pc/ros2_ws/install/my_package_Py:/home/vincent-pc/ros2_ws/install/examples_rclpy_minimal_subscriber:/home/vincent-pc/ros2_ws/install/examples_rclpy_minimal_service:/home/vincent-pc/ros2_ws/install/examples_rclpy_minimal_publisher:/home/vincent-pc/ros2_ws/install/examples_rclpy_minimal_client:/home/vincent-pc/ros2_ws/install/examples_rclpy_minimal_action_server:/home/vincent-pc/ros2_ws/install/examples_rclpy_minimal_action_client:/home/vincent-pc/ros2_ws/install/examples_rclpy_executors:/opt/ros/foxy /usr/bin/cmake --build /home/vincent-pc/ros2_foxy/build/my_cpp_pkg -- -j8 -l8
[0.084s] [35m[1mScanning dependencies of target robot_news_station_cpp[0m
[0.137s] [  4%] [32mBuilding CXX object CMakeFiles/robot_news_station_cpp.dir/src/robot_news_station.cpp.o[0m
[0.143s] [ 20%] Built target add_two_ints_server_cpp
[0.144s] [ 20%] Built target led_panel_cpp
[0.154s] [ 29%] Built target smartphone_cpp
[0.155s] [ 37%] Built target number_counter_cpp
[0.155s] [ 45%] Built target hardware_status_publisher_cpp
[0.160s] [ 54%] Built target add_two_ints_client_no_oop
[0.160s] [ 62%] Built target cpp_node
[0.204s] [ 70%] Built target add_two_ints_client
[0.206s] [ 79%] Built target number_publisher_cpp
[0.207s] [ 87%] Built target reset_number_client
[0.209s] [ 95%] Built target number_counter_server_cpp
[3.179s] [100%] [32m[1mLinking CXX executable robot_news_station_cpp[0m
[3.418s] [100%] Built target robot_news_station_cpp
[3.429s] Invoked command in '/home/vincent-pc/ros2_foxy/build/my_cpp_pkg' returned '0': CMAKE_PREFIX_PATH=${CMAKE_PREFIX_PATH}:/home/vincent-pc/ros2_foxy/install/my_py_pkg:/home/vincent-pc/ros2_ws/install/py_srvcli:/home/vincent-pc/ros2_ws/install/py_pubsub:/home/vincent-pc/ros2_ws/install/my_package_Py:/home/vincent-pc/ros2_ws/install/examples_rclpy_minimal_subscriber:/home/vincent-pc/ros2_ws/install/examples_rclpy_minimal_service:/home/vincent-pc/ros2_ws/install/examples_rclpy_minimal_publisher:/home/vincent-pc/ros2_ws/install/examples_rclpy_minimal_client:/home/vincent-pc/ros2_ws/install/examples_rclpy_minimal_action_server:/home/vincent-pc/ros2_ws/install/examples_rclpy_minimal_action_client:/home/vincent-pc/ros2_ws/install/examples_rclpy_executors:/opt/ros/foxy /usr/bin/cmake --build /home/vincent-pc/ros2_foxy/build/my_cpp_pkg -- -j8 -l8
[3.443s] Invoking command in '/home/vincent-pc/ros2_foxy/build/my_cpp_pkg': CMAKE_PREFIX_PATH=${CMAKE_PREFIX_PATH}:/home/vincent-pc/ros2_foxy/install/my_py_pkg:/home/vincent-pc/ros2_ws/install/py_srvcli:/home/vincent-pc/ros2_ws/install/py_pubsub:/home/vincent-pc/ros2_ws/install/my_package_Py:/home/vincent-pc/ros2_ws/install/examples_rclpy_minimal_subscriber:/home/vincent-pc/ros2_ws/install/examples_rclpy_minimal_service:/home/vincent-pc/ros2_ws/install/examples_rclpy_minimal_publisher:/home/vincent-pc/ros2_ws/install/examples_rclpy_minimal_client:/home/vincent-pc/ros2_ws/install/examples_rclpy_minimal_action_server:/home/vincent-pc/ros2_ws/install/examples_rclpy_minimal_action_client:/home/vincent-pc/ros2_ws/install/examples_rclpy_executors:/opt/ros/foxy /usr/bin/cmake --install /home/vincent-pc/ros2_foxy/build/my_cpp_pkg
[3.453s] -- Install configuration: ""
[3.453s] -- Up-to-date: /home/vincent-pc/ros2_foxy/install/my_cpp_pkg/lib/my_cpp_pkg/cpp_node
[3.454s] -- Installing: /home/vincent-pc/ros2_foxy/install/my_cpp_pkg/lib/my_cpp_pkg/robot_news_station_cpp
[3.454s] -- Set runtime path of "/home/vincent-pc/ros2_foxy/install/my_cpp_pkg/lib/my_cpp_pkg/robot_news_station_cpp" to ""
[3.455s] -- Up-to-date: /home/vincent-pc/ros2_foxy/install/my_cpp_pkg/lib/my_cpp_pkg/smartphone_cpp
[3.455s] -- Up-to-date: /home/vincent-pc/ros2_foxy/install/my_cpp_pkg/lib/my_cpp_pkg/number_publisher_cpp
[3.455s] -- Up-to-date: /home/vincent-pc/ros2_foxy/install/my_cpp_pkg/lib/my_cpp_pkg/number_counter_cpp
[3.456s] -- Up-to-date: /home/vincent-pc/ros2_foxy/install/my_cpp_pkg/lib/my_cpp_pkg/add_two_ints_server_cpp
[3.456s] -- Up-to-date: /home/vincent-pc/ros2_foxy/install/my_cpp_pkg/lib/my_cpp_pkg/add_two_ints_client_no_oop
[3.456s] -- Up-to-date: /home/vincent-pc/ros2_foxy/install/my_cpp_pkg/lib/my_cpp_pkg/add_two_ints_client
[3.457s] -- Up-to-date: /home/vincent-pc/ros2_foxy/install/my_cpp_pkg/lib/my_cpp_pkg/number_counter_server_cpp
[3.457s] -- Up-to-date: /home/vincent-pc/ros2_foxy/install/my_cpp_pkg/lib/my_cpp_pkg/reset_number_client
[3.457s] -- Up-to-date: /home/vincent-pc/ros2_foxy/install/my_cpp_pkg/lib/my_cpp_pkg/hardware_status_publisher_cpp
[3.457s] -- Up-to-date: /home/vincent-pc/ros2_foxy/install/my_cpp_pkg/lib/my_cpp_pkg/led_panel_cpp
[3.457s] -- Up-to-date: /home/vincent-pc/ros2_foxy/install/my_cpp_pkg/share/ament_index/resource_index/package_run_dependencies/my_cpp_pkg
[3.458s] -- Up-to-date: /home/vincent-pc/ros2_foxy/install/my_cpp_pkg/share/ament_index/resource_index/parent_prefix_path/my_cpp_pkg
[3.458s] -- Up-to-date: /home/vincent-pc/ros2_foxy/install/my_cpp_pkg/share/my_cpp_pkg/environment/ament_prefix_path.sh
[3.458s] -- Up-to-date: /home/vincent-pc/ros2_foxy/install/my_cpp_pkg/share/my_cpp_pkg/environment/ament_prefix_path.dsv
[3.458s] -- Up-to-date: /home/vincent-pc/ros2_foxy/install/my_cpp_pkg/share/my_cpp_pkg/environment/path.sh
[3.458s] -- Up-to-date: /home/vincent-pc/ros2_foxy/install/my_cpp_pkg/share/my_cpp_pkg/environment/path.dsv
[3.458s] -- Up-to-date: /home/vincent-pc/ros2_foxy/install/my_cpp_pkg/share/my_cpp_pkg/local_setup.bash
[3.458s] -- Up-to-date: /home/vincent-pc/ros2_foxy/install/my_cpp_pkg/share/my_cpp_pkg/local_setup.sh
[3.458s] -- Up-to-date: /home/vincent-pc/ros2_foxy/install/my_cpp_pkg/share/my_cpp_pkg/local_setup.zsh
[3.458s] -- Up-to-date: /home/vincent-pc/ros2_foxy/install/my_cpp_pkg/share/my_cpp_pkg/local_setup.dsv
[3.458s] -- Installing: /home/vincent-pc/ros2_foxy/install/my_cpp_pkg/share/my_cpp_pkg/package.dsv
[3.458s] -- Up-to-date: /home/vincent-pc/ros2_foxy/install/my_cpp_pkg/share/ament_index/resource_index/packages/my_cpp_pkg
[3.458s] -- Up-to-date: /home/vincent-pc/ros2_foxy/install/my_cpp_pkg/share/my_cpp_pkg/cmake/my_cpp_pkgConfig.cmake
[3.459s] -- Up-to-date: /home/vincent-pc/ros2_foxy/install/my_cpp_pkg/share/my_cpp_pkg/cmake/my_cpp_pkgConfig-version.cmake
[3.459s] -- Up-to-date: /home/vincent-pc/ros2_foxy/install/my_cpp_pkg/share/my_cpp_pkg/package.xml
[3.461s] Invoked command in '/home/vincent-pc/ros2_foxy/build/my_cpp_pkg' returned '0': CMAKE_PREFIX_PATH=${CMAKE_PREFIX_PATH}:/home/vincent-pc/ros2_foxy/install/my_py_pkg:/home/vincent-pc/ros2_ws/install/py_srvcli:/home/vincent-pc/ros2_ws/install/py_pubsub:/home/vincent-pc/ros2_ws/install/my_package_Py:/home/vincent-pc/ros2_ws/install/examples_rclpy_minimal_subscriber:/home/vincent-pc/ros2_ws/install/examples_rclpy_minimal_service:/home/vincent-pc/ros2_ws/install/examples_rclpy_minimal_publisher:/home/vincent-pc/ros2_ws/install/examples_rclpy_minimal_client:/home/vincent-pc/ros2_ws/install/examples_rclpy_minimal_action_server:/home/vincent-pc/ros2_ws/install/examples_rclpy_minimal_action_client:/home/vincent-pc/ros2_ws/install/examples_rclpy_executors:/opt/ros/foxy /usr/bin/cmake --install /home/vincent-pc/ros2_foxy/build/my_cpp_pkg
