[0.600s] Invoking command in '/home/vincent-pc/ros2_foxy/src/turtlesim_catch_them_all_py': CMAKE_PREFIX_PATH=/home/vincent-pc/ros2_foxy/install/my_robot_interfaces:/home/vincent-pc/ros2_foxy/install/my_robot_bringup:/home/vincent-pc/ros2_foxy/install/turtlesim_catch_them_all:/home/vincent-pc/ros2_foxy/install/my_cpp_pkg PYTHONPATH=/home/vincent-pc/ros2_foxy/build/turtlesim_catch_them_all_py/prefix_override:/usr/lib/python3/dist-packages/colcon_core/task/python/colcon_distutils_commands:/home/vincent-pc/ros2_foxy/install/turtlesim_catch_them_all_py/lib/python3.8/site-packages:/home/vincent-pc/ros2_foxy/install/my_robot_interfaces/lib/python3.8/site-packages:/home/vincent-pc/ros2_foxy/install/turtlesim_catch_them_all_py/lib/python3.8/site-packages:/home/vincent-pc/ros2_foxy/install/my_py_pkg/lib/python3.8/site-packages:/opt/ros/foxy/lib/python3.8/site-packages /usr/bin/python3 -W ignore:setup.py install is deprecated -W ignore:easy_install command is deprecated setup.py egg_info --egg-base ../../build/turtlesim_catch_them_all_py build --build-base /home/vincent-pc/ros2_foxy/build/turtlesim_catch_them_all_py/build install --record /home/vincent-pc/ros2_foxy/build/turtlesim_catch_them_all_py/install.log --install-scripts $base/lib/turtlesim_catch_them_all_py --single-version-externally-managed install_data
[0.785s] running egg_info
[0.785s] writing ../../build/turtlesim_catch_them_all_py/turtlesim_catch_them_all_py.egg-info/PKG-INFO
[0.785s] writing dependency_links to ../../build/turtlesim_catch_them_all_py/turtlesim_catch_them_all_py.egg-info/dependency_links.txt
[0.786s] writing entry points to ../../build/turtlesim_catch_them_all_py/turtlesim_catch_them_all_py.egg-info/entry_points.txt
[0.786s] writing requirements to ../../build/turtlesim_catch_them_all_py/turtlesim_catch_them_all_py.egg-info/requires.txt
[0.786s] writing top-level names to ../../build/turtlesim_catch_them_all_py/turtlesim_catch_them_all_py.egg-info/top_level.txt
[0.815s] reading manifest file '../../build/turtlesim_catch_them_all_py/turtlesim_catch_them_all_py.egg-info/SOURCES.txt'
[0.817s] writing manifest file '../../build/turtlesim_catch_them_all_py/turtlesim_catch_them_all_py.egg-info/SOURCES.txt'
[0.817s] running build
[0.817s] running build_py
[0.817s] copying turtlesim_catch_them_all_py/turtle_spawner.py -> /home/vincent-pc/ros2_foxy/build/turtlesim_catch_them_all_py/build/lib/turtlesim_catch_them_all_py
[0.817s] copying turtlesim_catch_them_all_py/turtle_controller.py -> /home/vincent-pc/ros2_foxy/build/turtlesim_catch_them_all_py/build/lib/turtlesim_catch_them_all_py
[0.817s] running install
[0.818s] running install_lib
[0.819s] copying /home/vincent-pc/ros2_foxy/build/turtlesim_catch_them_all_py/build/lib/turtlesim_catch_them_all_py/turtle_spawner.py -> /home/vincent-pc/ros2_foxy/install/turtlesim_catch_them_all_py/lib/python3.8/site-packages/turtlesim_catch_them_all_py
[0.819s] copying /home/vincent-pc/ros2_foxy/build/turtlesim_catch_them_all_py/build/lib/turtlesim_catch_them_all_py/turtle_controller.py -> /home/vincent-pc/ros2_foxy/install/turtlesim_catch_them_all_py/lib/python3.8/site-packages/turtlesim_catch_them_all_py
[0.819s] byte-compiling /home/vincent-pc/ros2_foxy/install/turtlesim_catch_them_all_py/lib/python3.8/site-packages/turtlesim_catch_them_all_py/turtle_spawner.py to turtle_spawner.cpython-38.pyc
[0.821s] byte-compiling /home/vincent-pc/ros2_foxy/install/turtlesim_catch_them_all_py/lib/python3.8/site-packages/turtlesim_catch_them_all_py/turtle_controller.py to turtle_controller.cpython-38.pyc
[0.822s] running install_data
[0.822s] running install_egg_info
[0.824s] removing '/home/vincent-pc/ros2_foxy/install/turtlesim_catch_them_all_py/lib/python3.8/site-packages/turtlesim_catch_them_all_py-0.0.0-py3.8.egg-info' (and everything under it)
[0.824s] Copying ../../build/turtlesim_catch_them_all_py/turtlesim_catch_them_all_py.egg-info to /home/vincent-pc/ros2_foxy/install/turtlesim_catch_them_all_py/lib/python3.8/site-packages/turtlesim_catch_them_all_py-0.0.0-py3.8.egg-info
[0.824s] running install_scripts
[0.841s] Installing controller_py script to /home/vincent-pc/ros2_foxy/install/turtlesim_catch_them_all_py/lib/turtlesim_catch_them_all_py
[0.841s] Installing controller_py_PID script to /home/vincent-pc/ros2_foxy/install/turtlesim_catch_them_all_py/lib/turtlesim_catch_them_all_py
[0.842s] Installing spawner_py script to /home/vincent-pc/ros2_foxy/install/turtlesim_catch_them_all_py/lib/turtlesim_catch_them_all_py
[0.842s] writing list of installed files to '/home/vincent-pc/ros2_foxy/build/turtlesim_catch_them_all_py/install.log'
[0.860s] Invoked command in '/home/vincent-pc/ros2_foxy/src/turtlesim_catch_them_all_py' returned '0': CMAKE_PREFIX_PATH=/home/vincent-pc/ros2_foxy/install/my_robot_interfaces:/home/vincent-pc/ros2_foxy/install/my_robot_bringup:/home/vincent-pc/ros2_foxy/install/turtlesim_catch_them_all:/home/vincent-pc/ros2_foxy/install/my_cpp_pkg PYTHONPATH=/home/vincent-pc/ros2_foxy/build/turtlesim_catch_them_all_py/prefix_override:/usr/lib/python3/dist-packages/colcon_core/task/python/colcon_distutils_commands:/home/vincent-pc/ros2_foxy/install/turtlesim_catch_them_all_py/lib/python3.8/site-packages:/home/vincent-pc/ros2_foxy/install/my_robot_interfaces/lib/python3.8/site-packages:/home/vincent-pc/ros2_foxy/install/turtlesim_catch_them_all_py/lib/python3.8/site-packages:/home/vincent-pc/ros2_foxy/install/my_py_pkg/lib/python3.8/site-packages:/opt/ros/foxy/lib/python3.8/site-packages /usr/bin/python3 -W ignore:setup.py install is deprecated -W ignore:easy_install command is deprecated setup.py egg_info --egg-base ../../build/turtlesim_catch_them_all_py build --build-base /home/vincent-pc/ros2_foxy/build/turtlesim_catch_them_all_py/build install --record /home/vincent-pc/ros2_foxy/build/turtlesim_catch_them_all_py/install.log --install-scripts $base/lib/turtlesim_catch_them_all_py --single-version-externally-managed install_data
