[35m[1mScanning dependencies of target controller[0m
[ 50%] [32mBuilding CXX object CMakeFiles/controller.dir/src/turtle_controller.cpp.o[0m
[100%] [32m[1mLinking CXX executable controller[0m
[100%] Built target controller
-- Install configuration: ""
-- Installing: /home/vincent-pc/ros2_foxy/install/turtlesim_catch_them_all_cpp/lib/turtlesim_catch_them_all_cpp/controller
-- Set runtime path of "/home/vincent-pc/ros2_foxy/install/turtlesim_catch_them_all_cpp/lib/turtlesim_catch_them_all_cpp/controller" to ""
-- Installing: /home/vincent-pc/ros2_foxy/install/turtlesim_catch_them_all_cpp/share/ament_index/resource_index/package_run_dependencies/turtlesim_catch_them_all_cpp
-- Installing: /home/vincent-pc/ros2_foxy/install/turtlesim_catch_them_all_cpp/share/ament_index/resource_index/parent_prefix_path/turtlesim_catch_them_all_cpp
-- Installing: /home/vincent-pc/ros2_foxy/install/turtlesim_catch_them_all_cpp/share/turtlesim_catch_them_all_cpp/environment/ament_prefix_path.sh
-- Installing: /home/vincent-pc/ros2_foxy/install/turtlesim_catch_them_all_cpp/share/turtlesim_catch_them_all_cpp/environment/ament_prefix_path.dsv
-- Installing: /home/vincent-pc/ros2_foxy/install/turtlesim_catch_them_all_cpp/share/turtlesim_catch_them_all_cpp/environment/path.sh
-- Installing: /home/vincent-pc/ros2_foxy/install/turtlesim_catch_them_all_cpp/share/turtlesim_catch_them_all_cpp/environment/path.dsv
-- Installing: /home/vincent-pc/ros2_foxy/install/turtlesim_catch_them_all_cpp/share/turtlesim_catch_them_all_cpp/local_setup.bash
-- Installing: /home/vincent-pc/ros2_foxy/install/turtlesim_catch_them_all_cpp/share/turtlesim_catch_them_all_cpp/local_setup.sh
-- Installing: /home/vincent-pc/ros2_foxy/install/turtlesim_catch_them_all_cpp/share/turtlesim_catch_them_all_cpp/local_setup.zsh
-- Installing: /home/vincent-pc/ros2_foxy/install/turtlesim_catch_them_all_cpp/share/turtlesim_catch_them_all_cpp/local_setup.dsv
-- Installing: /home/vincent-pc/ros2_foxy/install/turtlesim_catch_them_all_cpp/share/turtlesim_catch_them_all_cpp/package.dsv
-- Installing: /home/vincent-pc/ros2_foxy/install/turtlesim_catch_them_all_cpp/share/ament_index/resource_index/packages/turtlesim_catch_them_all_cpp
-- Installing: /home/vincent-pc/ros2_foxy/install/turtlesim_catch_them_all_cpp/share/turtlesim_catch_them_all_cpp/cmake/turtlesim_catch_them_all_cppConfig.cmake
-- Installing: /home/vincent-pc/ros2_foxy/install/turtlesim_catch_them_all_cpp/share/turtlesim_catch_them_all_cpp/cmake/turtlesim_catch_them_all_cppConfig-version.cmake
-- Installing: /home/vincent-pc/ros2_foxy/install/turtlesim_catch_them_all_cpp/share/turtlesim_catch_them_all_cpp/package.xml
