[0.567s] Invoking command in '/home/vincent-pc/ros2_foxy/src/my_py_pkg': PYTHONPATH=/home/vincent-pc/ros2_foxy/build/my_py_pkg/prefix_override:/usr/lib/python3/dist-packages/colcon_core/task/python/colcon_distutils_commands:/home/vincent-pc/ros2_foxy/install/my_py_pkg/lib/python3.8/site-packages:${PYTHONPATH} /usr/bin/python3 -W ignore:setup.py install is deprecated -W ignore:easy_install command is deprecated setup.py egg_info --egg-base ../../build/my_py_pkg build --build-base /home/vincent-pc/ros2_foxy/build/my_py_pkg/build install --record /home/vincent-pc/ros2_foxy/build/my_py_pkg/install.log --install-scripts $base/lib/my_py_pkg --single-version-externally-managed install_data
[0.742s] running egg_info
[0.743s] creating ../../build/my_py_pkg/my_py_pkg.egg-info
[0.743s] writing ../../build/my_py_pkg/my_py_pkg.egg-info/PKG-INFO
[0.743s] writing dependency_links to ../../build/my_py_pkg/my_py_pkg.egg-info/dependency_links.txt
[0.743s] writing entry points to ../../build/my_py_pkg/my_py_pkg.egg-info/entry_points.txt
[0.743s] writing requirements to ../../build/my_py_pkg/my_py_pkg.egg-info/requires.txt
[0.744s] writing top-level names to ../../build/my_py_pkg/my_py_pkg.egg-info/top_level.txt
[0.746s] writing manifest file '../../build/my_py_pkg/my_py_pkg.egg-info/SOURCES.txt'
[0.772s] reading manifest file '../../build/my_py_pkg/my_py_pkg.egg-info/SOURCES.txt'
[0.773s] writing manifest file '../../build/my_py_pkg/my_py_pkg.egg-info/SOURCES.txt'
[0.773s] running build
[0.773s] running build_py
[0.773s] creating /home/vincent-pc/ros2_foxy/build/my_py_pkg/build
[0.773s] creating /home/vincent-pc/ros2_foxy/build/my_py_pkg/build/lib
[0.773s] creating /home/vincent-pc/ros2_foxy/build/my_py_pkg/build/lib/my_py_pkg
[0.773s] copying my_py_pkg/__init__.py -> /home/vincent-pc/ros2_foxy/build/my_py_pkg/build/lib/my_py_pkg
[0.773s] running install
[0.774s] running install_lib
[0.775s] creating /home/vincent-pc/ros2_foxy/install/my_py_pkg/lib/python3.8/site-packages/my_py_pkg
[0.775s] copying /home/vincent-pc/ros2_foxy/build/my_py_pkg/build/lib/my_py_pkg/__init__.py -> /home/vincent-pc/ros2_foxy/install/my_py_pkg/lib/python3.8/site-packages/my_py_pkg
[0.775s] byte-compiling /home/vincent-pc/ros2_foxy/install/my_py_pkg/lib/python3.8/site-packages/my_py_pkg/__init__.py to __init__.cpython-38.pyc
[0.776s] running install_data
[0.776s] creating /home/vincent-pc/ros2_foxy/install/my_py_pkg/share/ament_index
[0.776s] creating /home/vincent-pc/ros2_foxy/install/my_py_pkg/share/ament_index/resource_index
[0.776s] creating /home/vincent-pc/ros2_foxy/install/my_py_pkg/share/ament_index/resource_index/packages
[0.776s] copying resource/my_py_pkg -> /home/vincent-pc/ros2_foxy/install/my_py_pkg/share/ament_index/resource_index/packages
[0.777s] copying package.xml -> /home/vincent-pc/ros2_foxy/install/my_py_pkg/share/my_py_pkg
[0.777s] running install_egg_info
[0.778s] Copying ../../build/my_py_pkg/my_py_pkg.egg-info to /home/vincent-pc/ros2_foxy/install/my_py_pkg/lib/python3.8/site-packages/my_py_pkg-0.0.0-py3.8.egg-info
[0.779s] running install_scripts
[0.792s] writing list of installed files to '/home/vincent-pc/ros2_foxy/build/my_py_pkg/install.log'
[0.811s] Invoked command in '/home/vincent-pc/ros2_foxy/src/my_py_pkg' returned '0': PYTHONPATH=/home/vincent-pc/ros2_foxy/build/my_py_pkg/prefix_override:/usr/lib/python3/dist-packages/colcon_core/task/python/colcon_distutils_commands:/home/vincent-pc/ros2_foxy/install/my_py_pkg/lib/python3.8/site-packages:${PYTHONPATH} /usr/bin/python3 -W ignore:setup.py install is deprecated -W ignore:easy_install command is deprecated setup.py egg_info --egg-base ../../build/my_py_pkg build --build-base /home/vincent-pc/ros2_foxy/build/my_py_pkg/build install --record /home/vincent-pc/ros2_foxy/build/my_py_pkg/install.log --install-scripts $base/lib/my_py_pkg --single-version-externally-managed install_data
