[0.734s] Invoking command in '/home/vincent-pc/ros2_foxy/src/my_py_pkg': PYTHONPATH=/home/vincent-pc/ros2_foxy/build/my_py_pkg/prefix_override:/usr/lib/python3/dist-packages/colcon_core/task/python/colcon_distutils_commands:/home/vincent-pc/ros2_foxy/install/my_py_pkg/lib/python3.8/site-packages:${PYTHONPATH} /usr/bin/python3 -W ignore:setup.py install is deprecated -W ignore:easy_install command is deprecated setup.py egg_info --egg-base ../../build/my_py_pkg build --build-base /home/vincent-pc/ros2_foxy/build/my_py_pkg/build install --record /home/vincent-pc/ros2_foxy/build/my_py_pkg/install.log --install-scripts $base/lib/my_py_pkg --single-version-externally-managed install_data
[0.972s] running egg_info
[0.973s] writing ../../build/my_py_pkg/my_py_pkg.egg-info/PKG-INFO
[0.973s] writing dependency_links to ../../build/my_py_pkg/my_py_pkg.egg-info/dependency_links.txt
[0.973s] writing entry points to ../../build/my_py_pkg/my_py_pkg.egg-info/entry_points.txt
[0.974s] writing requirements to ../../build/my_py_pkg/my_py_pkg.egg-info/requires.txt
[0.974s] writing top-level names to ../../build/my_py_pkg/my_py_pkg.egg-info/top_level.txt
[1.011s] reading manifest file '../../build/my_py_pkg/my_py_pkg.egg-info/SOURCES.txt'
[1.012s] writing manifest file '../../build/my_py_pkg/my_py_pkg.egg-info/SOURCES.txt'
[1.012s] running build
[1.013s] running build_py
[1.013s] copying my_py_pkg/reset_number_service.py -> /home/vincent-pc/ros2_foxy/build/my_py_pkg/build/lib/my_py_pkg
[1.014s] copying my_py_pkg/number_counter_server.py -> /home/vincent-pc/ros2_foxy/build/my_py_pkg/build/lib/my_py_pkg
[1.014s] running install
[1.015s] running install_lib
[1.017s] copying /home/vincent-pc/ros2_foxy/build/my_py_pkg/build/lib/my_py_pkg/reset_number_service.py -> /home/vincent-pc/ros2_foxy/install/my_py_pkg/lib/python3.8/site-packages/my_py_pkg
[1.017s] copying /home/vincent-pc/ros2_foxy/build/my_py_pkg/build/lib/my_py_pkg/number_counter_server.py -> /home/vincent-pc/ros2_foxy/install/my_py_pkg/lib/python3.8/site-packages/my_py_pkg
[1.018s] byte-compiling /home/vincent-pc/ros2_foxy/install/my_py_pkg/lib/python3.8/site-packages/my_py_pkg/reset_number_service.py to reset_number_service.cpython-38.pyc
[1.019s] byte-compiling /home/vincent-pc/ros2_foxy/install/my_py_pkg/lib/python3.8/site-packages/my_py_pkg/number_counter_server.py to number_counter_server.cpython-38.pyc
[1.020s] running install_data
[1.020s] running install_egg_info
[1.022s] removing '/home/vincent-pc/ros2_foxy/install/my_py_pkg/lib/python3.8/site-packages/my_py_pkg-0.0.0-py3.8.egg-info' (and everything under it)
[1.022s] Copying ../../build/my_py_pkg/my_py_pkg.egg-info to /home/vincent-pc/ros2_foxy/install/my_py_pkg/lib/python3.8/site-packages/my_py_pkg-0.0.0-py3.8.egg-info
[1.023s] running install_scripts
[1.042s] Installing add_two_ints_client script to /home/vincent-pc/ros2_foxy/install/my_py_pkg/lib/my_py_pkg
[1.042s] Installing add_two_ints_client_no_oop_py script to /home/vincent-pc/ros2_foxy/install/my_py_pkg/lib/my_py_pkg
[1.042s] Installing add_two_ints_server_py script to /home/vincent-pc/ros2_foxy/install/my_py_pkg/lib/my_py_pkg
[1.042s] Installing number_counter_py script to /home/vincent-pc/ros2_foxy/install/my_py_pkg/lib/my_py_pkg
[1.042s] Installing number_publisher_py script to /home/vincent-pc/ros2_foxy/install/my_py_pkg/lib/my_py_pkg
[1.042s] Installing py_node script to /home/vincent-pc/ros2_foxy/install/my_py_pkg/lib/my_py_pkg
[1.043s] Installing robot_news_station script to /home/vincent-pc/ros2_foxy/install/my_py_pkg/lib/my_py_pkg
[1.043s] Installing smartphone script to /home/vincent-pc/ros2_foxy/install/my_py_pkg/lib/my_py_pkg
[1.043s] writing list of installed files to '/home/vincent-pc/ros2_foxy/build/my_py_pkg/install.log'
[1.068s] Invoked command in '/home/vincent-pc/ros2_foxy/src/my_py_pkg' returned '0': PYTHONPATH=/home/vincent-pc/ros2_foxy/build/my_py_pkg/prefix_override:/usr/lib/python3/dist-packages/colcon_core/task/python/colcon_distutils_commands:/home/vincent-pc/ros2_foxy/install/my_py_pkg/lib/python3.8/site-packages:${PYTHONPATH} /usr/bin/python3 -W ignore:setup.py install is deprecated -W ignore:easy_install command is deprecated setup.py egg_info --egg-base ../../build/my_py_pkg build --build-base /home/vincent-pc/ros2_foxy/build/my_py_pkg/build install --record /home/vincent-pc/ros2_foxy/build/my_py_pkg/install.log --install-scripts $base/lib/my_py_pkg --single-version-externally-managed install_data
