-- Found ament_cmake: 0.9.12 (/opt/ros/foxy/share/ament_cmake/cmake)
-- Found PythonInterp: /usr/bin/python3 (found suitable version "3.8.10", minimum required is "3") 
-- Using PYTHON_EXECUTABLE: /usr/bin/python3
-- Override CMake install command with custom implementation using symlinks instead of copying resources
-- Found rosidl_default_generators: 1.0.1 (/opt/ros/foxy/share/rosidl_default_generators/cmake)
-- Using all available rosidl_typesupport_c: rosidl_typesupport_fastrtps_c;rosidl_typesupport_introspection_c
-- Found rosidl_adapter: 1.3.1 (/opt/ros/foxy/share/rosidl_adapter/cmake)
-- Using all available rosidl_typesupport_cpp: rosidl_typesupport_fastrtps_cpp;rosidl_typesupport_introspection_cpp
-- Found PythonInterp: /usr/bin/python3 (found version "3.8.10") 
-- Found ament_cmake_ros: 0.9.2 (/opt/ros/foxy/share/ament_cmake_ros/cmake)
-- Using all available rosidl_typesupport_c: rosidl_typesupport_fastrtps_c;rosidl_typesupport_introspection_c
-- Using all available rosidl_typesupport_cpp: rosidl_typesupport_fastrtps_cpp;rosidl_typesupport_introspection_cpp
-- Found PythonInterp: /usr/bin/python3 (found suitable version "3.8.10", minimum required is "3.5") 
-- Found python_cmake_module: 0.8.1 (/opt/ros/foxy/share/python_cmake_module/cmake)
-- Using PYTHON_EXECUTABLE: /usr/bin/python3
-- Using PYTHON_INCLUDE_DIRS: /usr/include/python3.8
-- Using PYTHON_LIBRARIES: /usr/lib/x86_64-linux-gnu/libpython3.8.so
-- Configuring done
-- Generating done
-- Build files have been written to: /home/vincent-pc/ros2_foxy/build/my_robot_interfaces
[  1%] Built target my_robot_interfaces__cpp
[ 12%] Built target my_robot_interfaces__rosidl_generator_c
[ 24%] Built target my_robot_interfaces__rosidl_typesupport_introspection_cpp
[ 25%] [32m[1mLinking CXX shared library libmy_robot_interfaces__rosidl_typesupport_fastrtps_cpp.so[0m
[ 36%] Built target my_robot_interfaces__rosidl_typesupport_cpp
[ 54%] Built target my_robot_interfaces__rosidl_typesupport_c
[ 59%] Built target my_robot_interfaces__rosidl_typesupport_introspection_c
[ 69%] Built target my_robot_interfaces__rosidl_typesupport_fastrtps_cpp
[ 70%] [32m[1mLinking CXX shared library libmy_robot_interfaces__rosidl_typesupport_fastrtps_c.so[0m
[ 81%] Built target my_robot_interfaces__rosidl_typesupport_fastrtps_c
[ 81%] Built target my_robot_interfaces
[ 82%] Built target my_robot_interfaces__py
[ 83%] [32m[1mLinking C shared library rosidl_generator_py/my_robot_interfaces/libmy_robot_interfaces__python.so[0m
[ 92%] Built target my_robot_interfaces__python
[ 93%] [32m[1mLinking C shared library rosidl_generator_py/my_robot_interfaces/my_robot_interfaces_s__rosidl_typesupport_c.cpython-38-x86_64-linux-gnu.so[0m
[ 94%] [32m[1mLinking CXX shared library rosidl_generator_py/my_robot_interfaces/my_robot_interfaces_s__rosidl_typesupport_fastrtps_c.cpython-38-x86_64-linux-gnu.so[0m
[ 96%] [32m[1mLinking C shared library rosidl_generator_py/my_robot_interfaces/my_robot_interfaces_s__rosidl_typesupport_introspection_c.cpython-38-x86_64-linux-gnu.so[0m
[ 97%] Built target my_robot_interfaces__rosidl_typesupport_c__pyext
[ 98%] Built target my_robot_interfaces__rosidl_typesupport_introspection_c__pyext
[100%] Built target my_robot_interfaces__rosidl_typesupport_fastrtps_c__pyext
-- Install configuration: ""
-- Execute custom install script
-- Symlinking: /home/vincent-pc/ros2_foxy/install/my_robot_interfaces/share/ament_index/resource_index/rosidl_interfaces/my_robot_interfaces
-- Symlinking: /home/vincent-pc/ros2_foxy/install/my_robot_interfaces/include/my_robot_interfaces/msg/detail/hardware_status__functions.h
-- Symlinking: /home/vincent-pc/ros2_foxy/install/my_robot_interfaces/include/my_robot_interfaces/msg/detail/hardware_status__struct.h
-- Symlinking: /home/vincent-pc/ros2_foxy/install/my_robot_interfaces/include/my_robot_interfaces/msg/detail/hardware_status__type_support.h
-- Symlinking: /home/vincent-pc/ros2_foxy/install/my_robot_interfaces/include/my_robot_interfaces/msg/detail/led_state_array__functions.h
-- Symlinking: /home/vincent-pc/ros2_foxy/install/my_robot_interfaces/include/my_robot_interfaces/msg/detail/led_state_array__struct.h
-- Symlinking: /home/vincent-pc/ros2_foxy/install/my_robot_interfaces/include/my_robot_interfaces/msg/detail/led_state_array__type_support.h
-- Symlinking: /home/vincent-pc/ros2_foxy/install/my_robot_interfaces/include/my_robot_interfaces/msg/detail/turtle__functions.h
-- Symlinking: /home/vincent-pc/ros2_foxy/install/my_robot_interfaces/include/my_robot_interfaces/msg/detail/turtle__struct.h
-- Symlinking: /home/vincent-pc/ros2_foxy/install/my_robot_interfaces/include/my_robot_interfaces/msg/detail/turtle__type_support.h
-- Symlinking: /home/vincent-pc/ros2_foxy/install/my_robot_interfaces/include/my_robot_interfaces/msg/detail/turtle_array__functions.h
-- Symlinking: /home/vincent-pc/ros2_foxy/install/my_robot_interfaces/include/my_robot_interfaces/msg/detail/turtle_array__struct.h
-- Symlinking: /home/vincent-pc/ros2_foxy/install/my_robot_interfaces/include/my_robot_interfaces/msg/detail/turtle_array__type_support.h
-- Symlinking: /home/vincent-pc/ros2_foxy/install/my_robot_interfaces/include/my_robot_interfaces/msg/hardware_status.h
-- Symlinking: /home/vincent-pc/ros2_foxy/install/my_robot_interfaces/include/my_robot_interfaces/msg/led_state_array.h
-- Symlinking: /home/vincent-pc/ros2_foxy/install/my_robot_interfaces/include/my_robot_interfaces/msg/rosidl_generator_c__visibility_control.h
-- Symlinking: /home/vincent-pc/ros2_foxy/install/my_robot_interfaces/include/my_robot_interfaces/msg/turtle.h
-- Symlinking: /home/vincent-pc/ros2_foxy/install/my_robot_interfaces/include/my_robot_interfaces/msg/turtle_array.h
-- Symlinking: /home/vincent-pc/ros2_foxy/install/my_robot_interfaces/include/my_robot_interfaces/srv/catch_turtle.h
-- Symlinking: /home/vincent-pc/ros2_foxy/install/my_robot_interfaces/include/my_robot_interfaces/srv/compute_rectangle_area.h
-- Symlinking: /home/vincent-pc/ros2_foxy/install/my_robot_interfaces/include/my_robot_interfaces/srv/detail/catch_turtle__functions.h
-- Symlinking: /home/vincent-pc/ros2_foxy/install/my_robot_interfaces/include/my_robot_interfaces/srv/detail/catch_turtle__struct.h
-- Symlinking: /home/vincent-pc/ros2_foxy/install/my_robot_interfaces/include/my_robot_interfaces/srv/detail/catch_turtle__type_support.h
-- Symlinking: /home/vincent-pc/ros2_foxy/install/my_robot_interfaces/include/my_robot_interfaces/srv/detail/compute_rectangle_area__functions.h
-- Symlinking: /home/vincent-pc/ros2_foxy/install/my_robot_interfaces/include/my_robot_interfaces/srv/detail/compute_rectangle_area__struct.h
-- Symlinking: /home/vincent-pc/ros2_foxy/install/my_robot_interfaces/include/my_robot_interfaces/srv/detail/compute_rectangle_area__type_support.h
-- Symlinking: /home/vincent-pc/ros2_foxy/install/my_robot_interfaces/include/my_robot_interfaces/srv/detail/set_led__functions.h
-- Symlinking: /home/vincent-pc/ros2_foxy/install/my_robot_interfaces/include/my_robot_interfaces/srv/detail/set_led__struct.h
-- Symlinking: /home/vincent-pc/ros2_foxy/install/my_robot_interfaces/include/my_robot_interfaces/srv/detail/set_led__type_support.h
-- Symlinking: /home/vincent-pc/ros2_foxy/install/my_robot_interfaces/include/my_robot_interfaces/srv/set_led.h
-- Symlinking: /home/vincent-pc/ros2_foxy/install/my_robot_interfaces/share/my_robot_interfaces/environment/library_path.sh
-- Symlinking: /home/vincent-pc/ros2_foxy/install/my_robot_interfaces/share/my_robot_interfaces/environment/library_path.dsv
-- Symlinking: /home/vincent-pc/ros2_foxy/install/my_robot_interfaces/include/my_robot_interfaces/msg/detail/hardware_status__rosidl_typesupport_fastrtps_c.h
-- Symlinking: /home/vincent-pc/ros2_foxy/install/my_robot_interfaces/include/my_robot_interfaces/msg/detail/led_state_array__rosidl_typesupport_fastrtps_c.h
-- Symlinking: /home/vincent-pc/ros2_foxy/install/my_robot_interfaces/include/my_robot_interfaces/msg/detail/turtle__rosidl_typesupport_fastrtps_c.h
-- Symlinking: /home/vincent-pc/ros2_foxy/install/my_robot_interfaces/include/my_robot_interfaces/msg/detail/turtle_array__rosidl_typesupport_fastrtps_c.h
-- Symlinking: /home/vincent-pc/ros2_foxy/install/my_robot_interfaces/include/my_robot_interfaces/msg/rosidl_typesupport_fastrtps_c__visibility_control.h
-- Symlinking: /home/vincent-pc/ros2_foxy/install/my_robot_interfaces/include/my_robot_interfaces/srv/detail/catch_turtle__rosidl_typesupport_fastrtps_c.h
-- Symlinking: /home/vincent-pc/ros2_foxy/install/my_robot_interfaces/include/my_robot_interfaces/srv/detail/compute_rectangle_area__rosidl_typesupport_fastrtps_c.h
-- Symlinking: /home/vincent-pc/ros2_foxy/install/my_robot_interfaces/include/my_robot_interfaces/srv/detail/set_led__rosidl_typesupport_fastrtps_c.h
-- Symlinking: /home/vincent-pc/ros2_foxy/install/my_robot_interfaces/lib/libmy_robot_interfaces__rosidl_typesupport_fastrtps_c.so
-- Symlinking: /home/vincent-pc/ros2_foxy/install/my_robot_interfaces/include/my_robot_interfaces/msg/detail/hardware_status__rosidl_typesupport_fastrtps_cpp.hpp
-- Symlinking: /home/vincent-pc/ros2_foxy/install/my_robot_interfaces/include/my_robot_interfaces/msg/detail/led_state_array__rosidl_typesupport_fastrtps_cpp.hpp
-- Symlinking: /home/vincent-pc/ros2_foxy/install/my_robot_interfaces/include/my_robot_interfaces/msg/detail/turtle__rosidl_typesupport_fastrtps_cpp.hpp
-- Symlinking: /home/vincent-pc/ros2_foxy/install/my_robot_interfaces/include/my_robot_interfaces/msg/detail/turtle_array__rosidl_typesupport_fastrtps_cpp.hpp
-- Symlinking: /home/vincent-pc/ros2_foxy/install/my_robot_interfaces/include/my_robot_interfaces/msg/rosidl_typesupport_fastrtps_cpp__visibility_control.h
-- Symlinking: /home/vincent-pc/ros2_foxy/install/my_robot_interfaces/include/my_robot_interfaces/srv/detail/catch_turtle__rosidl_typesupport_fastrtps_cpp.hpp
-- Symlinking: /home/vincent-pc/ros2_foxy/install/my_robot_interfaces/include/my_robot_interfaces/srv/detail/compute_rectangle_area__rosidl_typesupport_fastrtps_cpp.hpp
-- Symlinking: /home/vincent-pc/ros2_foxy/install/my_robot_interfaces/include/my_robot_interfaces/srv/detail/set_led__rosidl_typesupport_fastrtps_cpp.hpp
-- Symlinking: /home/vincent-pc/ros2_foxy/install/my_robot_interfaces/lib/libmy_robot_interfaces__rosidl_typesupport_fastrtps_cpp.so
-- Symlinking: /home/vincent-pc/ros2_foxy/install/my_robot_interfaces/include/my_robot_interfaces/msg/detail/hardware_status__rosidl_typesupport_introspection_c.h
-- Symlinking: /home/vincent-pc/ros2_foxy/install/my_robot_interfaces/include/my_robot_interfaces/msg/detail/led_state_array__rosidl_typesupport_introspection_c.h
-- Symlinking: /home/vincent-pc/ros2_foxy/install/my_robot_interfaces/include/my_robot_interfaces/msg/detail/turtle__rosidl_typesupport_introspection_c.h
-- Symlinking: /home/vincent-pc/ros2_foxy/install/my_robot_interfaces/include/my_robot_interfaces/msg/detail/turtle_array__rosidl_typesupport_introspection_c.h
-- Symlinking: /home/vincent-pc/ros2_foxy/install/my_robot_interfaces/include/my_robot_interfaces/msg/rosidl_typesupport_introspection_c__visibility_control.h
-- Symlinking: /home/vincent-pc/ros2_foxy/install/my_robot_interfaces/include/my_robot_interfaces/srv/detail/catch_turtle__rosidl_typesupport_introspection_c.h
-- Symlinking: /home/vincent-pc/ros2_foxy/install/my_robot_interfaces/include/my_robot_interfaces/srv/detail/compute_rectangle_area__rosidl_typesupport_introspection_c.h
-- Symlinking: /home/vincent-pc/ros2_foxy/install/my_robot_interfaces/include/my_robot_interfaces/srv/detail/set_led__rosidl_typesupport_introspection_c.h
-- Symlinking: /home/vincent-pc/ros2_foxy/install/my_robot_interfaces/include/my_robot_interfaces/msg/detail/hardware_status__builder.hpp
-- Symlinking: /home/vincent-pc/ros2_foxy/install/my_robot_interfaces/include/my_robot_interfaces/msg/detail/hardware_status__struct.hpp
-- Symlinking: /home/vincent-pc/ros2_foxy/install/my_robot_interfaces/include/my_robot_interfaces/msg/detail/hardware_status__traits.hpp
-- Symlinking: /home/vincent-pc/ros2_foxy/install/my_robot_interfaces/include/my_robot_interfaces/msg/detail/hardware_status__type_support.hpp
-- Symlinking: /home/vincent-pc/ros2_foxy/install/my_robot_interfaces/include/my_robot_interfaces/msg/detail/led_state_array__builder.hpp
-- Symlinking: /home/vincent-pc/ros2_foxy/install/my_robot_interfaces/include/my_robot_interfaces/msg/detail/led_state_array__struct.hpp
-- Symlinking: /home/vincent-pc/ros2_foxy/install/my_robot_interfaces/include/my_robot_interfaces/msg/detail/led_state_array__traits.hpp
-- Symlinking: /home/vincent-pc/ros2_foxy/install/my_robot_interfaces/include/my_robot_interfaces/msg/detail/led_state_array__type_support.hpp
-- Symlinking: /home/vincent-pc/ros2_foxy/install/my_robot_interfaces/include/my_robot_interfaces/msg/detail/turtle__builder.hpp
-- Symlinking: /home/vincent-pc/ros2_foxy/install/my_robot_interfaces/include/my_robot_interfaces/msg/detail/turtle__struct.hpp
-- Symlinking: /home/vincent-pc/ros2_foxy/install/my_robot_interfaces/include/my_robot_interfaces/msg/detail/turtle__traits.hpp
-- Symlinking: /home/vincent-pc/ros2_foxy/install/my_robot_interfaces/include/my_robot_interfaces/msg/detail/turtle__type_support.hpp
-- Symlinking: /home/vincent-pc/ros2_foxy/install/my_robot_interfaces/include/my_robot_interfaces/msg/detail/turtle_array__builder.hpp
-- Symlinking: /home/vincent-pc/ros2_foxy/install/my_robot_interfaces/include/my_robot_interfaces/msg/detail/turtle_array__struct.hpp
-- Symlinking: /home/vincent-pc/ros2_foxy/install/my_robot_interfaces/include/my_robot_interfaces/msg/detail/turtle_array__traits.hpp
-- Symlinking: /home/vincent-pc/ros2_foxy/install/my_robot_interfaces/include/my_robot_interfaces/msg/detail/turtle_array__type_support.hpp
-- Symlinking: /home/vincent-pc/ros2_foxy/install/my_robot_interfaces/include/my_robot_interfaces/msg/hardware_status.hpp
-- Symlinking: /home/vincent-pc/ros2_foxy/install/my_robot_interfaces/include/my_robot_interfaces/msg/led_state_array.hpp
-- Symlinking: /home/vincent-pc/ros2_foxy/install/my_robot_interfaces/include/my_robot_interfaces/msg/rosidl_generator_cpp__visibility_control.hpp
-- Symlinking: /home/vincent-pc/ros2_foxy/install/my_robot_interfaces/include/my_robot_interfaces/msg/turtle.hpp
-- Symlinking: /home/vincent-pc/ros2_foxy/install/my_robot_interfaces/include/my_robot_interfaces/msg/turtle_array.hpp
-- Symlinking: /home/vincent-pc/ros2_foxy/install/my_robot_interfaces/include/my_robot_interfaces/srv/catch_turtle.hpp
-- Symlinking: /home/vincent-pc/ros2_foxy/install/my_robot_interfaces/include/my_robot_interfaces/srv/compute_rectangle_area.hpp
-- Symlinking: /home/vincent-pc/ros2_foxy/install/my_robot_interfaces/include/my_robot_interfaces/srv/detail/catch_turtle__builder.hpp
-- Symlinking: /home/vincent-pc/ros2_foxy/install/my_robot_interfaces/include/my_robot_interfaces/srv/detail/catch_turtle__struct.hpp
-- Symlinking: /home/vincent-pc/ros2_foxy/install/my_robot_interfaces/include/my_robot_interfaces/srv/detail/catch_turtle__traits.hpp
-- Symlinking: /home/vincent-pc/ros2_foxy/install/my_robot_interfaces/include/my_robot_interfaces/srv/detail/catch_turtle__type_support.hpp
-- Symlinking: /home/vincent-pc/ros2_foxy/install/my_robot_interfaces/include/my_robot_interfaces/srv/detail/compute_rectangle_area__builder.hpp
-- Symlinking: /home/vincent-pc/ros2_foxy/install/my_robot_interfaces/include/my_robot_interfaces/srv/detail/compute_rectangle_area__struct.hpp
-- Symlinking: /home/vincent-pc/ros2_foxy/install/my_robot_interfaces/include/my_robot_interfaces/srv/detail/compute_rectangle_area__traits.hpp
-- Symlinking: /home/vincent-pc/ros2_foxy/install/my_robot_interfaces/include/my_robot_interfaces/srv/detail/compute_rectangle_area__type_support.hpp
-- Symlinking: /home/vincent-pc/ros2_foxy/install/my_robot_interfaces/include/my_robot_interfaces/srv/detail/set_led__builder.hpp
-- Symlinking: /home/vincent-pc/ros2_foxy/install/my_robot_interfaces/include/my_robot_interfaces/srv/detail/set_led__struct.hpp
-- Symlinking: /home/vincent-pc/ros2_foxy/install/my_robot_interfaces/include/my_robot_interfaces/srv/detail/set_led__traits.hpp
-- Symlinking: /home/vincent-pc/ros2_foxy/install/my_robot_interfaces/include/my_robot_interfaces/srv/detail/set_led__type_support.hpp
-- Symlinking: /home/vincent-pc/ros2_foxy/install/my_robot_interfaces/include/my_robot_interfaces/srv/set_led.hpp
-- Symlinking: /home/vincent-pc/ros2_foxy/install/my_robot_interfaces/include/my_robot_interfaces/msg/detail/hardware_status__rosidl_typesupport_introspection_cpp.hpp
-- Symlinking: /home/vincent-pc/ros2_foxy/install/my_robot_interfaces/include/my_robot_interfaces/msg/detail/led_state_array__rosidl_typesupport_introspection_cpp.hpp
-- Symlinking: /home/vincent-pc/ros2_foxy/install/my_robot_interfaces/include/my_robot_interfaces/msg/detail/turtle__rosidl_typesupport_introspection_cpp.hpp
-- Symlinking: /home/vincent-pc/ros2_foxy/install/my_robot_interfaces/include/my_robot_interfaces/msg/detail/turtle_array__rosidl_typesupport_introspection_cpp.hpp
-- Symlinking: /home/vincent-pc/ros2_foxy/install/my_robot_interfaces/include/my_robot_interfaces/srv/detail/catch_turtle__rosidl_typesupport_introspection_cpp.hpp
-- Symlinking: /home/vincent-pc/ros2_foxy/install/my_robot_interfaces/include/my_robot_interfaces/srv/detail/compute_rectangle_area__rosidl_typesupport_introspection_cpp.hpp
-- Symlinking: /home/vincent-pc/ros2_foxy/install/my_robot_interfaces/include/my_robot_interfaces/srv/detail/set_led__rosidl_typesupport_introspection_cpp.hpp
-- Symlinking: /home/vincent-pc/ros2_foxy/install/my_robot_interfaces/share/my_robot_interfaces/environment/pythonpath.sh
-- Symlinking: /home/vincent-pc/ros2_foxy/install/my_robot_interfaces/share/my_robot_interfaces/environment/pythonpath.dsv
-- Symlinking: /home/vincent-pc/ros2_foxy/install/my_robot_interfaces/lib/python3.8/site-packages/my_robot_interfaces/__init__.py
-- Symlinking: /home/vincent-pc/ros2_foxy/install/my_robot_interfaces/lib/python3.8/site-packages/my_robot_interfaces/msg/__init__.py
-- Symlinking: /home/vincent-pc/ros2_foxy/install/my_robot_interfaces/lib/python3.8/site-packages/my_robot_interfaces/msg/_hardware_status.py
-- Symlinking: /home/vincent-pc/ros2_foxy/install/my_robot_interfaces/lib/python3.8/site-packages/my_robot_interfaces/msg/_led_state_array.py
-- Symlinking: /home/vincent-pc/ros2_foxy/install/my_robot_interfaces/lib/python3.8/site-packages/my_robot_interfaces/msg/_turtle.py
-- Symlinking: /home/vincent-pc/ros2_foxy/install/my_robot_interfaces/lib/python3.8/site-packages/my_robot_interfaces/msg/_turtle_array.py
-- Symlinking: /home/vincent-pc/ros2_foxy/install/my_robot_interfaces/lib/python3.8/site-packages/my_robot_interfaces/srv/__init__.py
-- Symlinking: /home/vincent-pc/ros2_foxy/install/my_robot_interfaces/lib/python3.8/site-packages/my_robot_interfaces/srv/_catch_turtle.py
-- Symlinking: /home/vincent-pc/ros2_foxy/install/my_robot_interfaces/lib/python3.8/site-packages/my_robot_interfaces/srv/_compute_rectangle_area.py
-- Symlinking: /home/vincent-pc/ros2_foxy/install/my_robot_interfaces/lib/python3.8/site-packages/my_robot_interfaces/srv/_set_led.py
-- Symlinking: /home/vincent-pc/ros2_foxy/install/my_robot_interfaces/lib/python3.8/site-packages/my_robot_interfaces/my_robot_interfaces_s__rosidl_typesupport_fastrtps_c.cpython-38-x86_64-linux-gnu.so
-- Symlinking: /home/vincent-pc/ros2_foxy/install/my_robot_interfaces/lib/python3.8/site-packages/my_robot_interfaces/my_robot_interfaces_s__rosidl_typesupport_introspection_c.cpython-38-x86_64-linux-gnu.so
-- Symlinking: /home/vincent-pc/ros2_foxy/install/my_robot_interfaces/lib/python3.8/site-packages/my_robot_interfaces/my_robot_interfaces_s__rosidl_typesupport_c.cpython-38-x86_64-linux-gnu.so
-- Symlinking: /home/vincent-pc/ros2_foxy/install/my_robot_interfaces/lib/libmy_robot_interfaces__python.so
-- Symlinking: /home/vincent-pc/ros2_foxy/install/my_robot_interfaces/share/my_robot_interfaces/msg/HardwareStatus.idl
-- Symlinking: /home/vincent-pc/ros2_foxy/install/my_robot_interfaces/share/my_robot_interfaces/msg/LedStateArray.idl
-- Symlinking: /home/vincent-pc/ros2_foxy/install/my_robot_interfaces/share/my_robot_interfaces/msg/Turtle.idl
-- Symlinking: /home/vincent-pc/ros2_foxy/install/my_robot_interfaces/share/my_robot_interfaces/msg/TurtleArray.idl
-- Symlinking: /home/vincent-pc/ros2_foxy/install/my_robot_interfaces/share/my_robot_interfaces/srv/ComputeRectangleArea.idl
-- Symlinking: /home/vincent-pc/ros2_foxy/install/my_robot_interfaces/share/my_robot_interfaces/srv/SetLed.idl
-- Symlinking: /home/vincent-pc/ros2_foxy/install/my_robot_interfaces/share/my_robot_interfaces/srv/CatchTurtle.idl
-- Symlinking: /home/vincent-pc/ros2_foxy/install/my_robot_interfaces/share/my_robot_interfaces/msg/HardwareStatus.msg
-- Symlinking: /home/vincent-pc/ros2_foxy/install/my_robot_interfaces/share/my_robot_interfaces/msg/LedStateArray.msg
-- Symlinking: /home/vincent-pc/ros2_foxy/install/my_robot_interfaces/share/my_robot_interfaces/msg/Turtle.msg
-- Symlinking: /home/vincent-pc/ros2_foxy/install/my_robot_interfaces/share/my_robot_interfaces/msg/TurtleArray.msg
-- Symlinking: /home/vincent-pc/ros2_foxy/install/my_robot_interfaces/share/my_robot_interfaces/srv/ComputeRectangleArea.srv
-- Symlinking: /home/vincent-pc/ros2_foxy/install/my_robot_interfaces/share/my_robot_interfaces/srv/ComputeRectangleArea_Request.msg
-- Symlinking: /home/vincent-pc/ros2_foxy/install/my_robot_interfaces/share/my_robot_interfaces/srv/ComputeRectangleArea_Response.msg
-- Symlinking: /home/vincent-pc/ros2_foxy/install/my_robot_interfaces/share/my_robot_interfaces/srv/SetLed.srv
-- Symlinking: /home/vincent-pc/ros2_foxy/install/my_robot_interfaces/share/my_robot_interfaces/srv/SetLed_Request.msg
-- Symlinking: /home/vincent-pc/ros2_foxy/install/my_robot_interfaces/share/my_robot_interfaces/srv/SetLed_Response.msg
-- Symlinking: /home/vincent-pc/ros2_foxy/install/my_robot_interfaces/share/my_robot_interfaces/srv/CatchTurtle.srv
-- Symlinking: /home/vincent-pc/ros2_foxy/install/my_robot_interfaces/share/my_robot_interfaces/srv/CatchTurtle_Request.msg
-- Symlinking: /home/vincent-pc/ros2_foxy/install/my_robot_interfaces/share/my_robot_interfaces/srv/CatchTurtle_Response.msg
-- Symlinking: /home/vincent-pc/ros2_foxy/install/my_robot_interfaces/share/ament_index/resource_index/package_run_dependencies/my_robot_interfaces
-- Symlinking: /home/vincent-pc/ros2_foxy/install/my_robot_interfaces/share/ament_index/resource_index/parent_prefix_path/my_robot_interfaces
-- Symlinking: /home/vincent-pc/ros2_foxy/install/my_robot_interfaces/share/my_robot_interfaces/environment/ament_prefix_path.sh
-- Symlinking: /home/vincent-pc/ros2_foxy/install/my_robot_interfaces/share/my_robot_interfaces/environment/ament_prefix_path.dsv
-- Symlinking: /home/vincent-pc/ros2_foxy/install/my_robot_interfaces/share/my_robot_interfaces/environment/path.sh
-- Symlinking: /home/vincent-pc/ros2_foxy/install/my_robot_interfaces/share/my_robot_interfaces/environment/path.dsv
-- Symlinking: /home/vincent-pc/ros2_foxy/install/my_robot_interfaces/share/my_robot_interfaces/local_setup.bash
-- Symlinking: /home/vincent-pc/ros2_foxy/install/my_robot_interfaces/share/my_robot_interfaces/local_setup.sh
-- Symlinking: /home/vincent-pc/ros2_foxy/install/my_robot_interfaces/share/my_robot_interfaces/local_setup.zsh
-- Symlinking: /home/vincent-pc/ros2_foxy/install/my_robot_interfaces/share/my_robot_interfaces/local_setup.dsv
-- Symlinking: /home/vincent-pc/ros2_foxy/install/my_robot_interfaces/share/my_robot_interfaces/package.dsv
-- Symlinking: /home/vincent-pc/ros2_foxy/install/my_robot_interfaces/share/ament_index/resource_index/packages/my_robot_interfaces
-- Symlinking: /home/vincent-pc/ros2_foxy/install/my_robot_interfaces/share/my_robot_interfaces/cmake/rosidl_cmake-extras.cmake
-- Symlinking: /home/vincent-pc/ros2_foxy/install/my_robot_interfaces/share/my_robot_interfaces/cmake/ament_cmake_export_dependencies-extras.cmake
-- Symlinking: /home/vincent-pc/ros2_foxy/install/my_robot_interfaces/share/my_robot_interfaces/cmake/ament_cmake_export_libraries-extras.cmake
-- Symlinking: /home/vincent-pc/ros2_foxy/install/my_robot_interfaces/share/my_robot_interfaces/cmake/ament_cmake_export_targets-extras.cmake
-- Symlinking: /home/vincent-pc/ros2_foxy/install/my_robot_interfaces/share/my_robot_interfaces/cmake/ament_cmake_export_include_directories-extras.cmake
-- Symlinking: /home/vincent-pc/ros2_foxy/install/my_robot_interfaces/share/my_robot_interfaces/cmake/rosidl_cmake_export_typesupport_libraries-extras.cmake
-- Symlinking: /home/vincent-pc/ros2_foxy/install/my_robot_interfaces/share/my_robot_interfaces/cmake/rosidl_cmake_export_typesupport_targets-extras.cmake
-- Symlinking: /home/vincent-pc/ros2_foxy/install/my_robot_interfaces/share/my_robot_interfaces/cmake/my_robot_interfacesConfig.cmake
-- Symlinking: /home/vincent-pc/ros2_foxy/install/my_robot_interfaces/share/my_robot_interfaces/cmake/my_robot_interfacesConfig-version.cmake
-- Symlinking: /home/vincent-pc/ros2_foxy/install/my_robot_interfaces/share/my_robot_interfaces/package.xml
-- Up-to-date: /home/vincent-pc/ros2_foxy/install/my_robot_interfaces/lib/libmy_robot_interfaces__rosidl_generator_c.so
-- Up-to-date: /home/vincent-pc/ros2_foxy/install/my_robot_interfaces/lib/libmy_robot_interfaces__rosidl_typesupport_introspection_c.so
-- Up-to-date: /home/vincent-pc/ros2_foxy/install/my_robot_interfaces/lib/libmy_robot_interfaces__rosidl_typesupport_c.so
-- Up-to-date: /home/vincent-pc/ros2_foxy/install/my_robot_interfaces/lib/libmy_robot_interfaces__rosidl_typesupport_introspection_cpp.so
-- Up-to-date: /home/vincent-pc/ros2_foxy/install/my_robot_interfaces/lib/libmy_robot_interfaces__rosidl_typesupport_cpp.so
Compiling '/home/vincent-pc/ros2_foxy/install/my_robot_interfaces/lib/python3.8/site-packages/my_robot_interfaces/__init__.py'...
-- Up-to-date: /home/vincent-pc/ros2_foxy/install/my_robot_interfaces/share/my_robot_interfaces/cmake/my_robot_interfaces__rosidl_generator_cExport.cmake
-- Installing: /home/vincent-pc/ros2_foxy/install/my_robot_interfaces/share/my_robot_interfaces/cmake/my_robot_interfaces__rosidl_generator_cExport-noconfig.cmake
-- Up-to-date: /home/vincent-pc/ros2_foxy/install/my_robot_interfaces/share/my_robot_interfaces/cmake/my_robot_interfaces__rosidl_typesupport_introspection_cExport.cmake
-- Installing: /home/vincent-pc/ros2_foxy/install/my_robot_interfaces/share/my_robot_interfaces/cmake/my_robot_interfaces__rosidl_typesupport_introspection_cExport-noconfig.cmake
-- Up-to-date: /home/vincent-pc/ros2_foxy/install/my_robot_interfaces/share/my_robot_interfaces/cmake/my_robot_interfaces__rosidl_typesupport_cExport.cmake
-- Installing: /home/vincent-pc/ros2_foxy/install/my_robot_interfaces/share/my_robot_interfaces/cmake/my_robot_interfaces__rosidl_typesupport_cExport-noconfig.cmake
-- Up-to-date: /home/vincent-pc/ros2_foxy/install/my_robot_interfaces/share/my_robot_interfaces/cmake/my_robot_interfaces__rosidl_generator_cppExport.cmake
-- Up-to-date: /home/vincent-pc/ros2_foxy/install/my_robot_interfaces/share/my_robot_interfaces/cmake/my_robot_interfaces__rosidl_typesupport_introspection_cppExport.cmake
-- Installing: /home/vincent-pc/ros2_foxy/install/my_robot_interfaces/share/my_robot_interfaces/cmake/my_robot_interfaces__rosidl_typesupport_introspection_cppExport-noconfig.cmake
-- Up-to-date: /home/vincent-pc/ros2_foxy/install/my_robot_interfaces/share/my_robot_interfaces/cmake/my_robot_interfaces__rosidl_typesupport_cppExport.cmake
-- Installing: /home/vincent-pc/ros2_foxy/install/my_robot_interfaces/share/my_robot_interfaces/cmake/my_robot_interfaces__rosidl_typesupport_cppExport-noconfig.cmake
