-- Found ament_cmake: 0.9.12 (/opt/ros/foxy/share/ament_cmake/cmake)
-- Using PYTHON_EXECUTABLE: /usr/bin/python3
-- Override CMake install command with custom implementation using symlinks instead of copying resources
-- Found rclcpp: 2.4.3 (/opt/ros/foxy/share/rclcpp/cmake)
-- Using all available rosidl_typesupport_c: rosidl_typesupport_fastrtps_c;rosidl_typesupport_introspection_c
-- Found rosidl_adapter: 1.3.1 (/opt/ros/foxy/share/rosidl_adapter/cmake)
-- Using all available rosidl_typesupport_cpp: rosidl_typesupport_fastrtps_cpp;rosidl_typesupport_introspection_cpp
-- Found rmw_implementation_cmake: 1.0.4 (/opt/ros/foxy/share/rmw_implementation_cmake/cmake)
-- Using RMW implementation 'rmw_fastrtps_cpp' as default
-- Found example_interfaces: 0.9.1 (/opt/ros/foxy/share/example_interfaces/cmake)
-- Found my_robot_interfaces: 0.0.0 (/home/vincent-pc/ros2_foxy/install/my_robot_interfaces/share/my_robot_interfaces/cmake)
-- Configuring done
-- Generating done
-- Build files have been written to: /home/vincent-pc/ros2_foxy/build/my_cpp_pkg
[  4%] [32m[1mLinking CXX executable hardware_status_publisher_cpp[0m
[  8%] [32m[1mLinking CXX executable led_panel_cpp[0m
[ 12%] [32m[1mLinking CXX executable cpp_node[0m
[ 16%] [32m[1mLinking CXX executable robot_news_station_cpp[0m
[ 20%] [32mBuilding CXX object CMakeFiles/number_counter_cpp.dir/src/number_counter.cpp.o[0m
[ 25%] [32m[1mLinking CXX executable add_two_ints_server_cpp[0m
[ 29%] [32m[1mLinking CXX executable add_two_ints_client_no_oop[0m
[ 33%] [32m[1mLinking CXX executable smartphone_cpp[0m
[ 37%] Built target cpp_node
[ 41%] Built target add_two_ints_server_cpp
[ 45%] Built target led_panel_cpp
[ 50%] Built target add_two_ints_client_no_oop
[ 54%] Built target hardware_status_publisher_cpp
[ 58%] [32m[1mLinking CXX executable number_publisher_cpp[0m
[ 62%] Built target smartphone_cpp
[ 66%] [32m[1mLinking CXX executable add_two_ints_client[0m
[ 70%] Built target robot_news_station_cpp
[ 75%] [32m[1mLinking CXX executable number_counter_server_cpp[0m
[ 79%] [32m[1mLinking CXX executable reset_number_client[0m
[ 83%] Built target number_publisher_cpp
[ 87%] Built target reset_number_client
[ 91%] Built target add_two_ints_client
[ 95%] Built target number_counter_server_cpp
[01m[K/home/vincent-pc/ros2_foxy/src/my_cpp_pkg/src/number_counter.cpp:[m[K In constructor ‘[01m[KNumberCounterNode::NumberCounterNode()[m[K’:
[01m[K/home/vincent-pc/ros2_foxy/src/my_cpp_pkg/src/number_counter.cpp:10:49:[m[K [01;31m[Kerror: [m[K‘[01m[Kexample_[m[K’ was not declared in this scope
   10 |         Subscriber1_= this->create_subscription<[01;31m[Kexample_[m[K    interfaces::msg::Int64>
      |                                                 [01;31m[K^~~~~~~~[m[K
[01m[K/home/vincent-pc/ros2_foxy/src/my_cpp_pkg/src/number_counter.cpp:10:29:[m[K [01;31m[Kerror: [m[Kparse error in template argument list
   10 |         Subscriber1_= this->[01;31m[Kcreate_subscription<example_    interfaces::msg::Int64>[m[K
      |                             [01;31m[K^~~~~~~~~~~~~~~~~~~~~~~~~~~~~~~~~~~~~~~~~~~~~~~~~~~~~~~[m[K
[01m[K/home/vincent-pc/ros2_foxy/src/my_cpp_pkg/src/number_counter.cpp:12:108:[m[K [01;31m[Kerror: [m[Kno matching function for call to ‘[01m[KNumberCounterNode::create_subscription<<expression error> >(const char [11], int, std::_Bind_helper<false, void (NumberCounterNode::*)(std::shared_ptr<example_interfaces::msg::Int64_<std::allocator<void> > >), NumberCounterNode*, const std::_Placeholder<1>&>::type)[m[K’
   12 |                                         (&NumberCounterNode::SubscriberNumber, this, std::placeholders::_1)[01;31m[K)[m[K;
      |                                                                                                            [01;31m[K^[m[K
In file included from [01m[K/opt/ros/foxy/include/rclcpp/executors/single_threaded_executor.hpp:28[m[K,
                 from [01m[K/opt/ros/foxy/include/rclcpp/executors.hpp:22[m[K,
                 from [01m[K/opt/ros/foxy/include/rclcpp/rclcpp.hpp:146[m[K,
                 from [01m[K/home/vincent-pc/ros2_foxy/src/my_cpp_pkg/src/number_counter.cpp:1[m[K:
[01m[K/opt/ros/foxy/include/rclcpp/node.hpp:213:3:[m[K [01;36m[Knote: [m[Kcandidate: ‘[01m[Ktemplate<class MessageT, class CallbackT, class AllocatorT, class CallbackMessageT, class SubscriptionT, class MessageMemoryStrategyT> std::shared_ptr<SubscriptionT> rclcpp::Node::create_subscription(const string&, const rclcpp::QoS&, CallbackT&&, const rclcpp::SubscriptionOptionsWithAllocator<AllocatorT>&, typename MessageMemoryStrategyT::SharedPtr)[m[K’
  213 |   [01;36m[Kcreate_subscription[m[K(
      |   [01;36m[K^~~~~~~~~~~~~~~~~~~[m[K
[01m[K/opt/ros/foxy/include/rclcpp/node.hpp:213:3:[m[K [01;36m[Knote: [m[K  template argument deduction/substitution failed:
[01m[K/home/vincent-pc/ros2_foxy/src/my_cpp_pkg/src/number_counter.cpp:12:108:[m[K [01;31m[Kerror: [m[Ktemplate argument 1 is invalid
   12 |                                         (&NumberCounterNode::SubscriberNumber, this, std::placeholders::_1)[01;31m[K)[m[K;
      |                                                                                                            [01;31m[K^[m[K
make[2]: *** [CMakeFiles/number_counter_cpp.dir/build.make:63: CMakeFiles/number_counter_cpp.dir/src/number_counter.cpp.o] Error 1
make[1]: *** [CMakeFiles/Makefile2:316: CMakeFiles/number_counter_cpp.dir/all] Error 2
make: *** [Makefile:141: all] Error 2
