-- Found ament_cmake: 0.9.12 (/opt/ros/foxy/share/ament_cmake/cmake)
-- Using PYTHON_EXECUTABLE: /usr/bin/python3
-- Override CMake install command with custom implementation using symlinks instead of copying resources
-- Found rclcpp: 2.4.3 (/opt/ros/foxy/share/rclcpp/cmake)
-- Using all available rosidl_typesupport_c: rosidl_typesupport_fastrtps_c;rosidl_typesupport_introspection_c
-- Found rosidl_adapter: 1.3.1 (/opt/ros/foxy/share/rosidl_adapter/cmake)
-- Using all available rosidl_typesupport_cpp: rosidl_typesupport_fastrtps_cpp;rosidl_typesupport_introspection_cpp
-- Found rmw_implementation_cmake: 1.0.4 (/opt/ros/foxy/share/rmw_implementation_cmake/cmake)
-- Using RMW implementation 'rmw_fastrtps_cpp' as default
-- Found example_interfaces: 0.9.1 (/opt/ros/foxy/share/example_interfaces/cmake)
-- Found my_robot_interfaces: 0.0.0 (/home/vincent-pc/ros2_foxy/install/my_robot_interfaces/share/my_robot_interfaces/cmake)
-- Configuring done
-- Generating done
-- Build files have been written to: /home/vincent-pc/ros2_foxy/build/my_cpp_pkg
[  4%] [32m[1mLinking CXX executable hardware_status_publisher_cpp[0m
[  8%] [32m[1mLinking CXX executable led_panel_cpp[0m
[ 12%] [32m[1mLinking CXX executable cpp_node[0m
[ 16%] [32m[1mLinking CXX executable robot_news_station_cpp[0m
[ 20%] [32mBuilding CXX object CMakeFiles/number_counter_cpp.dir/src/number_counter.cpp.o[0m
[ 25%] [32m[1mLinking CXX executable add_two_ints_server_cpp[0m
[ 29%] [32m[1mLinking CXX executable add_two_ints_client_no_oop[0m
[ 33%] [32m[1mLinking CXX executable smartphone_cpp[0m
[ 37%] Built target cpp_node
[ 41%] Built target add_two_ints_server_cpp
[ 45%] Built target led_panel_cpp
[ 50%] Built target add_two_ints_client_no_oop
[ 54%] Built target hardware_status_publisher_cpp
[ 58%] [32m[1mLinking CXX executable number_publisher_cpp[0m
[ 62%] Built target smartphone_cpp
[ 66%] [32m[1mLinking CXX executable add_two_ints_client[0m
[ 70%] Built target robot_news_station_cpp
[ 75%] [32m[1mLinking CXX executable number_counter_server_cpp[0m
[ 79%] [32m[1mLinking CXX executable reset_number_client[0m
[ 83%] Built target number_publisher_cpp
[ 87%] Built target reset_number_client
[ 91%] Built target add_two_ints_client
[ 95%] Built target number_counter_server_cpp
