[2.234s] Invoking command in '/home/vincent-pc/ros2_foxy/src/turtlesim_catch_them_all_py': CMAKE_PREFIX_PATH=/home/vincent-pc/ros2_foxy/install/my_robot_interfaces:/home/vincent-pc/ros2_foxy/install/my_robot_bringup:/home/vincent-pc/ros2_foxy/install/turtlesim_catch_them_all_cpp:/home/vincent-pc/ros2_foxy/install/turtlesim_catch_them_all:/home/vincent-pc/ros2_foxy/install/my_cpp_pkg PYTHONPATH=/home/vincent-pc/ros2_foxy/build/turtlesim_catch_them_all_py/prefix_override:/usr/lib/python3/dist-packages/colcon_core/task/python/colcon_distutils_commands:/home/vincent-pc/ros2_foxy/install/turtlesim_catch_them_all_py/lib/python3.8/site-packages:/home/vincent-pc/ros2_foxy/install/my_robot_interfaces/lib/python3.8/site-packages:/home/vincent-pc/ros2_foxy/install/turtlesim_catch_them_all_py/lib/python3.8/site-packages:/home/vincent-pc/ros2_foxy/install/my_py_pkg/lib/python3.8/site-packages:/opt/ros/foxy/lib/python3.8/site-packages /usr/bin/python3 -W ignore:setup.py install is deprecated -W ignore:easy_install command is deprecated setup.py egg_info --egg-base ../../build/turtlesim_catch_them_all_py build --build-base /home/vincent-pc/ros2_foxy/build/turtlesim_catch_them_all_py/build install --record /home/vincent-pc/ros2_foxy/build/turtlesim_catch_them_all_py/install.log --install-scripts $base/lib/turtlesim_catch_them_all_py --single-version-externally-managed install_data
[2.800s] running egg_info
[2.801s] writing ../../build/turtlesim_catch_them_all_py/turtlesim_catch_them_all_py.egg-info/PKG-INFO
[2.806s] writing dependency_links to ../../build/turtlesim_catch_them_all_py/turtlesim_catch_them_all_py.egg-info/dependency_links.txt
[2.806s] writing entry points to ../../build/turtlesim_catch_them_all_py/turtlesim_catch_them_all_py.egg-info/entry_points.txt
[2.806s] writing requirements to ../../build/turtlesim_catch_them_all_py/turtlesim_catch_them_all_py.egg-info/requires.txt
[2.806s] writing top-level names to ../../build/turtlesim_catch_them_all_py/turtlesim_catch_them_all_py.egg-info/top_level.txt
[2.877s] reading manifest file '../../build/turtlesim_catch_them_all_py/turtlesim_catch_them_all_py.egg-info/SOURCES.txt'
[2.879s] writing manifest file '../../build/turtlesim_catch_them_all_py/turtlesim_catch_them_all_py.egg-info/SOURCES.txt'
[2.880s] running build
[2.880s] running build_py
[2.882s] running install
[2.884s] running install_lib
[2.889s] running install_data
[2.889s] running install_egg_info
[2.894s] removing '/home/vincent-pc/ros2_foxy/install/turtlesim_catch_them_all_py/lib/python3.8/site-packages/turtlesim_catch_them_all_py-0.0.0-py3.8.egg-info' (and everything under it)
[2.895s] Copying ../../build/turtlesim_catch_them_all_py/turtlesim_catch_them_all_py.egg-info to /home/vincent-pc/ros2_foxy/install/turtlesim_catch_them_all_py/lib/python3.8/site-packages/turtlesim_catch_them_all_py-0.0.0-py3.8.egg-info
[2.897s] running install_scripts
[2.947s] Installing controller_py script to /home/vincent-pc/ros2_foxy/install/turtlesim_catch_them_all_py/lib/turtlesim_catch_them_all_py
[2.948s] Installing controller_py_PID script to /home/vincent-pc/ros2_foxy/install/turtlesim_catch_them_all_py/lib/turtlesim_catch_them_all_py
[2.948s] Installing spawner_py script to /home/vincent-pc/ros2_foxy/install/turtlesim_catch_them_all_py/lib/turtlesim_catch_them_all_py
[2.949s] writing list of installed files to '/home/vincent-pc/ros2_foxy/build/turtlesim_catch_them_all_py/install.log'
[3.026s] Invoked command in '/home/vincent-pc/ros2_foxy/src/turtlesim_catch_them_all_py' returned '0': CMAKE_PREFIX_PATH=/home/vincent-pc/ros2_foxy/install/my_robot_interfaces:/home/vincent-pc/ros2_foxy/install/my_robot_bringup:/home/vincent-pc/ros2_foxy/install/turtlesim_catch_them_all_cpp:/home/vincent-pc/ros2_foxy/install/turtlesim_catch_them_all:/home/vincent-pc/ros2_foxy/install/my_cpp_pkg PYTHONPATH=/home/vincent-pc/ros2_foxy/build/turtlesim_catch_them_all_py/prefix_override:/usr/lib/python3/dist-packages/colcon_core/task/python/colcon_distutils_commands:/home/vincent-pc/ros2_foxy/install/turtlesim_catch_them_all_py/lib/python3.8/site-packages:/home/vincent-pc/ros2_foxy/install/my_robot_interfaces/lib/python3.8/site-packages:/home/vincent-pc/ros2_foxy/install/turtlesim_catch_them_all_py/lib/python3.8/site-packages:/home/vincent-pc/ros2_foxy/install/my_py_pkg/lib/python3.8/site-packages:/opt/ros/foxy/lib/python3.8/site-packages /usr/bin/python3 -W ignore:setup.py install is deprecated -W ignore:easy_install command is deprecated setup.py egg_info --egg-base ../../build/turtlesim_catch_them_all_py build --build-base /home/vincent-pc/ros2_foxy/build/turtlesim_catch_them_all_py/build install --record /home/vincent-pc/ros2_foxy/build/turtlesim_catch_them_all_py/install.log --install-scripts $base/lib/turtlesim_catch_them_all_py --single-version-externally-managed install_data
