[01m[K/home/vincent-pc/ros2_foxy/src/my_cpp_pkg/src/add_two_ints_server.cpp:11:26:[m[K [01;31m[Kerror: [m[KISO C++ forbids declaration of ‘[01m[KAddTwoIntsServerNode[m[K’ with no type [[01;31m[K-fpermissive[m[K]
   11 |     AddTwoIntsServerNode([01;31m[K)[m[K : Node("add_two_ints_server_cpp")
      |                          [01;31m[K^[m[K
[01m[K/home/vincent-pc/ros2_foxy/src/my_cpp_pkg/src/add_two_ints_server.cpp:[m[K In member function ‘[01m[Kint MyCustomNode::AddTwoIntsServerNode()[m[K’:
[01m[K/home/vincent-pc/ros2_foxy/src/my_cpp_pkg/src/add_two_ints_server.cpp:11:30:[m[K [01;31m[Kerror: [m[Konly constructors take member initializers
   11 |     AddTwoIntsServerNode() : [01;31m[KNode[m[K("add_two_ints_server_cpp")
      |                              [01;31m[K^~~~[m[K
[01m[K/home/vincent-pc/ros2_foxy/src/my_cpp_pkg/src/add_two_ints_server.cpp:15:26:[m[K [01;31m[Kerror: [m[K‘[01m[KAddTwoIntsServerNode[m[K’ is not a class, namespace, or enumeration
   15 |                         &[01;31m[KAddTwoIntsServerNode[m[K::callbackAddTwoInts, this, _1, _2));
      |                          [01;31m[K^~~~~~~~~~~~~~~~~~~~[m[K
[01m[K/home/vincent-pc/ros2_foxy/src/my_cpp_pkg/src/add_two_ints_server.cpp:17:5:[m[K [01;35m[Kwarning: [m[Kno return statement in function returning non-void [[01;35m[K-Wreturn-type[m[K]
   17 |     [01;35m[K}[m[K
      |     [01;35m[K^[m[K
[01m[K/home/vincent-pc/ros2_foxy/src/my_cpp_pkg/src/add_two_ints_server.cpp:[m[K In function ‘[01m[Kint main(int, char**)[m[K’:
[01m[K/home/vincent-pc/ros2_foxy/src/my_cpp_pkg/src/add_two_ints_server.cpp:35:34:[m[K [01;31m[Kerror: [m[K‘[01m[KAddTwoIntsServerNode[m[K’ was not declared in this scope
   35 |     auto node = std::make_shared<[01;31m[KAddTwoIntsServerNode[m[K>();
      |                                  [01;31m[K^~~~~~~~~~~~~~~~~~~~[m[K
[01m[K/home/vincent-pc/ros2_foxy/src/my_cpp_pkg/src/add_two_ints_server.cpp:35:56:[m[K [01;31m[Kerror: [m[Kno matching function for call to ‘[01m[Kmake_shared<<expression error> >()[m[K’
   35 |     auto node = std::make_shared<AddTwoIntsServerNode>([01;31m[K)[m[K;
      |                                                        [01;31m[K^[m[K
In file included from [01m[K/usr/include/c++/9/memory:81[m[K,
                 from [01m[K/opt/ros/foxy/include/rclcpp/rclcpp.hpp:144[m[K,
                 from [01m[K/home/vincent-pc/ros2_foxy/src/my_cpp_pkg/src/add_two_ints_server.cpp:1[m[K:
[01m[K/usr/include/c++/9/bits/shared_ptr.h:714:5:[m[K [01;36m[Knote: [m[Kcandidate: ‘[01m[Ktemplate<class _Tp, class ... _Args> std::shared_ptr<_Tp> std::make_shared(_Args&& ...)[m[K’
  714 |     [01;36m[Kmake_shared[m[K(_Args&&... __args)
      |     [01;36m[K^~~~~~~~~~~[m[K
[01m[K/usr/include/c++/9/bits/shared_ptr.h:714:5:[m[K [01;36m[Knote: [m[K  template argument deduction/substitution failed:
[01m[K/home/vincent-pc/ros2_foxy/src/my_cpp_pkg/src/add_two_ints_server.cpp:35:56:[m[K [01;31m[Kerror: [m[Ktemplate argument 1 is invalid
   35 |     auto node = std::make_shared<AddTwoIntsServerNode>([01;31m[K)[m[K;
      |                                                        [01;31m[K^[m[K
make[2]: *** [CMakeFiles/add_two_ints_server_cpp.dir/build.make:63: CMakeFiles/add_two_ints_server_cpp.dir/src/add_two_ints_server.cpp.o] Error 1
make[1]: *** [CMakeFiles/Makefile2:115: CMakeFiles/add_two_ints_server_cpp.dir/all] Error 2
make: *** [Makefile:141: all] Error 2
