[0.017s] Invoking command in '/home/vincent-pc/ros2_foxy/build/my_cpp_pkg': CMAKE_PREFIX_PATH=${CMAKE_PREFIX_PATH}:/home/vincent-pc/ros2_foxy/install/my_py_pkg:/home/vincent-pc/ros2_ws/install/py_srvcli:/home/vincent-pc/ros2_ws/install/py_pubsub:/home/vincent-pc/ros2_ws/install/my_package_Py:/home/vincent-pc/ros2_ws/install/examples_rclpy_minimal_subscriber:/home/vincent-pc/ros2_ws/install/examples_rclpy_minimal_service:/home/vincent-pc/ros2_ws/install/examples_rclpy_minimal_publisher:/home/vincent-pc/ros2_ws/install/examples_rclpy_minimal_client:/home/vincent-pc/ros2_ws/install/examples_rclpy_minimal_action_server:/home/vincent-pc/ros2_ws/install/examples_rclpy_minimal_action_client:/home/vincent-pc/ros2_ws/install/examples_rclpy_executors:/opt/ros/foxy /usr/bin/cmake --build /home/vincent-pc/ros2_foxy/build/my_cpp_pkg -- -j8 -l8
[0.074s] [35m[1mScanning dependencies of target led_panel_cpp[0m
[0.121s] [  8%] Built target hardware_status_publisher_cpp
[0.127s] [ 12%] [32mBuilding CXX object CMakeFiles/led_panel_cpp.dir/src/led_panel.cpp.o[0m
[0.130s] [ 20%] Built target cpp_node
[0.133s] [ 29%] Built target robot_news_station_cpp
[0.136s] [ 37%] Built target add_two_ints_server_cpp
[0.137s] [ 45%] Built target add_two_ints_client_no_oop
[0.140s] [ 54%] Built target smartphone_cpp
[0.141s] [ 62%] Built target number_counter_cpp
[0.178s] [ 70%] Built target add_two_ints_client
[0.181s] [ 79%] Built target number_publisher_cpp
[0.188s] [ 95%] Built target reset_number_client
[0.188s] [ 95%] Built target number_counter_server_cpp
[1.482s] [01m[K/home/vincent-pc/ros2_foxy/src/my_cpp_pkg/src/led_panel.cpp:[m[K In member function ‘[01m[Kvoid LedPanelNode::callback_set_led(std::shared_ptr<my_robot_interfaces::srv::SetLed_Request_<std::allocator<void> > >, std::shared_ptr<my_robot_interfaces::srv::SetLed_Response_<std::allocator<void> > >)[m[K’:
[1.482s] [01m[K/home/vincent-pc/ros2_foxy/src/my_cpp_pkg/src/led_panel.cpp:38:24:[m[K [01;35m[Kwarning: [m[Kcomparison of integer expressions of different signedness: ‘[01m[Klong int[m[K’ and ‘[01m[Kstd::vector<long int, std::allocator<long int> >::size_type[m[K’ {aka ‘[01m[Klong unsigned int[m[K’} [[01;35m[K-Wsign-compare[m[K]
[1.482s]    38 |         if ([01;35m[Kled_number > led_states_.size()[m[K || led_number <=0)
[1.482s]       |             [01;35m[K~~~~~~~~~~~^~~~~~~~~~~~~~~~~~~~[m[K
[1.482s] [01m[K/home/vincent-pc/ros2_foxy/src/my_cpp_pkg/src/led_panel.cpp:44:36:[m[K [01;31m[Kerror: [m[Kno matching function for call to ‘[01m[Kfind(<brace-enclosed initializer list>, long int&)[m[K’
[1.482s]    44 |         if (std::find({0, 1}, state[01;31m[K)[m[K == std::end({0, 1}))
[1.482s]       |                                    [01;31m[K^[m[K
[1.482s] In file included from [01m[K/usr/include/c++/9/algorithm:62[m[K,
[1.482s]                  from [01m[K/opt/ros/foxy/include/rclcpp/executor.hpp:18[m[K,
[1.482s]                  from [01m[K/opt/ros/foxy/include/rclcpp/executors/multi_threaded_executor.hpp:26[m[K,
[1.483s]                  from [01m[K/opt/ros/foxy/include/rclcpp/executors.hpp:21[m[K,
[1.483s]                  from [01m[K/opt/ros/foxy/include/rclcpp/rclcpp.hpp:146[m[K,
[1.483s]                  from [01m[K/home/vincent-pc/ros2_foxy/src/my_cpp_pkg/src/led_panel.cpp:1[m[K:
[1.483s] [01m[K/usr/include/c++/9/bits/stl_algo.h:3936:5:[m[K [01;36m[Knote: [m[Kcandidate: ‘[01m[Ktemplate<class _IIter, class _Tp> _IIter std::find(_IIter, _IIter, const _Tp&)[m[K’
[1.483s]  3936 |     [01;36m[Kfind[m[K(_InputIterator __first, _InputIterator __last,
[1.483s]       |     [01;36m[K^~~~[m[K
[1.483s] [01m[K/usr/include/c++/9/bits/stl_algo.h:3936:5:[m[K [01;36m[Knote: [m[K  template argument deduction/substitution failed:
[1.483s] [01m[K/home/vincent-pc/ros2_foxy/src/my_cpp_pkg/src/led_panel.cpp:44:36:[m[K [01;36m[Knote: [m[K  candidate expects 3 arguments, 2 provided
[1.483s]    44 |         if (std::find({0, 1}, state[01;36m[K)[m[K == std::end({0, 1}))
[1.483s]       |                                    [01;36m[K^[m[K
[1.483s] In file included from [01m[K/usr/include/c++/9/bits/locale_facets.h:48[m[K,
[1.483s]                  from [01m[K/usr/include/c++/9/bits/basic_ios.h:37[m[K,
[1.483s]                  from [01m[K/usr/include/c++/9/ios:44[m[K,
[1.484s]                  from [01m[K/usr/include/c++/9/ostream:38[m[K,
[1.484s]                  from [01m[K/usr/include/c++/9/iostream:39[m[K,
[1.484s]                  from [01m[K/opt/ros/foxy/include/rclcpp/executor.hpp:22[m[K,
[1.484s]                  from [01m[K/opt/ros/foxy/include/rclcpp/executors/multi_threaded_executor.hpp:26[m[K,
[1.484s]                  from [01m[K/opt/ros/foxy/include/rclcpp/executors.hpp:21[m[K,
[1.484s]                  from [01m[K/opt/ros/foxy/include/rclcpp/rclcpp.hpp:146[m[K,
[1.484s]                  from [01m[K/home/vincent-pc/ros2_foxy/src/my_cpp_pkg/src/led_panel.cpp:1[m[K:
[1.484s] [01m[K/usr/include/c++/9/bits/streambuf_iterator.h:373:5:[m[K [01;36m[Knote: [m[Kcandidate: ‘[01m[Ktemplate<class _CharT2> typename __gnu_cxx::__enable_if<std::__is_char<_CharT2>::__value, std::istreambuf_iterator<_CharT> >::__type std::find(std::istreambuf_iterator<_CharT>, std::istreambuf_iterator<_CharT>, const _CharT2&)[m[K’
[1.484s]   373 |     [01;36m[Kfind[m[K(istreambuf_iterator<_CharT> __first,
[1.484s]       |     [01;36m[K^~~~[m[K
[1.484s] [01m[K/usr/include/c++/9/bits/streambuf_iterator.h:373:5:[m[K [01;36m[Knote: [m[K  template argument deduction/substitution failed:
[1.484s] [01m[K/home/vincent-pc/ros2_foxy/src/my_cpp_pkg/src/led_panel.cpp:44:36:[m[K [01;36m[Knote: [m[K  mismatched types ‘[01m[Kstd::istreambuf_iterator<_CharT>[m[K’ and ‘[01m[Klong int[m[K’
[1.484s]    44 |         if (std::find({0, 1}, state[01;36m[K)[m[K == std::end({0, 1}))
[1.484s]       |                                    [01;36m[K^[m[K
[2.494s] make[2]: *** [CMakeFiles/led_panel_cpp.dir/build.make:63: CMakeFiles/led_panel_cpp.dir/src/led_panel.cpp.o] Error 1
[2.495s] make[1]: *** [CMakeFiles/Makefile2:100: CMakeFiles/led_panel_cpp.dir/all] Error 2
[2.495s] make: *** [Makefile:141: all] Error 2
[2.497s] Invoked command in '/home/vincent-pc/ros2_foxy/build/my_cpp_pkg' returned '2': CMAKE_PREFIX_PATH=${CMAKE_PREFIX_PATH}:/home/vincent-pc/ros2_foxy/install/my_py_pkg:/home/vincent-pc/ros2_ws/install/py_srvcli:/home/vincent-pc/ros2_ws/install/py_pubsub:/home/vincent-pc/ros2_ws/install/my_package_Py:/home/vincent-pc/ros2_ws/install/examples_rclpy_minimal_subscriber:/home/vincent-pc/ros2_ws/install/examples_rclpy_minimal_service:/home/vincent-pc/ros2_ws/install/examples_rclpy_minimal_publisher:/home/vincent-pc/ros2_ws/install/examples_rclpy_minimal_client:/home/vincent-pc/ros2_ws/install/examples_rclpy_minimal_action_server:/home/vincent-pc/ros2_ws/install/examples_rclpy_minimal_action_client:/home/vincent-pc/ros2_ws/install/examples_rclpy_executors:/opt/ros/foxy /usr/bin/cmake --build /home/vincent-pc/ros2_foxy/build/my_cpp_pkg -- -j8 -l8
