[0.015s] Invoking command in '/home/vincent-pc/ros2_foxy/build/my_robot_bringup': AMENT_PREFIX_PATH=/home/vincent-pc/ros2_foxy/install/turtlesim_catch_them_all_py:/home/vincent-pc/ros2_foxy/install/my_py_pkg:/home/vincent-pc/ros2_foxy/install/my_robot_bringup:/home/vincent-pc/ros2_foxy/install/turtlesim_catch_them_all:/home/vincent-pc/ros2_foxy/install/my_robot_interfaces:/home/vincent-pc/ros2_foxy/install/my_cpp_pkg:/opt/ros/foxy CMAKE_PREFIX_PATH=/home/vincent-pc/ros2_foxy/install/my_robot_interfaces:/home/vincent-pc/ros2_foxy/install/my_cpp_pkg:/home/vincent-pc/ros2_foxy/install/my_robot_bringup:/home/vincent-pc/ros2_foxy/install/turtlesim_catch_them_all:/home/vincent-pc/ros2_foxy/install/turtlesim_catch_them_all_py:/home/vincent-pc/ros2_foxy/install/my_py_pkg:/opt/ros/foxy /usr/bin/cmake --build /home/vincent-pc/ros2_foxy/build/my_robot_bringup -- -j8 -l8
[0.060s] Invoked command in '/home/vincent-pc/ros2_foxy/build/my_robot_bringup' returned '0': AMENT_PREFIX_PATH=/home/vincent-pc/ros2_foxy/install/turtlesim_catch_them_all_py:/home/vincent-pc/ros2_foxy/install/my_py_pkg:/home/vincent-pc/ros2_foxy/install/my_robot_bringup:/home/vincent-pc/ros2_foxy/install/turtlesim_catch_them_all:/home/vincent-pc/ros2_foxy/install/my_robot_interfaces:/home/vincent-pc/ros2_foxy/install/my_cpp_pkg:/opt/ros/foxy CMAKE_PREFIX_PATH=/home/vincent-pc/ros2_foxy/install/my_robot_interfaces:/home/vincent-pc/ros2_foxy/install/my_cpp_pkg:/home/vincent-pc/ros2_foxy/install/my_robot_bringup:/home/vincent-pc/ros2_foxy/install/turtlesim_catch_them_all:/home/vincent-pc/ros2_foxy/install/turtlesim_catch_them_all_py:/home/vincent-pc/ros2_foxy/install/my_py_pkg:/opt/ros/foxy /usr/bin/cmake --build /home/vincent-pc/ros2_foxy/build/my_robot_bringup -- -j8 -l8
[0.072s] Invoking command in '/home/vincent-pc/ros2_foxy/build/my_robot_bringup': AMENT_PREFIX_PATH=/home/vincent-pc/ros2_foxy/install/turtlesim_catch_them_all_py:/home/vincent-pc/ros2_foxy/install/my_py_pkg:/home/vincent-pc/ros2_foxy/install/my_robot_bringup:/home/vincent-pc/ros2_foxy/install/turtlesim_catch_them_all:/home/vincent-pc/ros2_foxy/install/my_robot_interfaces:/home/vincent-pc/ros2_foxy/install/my_cpp_pkg:/opt/ros/foxy CMAKE_PREFIX_PATH=/home/vincent-pc/ros2_foxy/install/my_robot_interfaces:/home/vincent-pc/ros2_foxy/install/my_cpp_pkg:/home/vincent-pc/ros2_foxy/install/my_robot_bringup:/home/vincent-pc/ros2_foxy/install/turtlesim_catch_them_all:/home/vincent-pc/ros2_foxy/install/turtlesim_catch_them_all_py:/home/vincent-pc/ros2_foxy/install/my_py_pkg:/opt/ros/foxy /usr/bin/cmake --install /home/vincent-pc/ros2_foxy/build/my_robot_bringup
[0.080s] -- Install configuration: ""
[0.080s] -- Up-to-date: /home/vincent-pc/ros2_foxy/install/my_robot_bringup/share/my_robot_bringup//launch
[0.080s] -- Up-to-date: /home/vincent-pc/ros2_foxy/install/my_robot_bringup/share/my_robot_bringup//launch/number_app_from_python.launch.xml
[0.080s] -- Up-to-date: /home/vincent-pc/ros2_foxy/install/my_robot_bringup/share/my_robot_bringup//launch/robot_new_station_app.launch.xml
[0.080s] -- Up-to-date: /home/vincent-pc/ros2_foxy/install/my_robot_bringup/share/my_robot_bringup//launch/turtlesim_app.launch.xml
[0.080s] -- Up-to-date: /home/vincent-pc/ros2_foxy/install/my_robot_bringup/share/my_robot_bringup//launch/number_app.launch.xml
[0.080s] -- Up-to-date: /home/vincent-pc/ros2_foxy/install/my_robot_bringup/share/my_robot_bringup//launch/number_app.launch.py
[0.080s] -- Up-to-date: /home/vincent-pc/ros2_foxy/install/my_robot_bringup/share/my_robot_bringup//config
[0.081s] -- Installing: /home/vincent-pc/ros2_foxy/install/my_robot_bringup/share/my_robot_bringup//config/catch_them_all.yaml
[0.081s] -- Up-to-date: /home/vincent-pc/ros2_foxy/install/my_robot_bringup/share/my_robot_bringup//config/robot_news_station_app.yaml
[0.081s] -- Up-to-date: /home/vincent-pc/ros2_foxy/install/my_robot_bringup/share/my_robot_bringup//config/number_app.yaml
[0.081s] -- Up-to-date: /home/vincent-pc/ros2_foxy/install/my_robot_bringup/share/ament_index/resource_index/package_run_dependencies/my_robot_bringup
[0.081s] -- Up-to-date: /home/vincent-pc/ros2_foxy/install/my_robot_bringup/share/ament_index/resource_index/parent_prefix_path/my_robot_bringup
[0.081s] -- Up-to-date: /home/vincent-pc/ros2_foxy/install/my_robot_bringup/share/my_robot_bringup/environment/ament_prefix_path.sh
[0.081s] -- Up-to-date: /home/vincent-pc/ros2_foxy/install/my_robot_bringup/share/my_robot_bringup/environment/ament_prefix_path.dsv
[0.081s] -- Up-to-date: /home/vincent-pc/ros2_foxy/install/my_robot_bringup/share/my_robot_bringup/environment/path.sh
[0.081s] -- Up-to-date: /home/vincent-pc/ros2_foxy/install/my_robot_bringup/share/my_robot_bringup/environment/path.dsv
[0.081s] -- Up-to-date: /home/vincent-pc/ros2_foxy/install/my_robot_bringup/share/my_robot_bringup/local_setup.bash
[0.081s] -- Up-to-date: /home/vincent-pc/ros2_foxy/install/my_robot_bringup/share/my_robot_bringup/local_setup.sh
[0.082s] -- Up-to-date: /home/vincent-pc/ros2_foxy/install/my_robot_bringup/share/my_robot_bringup/local_setup.zsh
[0.082s] -- Up-to-date: /home/vincent-pc/ros2_foxy/install/my_robot_bringup/share/my_robot_bringup/local_setup.dsv
[0.082s] -- Installing: /home/vincent-pc/ros2_foxy/install/my_robot_bringup/share/my_robot_bringup/package.dsv
[0.083s] -- Up-to-date: /home/vincent-pc/ros2_foxy/install/my_robot_bringup/share/ament_index/resource_index/packages/my_robot_bringup
[0.083s] -- Up-to-date: /home/vincent-pc/ros2_foxy/install/my_robot_bringup/share/my_robot_bringup/cmake/my_robot_bringupConfig.cmake
[0.083s] -- Up-to-date: /home/vincent-pc/ros2_foxy/install/my_robot_bringup/share/my_robot_bringup/cmake/my_robot_bringupConfig-version.cmake
[0.083s] -- Up-to-date: /home/vincent-pc/ros2_foxy/install/my_robot_bringup/share/my_robot_bringup/package.xml
[0.084s] Invoked command in '/home/vincent-pc/ros2_foxy/build/my_robot_bringup' returned '0': AMENT_PREFIX_PATH=/home/vincent-pc/ros2_foxy/install/turtlesim_catch_them_all_py:/home/vincent-pc/ros2_foxy/install/my_py_pkg:/home/vincent-pc/ros2_foxy/install/my_robot_bringup:/home/vincent-pc/ros2_foxy/install/turtlesim_catch_them_all:/home/vincent-pc/ros2_foxy/install/my_robot_interfaces:/home/vincent-pc/ros2_foxy/install/my_cpp_pkg:/opt/ros/foxy CMAKE_PREFIX_PATH=/home/vincent-pc/ros2_foxy/install/my_robot_interfaces:/home/vincent-pc/ros2_foxy/install/my_cpp_pkg:/home/vincent-pc/ros2_foxy/install/my_robot_bringup:/home/vincent-pc/ros2_foxy/install/turtlesim_catch_them_all:/home/vincent-pc/ros2_foxy/install/turtlesim_catch_them_all_py:/home/vincent-pc/ros2_foxy/install/my_py_pkg:/opt/ros/foxy /usr/bin/cmake --install /home/vincent-pc/ros2_foxy/build/my_robot_bringup
