[0.013s] Invoking command in '/home/vincent-pc/ros2_foxy/build/my_cpp_pkg': CMAKE_PREFIX_PATH=${CMAKE_PREFIX_PATH}:/home/vincent-pc/ros2_foxy/install/my_py_pkg:/home/vincent-pc/ros2_ws/install/py_srvcli:/home/vincent-pc/ros2_ws/install/py_pubsub:/home/vincent-pc/ros2_ws/install/my_package_Py:/home/vincent-pc/ros2_ws/install/examples_rclpy_minimal_subscriber:/home/vincent-pc/ros2_ws/install/examples_rclpy_minimal_service:/home/vincent-pc/ros2_ws/install/examples_rclpy_minimal_publisher:/home/vincent-pc/ros2_ws/install/examples_rclpy_minimal_client:/home/vincent-pc/ros2_ws/install/examples_rclpy_minimal_action_server:/home/vincent-pc/ros2_ws/install/examples_rclpy_minimal_action_client:/home/vincent-pc/ros2_ws/install/examples_rclpy_executors:/opt/ros/foxy /usr/bin/cmake --build /home/vincent-pc/ros2_foxy/build/my_cpp_pkg -- -j8 -l8
[0.047s] -- Found ament_cmake: 0.9.12 (/opt/ros/foxy/share/ament_cmake/cmake)
[0.073s] -- Using PYTHON_EXECUTABLE: /usr/bin/python3
[0.239s] -- Found rclcpp: 2.4.3 (/opt/ros/foxy/share/rclcpp/cmake)
[0.267s] -- Using all available rosidl_typesupport_c: rosidl_typesupport_fastrtps_c;rosidl_typesupport_introspection_c
[0.270s] -- Found rosidl_adapter: 1.3.1 (/opt/ros/foxy/share/rosidl_adapter/cmake)
[0.357s] -- Using all available rosidl_typesupport_cpp: rosidl_typesupport_fastrtps_cpp;rosidl_typesupport_introspection_cpp
[0.396s] -- Found rmw_implementation_cmake: 1.0.4 (/opt/ros/foxy/share/rmw_implementation_cmake/cmake)
[0.398s] -- Using RMW implementation 'rmw_fastrtps_cpp' as default
[0.517s] -- Found example_interfaces: 0.9.1 (/opt/ros/foxy/share/example_interfaces/cmake)
[0.680s] -- Configuring done
[0.712s] -- Generating done
[0.725s] -- Build files have been written to: /home/vincent-pc/ros2_foxy/build/my_cpp_pkg
[0.749s] [35m[1mScanning dependencies of target add_two_ints_client[0m
[0.777s] [ 12%] Built target add_two_ints_client_no_oop
[0.781s] [ 25%] Built target add_two_ints_server_cpp
[0.786s] [ 50%] Built target number_counter_cpp
[0.786s] [ 50%] Built target robot_news_station_cpp
[0.788s] [ 81%] Built target cpp_node
[0.788s] [ 87%] Built target smartphone_cpp
[0.788s] [ 87%] Built target number_publisher_cpp
[0.793s] [ 93%] [32mBuilding CXX object CMakeFiles/add_two_ints_client.dir/src/add_two_ints_client.cpp.o[0m
[1.816s] [01m[K/home/vincent-pc/ros2_foxy/src/my_cpp_pkg/src/add_two_ints_client.cpp:14:64:[m[K [01;31m[Kerror: [m[Kwrong number of template arguments (0, should be 1)
[1.816s]    14 |     using ServiceResponseFuture = rclcpp::Client</* srv_type */[01;31m[K>[m[K::SharedFuture;
[1.816s]       |                                                                [01;31m[K^[m[K
[1.816s] In file included from [01m[K/opt/ros/foxy/include/rclcpp/callback_group.hpp:23[m[K,
[1.816s]                  from [01m[K/opt/ros/foxy/include/rclcpp/any_executable.hpp:20[m[K,
[1.816s]                  from [01m[K/opt/ros/foxy/include/rclcpp/memory_strategy.hpp:24[m[K,
[1.816s]                  from [01m[K/opt/ros/foxy/include/rclcpp/memory_strategies.hpp:18[m[K,
[1.816s]                  from [01m[K/opt/ros/foxy/include/rclcpp/executor_options.hpp:20[m[K,
[1.816s]                  from [01m[K/opt/ros/foxy/include/rclcpp/executor.hpp:33[m[K,
[1.817s]                  from [01m[K/opt/ros/foxy/include/rclcpp/executors/multi_threaded_executor.hpp:26[m[K,
[1.817s]                  from [01m[K/opt/ros/foxy/include/rclcpp/executors.hpp:21[m[K,
[1.817s]                  from [01m[K/opt/ros/foxy/include/rclcpp/rclcpp.hpp:146[m[K,
[1.817s]                  from [01m[K/home/vincent-pc/ros2_foxy/src/my_cpp_pkg/src/add_two_ints_client.cpp:1[m[K:
[1.817s] [01m[K/opt/ros/foxy/include/rclcpp/client.hpp:178:7:[m[K [01;36m[Knote: [m[Kprovided for ‘[01m[Ktemplate<class ServiceT> class rclcpp::Client[m[K’
[1.817s]   178 | class [01;36m[KClient[m[K : public ClientBase
[1.817s]       |       [01;36m[K^~~~~~[m[K
[1.828s] [01m[K/home/vincent-pc/ros2_foxy/src/my_cpp_pkg/src/add_two_ints_client.cpp:[m[K In member function ‘[01m[Kvoid AddTwoIntsClientNode::callAddTwoIntsService(int, int)[m[K’:
[1.828s] [01m[K/home/vincent-pc/ros2_foxy/src/my_cpp_pkg/src/add_two_ints_client.cpp:18:54:[m[K [01;31m[Kerror: [m[Kexpected primary-expression before ‘[01m[K([m[K’ token
[1.829s]    18 |         while (!client_->wait_for_service(std::chrono[01;31m[K([m[K1)))
[1.829s]       |                                                      [01;31m[K^[m[K
[2.280s] make[2]: *** [CMakeFiles/add_two_ints_client.dir/build.make:63: CMakeFiles/add_two_ints_client.dir/src/add_two_ints_client.cpp.o] Error 1
[2.280s] make[1]: *** [CMakeFiles/Makefile2:335: CMakeFiles/add_two_ints_client.dir/all] Error 2
[2.280s] make: *** [Makefile:141: all] Error 2
[2.283s] Invoked command in '/home/vincent-pc/ros2_foxy/build/my_cpp_pkg' returned '2': CMAKE_PREFIX_PATH=${CMAKE_PREFIX_PATH}:/home/vincent-pc/ros2_foxy/install/my_py_pkg:/home/vincent-pc/ros2_ws/install/py_srvcli:/home/vincent-pc/ros2_ws/install/py_pubsub:/home/vincent-pc/ros2_ws/install/my_package_Py:/home/vincent-pc/ros2_ws/install/examples_rclpy_minimal_subscriber:/home/vincent-pc/ros2_ws/install/examples_rclpy_minimal_service:/home/vincent-pc/ros2_ws/install/examples_rclpy_minimal_publisher:/home/vincent-pc/ros2_ws/install/examples_rclpy_minimal_client:/home/vincent-pc/ros2_ws/install/examples_rclpy_minimal_action_server:/home/vincent-pc/ros2_ws/install/examples_rclpy_minimal_action_client:/home/vincent-pc/ros2_ws/install/examples_rclpy_executors:/opt/ros/foxy /usr/bin/cmake --build /home/vincent-pc/ros2_foxy/build/my_cpp_pkg -- -j8 -l8
