[0.553s] Invoking command in '/home/vincent-pc/ros2_foxy/src/turtlesim_catch_them_all_py': CMAKE_PREFIX_PATH=/home/vincent-pc/ros2_foxy/install/my_robot_interfaces:/home/vincent-pc/ros2_foxy/install/my_robot_bringup:/home/vincent-pc/ros2_foxy/install/turtlesim_catch_them_all:/home/vincent-pc/ros2_foxy/install/my_cpp_pkg PYTHONPATH=/home/vincent-pc/ros2_foxy/build/turtlesim_catch_them_all_py/prefix_override:/usr/lib/python3/dist-packages/colcon_core/task/python/colcon_distutils_commands:/home/vincent-pc/ros2_foxy/install/turtlesim_catch_them_all_py/lib/python3.8/site-packages:/home/vincent-pc/ros2_foxy/install/my_robot_interfaces/lib/python3.8/site-packages:/home/vincent-pc/ros2_foxy/install/turtlesim_catch_them_all_py/lib/python3.8/site-packages:/home/vincent-pc/ros2_foxy/install/my_py_pkg/lib/python3.8/site-packages:/opt/ros/foxy/lib/python3.8/site-packages /usr/bin/python3 -W ignore:setup.py install is deprecated -W ignore:easy_install command is deprecated setup.py egg_info --egg-base ../../build/turtlesim_catch_them_all_py build --build-base /home/vincent-pc/ros2_foxy/build/turtlesim_catch_them_all_py/build install --record /home/vincent-pc/ros2_foxy/build/turtlesim_catch_them_all_py/install.log --install-scripts $base/lib/turtlesim_catch_them_all_py --single-version-externally-managed install_data
[0.723s] running egg_info
[0.724s] writing ../../build/turtlesim_catch_them_all_py/turtlesim_catch_them_all_py.egg-info/PKG-INFO
[0.724s] writing dependency_links to ../../build/turtlesim_catch_them_all_py/turtlesim_catch_them_all_py.egg-info/dependency_links.txt
[0.724s] writing entry points to ../../build/turtlesim_catch_them_all_py/turtlesim_catch_them_all_py.egg-info/entry_points.txt
[0.725s] writing requirements to ../../build/turtlesim_catch_them_all_py/turtlesim_catch_them_all_py.egg-info/requires.txt
[0.725s] writing top-level names to ../../build/turtlesim_catch_them_all_py/turtlesim_catch_them_all_py.egg-info/top_level.txt
[0.755s] reading manifest file '../../build/turtlesim_catch_them_all_py/turtlesim_catch_them_all_py.egg-info/SOURCES.txt'
[0.755s] writing manifest file '../../build/turtlesim_catch_them_all_py/turtlesim_catch_them_all_py.egg-info/SOURCES.txt'
[0.755s] running build
[0.756s] running build_py
[0.756s] copying turtlesim_catch_them_all_py/turtle_spawner.py -> /home/vincent-pc/ros2_foxy/build/turtlesim_catch_them_all_py/build/lib/turtlesim_catch_them_all_py
[0.756s] copying turtlesim_catch_them_all_py/turtle_controller.py -> /home/vincent-pc/ros2_foxy/build/turtlesim_catch_them_all_py/build/lib/turtlesim_catch_them_all_py
[0.756s] running install
[0.757s] running install_lib
[0.757s] copying /home/vincent-pc/ros2_foxy/build/turtlesim_catch_them_all_py/build/lib/turtlesim_catch_them_all_py/turtle_spawner.py -> /home/vincent-pc/ros2_foxy/install/turtlesim_catch_them_all_py/lib/python3.8/site-packages/turtlesim_catch_them_all_py
[0.758s] copying /home/vincent-pc/ros2_foxy/build/turtlesim_catch_them_all_py/build/lib/turtlesim_catch_them_all_py/turtle_controller.py -> /home/vincent-pc/ros2_foxy/install/turtlesim_catch_them_all_py/lib/python3.8/site-packages/turtlesim_catch_them_all_py
[0.758s] byte-compiling /home/vincent-pc/ros2_foxy/install/turtlesim_catch_them_all_py/lib/python3.8/site-packages/turtlesim_catch_them_all_py/turtle_spawner.py to turtle_spawner.cpython-38.pyc
[0.760s] byte-compiling /home/vincent-pc/ros2_foxy/install/turtlesim_catch_them_all_py/lib/python3.8/site-packages/turtlesim_catch_them_all_py/turtle_controller.py to turtle_controller.cpython-38.pyc
[0.760s] running install_data
[0.760s]   File "/home/vincent-pc/ros2_foxy/install/turtlesim_catch_them_all_py/lib/python3.8/site-packages/turtlesim_catch_them_all_py/turtle_controller.py", line 75
[0.760s]     def call_catch_turtle_service(self, turtle_name)
[0.760s]                                                    ^
[0.760s] SyntaxError: invalid syntax
[0.760s] 
[0.761s] copying package.xml -> /home/vincent-pc/ros2_foxy/install/turtlesim_catch_them_all_py/share/turtlesim_catch_them_all_py
[0.761s] running install_egg_info
[0.762s] removing '/home/vincent-pc/ros2_foxy/install/turtlesim_catch_them_all_py/lib/python3.8/site-packages/turtlesim_catch_them_all_py-0.0.0-py3.8.egg-info' (and everything under it)
[0.762s] Copying ../../build/turtlesim_catch_them_all_py/turtlesim_catch_them_all_py.egg-info to /home/vincent-pc/ros2_foxy/install/turtlesim_catch_them_all_py/lib/python3.8/site-packages/turtlesim_catch_them_all_py-0.0.0-py3.8.egg-info
[0.763s] running install_scripts
[0.777s] Installing controller_py script to /home/vincent-pc/ros2_foxy/install/turtlesim_catch_them_all_py/lib/turtlesim_catch_them_all_py
[0.777s] Installing controller_py_PID script to /home/vincent-pc/ros2_foxy/install/turtlesim_catch_them_all_py/lib/turtlesim_catch_them_all_py
[0.777s] Installing spawner_py script to /home/vincent-pc/ros2_foxy/install/turtlesim_catch_them_all_py/lib/turtlesim_catch_them_all_py
[0.777s] writing list of installed files to '/home/vincent-pc/ros2_foxy/build/turtlesim_catch_them_all_py/install.log'
[0.795s] Invoked command in '/home/vincent-pc/ros2_foxy/src/turtlesim_catch_them_all_py' returned '0': CMAKE_PREFIX_PATH=/home/vincent-pc/ros2_foxy/install/my_robot_interfaces:/home/vincent-pc/ros2_foxy/install/my_robot_bringup:/home/vincent-pc/ros2_foxy/install/turtlesim_catch_them_all:/home/vincent-pc/ros2_foxy/install/my_cpp_pkg PYTHONPATH=/home/vincent-pc/ros2_foxy/build/turtlesim_catch_them_all_py/prefix_override:/usr/lib/python3/dist-packages/colcon_core/task/python/colcon_distutils_commands:/home/vincent-pc/ros2_foxy/install/turtlesim_catch_them_all_py/lib/python3.8/site-packages:/home/vincent-pc/ros2_foxy/install/my_robot_interfaces/lib/python3.8/site-packages:/home/vincent-pc/ros2_foxy/install/turtlesim_catch_them_all_py/lib/python3.8/site-packages:/home/vincent-pc/ros2_foxy/install/my_py_pkg/lib/python3.8/site-packages:/opt/ros/foxy/lib/python3.8/site-packages /usr/bin/python3 -W ignore:setup.py install is deprecated -W ignore:easy_install command is deprecated setup.py egg_info --egg-base ../../build/turtlesim_catch_them_all_py build --build-base /home/vincent-pc/ros2_foxy/build/turtlesim_catch_them_all_py/build install --record /home/vincent-pc/ros2_foxy/build/turtlesim_catch_them_all_py/install.log --install-scripts $base/lib/turtlesim_catch_them_all_py --single-version-externally-managed install_data
