[35m[1mScanning dependencies of target led_panel_cpp[0m
[  8%] Built target hardware_status_publisher_cpp
[ 16%] Built target add_two_ints_client_no_oop
[ 25%] Built target number_counter_cpp
[ 33%] Built target smartphone_cpp
[ 41%] Built target cpp_node
[ 50%] Built target add_two_ints_server_cpp
[ 58%] Built target robot_news_station_cpp
[ 62%] [32mBuilding CXX object CMakeFiles/led_panel_cpp.dir/src/led_panel.cpp.o[0m
[ 70%] Built target number_publisher_cpp
[ 79%] Built target add_two_ints_client
[ 87%] Built target reset_number_client
[ 95%] Built target number_counter_server_cpp
[01m[K/home/vincent-pc/ros2_foxy/src/my_cpp_pkg/src/led_panel.cpp:[m[K In member function ‘[01m[Kvoid LedPanelNode::callback_set_led(std::shared_ptr<my_robot_interfaces::srv::SetLed_Request_<std::allocator<void> > >, std::shared_ptr<my_robot_interfaces::srv::SetLed_Response_<std::allocator<void> > >)[m[K’:
[01m[K/home/vincent-pc/ros2_foxy/src/my_cpp_pkg/src/led_panel.cpp:38:24:[m[K [01;35m[Kwarning: [m[Kcomparison of integer expressions of different signedness: ‘[01m[Klong int[m[K’ and ‘[01m[Kstd::vector<long int, std::allocator<long int> >::size_type[m[K’ {aka ‘[01m[Klong unsigned int[m[K’} [[01;35m[K-Wsign-compare[m[K]
   38 |         if ([01;35m[Kled_number > led_states_.size()[m[K || led_number <=0)
      |             [01;35m[K~~~~~~~~~~~^~~~~~~~~~~~~~~~~~~~[m[K
[01m[K/home/vincent-pc/ros2_foxy/src/my_cpp_pkg/src/led_panel.cpp:44:31:[m[K [01;31m[Kerror: [m[K‘[01m[Kstate[m[K’ was not declared in this scope; did you mean ‘[01m[Kstates[m[K’?
   44 |         if (std::find({0, 1}, [01;31m[Kstate[m[K) == std::end({0, 1}))
      |                               [01;31m[K^~~~~[m[K
      |                               [32m[Kstates[m[K
[01m[K/home/vincent-pc/ros2_foxy/src/my_cpp_pkg/src/led_panel.cpp:50:38:[m[K [01;31m[Kerror: [m[K‘[01m[Kstate[m[K’ was not declared in this scope; did you mean ‘[01m[Kstates[m[K’?
   50 |         led_states_[led_number -1] = [01;31m[Kstate[m[K;
      |                                      [01;31m[K^~~~~[m[K
      |                                      [32m[Kstates[m[K
[01m[K/home/vincent-pc/ros2_foxy/src/my_cpp_pkg/src/led_panel.cpp:36:14:[m[K [01;35m[Kwarning: [m[Kunused variable ‘[01m[Kstates[m[K’ [[01;35m[K-Wunused-variable[m[K]
   36 |         auto [01;35m[Kstates[m[K         = request->state;
      |              [01;35m[K^~~~~~[m[K
make[2]: *** [CMakeFiles/led_panel_cpp.dir/build.make:63: CMakeFiles/led_panel_cpp.dir/src/led_panel.cpp.o] Error 1
make[1]: *** [CMakeFiles/Makefile2:100: CMakeFiles/led_panel_cpp.dir/all] Error 2
make: *** [Makefile:141: all] Error 2
